Fit fold 1  ==========================================================================
Train on 418 samples, validate on 105 samples
Epoch 1/10

  8/418 [..............................] - ETA: 8:01 - loss: 1.2517 - acc: 0.6250
 16/418 [>.............................] - ETA: 6:48 - loss: 0.9236 - acc: 0.6250
 24/418 [>.............................] - ETA: 6:13 - loss: 0.8857 - acc: 0.5833
 32/418 [=>............................] - ETA: 6:05 - loss: 1.0942 - acc: 0.5000
 40/418 [=>............................] - ETA: 6:21 - loss: 0.9412 - acc: 0.5750
 48/418 [==>...........................] - ETA: 6:20 - loss: 0.9060 - acc: 0.5625
 56/418 [===>..........................] - ETA: 6:33 - loss: 0.8890 - acc: 0.5357
 64/418 [===>..........................] - ETA: 6:11 - loss: 0.8738 - acc: 0.5469
 72/418 [====>.........................] - ETA: 5:54 - loss: 0.8743 - acc: 0.5556
 80/418 [====>.........................] - ETA: 5:56 - loss: 0.8747 - acc: 0.5625
 88/418 [=====>........................] - ETA: 5:42 - loss: 0.9088 - acc: 0.5341
 96/418 [=====>........................] - ETA: 5:28 - loss: 0.9292 - acc: 0.5208
104/418 [======>.......................] - ETA: 5:16 - loss: 0.9285 - acc: 0.5096
112/418 [=======>......................] - ETA: 5:03 - loss: 0.9273 - acc: 0.5089
120/418 [=======>......................] - ETA: 4:51 - loss: 0.9245 - acc: 0.5167
128/418 [========>.....................] - ETA: 4:42 - loss: 0.8927 - acc: 0.5391
136/418 [========>.....................] - ETA: 4:33 - loss: 0.8981 - acc: 0.5221
144/418 [=========>....................] - ETA: 4:23 - loss: 0.8933 - acc: 0.5278
152/418 [=========>....................] - ETA: 4:13 - loss: 0.8928 - acc: 0.5263
160/418 [==========>...................] - ETA: 4:09 - loss: 0.8998 - acc: 0.5188
168/418 [===========>..................] - ETA: 3:58 - loss: 0.8927 - acc: 0.5179
176/418 [===========>..................] - ETA: 3:53 - loss: 0.8850 - acc: 0.5227
184/418 [============>.................] - ETA: 3:48 - loss: 0.8748 - acc: 0.5272
192/418 [============>.................] - ETA: 3:38 - loss: 0.8570 - acc: 0.5417
200/418 [=============>................] - ETA: 3:33 - loss: 0.8561 - acc: 0.5350
208/418 [=============>................] - ETA: 3:23 - loss: 0.8540 - acc: 0.5337
216/418 [==============>...............] - ETA: 3:15 - loss: 0.8491 - acc: 0.5324
224/418 [===============>..............] - ETA: 3:06 - loss: 0.8450 - acc: 0.5268
232/418 [===============>..............] - ETA: 2:57 - loss: 0.8373 - acc: 0.5302
240/418 [================>.............] - ETA: 2:50 - loss: 0.8346 - acc: 0.5333
248/418 [================>.............] - ETA: 2:43 - loss: 0.8276 - acc: 0.5403
256/418 [=================>............] - ETA: 2:35 - loss: 0.8252 - acc: 0.5352
264/418 [=================>............] - ETA: 2:28 - loss: 0.8310 - acc: 0.5189
272/418 [==================>...........] - ETA: 2:21 - loss: 0.8259 - acc: 0.5221
280/418 [===================>..........] - ETA: 2:13 - loss: 0.8229 - acc: 0.5286
288/418 [===================>..........] - ETA: 2:04 - loss: 0.8176 - acc: 0.5312
296/418 [====================>.........] - ETA: 1:56 - loss: 0.8156 - acc: 0.5338
304/418 [====================>.........] - ETA: 1:48 - loss: 0.8184 - acc: 0.5197
312/418 [=====================>........] - ETA: 1:40 - loss: 0.8152 - acc: 0.5224
320/418 [=====================>........] - ETA: 1:32 - loss: 0.8102 - acc: 0.5281
328/418 [======================>.......] - ETA: 1:25 - loss: 0.8067 - acc: 0.5305
336/418 [=======================>......] - ETA: 1:17 - loss: 0.8020 - acc: 0.5357
344/418 [=======================>......] - ETA: 1:09 - loss: 0.7995 - acc: 0.5349
352/418 [========================>.....] - ETA: 1:01 - loss: 0.7986 - acc: 0.5312
360/418 [========================>.....] - ETA: 54s - loss: 0.7967 - acc: 0.5333 
368/418 [=========================>....] - ETA: 46s - loss: 0.7895 - acc: 0.5408
376/418 [=========================>....] - ETA: 39s - loss: 0.7835 - acc: 0.5479
384/418 [==========================>...] - ETA: 31s - loss: 0.7814 - acc: 0.5469
392/418 [===========================>..] - ETA: 24s - loss: 0.7748 - acc: 0.5536
400/418 [===========================>..] - ETA: 16s - loss: 0.7698 - acc: 0.5575
408/418 [============================>.] - ETA: 9s - loss: 0.7702 - acc: 0.5588 
416/418 [============================>.] - ETA: 1s - loss: 0.7704 - acc: 0.5601
418/418 [==============================] - 409s 978ms/step - loss: 0.7708 - acc: 0.5598 - val_loss: 0.7200 - val_acc: 0.5905
Epoch 2/10

  8/418 [..............................] - ETA: 5:01 - loss: 0.6111 - acc: 0.7500
 16/418 [>.............................] - ETA: 4:59 - loss: 0.7660 - acc: 0.6250
 24/418 [>.............................] - ETA: 5:39 - loss: 0.6953 - acc: 0.6667
 32/418 [=>............................] - ETA: 5:49 - loss: 0.7125 - acc: 0.6250
 40/418 [=>............................] - ETA: 5:46 - loss: 0.7005 - acc: 0.6500
 48/418 [==>...........................] - ETA: 5:34 - loss: 0.7212 - acc: 0.6250
 56/418 [===>..........................] - ETA: 5:34 - loss: 0.7450 - acc: 0.6071
 64/418 [===>..........................] - ETA: 5:20 - loss: 0.7453 - acc: 0.5938
 72/418 [====>.........................] - ETA: 5:11 - loss: 0.7120 - acc: 0.6250
 80/418 [====>.........................] - ETA: 5:00 - loss: 0.7153 - acc: 0.6125
 88/418 [=====>........................] - ETA: 4:54 - loss: 0.7207 - acc: 0.6023
 96/418 [=====>........................] - ETA: 4:48 - loss: 0.7238 - acc: 0.5833
104/418 [======>.......................] - ETA: 4:37 - loss: 0.7267 - acc: 0.5769
112/418 [=======>......................] - ETA: 4:30 - loss: 0.7170 - acc: 0.5804
120/418 [=======>......................] - ETA: 4:23 - loss: 0.7213 - acc: 0.5667
128/418 [========>.....................] - ETA: 4:13 - loss: 0.7250 - acc: 0.5547
136/418 [========>.....................] - ETA: 4:06 - loss: 0.7236 - acc: 0.5515
144/418 [=========>....................] - ETA: 4:09 - loss: 0.7195 - acc: 0.5486
152/418 [=========>....................] - ETA: 4:00 - loss: 0.7260 - acc: 0.5395
160/418 [==========>...................] - ETA: 3:54 - loss: 0.7271 - acc: 0.5312
168/418 [===========>..................] - ETA: 3:46 - loss: 0.7232 - acc: 0.5476
176/418 [===========>..................] - ETA: 3:40 - loss: 0.7241 - acc: 0.5398
184/418 [============>.................] - ETA: 3:32 - loss: 0.7263 - acc: 0.5380
192/418 [============>.................] - ETA: 3:27 - loss: 0.7279 - acc: 0.5365
200/418 [=============>................] - ETA: 3:19 - loss: 0.7354 - acc: 0.5150
208/418 [=============>................] - ETA: 3:11 - loss: 0.7336 - acc: 0.5144
216/418 [==============>...............] - ETA: 3:04 - loss: 0.7345 - acc: 0.5046
224/418 [===============>..............] - ETA: 2:56 - loss: 0.7422 - acc: 0.4911
232/418 [===============>..............] - ETA: 2:48 - loss: 0.7364 - acc: 0.5043
240/418 [================>.............] - ETA: 2:40 - loss: 0.7348 - acc: 0.5042
248/418 [================>.............] - ETA: 2:33 - loss: 0.7320 - acc: 0.5121
256/418 [=================>............] - ETA: 2:26 - loss: 0.7294 - acc: 0.5156
264/418 [=================>............] - ETA: 2:18 - loss: 0.7280 - acc: 0.5114
272/418 [==================>...........] - ETA: 2:11 - loss: 0.7282 - acc: 0.5074
280/418 [===================>..........] - ETA: 2:03 - loss: 0.7262 - acc: 0.5179
288/418 [===================>..........] - ETA: 1:55 - loss: 0.7240 - acc: 0.5208
296/418 [====================>.........] - ETA: 1:49 - loss: 0.7226 - acc: 0.5203
304/418 [====================>.........] - ETA: 1:41 - loss: 0.7216 - acc: 0.5263
312/418 [=====================>........] - ETA: 1:34 - loss: 0.7198 - acc: 0.5288
320/418 [=====================>........] - ETA: 1:28 - loss: 0.7187 - acc: 0.5312
328/418 [======================>.......] - ETA: 1:20 - loss: 0.7190 - acc: 0.5335
336/418 [=======================>......] - ETA: 1:13 - loss: 0.7209 - acc: 0.5268
344/418 [=======================>......] - ETA: 1:06 - loss: 0.7193 - acc: 0.5291
352/418 [========================>.....] - ETA: 59s - loss: 0.7192 - acc: 0.5312 
360/418 [========================>.....] - ETA: 52s - loss: 0.7163 - acc: 0.5361
368/418 [=========================>....] - ETA: 45s - loss: 0.7130 - acc: 0.5435
376/418 [=========================>....] - ETA: 38s - loss: 0.7105 - acc: 0.5479
384/418 [==========================>...] - ETA: 30s - loss: 0.7051 - acc: 0.5573
392/418 [===========================>..] - ETA: 23s - loss: 0.7031 - acc: 0.5612
400/418 [===========================>..] - ETA: 16s - loss: 0.7118 - acc: 0.5550
408/418 [============================>.] - ETA: 9s - loss: 0.7126 - acc: 0.5539 
416/418 [============================>.] - ETA: 1s - loss: 0.7147 - acc: 0.5505
418/418 [==============================] - 396s 947ms/step - loss: 0.7165 - acc: 0.5502 - val_loss: 0.6693 - val_acc: 0.5905
Epoch 3/10

  8/418 [..............................] - ETA: 5:51 - loss: 0.6526 - acc: 0.7500
 16/418 [>.............................] - ETA: 6:20 - loss: 0.6462 - acc: 0.6875
 24/418 [>.............................] - ETA: 5:59 - loss: 0.6666 - acc: 0.6667
 32/418 [=>............................] - ETA: 5:48 - loss: 0.7004 - acc: 0.5625
 40/418 [=>............................] - ETA: 6:29 - loss: 0.6966 - acc: 0.6250
 48/418 [==>...........................] - ETA: 6:17 - loss: 0.6901 - acc: 0.6458
 56/418 [===>..........................] - ETA: 6:01 - loss: 0.6961 - acc: 0.6071
 64/418 [===>..........................] - ETA: 5:55 - loss: 0.6931 - acc: 0.6094
 72/418 [====>.........................] - ETA: 5:38 - loss: 0.6864 - acc: 0.6250
 80/418 [====>.........................] - ETA: 5:38 - loss: 0.6813 - acc: 0.6250
 88/418 [=====>........................] - ETA: 5:28 - loss: 0.6846 - acc: 0.6023
 96/418 [=====>........................] - ETA: 5:15 - loss: 0.6946 - acc: 0.5729
104/418 [======>.......................] - ETA: 5:08 - loss: 0.6930 - acc: 0.5865
112/418 [=======>......................] - ETA: 4:57 - loss: 0.6880 - acc: 0.5893
120/418 [=======>......................] - ETA: 4:45 - loss: 0.6875 - acc: 0.5917
128/418 [========>.....................] - ETA: 4:35 - loss: 0.6864 - acc: 0.5938
136/418 [========>.....................] - ETA: 4:27 - loss: 0.6804 - acc: 0.6029
144/418 [=========>....................] - ETA: 4:16 - loss: 0.6795 - acc: 0.6042
152/418 [=========>....................] - ETA: 4:08 - loss: 0.6772 - acc: 0.6118
160/418 [==========>...................] - ETA: 3:59 - loss: 0.6732 - acc: 0.6188
168/418 [===========>..................] - ETA: 3:50 - loss: 0.6683 - acc: 0.6250
176/418 [===========>..................] - ETA: 3:41 - loss: 0.6646 - acc: 0.6250
184/418 [============>.................] - ETA: 3:35 - loss: 0.6720 - acc: 0.6196
192/418 [============>.................] - ETA: 3:26 - loss: 0.6812 - acc: 0.6042
200/418 [=============>................] - ETA: 3:19 - loss: 0.6829 - acc: 0.6050
208/418 [=============>................] - ETA: 3:11 - loss: 0.6841 - acc: 0.6010
216/418 [==============>...............] - ETA: 3:03 - loss: 0.6874 - acc: 0.5972
224/418 [===============>..............] - ETA: 2:57 - loss: 0.6937 - acc: 0.5893
232/418 [===============>..............] - ETA: 2:49 - loss: 0.6921 - acc: 0.5905
240/418 [================>.............] - ETA: 2:43 - loss: 0.6900 - acc: 0.5917
248/418 [================>.............] - ETA: 2:38 - loss: 0.6931 - acc: 0.5927
256/418 [=================>............] - ETA: 2:30 - loss: 0.6907 - acc: 0.5977
264/418 [=================>............] - ETA: 2:22 - loss: 0.6882 - acc: 0.6023
272/418 [==================>...........] - ETA: 2:14 - loss: 0.6851 - acc: 0.6103
280/418 [===================>..........] - ETA: 2:07 - loss: 0.6876 - acc: 0.6071
288/418 [===================>..........] - ETA: 2:01 - loss: 0.6887 - acc: 0.6076
296/418 [====================>.........] - ETA: 1:53 - loss: 0.6886 - acc: 0.6014
304/418 [====================>.........] - ETA: 1:45 - loss: 0.6859 - acc: 0.6053
312/418 [=====================>........] - ETA: 1:38 - loss: 0.6823 - acc: 0.6122
320/418 [=====================>........] - ETA: 1:30 - loss: 0.6840 - acc: 0.6125
328/418 [======================>.......] - ETA: 1:22 - loss: 0.6851 - acc: 0.6098
336/418 [=======================>......] - ETA: 1:15 - loss: 0.6845 - acc: 0.6071
344/418 [=======================>......] - ETA: 1:08 - loss: 0.6838 - acc: 0.6105
352/418 [========================>.....] - ETA: 1:01 - loss: 0.6842 - acc: 0.6080
360/418 [========================>.....] - ETA: 53s - loss: 0.6821 - acc: 0.6139 
368/418 [=========================>....] - ETA: 46s - loss: 0.6810 - acc: 0.6114
376/418 [=========================>....] - ETA: 38s - loss: 0.6838 - acc: 0.6064
384/418 [==========================>...] - ETA: 31s - loss: 0.6853 - acc: 0.6016
392/418 [===========================>..] - ETA: 24s - loss: 0.6857 - acc: 0.6020
400/418 [===========================>..] - ETA: 16s - loss: 0.6883 - acc: 0.5950
408/418 [============================>.] - ETA: 9s - loss: 0.6877 - acc: 0.5931 
416/418 [============================>.] - ETA: 1s - loss: 0.6892 - acc: 0.5889
418/418 [==============================] - 406s 972ms/step - loss: 0.6896 - acc: 0.5885 - val_loss: 0.6873 - val_acc: 0.5905
Epoch 4/10

  8/418 [..............................] - ETA: 7:07 - loss: 0.5767 - acc: 0.7500
 16/418 [>.............................] - ETA: 6:48 - loss: 0.6350 - acc: 0.6250
 24/418 [>.............................] - ETA: 6:10 - loss: 0.6546 - acc: 0.5833
 32/418 [=>............................] - ETA: 6:15 - loss: 0.6728 - acc: 0.5312
 40/418 [=>............................] - ETA: 5:55 - loss: 0.6820 - acc: 0.5250
 48/418 [==>...........................] - ETA: 5:40 - loss: 0.6944 - acc: 0.5000
 56/418 [===>..........................] - ETA: 6:05 - loss: 0.6926 - acc: 0.5000
 64/418 [===>..........................] - ETA: 5:49 - loss: 0.6973 - acc: 0.4844
 72/418 [====>.........................] - ETA: 5:38 - loss: 0.6990 - acc: 0.4861
 80/418 [====>.........................] - ETA: 5:33 - loss: 0.6926 - acc: 0.5125
 88/418 [=====>........................] - ETA: 5:20 - loss: 0.6984 - acc: 0.4886
 96/418 [=====>........................] - ETA: 5:06 - loss: 0.6954 - acc: 0.5000
104/418 [======>.......................] - ETA: 4:56 - loss: 0.7025 - acc: 0.4808
112/418 [=======>......................] - ETA: 4:45 - loss: 0.7009 - acc: 0.4911
120/418 [=======>......................] - ETA: 4:36 - loss: 0.6998 - acc: 0.5000
128/418 [========>.....................] - ETA: 4:26 - loss: 0.6913 - acc: 0.5234
136/418 [========>.....................] - ETA: 4:25 - loss: 0.6987 - acc: 0.5147
144/418 [=========>....................] - ETA: 4:16 - loss: 0.6885 - acc: 0.5347
152/418 [=========>....................] - ETA: 4:07 - loss: 0.6828 - acc: 0.5395
160/418 [==========>...................] - ETA: 4:00 - loss: 0.6783 - acc: 0.5437
168/418 [===========>..................] - ETA: 3:51 - loss: 0.6805 - acc: 0.5417
176/418 [===========>..................] - ETA: 3:42 - loss: 0.6813 - acc: 0.5455
184/418 [============>.................] - ETA: 3:33 - loss: 0.6771 - acc: 0.5489
192/418 [============>.................] - ETA: 3:25 - loss: 0.6754 - acc: 0.5521
200/418 [=============>................] - ETA: 3:18 - loss: 0.6810 - acc: 0.5400
208/418 [=============>................] - ETA: 3:12 - loss: 0.6882 - acc: 0.5337
216/418 [==============>...............] - ETA: 3:03 - loss: 0.6902 - acc: 0.5324
224/418 [===============>..............] - ETA: 2:56 - loss: 0.6978 - acc: 0.5312
232/418 [===============>..............] - ETA: 2:52 - loss: 0.6935 - acc: 0.5388
240/418 [================>.............] - ETA: 2:44 - loss: 0.6982 - acc: 0.5292
248/418 [================>.............] - ETA: 2:38 - loss: 0.6977 - acc: 0.5363
256/418 [=================>............] - ETA: 2:31 - loss: 0.6992 - acc: 0.5273
264/418 [=================>............] - ETA: 2:24 - loss: 0.7006 - acc: 0.5265
272/418 [==================>...........] - ETA: 2:15 - loss: 0.6996 - acc: 0.5257
280/418 [===================>..........] - ETA: 2:07 - loss: 0.6983 - acc: 0.5250
288/418 [===================>..........] - ETA: 2:00 - loss: 0.6987 - acc: 0.5278
296/418 [====================>.........] - ETA: 1:53 - loss: 0.6994 - acc: 0.5236
304/418 [====================>.........] - ETA: 1:45 - loss: 0.6984 - acc: 0.5296
312/418 [=====================>........] - ETA: 1:38 - loss: 0.6972 - acc: 0.5288
320/418 [=====================>........] - ETA: 1:30 - loss: 0.6974 - acc: 0.5281
328/418 [======================>.......] - ETA: 1:23 - loss: 0.6960 - acc: 0.5335
336/418 [=======================>......] - ETA: 1:16 - loss: 0.6952 - acc: 0.5357
344/418 [=======================>......] - ETA: 1:08 - loss: 0.6980 - acc: 0.5291
352/418 [========================>.....] - ETA: 1:01 - loss: 0.6946 - acc: 0.5398
360/418 [========================>.....] - ETA: 54s - loss: 0.6944 - acc: 0.5389 
368/418 [=========================>....] - ETA: 46s - loss: 0.6957 - acc: 0.5380
376/418 [=========================>....] - ETA: 38s - loss: 0.6969 - acc: 0.5372
384/418 [==========================>...] - ETA: 31s - loss: 0.6957 - acc: 0.5417
392/418 [===========================>..] - ETA: 23s - loss: 0.6963 - acc: 0.5408
400/418 [===========================>..] - ETA: 16s - loss: 0.6946 - acc: 0.5425
408/418 [============================>.] - ETA: 9s - loss: 0.6932 - acc: 0.5466 
416/418 [============================>.] - ETA: 1s - loss: 0.6976 - acc: 0.5409
418/418 [==============================] - 403s 965ms/step - loss: 0.6972 - acc: 0.5407 - val_loss: 0.6737 - val_acc: 0.5905
Restoring model weights from the end of the best epoch
Epoch 00004: early stopping
Performance plot of fold 1:

 32/258 [==>...........................] - ETA: 42s
 64/258 [======>.......................] - ETA: 36s
 96/258 [==========>...................] - ETA: 30s
128/258 [=============>................] - ETA: 24s
160/258 [=================>............] - ETA: 18s
192/258 [=====================>........] - ETA: 12s
224/258 [=========================>....] - ETA: 6s 
256/258 [============================>.] - ETA: 0s
258/258 [==============================] - 48s 188ms/step
[['f1score', 0.8110599078341014], ['precision', 0.6848249027237354], ['recall', 0.9943502824858758], ['accuracy', 0.6821705426356589]]
Fit fold 2  ==========================================================================
Train on 418 samples, validate on 105 samples
Epoch 1/10

  8/418 [..............................] - ETA: 6:14 - loss: 0.6440 - acc: 0.7500
 16/418 [>.............................] - ETA: 5:49 - loss: 0.7917 - acc: 0.5000
 24/418 [>.............................] - ETA: 5:32 - loss: 0.8511 - acc: 0.4167
 32/418 [=>............................] - ETA: 5:23 - loss: 0.8659 - acc: 0.4062
 40/418 [=>............................] - ETA: 5:13 - loss: 0.8103 - acc: 0.4500
 48/418 [==>...........................] - ETA: 5:06 - loss: 0.8135 - acc: 0.4375
 56/418 [===>..........................] - ETA: 5:04 - loss: 0.8240 - acc: 0.4107
 64/418 [===>..........................] - ETA: 4:56 - loss: 0.8109 - acc: 0.4062
 72/418 [====>.........................] - ETA: 4:50 - loss: 0.7950 - acc: 0.4306
 80/418 [====>.........................] - ETA: 4:44 - loss: 0.7771 - acc: 0.4375
 88/418 [=====>........................] - ETA: 4:43 - loss: 0.7919 - acc: 0.4318
 96/418 [=====>........................] - ETA: 4:39 - loss: 0.8124 - acc: 0.4167
104/418 [======>.......................] - ETA: 4:36 - loss: 0.8061 - acc: 0.4231
112/418 [=======>......................] - ETA: 4:27 - loss: 0.8025 - acc: 0.4375
120/418 [=======>......................] - ETA: 4:21 - loss: 0.8018 - acc: 0.4250
128/418 [========>.....................] - ETA: 4:13 - loss: 0.7938 - acc: 0.4297
136/418 [========>.....................] - ETA: 4:10 - loss: 0.8113 - acc: 0.4265
144/418 [=========>....................] - ETA: 4:04 - loss: 0.8087 - acc: 0.4306
152/418 [=========>....................] - ETA: 3:58 - loss: 0.7952 - acc: 0.4474
160/418 [==========>...................] - ETA: 3:56 - loss: 0.7812 - acc: 0.4625
168/418 [===========>..................] - ETA: 3:48 - loss: 0.7673 - acc: 0.4762
176/418 [===========>..................] - ETA: 3:39 - loss: 0.7613 - acc: 0.4830
184/418 [============>.................] - ETA: 3:33 - loss: 0.7534 - acc: 0.4946
192/418 [============>.................] - ETA: 3:24 - loss: 0.7592 - acc: 0.4896
200/418 [=============>................] - ETA: 3:15 - loss: 0.7655 - acc: 0.4850
208/418 [=============>................] - ETA: 3:08 - loss: 0.7609 - acc: 0.4856
216/418 [==============>...............] - ETA: 3:00 - loss: 0.7617 - acc: 0.4907
224/418 [===============>..............] - ETA: 2:52 - loss: 0.7603 - acc: 0.4911
232/418 [===============>..............] - ETA: 2:43 - loss: 0.7567 - acc: 0.4957
240/418 [================>.............] - ETA: 2:38 - loss: 0.7564 - acc: 0.4917
248/418 [================>.............] - ETA: 2:30 - loss: 0.7549 - acc: 0.4960
256/418 [=================>............] - ETA: 2:23 - loss: 0.7512 - acc: 0.5000
264/418 [=================>............] - ETA: 2:15 - loss: 0.7503 - acc: 0.5000
272/418 [==================>...........] - ETA: 2:08 - loss: 0.7502 - acc: 0.4963
280/418 [===================>..........] - ETA: 2:03 - loss: 0.7475 - acc: 0.5000
288/418 [===================>..........] - ETA: 1:55 - loss: 0.7488 - acc: 0.4931
296/418 [====================>.........] - ETA: 1:49 - loss: 0.7492 - acc: 0.4899
304/418 [====================>.........] - ETA: 1:41 - loss: 0.7481 - acc: 0.4868
312/418 [=====================>........] - ETA: 1:34 - loss: 0.7465 - acc: 0.4872
320/418 [=====================>........] - ETA: 1:27 - loss: 0.7499 - acc: 0.4844
328/418 [======================>.......] - ETA: 1:20 - loss: 0.7481 - acc: 0.4878
336/418 [=======================>......] - ETA: 1:13 - loss: 0.7465 - acc: 0.4940
344/418 [=======================>......] - ETA: 1:06 - loss: 0.7446 - acc: 0.4971
352/418 [========================>.....] - ETA: 59s - loss: 0.7470 - acc: 0.4943 
360/418 [========================>.....] - ETA: 52s - loss: 0.7417 - acc: 0.4972
368/418 [=========================>....] - ETA: 44s - loss: 0.7426 - acc: 0.4973
376/418 [=========================>....] - ETA: 37s - loss: 0.7399 - acc: 0.5027
384/418 [==========================>...] - ETA: 30s - loss: 0.7415 - acc: 0.5026
392/418 [===========================>..] - ETA: 23s - loss: 0.7436 - acc: 0.4974
400/418 [===========================>..] - ETA: 16s - loss: 0.7448 - acc: 0.4950
408/418 [============================>.] - ETA: 8s - loss: 0.7452 - acc: 0.4975 
416/418 [============================>.] - ETA: 1s - loss: 0.7437 - acc: 0.5000
418/418 [==============================] - 398s 951ms/step - loss: 0.7447 - acc: 0.4976 - val_loss: 0.6828 - val_acc: 0.5905
Epoch 2/10

  8/418 [..............................] - ETA: 7:00 - loss: 0.7166 - acc: 0.6250
 16/418 [>.............................] - ETA: 6:14 - loss: 0.7075 - acc: 0.5000
 24/418 [>.............................] - ETA: 5:46 - loss: 0.6301 - acc: 0.6250
 32/418 [=>............................] - ETA: 5:29 - loss: 0.6007 - acc: 0.6562
 40/418 [=>............................] - ETA: 5:33 - loss: 0.5726 - acc: 0.7000
 48/418 [==>...........................] - ETA: 5:29 - loss: 0.6088 - acc: 0.6875
 56/418 [===>..........................] - ETA: 5:18 - loss: 0.6395 - acc: 0.6607
 64/418 [===>..........................] - ETA: 5:11 - loss: 0.6519 - acc: 0.6562
 72/418 [====>.........................] - ETA: 5:01 - loss: 0.6583 - acc: 0.6389
 80/418 [====>.........................] - ETA: 4:51 - loss: 0.6624 - acc: 0.6375
 88/418 [=====>........................] - ETA: 4:44 - loss: 0.6785 - acc: 0.6250
 96/418 [=====>........................] - ETA: 4:35 - loss: 0.6898 - acc: 0.6042
104/418 [======>.......................] - ETA: 4:36 - loss: 0.7182 - acc: 0.5673
112/418 [=======>......................] - ETA: 4:31 - loss: 0.7146 - acc: 0.5714
120/418 [=======>......................] - ETA: 4:29 - loss: 0.7114 - acc: 0.5750
128/418 [========>.....................] - ETA: 4:19 - loss: 0.7047 - acc: 0.5938
136/418 [========>.....................] - ETA: 4:15 - loss: 0.7111 - acc: 0.5662
144/418 [=========>....................] - ETA: 4:09 - loss: 0.7105 - acc: 0.5764
152/418 [=========>....................] - ETA: 4:03 - loss: 0.7080 - acc: 0.5789
160/418 [==========>...................] - ETA: 3:55 - loss: 0.7104 - acc: 0.5625
168/418 [===========>..................] - ETA: 3:52 - loss: 0.7126 - acc: 0.5714
176/418 [===========>..................] - ETA: 3:47 - loss: 0.7092 - acc: 0.5739
184/418 [============>.................] - ETA: 3:39 - loss: 0.7082 - acc: 0.5707
192/418 [============>.................] - ETA: 3:31 - loss: 0.7051 - acc: 0.5729
200/418 [=============>................] - ETA: 3:25 - loss: 0.7035 - acc: 0.5700
208/418 [=============>................] - ETA: 3:17 - loss: 0.6983 - acc: 0.5817
216/418 [==============>...............] - ETA: 3:09 - loss: 0.6966 - acc: 0.5833
224/418 [===============>..............] - ETA: 3:02 - loss: 0.6901 - acc: 0.5893
232/418 [===============>..............] - ETA: 2:54 - loss: 0.6901 - acc: 0.5905
240/418 [================>.............] - ETA: 2:49 - loss: 0.6985 - acc: 0.5792
248/418 [================>.............] - ETA: 2:41 - loss: 0.7057 - acc: 0.5726
256/418 [=================>............] - ETA: 2:36 - loss: 0.7037 - acc: 0.5742
264/418 [=================>............] - ETA: 2:28 - loss: 0.7088 - acc: 0.5720
272/418 [==================>...........] - ETA: 2:19 - loss: 0.7029 - acc: 0.5772
280/418 [===================>..........] - ETA: 2:11 - loss: 0.7031 - acc: 0.5750
288/418 [===================>..........] - ETA: 2:03 - loss: 0.7028 - acc: 0.5729
296/418 [====================>.........] - ETA: 1:56 - loss: 0.6984 - acc: 0.5811
304/418 [====================>.........] - ETA: 1:49 - loss: 0.6982 - acc: 0.5789
312/418 [=====================>........] - ETA: 1:41 - loss: 0.6972 - acc: 0.5801
320/418 [=====================>........] - ETA: 1:33 - loss: 0.6934 - acc: 0.5875
328/418 [======================>.......] - ETA: 1:26 - loss: 0.6949 - acc: 0.5823
336/418 [=======================>......] - ETA: 1:18 - loss: 0.6928 - acc: 0.5863
344/418 [=======================>......] - ETA: 1:10 - loss: 0.6934 - acc: 0.5843
352/418 [========================>.....] - ETA: 1:02 - loss: 0.6940 - acc: 0.5852
360/418 [========================>.....] - ETA: 54s - loss: 0.6963 - acc: 0.5861 
368/418 [=========================>....] - ETA: 47s - loss: 0.6970 - acc: 0.5815
376/418 [=========================>....] - ETA: 40s - loss: 0.6970 - acc: 0.5798
384/418 [==========================>...] - ETA: 32s - loss: 0.6973 - acc: 0.5781
392/418 [===========================>..] - ETA: 24s - loss: 0.6971 - acc: 0.5791
400/418 [===========================>..] - ETA: 17s - loss: 0.6964 - acc: 0.5775
408/418 [============================>.] - ETA: 9s - loss: 0.6947 - acc: 0.5809 
416/418 [============================>.] - ETA: 1s - loss: 0.6946 - acc: 0.5769
418/418 [==============================] - 414s 991ms/step - loss: 0.6951 - acc: 0.5742 - val_loss: 0.6810 - val_acc: 0.6095
Epoch 3/10

  8/418 [..............................] - ETA: 6:36 - loss: 0.7155 - acc: 0.5000
 16/418 [>.............................] - ETA: 6:46 - loss: 0.7029 - acc: 0.5000
 24/418 [>.............................] - ETA: 6:38 - loss: 0.6759 - acc: 0.5417
 32/418 [=>............................] - ETA: 6:47 - loss: 0.6732 - acc: 0.5625
 40/418 [=>............................] - ETA: 6:43 - loss: 0.6785 - acc: 0.5500
 48/418 [==>...........................] - ETA: 6:26 - loss: 0.6791 - acc: 0.5625
 56/418 [===>..........................] - ETA: 6:06 - loss: 0.6771 - acc: 0.6071
 64/418 [===>..........................] - ETA: 5:52 - loss: 0.6703 - acc: 0.6250
 72/418 [====>.........................] - ETA: 5:43 - loss: 0.6751 - acc: 0.6111
 80/418 [====>.........................] - ETA: 5:38 - loss: 0.6871 - acc: 0.5875
 88/418 [=====>........................] - ETA: 5:25 - loss: 0.6920 - acc: 0.5795
 96/418 [=====>........................] - ETA: 5:15 - loss: 0.7105 - acc: 0.5521
104/418 [======>.......................] - ETA: 5:06 - loss: 0.7014 - acc: 0.5769
112/418 [=======>......................] - ETA: 5:02 - loss: 0.7007 - acc: 0.5804
120/418 [=======>......................] - ETA: 4:49 - loss: 0.6952 - acc: 0.5917
128/418 [========>.....................] - ETA: 4:43 - loss: 0.6930 - acc: 0.5859
136/418 [========>.....................] - ETA: 4:35 - loss: 0.6921 - acc: 0.5882
144/418 [=========>....................] - ETA: 4:29 - loss: 0.6975 - acc: 0.5764
152/418 [=========>....................] - ETA: 4:18 - loss: 0.7026 - acc: 0.5658
160/418 [==========>...................] - ETA: 4:10 - loss: 0.6963 - acc: 0.5750
168/418 [===========>..................] - ETA: 4:00 - loss: 0.6885 - acc: 0.5893
176/418 [===========>..................] - ETA: 3:51 - loss: 0.6871 - acc: 0.5909
184/418 [============>.................] - ETA: 3:44 - loss: 0.6838 - acc: 0.5924
192/418 [============>.................] - ETA: 3:35 - loss: 0.6918 - acc: 0.5781
200/418 [=============>................] - ETA: 3:27 - loss: 0.6948 - acc: 0.5700
208/418 [=============>................] - ETA: 3:20 - loss: 0.6956 - acc: 0.5721
216/418 [==============>...............] - ETA: 3:12 - loss: 0.6888 - acc: 0.5787
224/418 [===============>..............] - ETA: 3:05 - loss: 0.6847 - acc: 0.5848
232/418 [===============>..............] - ETA: 2:57 - loss: 0.6809 - acc: 0.5948
240/418 [================>.............] - ETA: 2:48 - loss: 0.6839 - acc: 0.5875
248/418 [================>.............] - ETA: 2:40 - loss: 0.6859 - acc: 0.5847
256/418 [=================>............] - ETA: 2:32 - loss: 0.6840 - acc: 0.5898
264/418 [=================>............] - ETA: 2:24 - loss: 0.6861 - acc: 0.5871
272/418 [==================>...........] - ETA: 2:16 - loss: 0.6826 - acc: 0.5956
280/418 [===================>..........] - ETA: 2:09 - loss: 0.6841 - acc: 0.5964
288/418 [===================>..........] - ETA: 2:01 - loss: 0.6836 - acc: 0.5972
296/418 [====================>.........] - ETA: 1:53 - loss: 0.6822 - acc: 0.5980
304/418 [====================>.........] - ETA: 1:46 - loss: 0.6849 - acc: 0.5921
312/418 [=====================>........] - ETA: 1:38 - loss: 0.6834 - acc: 0.5897
320/418 [=====================>........] - ETA: 1:31 - loss: 0.6819 - acc: 0.5906
328/418 [======================>.......] - ETA: 1:23 - loss: 0.6857 - acc: 0.5823
336/418 [=======================>......] - ETA: 1:15 - loss: 0.6893 - acc: 0.5774
344/418 [=======================>......] - ETA: 1:08 - loss: 0.6875 - acc: 0.5814
352/418 [========================>.....] - ETA: 1:02 - loss: 0.6885 - acc: 0.5795
360/418 [========================>.....] - ETA: 54s - loss: 0.6882 - acc: 0.5833 
368/418 [=========================>....] - ETA: 46s - loss: 0.6892 - acc: 0.5815
376/418 [=========================>....] - ETA: 39s - loss: 0.6882 - acc: 0.5878
384/418 [==========================>...] - ETA: 31s - loss: 0.6900 - acc: 0.5833
392/418 [===========================>..] - ETA: 24s - loss: 0.6897 - acc: 0.5867
400/418 [===========================>..] - ETA: 16s - loss: 0.6899 - acc: 0.5825
408/418 [============================>.] - ETA: 9s - loss: 0.6896 - acc: 0.5833 
416/418 [============================>.] - ETA: 1s - loss: 0.6904 - acc: 0.5769
418/418 [==============================] - 409s 980ms/step - loss: 0.6902 - acc: 0.5766 - val_loss: 0.7114 - val_acc: 0.4190
Epoch 4/10

  8/418 [..............................] - ETA: 5:08 - loss: 0.6981 - acc: 0.5000
 16/418 [>.............................] - ETA: 5:08 - loss: 0.7010 - acc: 0.5000
 24/418 [>.............................] - ETA: 4:59 - loss: 0.7011 - acc: 0.5000
 32/418 [=>............................] - ETA: 4:53 - loss: 0.6973 - acc: 0.4688
 40/418 [=>............................] - ETA: 5:00 - loss: 0.6922 - acc: 0.5250
 48/418 [==>...........................] - ETA: 5:06 - loss: 0.6888 - acc: 0.5625
 56/418 [===>..........................] - ETA: 5:22 - loss: 0.6871 - acc: 0.5714
 64/418 [===>..........................] - ETA: 5:10 - loss: 0.6897 - acc: 0.5781
 72/418 [====>.........................] - ETA: 5:02 - loss: 0.6774 - acc: 0.6250
 80/418 [====>.........................] - ETA: 4:59 - loss: 0.6839 - acc: 0.6125
 88/418 [=====>........................] - ETA: 4:54 - loss: 0.6866 - acc: 0.6250
 96/418 [=====>........................] - ETA: 4:48 - loss: 0.6914 - acc: 0.6146
104/418 [======>.......................] - ETA: 4:41 - loss: 0.6916 - acc: 0.6058
112/418 [=======>......................] - ETA: 4:34 - loss: 0.6838 - acc: 0.6161
120/418 [=======>......................] - ETA: 4:30 - loss: 0.6739 - acc: 0.6333
128/418 [========>.....................] - ETA: 4:25 - loss: 0.6681 - acc: 0.6406
136/418 [========>.....................] - ETA: 4:22 - loss: 0.6721 - acc: 0.6250
144/418 [=========>....................] - ETA: 4:17 - loss: 0.6658 - acc: 0.6250
152/418 [=========>....................] - ETA: 4:07 - loss: 0.6645 - acc: 0.6250
160/418 [==========>...................] - ETA: 3:58 - loss: 0.6681 - acc: 0.6125
168/418 [===========>..................] - ETA: 3:51 - loss: 0.6635 - acc: 0.6190
176/418 [===========>..................] - ETA: 3:42 - loss: 0.6630 - acc: 0.6193
184/418 [============>.................] - ETA: 3:34 - loss: 0.6637 - acc: 0.6250
192/418 [============>.................] - ETA: 3:28 - loss: 0.6618 - acc: 0.6250
200/418 [=============>................] - ETA: 3:20 - loss: 0.6520 - acc: 0.6350
208/418 [=============>................] - ETA: 3:12 - loss: 0.6522 - acc: 0.6250
216/418 [==============>...............] - ETA: 3:04 - loss: 0.6450 - acc: 0.6343
224/418 [===============>..............] - ETA: 2:57 - loss: 0.6510 - acc: 0.6250
232/418 [===============>..............] - ETA: 2:50 - loss: 0.6425 - acc: 0.6293
240/418 [================>.............] - ETA: 2:44 - loss: 0.6576 - acc: 0.6208
248/418 [================>.............] - ETA: 2:37 - loss: 0.6642 - acc: 0.6169
256/418 [=================>............] - ETA: 2:29 - loss: 0.6638 - acc: 0.6211
264/418 [=================>............] - ETA: 2:21 - loss: 0.6583 - acc: 0.6288
272/418 [==================>...........] - ETA: 2:13 - loss: 0.6600 - acc: 0.6287
280/418 [===================>..........] - ETA: 2:06 - loss: 0.6645 - acc: 0.6250
288/418 [===================>..........] - ETA: 1:59 - loss: 0.6672 - acc: 0.6215
296/418 [====================>.........] - ETA: 1:52 - loss: 0.6656 - acc: 0.6216
304/418 [====================>.........] - ETA: 1:44 - loss: 0.6675 - acc: 0.6184
312/418 [=====================>........] - ETA: 1:36 - loss: 0.6702 - acc: 0.6122
320/418 [=====================>........] - ETA: 1:28 - loss: 0.6697 - acc: 0.6156
328/418 [======================>.......] - ETA: 1:21 - loss: 0.6703 - acc: 0.6159
336/418 [=======================>......] - ETA: 1:14 - loss: 0.6724 - acc: 0.6161
344/418 [=======================>......] - ETA: 1:07 - loss: 0.6718 - acc: 0.6163
352/418 [========================>.....] - ETA: 1:00 - loss: 0.6730 - acc: 0.6136
360/418 [========================>.....] - ETA: 53s - loss: 0.6728 - acc: 0.6167 
368/418 [=========================>....] - ETA: 45s - loss: 0.6732 - acc: 0.6141
376/418 [=========================>....] - ETA: 38s - loss: 0.6727 - acc: 0.6144
384/418 [==========================>...] - ETA: 31s - loss: 0.6745 - acc: 0.6068
392/418 [===========================>..] - ETA: 24s - loss: 0.6751 - acc: 0.6046
400/418 [===========================>..] - ETA: 16s - loss: 0.6757 - acc: 0.6025
408/418 [============================>.] - ETA: 9s - loss: 0.6763 - acc: 0.5980 
416/418 [============================>.] - ETA: 1s - loss: 0.6775 - acc: 0.5913
418/418 [==============================] - 406s 971ms/step - loss: 0.6777 - acc: 0.5885 - val_loss: 0.6905 - val_acc: 0.5905
Restoring model weights from the end of the best epoch
Epoch 00004: early stopping
Performance plot of fold 2:

 32/258 [==>...........................] - ETA: 40s
 64/258 [======>.......................] - ETA: 34s
 96/258 [==========>...................] - ETA: 29s
128/258 [=============>................] - ETA: 24s
160/258 [=================>............] - ETA: 18s
192/258 [=====================>........] - ETA: 12s
224/258 [=========================>....] - ETA: 6s 
256/258 [============================>.] - ETA: 0s
258/258 [==============================] - 48s 187ms/step
[['f1score', 0.8018648018648018], ['precision', 0.6825396825396826], ['recall', 0.9717514124293786], ['accuracy', 0.6705426356589147]]
Fit fold 3  ==========================================================================
Train on 418 samples, validate on 105 samples
Epoch 1/10

  8/418 [..............................] - ETA: 6:33 - loss: 0.9317 - acc: 0.3750
 16/418 [>.............................] - ETA: 6:41 - loss: 0.8920 - acc: 0.3750
 24/418 [>.............................] - ETA: 6:27 - loss: 0.8748 - acc: 0.3333
 32/418 [=>............................] - ETA: 6:05 - loss: 0.8786 - acc: 0.3750
 40/418 [=>............................] - ETA: 5:45 - loss: 1.0236 - acc: 0.3500
 48/418 [==>...........................] - ETA: 5:47 - loss: 0.9281 - acc: 0.4375
 56/418 [===>..........................] - ETA: 5:35 - loss: 0.8992 - acc: 0.4464
 64/418 [===>..........................] - ETA: 5:27 - loss: 0.9038 - acc: 0.4375
 72/418 [====>.........................] - ETA: 5:24 - loss: 0.8910 - acc: 0.4444
 80/418 [====>.........................] - ETA: 5:29 - loss: 0.8633 - acc: 0.4625
 88/418 [=====>........................] - ETA: 5:17 - loss: 0.8643 - acc: 0.4545
 96/418 [=====>........................] - ETA: 5:14 - loss: 0.8443 - acc: 0.4792
104/418 [======>.......................] - ETA: 5:10 - loss: 0.8630 - acc: 0.4615
112/418 [=======>......................] - ETA: 4:58 - loss: 0.8614 - acc: 0.4732
120/418 [=======>......................] - ETA: 4:49 - loss: 0.8374 - acc: 0.5000
128/418 [========>.....................] - ETA: 4:39 - loss: 0.8556 - acc: 0.4922
136/418 [========>.....................] - ETA: 4:35 - loss: 0.8445 - acc: 0.4926
144/418 [=========>....................] - ETA: 4:28 - loss: 0.8691 - acc: 0.4861
152/418 [=========>....................] - ETA: 4:19 - loss: 0.8597 - acc: 0.4934
160/418 [==========>...................] - ETA: 4:10 - loss: 0.8503 - acc: 0.5000
168/418 [===========>..................] - ETA: 4:00 - loss: 0.8472 - acc: 0.5000
176/418 [===========>..................] - ETA: 3:53 - loss: 0.8385 - acc: 0.5000
184/418 [============>.................] - ETA: 3:45 - loss: 0.8422 - acc: 0.4837
192/418 [============>.................] - ETA: 3:36 - loss: 0.8369 - acc: 0.4948
200/418 [=============>................] - ETA: 3:29 - loss: 0.8400 - acc: 0.4900
208/418 [=============>................] - ETA: 3:20 - loss: 0.8360 - acc: 0.4856
216/418 [==============>...............] - ETA: 3:11 - loss: 0.8284 - acc: 0.4907
224/418 [===============>..............] - ETA: 3:02 - loss: 0.8286 - acc: 0.4821
232/418 [===============>..............] - ETA: 2:55 - loss: 0.8309 - acc: 0.4741
240/418 [================>.............] - ETA: 2:50 - loss: 0.8199 - acc: 0.4875
248/418 [================>.............] - ETA: 2:41 - loss: 0.8156 - acc: 0.4879
256/418 [=================>............] - ETA: 2:34 - loss: 0.8152 - acc: 0.4922
264/418 [=================>............] - ETA: 2:28 - loss: 0.8100 - acc: 0.5000
272/418 [==================>...........] - ETA: 2:19 - loss: 0.8092 - acc: 0.5000
280/418 [===================>..........] - ETA: 2:11 - loss: 0.8023 - acc: 0.5036
288/418 [===================>..........] - ETA: 2:02 - loss: 0.8037 - acc: 0.5000
296/418 [====================>.........] - ETA: 1:55 - loss: 0.7970 - acc: 0.5101
304/418 [====================>.........] - ETA: 1:47 - loss: 0.7924 - acc: 0.5132
312/418 [=====================>........] - ETA: 1:39 - loss: 0.7885 - acc: 0.5160
320/418 [=====================>........] - ETA: 1:31 - loss: 0.7838 - acc: 0.5188
328/418 [======================>.......] - ETA: 1:25 - loss: 0.7782 - acc: 0.5244
336/418 [=======================>......] - ETA: 1:17 - loss: 0.7752 - acc: 0.5268
344/418 [=======================>......] - ETA: 1:09 - loss: 0.7668 - acc: 0.5349
352/418 [========================>.....] - ETA: 1:02 - loss: 0.7725 - acc: 0.5312
360/418 [========================>.....] - ETA: 54s - loss: 0.7710 - acc: 0.5306 
368/418 [=========================>....] - ETA: 46s - loss: 0.7676 - acc: 0.5326
376/418 [=========================>....] - ETA: 39s - loss: 0.7626 - acc: 0.5372
384/418 [==========================>...] - ETA: 31s - loss: 0.7576 - acc: 0.5417
392/418 [===========================>..] - ETA: 24s - loss: 0.7613 - acc: 0.5357
400/418 [===========================>..] - ETA: 16s - loss: 0.7567 - acc: 0.5425
408/418 [============================>.] - ETA: 9s - loss: 0.7558 - acc: 0.5417 
416/418 [============================>.] - ETA: 1s - loss: 0.7622 - acc: 0.5337
418/418 [==============================] - 409s 979ms/step - loss: 0.7659 - acc: 0.5311 - val_loss: 0.6808 - val_acc: 0.5905
Epoch 2/10

  8/418 [..............................] - ETA: 7:31 - loss: 0.6999 - acc: 0.6250
 16/418 [>.............................] - ETA: 7:30 - loss: 0.7730 - acc: 0.6250
 24/418 [>.............................] - ETA: 6:35 - loss: 0.7169 - acc: 0.5833
 32/418 [=>............................] - ETA: 6:06 - loss: 0.7072 - acc: 0.5938
 40/418 [=>............................] - ETA: 6:07 - loss: 0.6988 - acc: 0.6500
 48/418 [==>...........................] - ETA: 5:58 - loss: 0.6720 - acc: 0.6875
 56/418 [===>..........................] - ETA: 5:41 - loss: 0.6436 - acc: 0.7143
 64/418 [===>..........................] - ETA: 5:34 - loss: 0.6770 - acc: 0.6719
 72/418 [====>.........................] - ETA: 5:22 - loss: 0.6639 - acc: 0.6806
 80/418 [====>.........................] - ETA: 5:09 - loss: 0.6425 - acc: 0.6875
 88/418 [=====>........................] - ETA: 5:01 - loss: 0.6380 - acc: 0.6932
 96/418 [=====>........................] - ETA: 4:53 - loss: 0.6834 - acc: 0.6562
104/418 [======>.......................] - ETA: 4:43 - loss: 0.6921 - acc: 0.6442
112/418 [=======>......................] - ETA: 4:34 - loss: 0.7059 - acc: 0.6250
120/418 [=======>......................] - ETA: 4:30 - loss: 0.7043 - acc: 0.6250
128/418 [========>.....................] - ETA: 4:26 - loss: 0.7193 - acc: 0.6016
136/418 [========>.....................] - ETA: 4:26 - loss: 0.7220 - acc: 0.5882
144/418 [=========>....................] - ETA: 4:22 - loss: 0.7168 - acc: 0.5972
152/418 [=========>....................] - ETA: 4:15 - loss: 0.7185 - acc: 0.5855
160/418 [==========>...................] - ETA: 4:05 - loss: 0.7126 - acc: 0.5938
168/418 [===========>..................] - ETA: 4:00 - loss: 0.7132 - acc: 0.5893
176/418 [===========>..................] - ETA: 3:52 - loss: 0.7117 - acc: 0.5909
184/418 [============>.................] - ETA: 3:43 - loss: 0.7102 - acc: 0.5924
192/418 [============>.................] - ETA: 3:34 - loss: 0.7137 - acc: 0.5729
200/418 [=============>................] - ETA: 3:26 - loss: 0.7123 - acc: 0.5750
208/418 [=============>................] - ETA: 3:21 - loss: 0.7122 - acc: 0.5721
216/418 [==============>...............] - ETA: 3:13 - loss: 0.7106 - acc: 0.5787
224/418 [===============>..............] - ETA: 3:04 - loss: 0.7125 - acc: 0.5670
232/418 [===============>..............] - ETA: 2:57 - loss: 0.7114 - acc: 0.5647
240/418 [================>.............] - ETA: 2:51 - loss: 0.7099 - acc: 0.5667
248/418 [================>.............] - ETA: 2:42 - loss: 0.7111 - acc: 0.5645
256/418 [=================>............] - ETA: 2:33 - loss: 0.7091 - acc: 0.5664
264/418 [=================>............] - ETA: 2:26 - loss: 0.7083 - acc: 0.5644
272/418 [==================>...........] - ETA: 2:19 - loss: 0.7028 - acc: 0.5699
280/418 [===================>..........] - ETA: 2:11 - loss: 0.7080 - acc: 0.5643
288/418 [===================>..........] - ETA: 2:05 - loss: 0.7093 - acc: 0.5590
296/418 [====================>.........] - ETA: 1:58 - loss: 0.7109 - acc: 0.5541
304/418 [====================>.........] - ETA: 1:49 - loss: 0.7086 - acc: 0.5559
312/418 [=====================>........] - ETA: 1:43 - loss: 0.7100 - acc: 0.5513
320/418 [=====================>........] - ETA: 1:35 - loss: 0.7057 - acc: 0.5594
328/418 [======================>.......] - ETA: 1:27 - loss: 0.7061 - acc: 0.5610
336/418 [=======================>......] - ETA: 1:19 - loss: 0.7092 - acc: 0.5595
344/418 [=======================>......] - ETA: 1:11 - loss: 0.7079 - acc: 0.5610
352/418 [========================>.....] - ETA: 1:03 - loss: 0.7060 - acc: 0.5653
360/418 [========================>.....] - ETA: 55s - loss: 0.7066 - acc: 0.5611 
368/418 [=========================>....] - ETA: 48s - loss: 0.7065 - acc: 0.5598
376/418 [=========================>....] - ETA: 40s - loss: 0.7076 - acc: 0.5559
384/418 [==========================>...] - ETA: 32s - loss: 0.7057 - acc: 0.5599
392/418 [===========================>..] - ETA: 25s - loss: 0.7061 - acc: 0.5587
400/418 [===========================>..] - ETA: 17s - loss: 0.7050 - acc: 0.5625
408/418 [============================>.] - ETA: 9s - loss: 0.7056 - acc: 0.5588 
416/418 [============================>.] - ETA: 1s - loss: 0.7100 - acc: 0.5529
418/418 [==============================] - 423s 1s/step - loss: 0.7106 - acc: 0.5526 - val_loss: 0.6817 - val_acc: 0.5905
Epoch 3/10

  8/418 [..............................] - ETA: 5:26 - loss: 0.7305 - acc: 0.3750
 16/418 [>.............................] - ETA: 5:31 - loss: 0.7640 - acc: 0.3750
 24/418 [>.............................] - ETA: 5:24 - loss: 0.7356 - acc: 0.3750
 32/418 [=>............................] - ETA: 5:12 - loss: 0.7068 - acc: 0.4688
 40/418 [=>............................] - ETA: 5:07 - loss: 0.6985 - acc: 0.5000
 48/418 [==>...........................] - ETA: 5:03 - loss: 0.6829 - acc: 0.5417
 56/418 [===>..........................] - ETA: 4:58 - loss: 0.6887 - acc: 0.5357
 64/418 [===>..........................] - ETA: 4:52 - loss: 0.7038 - acc: 0.5000
 72/418 [====>.........................] - ETA: 4:46 - loss: 0.7062 - acc: 0.4861
 80/418 [====>.........................] - ETA: 4:52 - loss: 0.7030 - acc: 0.5125
 88/418 [=====>........................] - ETA: 4:46 - loss: 0.6995 - acc: 0.5227
 96/418 [=====>........................] - ETA: 4:39 - loss: 0.6934 - acc: 0.5208
104/418 [======>.......................] - ETA: 4:32 - loss: 0.6963 - acc: 0.5192
112/418 [=======>......................] - ETA: 4:24 - loss: 0.7025 - acc: 0.5089
120/418 [=======>......................] - ETA: 4:22 - loss: 0.7083 - acc: 0.5000
128/418 [========>.....................] - ETA: 4:18 - loss: 0.7032 - acc: 0.5000
136/418 [========>.....................] - ETA: 4:09 - loss: 0.7055 - acc: 0.5074
144/418 [=========>....................] - ETA: 4:07 - loss: 0.7055 - acc: 0.5069
152/418 [=========>....................] - ETA: 4:02 - loss: 0.7022 - acc: 0.5132
160/418 [==========>...................] - ETA: 3:53 - loss: 0.7013 - acc: 0.5250
168/418 [===========>..................] - ETA: 3:46 - loss: 0.6928 - acc: 0.5357
176/418 [===========>..................] - ETA: 3:37 - loss: 0.6979 - acc: 0.5398
184/418 [============>.................] - ETA: 3:32 - loss: 0.7062 - acc: 0.5326
192/418 [============>.................] - ETA: 3:26 - loss: 0.7083 - acc: 0.5365
200/418 [=============>................] - ETA: 3:19 - loss: 0.6986 - acc: 0.5500
208/418 [=============>................] - ETA: 3:12 - loss: 0.6986 - acc: 0.5433
216/418 [==============>...............] - ETA: 3:05 - loss: 0.6935 - acc: 0.5509
224/418 [===============>..............] - ETA: 2:57 - loss: 0.6911 - acc: 0.5536
232/418 [===============>..............] - ETA: 2:49 - loss: 0.6932 - acc: 0.5474
240/418 [================>.............] - ETA: 2:41 - loss: 0.6908 - acc: 0.5542
248/418 [================>.............] - ETA: 2:33 - loss: 0.6986 - acc: 0.5444
256/418 [=================>............] - ETA: 2:26 - loss: 0.6998 - acc: 0.5430
264/418 [=================>............] - ETA: 2:19 - loss: 0.6996 - acc: 0.5455
272/418 [==================>...........] - ETA: 2:13 - loss: 0.6973 - acc: 0.5515
280/418 [===================>..........] - ETA: 2:05 - loss: 0.7009 - acc: 0.5429
288/418 [===================>..........] - ETA: 1:57 - loss: 0.7002 - acc: 0.5417
296/418 [====================>.........] - ETA: 1:49 - loss: 0.6981 - acc: 0.5473
304/418 [====================>.........] - ETA: 1:42 - loss: 0.7000 - acc: 0.5461
312/418 [=====================>........] - ETA: 1:34 - loss: 0.7008 - acc: 0.5449
320/418 [=====================>........] - ETA: 1:28 - loss: 0.6992 - acc: 0.5437
328/418 [======================>.......] - ETA: 1:21 - loss: 0.6987 - acc: 0.5427
336/418 [=======================>......] - ETA: 1:13 - loss: 0.6978 - acc: 0.5417
344/418 [=======================>......] - ETA: 1:06 - loss: 0.6964 - acc: 0.5436
352/418 [========================>.....] - ETA: 58s - loss: 0.6936 - acc: 0.5483 
360/418 [========================>.....] - ETA: 51s - loss: 0.6957 - acc: 0.5472
368/418 [=========================>....] - ETA: 44s - loss: 0.6938 - acc: 0.5489
376/418 [=========================>....] - ETA: 37s - loss: 0.6958 - acc: 0.5452
384/418 [==========================>...] - ETA: 30s - loss: 0.6944 - acc: 0.5469
392/418 [===========================>..] - ETA: 23s - loss: 0.6993 - acc: 0.5408
400/418 [===========================>..] - ETA: 16s - loss: 0.6995 - acc: 0.5400
408/418 [============================>.] - ETA: 8s - loss: 0.6993 - acc: 0.5441 
416/418 [============================>.] - ETA: 1s - loss: 0.6976 - acc: 0.5433
418/418 [==============================] - 396s 948ms/step - loss: 0.6990 - acc: 0.5407 - val_loss: 0.6894 - val_acc: 0.5619
Restoring model weights from the end of the best epoch
Epoch 00003: early stopping
Performance plot of fold 3:

 32/258 [==>...........................] - ETA: 43s
 64/258 [======>.......................] - ETA: 37s
 96/258 [==========>...................] - ETA: 30s
128/258 [=============>................] - ETA: 24s
160/258 [=================>............] - ETA: 18s
192/258 [=====================>........] - ETA: 12s
224/258 [=========================>....] - ETA: 6s 
256/258 [============================>.] - ETA: 0s
258/258 [==============================] - 49s 189ms/step
[['f1score', 0.8065268065268065], ['precision', 0.6865079365079365], ['recall', 0.9774011299435028], ['accuracy', 0.6782945736434108]]
Fit fold 4  ==========================================================================
Train on 419 samples, validate on 104 samples
Epoch 1/10

  8/419 [..............................] - ETA: 6:26 - loss: 0.9141 - acc: 0.5000
 16/419 [>.............................] - ETA: 6:02 - loss: 0.9857 - acc: 0.5000
 24/419 [>.............................] - ETA: 5:39 - loss: 0.9441 - acc: 0.4167
 32/419 [=>............................] - ETA: 5:51 - loss: 0.8542 - acc: 0.5000
 40/419 [=>............................] - ETA: 5:34 - loss: 0.8986 - acc: 0.4750
 48/419 [==>...........................] - ETA: 6:12 - loss: 0.8463 - acc: 0.5000
 56/419 [===>..........................] - ETA: 5:58 - loss: 0.7833 - acc: 0.5536
 64/419 [===>..........................] - ETA: 5:40 - loss: 0.7746 - acc: 0.5625
 72/419 [====>.........................] - ETA: 5:27 - loss: 0.8312 - acc: 0.5556
 80/419 [====>.........................] - ETA: 5:15 - loss: 0.8056 - acc: 0.5750
 88/419 [=====>........................] - ETA: 5:01 - loss: 0.8305 - acc: 0.5455
 96/419 [=====>........................] - ETA: 4:50 - loss: 0.8305 - acc: 0.5312
104/419 [======>.......................] - ETA: 4:39 - loss: 0.8249 - acc: 0.5385
112/419 [=======>......................] - ETA: 4:35 - loss: 0.8258 - acc: 0.5268
120/419 [=======>......................] - ETA: 4:28 - loss: 0.8065 - acc: 0.5417
128/419 [========>.....................] - ETA: 4:28 - loss: 0.8272 - acc: 0.5156
136/419 [========>.....................] - ETA: 4:18 - loss: 0.8269 - acc: 0.5147
144/419 [=========>....................] - ETA: 4:11 - loss: 0.8358 - acc: 0.5000
152/419 [=========>....................] - ETA: 4:12 - loss: 0.8330 - acc: 0.5066
160/419 [==========>...................] - ETA: 4:07 - loss: 0.8323 - acc: 0.5062
168/419 [===========>..................] - ETA: 3:58 - loss: 0.8246 - acc: 0.5060
176/419 [===========>..................] - ETA: 3:49 - loss: 0.8140 - acc: 0.5170
184/419 [============>.................] - ETA: 3:39 - loss: 0.8086 - acc: 0.5217
192/419 [============>.................] - ETA: 3:30 - loss: 0.7916 - acc: 0.5365
200/419 [=============>................] - ETA: 3:26 - loss: 0.7856 - acc: 0.5450
208/419 [=============>................] - ETA: 3:18 - loss: 0.7781 - acc: 0.5529
216/419 [==============>...............] - ETA: 3:11 - loss: 0.7720 - acc: 0.5602
224/419 [===============>..............] - ETA: 3:03 - loss: 0.7684 - acc: 0.5670
232/419 [===============>..............] - ETA: 2:55 - loss: 0.7742 - acc: 0.5603
240/419 [================>.............] - ETA: 2:47 - loss: 0.7777 - acc: 0.5583
248/419 [================>.............] - ETA: 2:41 - loss: 0.7706 - acc: 0.5685
256/419 [=================>............] - ETA: 2:33 - loss: 0.7784 - acc: 0.5664
264/419 [=================>............] - ETA: 2:25 - loss: 0.7802 - acc: 0.5682
272/419 [==================>...........] - ETA: 2:17 - loss: 0.7727 - acc: 0.5735
280/419 [===================>..........] - ETA: 2:10 - loss: 0.7701 - acc: 0.5750
288/419 [===================>..........] - ETA: 2:02 - loss: 0.7714 - acc: 0.5694
296/419 [====================>.........] - ETA: 1:54 - loss: 0.7693 - acc: 0.5743
304/419 [====================>.........] - ETA: 1:46 - loss: 0.7699 - acc: 0.5658
312/419 [=====================>........] - ETA: 1:38 - loss: 0.7688 - acc: 0.5641
320/419 [=====================>........] - ETA: 1:31 - loss: 0.7685 - acc: 0.5625
328/419 [======================>.......] - ETA: 1:23 - loss: 0.7668 - acc: 0.5640
336/419 [=======================>......] - ETA: 1:16 - loss: 0.7647 - acc: 0.5655
344/419 [=======================>......] - ETA: 1:09 - loss: 0.7647 - acc: 0.5610
352/419 [========================>.....] - ETA: 1:02 - loss: 0.7615 - acc: 0.5625
360/419 [========================>.....] - ETA: 54s - loss: 0.7605 - acc: 0.5667 
368/419 [=========================>....] - ETA: 47s - loss: 0.7619 - acc: 0.5598
376/419 [=========================>....] - ETA: 39s - loss: 0.7605 - acc: 0.5585
384/419 [==========================>...] - ETA: 32s - loss: 0.7608 - acc: 0.5599
392/419 [===========================>..] - ETA: 25s - loss: 0.7587 - acc: 0.5663
400/419 [===========================>..] - ETA: 17s - loss: 0.7579 - acc: 0.5650
408/419 [============================>.] - ETA: 10s - loss: 0.7562 - acc: 0.5637
416/419 [============================>.] - ETA: 2s - loss: 0.7560 - acc: 0.5649 
419/419 [==============================] - 406s 970ms/step - loss: 0.7556 - acc: 0.5656 - val_loss: 0.6868 - val_acc: 0.6154
Epoch 2/10

  8/419 [..............................] - ETA: 6:34 - loss: 0.7553 - acc: 0.6250
 16/419 [>.............................] - ETA: 5:42 - loss: 0.7023 - acc: 0.6250
 24/419 [>.............................] - ETA: 5:29 - loss: 0.6546 - acc: 0.6250
 32/419 [=>............................] - ETA: 5:53 - loss: 0.6567 - acc: 0.6250
 40/419 [=>............................] - ETA: 5:42 - loss: 0.6500 - acc: 0.6250
 48/419 [==>...........................] - ETA: 5:34 - loss: 0.7065 - acc: 0.5833
 56/419 [===>..........................] - ETA: 5:25 - loss: 0.7025 - acc: 0.5893
 64/419 [===>..........................] - ETA: 5:19 - loss: 0.6854 - acc: 0.5938
 72/419 [====>.........................] - ETA: 5:13 - loss: 0.7107 - acc: 0.5556
 80/419 [====>.........................] - ETA: 5:03 - loss: 0.7214 - acc: 0.5375
 88/419 [=====>........................] - ETA: 4:57 - loss: 0.7082 - acc: 0.5568
 96/419 [=====>........................] - ETA: 5:02 - loss: 0.7214 - acc: 0.5417
104/419 [======>.......................] - ETA: 4:51 - loss: 0.7164 - acc: 0.5481
112/419 [=======>......................] - ETA: 4:41 - loss: 0.7151 - acc: 0.5446
120/419 [=======>......................] - ETA: 4:34 - loss: 0.7128 - acc: 0.5500
128/419 [========>.....................] - ETA: 4:34 - loss: 0.7074 - acc: 0.5625
136/419 [========>.....................] - ETA: 4:23 - loss: 0.7043 - acc: 0.5662
144/419 [=========>....................] - ETA: 4:21 - loss: 0.7020 - acc: 0.5694
152/419 [=========>....................] - ETA: 4:15 - loss: 0.7021 - acc: 0.5724
160/419 [==========>...................] - ETA: 4:05 - loss: 0.6994 - acc: 0.5750
168/419 [===========>..................] - ETA: 3:57 - loss: 0.7052 - acc: 0.5714
176/419 [===========>..................] - ETA: 3:47 - loss: 0.7110 - acc: 0.5568
184/419 [============>.................] - ETA: 3:39 - loss: 0.7094 - acc: 0.5652
192/419 [============>.................] - ETA: 3:33 - loss: 0.7091 - acc: 0.5625
200/419 [=============>................] - ETA: 3:25 - loss: 0.7056 - acc: 0.5650
208/419 [=============>................] - ETA: 3:17 - loss: 0.7015 - acc: 0.5721
216/419 [==============>...............] - ETA: 3:08 - loss: 0.7031 - acc: 0.5694
224/419 [===============>..............] - ETA: 3:00 - loss: 0.7015 - acc: 0.5759
232/419 [===============>..............] - ETA: 2:52 - loss: 0.7023 - acc: 0.5733
240/419 [================>.............] - ETA: 2:48 - loss: 0.6966 - acc: 0.5792
248/419 [================>.............] - ETA: 2:41 - loss: 0.6960 - acc: 0.5806
256/419 [=================>............] - ETA: 2:33 - loss: 0.6977 - acc: 0.5742
264/419 [=================>............] - ETA: 2:25 - loss: 0.6987 - acc: 0.5720
272/419 [==================>...........] - ETA: 2:18 - loss: 0.6985 - acc: 0.5735
280/419 [===================>..........] - ETA: 2:11 - loss: 0.6985 - acc: 0.5750
288/419 [===================>..........] - ETA: 2:03 - loss: 0.7001 - acc: 0.5625
296/419 [====================>.........] - ETA: 1:56 - loss: 0.7000 - acc: 0.5608
304/419 [====================>.........] - ETA: 1:48 - loss: 0.6999 - acc: 0.5592
312/419 [=====================>........] - ETA: 1:40 - loss: 0.6998 - acc: 0.5609
320/419 [=====================>........] - ETA: 1:32 - loss: 0.7014 - acc: 0.5500
328/419 [======================>.......] - ETA: 1:24 - loss: 0.7004 - acc: 0.5488
336/419 [=======================>......] - ETA: 1:17 - loss: 0.7013 - acc: 0.5417
344/419 [=======================>......] - ETA: 1:09 - loss: 0.7008 - acc: 0.5407
352/419 [========================>.....] - ETA: 1:01 - loss: 0.7012 - acc: 0.5398
360/419 [========================>.....] - ETA: 54s - loss: 0.7030 - acc: 0.5333 
368/419 [=========================>....] - ETA: 47s - loss: 0.7015 - acc: 0.5353
376/419 [=========================>....] - ETA: 39s - loss: 0.7029 - acc: 0.5293
384/419 [==========================>...] - ETA: 32s - loss: 0.7030 - acc: 0.5312
392/419 [===========================>..] - ETA: 25s - loss: 0.7009 - acc: 0.5357
400/419 [===========================>..] - ETA: 17s - loss: 0.6983 - acc: 0.5400
408/419 [============================>.] - ETA: 10s - loss: 0.7011 - acc: 0.5368
416/419 [============================>.] - ETA: 2s - loss: 0.6997 - acc: 0.5385 
419/419 [==============================] - 409s 976ms/step - loss: 0.7021 - acc: 0.5370 - val_loss: 0.6728 - val_acc: 0.5962
Epoch 3/10

  8/419 [..............................] - ETA: 5:30 - loss: 0.5681 - acc: 0.8750
 16/419 [>.............................] - ETA: 7:34 - loss: 0.6655 - acc: 0.6875
 24/419 [>.............................] - ETA: 6:56 - loss: 0.6564 - acc: 0.6667
 32/419 [=>............................] - ETA: 6:27 - loss: 0.6372 - acc: 0.7188
 40/419 [=>............................] - ETA: 6:22 - loss: 0.6282 - acc: 0.7250
 48/419 [==>...........................] - ETA: 6:39 - loss: 0.6586 - acc: 0.6875
 56/419 [===>..........................] - ETA: 6:14 - loss: 0.6686 - acc: 0.6607
 64/419 [===>..........................] - ETA: 5:52 - loss: 0.6681 - acc: 0.6562
 72/419 [====>.........................] - ETA: 5:44 - loss: 0.6499 - acc: 0.6806
 80/419 [====>.........................] - ETA: 5:29 - loss: 0.6398 - acc: 0.7000
 88/419 [=====>........................] - ETA: 5:20 - loss: 0.6543 - acc: 0.6705
 96/419 [=====>........................] - ETA: 5:09 - loss: 0.6452 - acc: 0.6875
104/419 [======>.......................] - ETA: 4:59 - loss: 0.6466 - acc: 0.6827
112/419 [=======>......................] - ETA: 4:58 - loss: 0.6479 - acc: 0.6696
120/419 [=======>......................] - ETA: 4:47 - loss: 0.6509 - acc: 0.6667
128/419 [========>.....................] - ETA: 4:36 - loss: 0.6537 - acc: 0.6641
136/419 [========>.....................] - ETA: 4:30 - loss: 0.6469 - acc: 0.6691
144/419 [=========>....................] - ETA: 4:21 - loss: 0.6519 - acc: 0.6528
152/419 [=========>....................] - ETA: 4:10 - loss: 0.6488 - acc: 0.6513
160/419 [==========>...................] - ETA: 4:02 - loss: 0.6426 - acc: 0.6562
168/419 [===========>..................] - ETA: 3:58 - loss: 0.6330 - acc: 0.6667
176/419 [===========>..................] - ETA: 3:50 - loss: 0.6412 - acc: 0.6477
184/419 [============>.................] - ETA: 3:45 - loss: 0.6330 - acc: 0.6522
192/419 [============>.................] - ETA: 3:38 - loss: 0.6389 - acc: 0.6458
200/419 [=============>................] - ETA: 3:30 - loss: 0.6538 - acc: 0.6250
208/419 [=============>................] - ETA: 3:21 - loss: 0.6636 - acc: 0.6106
216/419 [==============>...............] - ETA: 3:12 - loss: 0.6710 - acc: 0.6065
224/419 [===============>..............] - ETA: 3:03 - loss: 0.6776 - acc: 0.5938
232/419 [===============>..............] - ETA: 2:58 - loss: 0.6811 - acc: 0.5819
240/419 [================>.............] - ETA: 2:50 - loss: 0.6817 - acc: 0.5792
248/419 [================>.............] - ETA: 2:43 - loss: 0.6840 - acc: 0.5685
256/419 [=================>............] - ETA: 2:36 - loss: 0.6841 - acc: 0.5625
264/419 [=================>............] - ETA: 2:27 - loss: 0.6858 - acc: 0.5606
272/419 [==================>...........] - ETA: 2:20 - loss: 0.6898 - acc: 0.5515
280/419 [===================>..........] - ETA: 2:12 - loss: 0.6930 - acc: 0.5429
288/419 [===================>..........] - ETA: 2:05 - loss: 0.6914 - acc: 0.5486
296/419 [====================>.........] - ETA: 1:57 - loss: 0.6901 - acc: 0.5541
304/419 [====================>.........] - ETA: 1:49 - loss: 0.6914 - acc: 0.5461
312/419 [=====================>........] - ETA: 1:41 - loss: 0.6918 - acc: 0.5385
320/419 [=====================>........] - ETA: 1:33 - loss: 0.6931 - acc: 0.5344
328/419 [======================>.......] - ETA: 1:26 - loss: 0.6932 - acc: 0.5366
336/419 [=======================>......] - ETA: 1:18 - loss: 0.6921 - acc: 0.5417
344/419 [=======================>......] - ETA: 1:11 - loss: 0.6925 - acc: 0.5436
352/419 [========================>.....] - ETA: 1:03 - loss: 0.6931 - acc: 0.5455
360/419 [========================>.....] - ETA: 55s - loss: 0.6947 - acc: 0.5417 
368/419 [=========================>....] - ETA: 48s - loss: 0.6934 - acc: 0.5462
376/419 [=========================>....] - ETA: 40s - loss: 0.6947 - acc: 0.5426
384/419 [==========================>...] - ETA: 33s - loss: 0.6955 - acc: 0.5417
392/419 [===========================>..] - ETA: 25s - loss: 0.6954 - acc: 0.5434
400/419 [===========================>..] - ETA: 18s - loss: 0.6919 - acc: 0.5500
408/419 [============================>.] - ETA: 10s - loss: 0.6929 - acc: 0.5490
416/419 [============================>.] - ETA: 2s - loss: 0.6953 - acc: 0.5433 
419/419 [==============================] - 416s 992ms/step - loss: 0.6949 - acc: 0.5442 - val_loss: 0.6823 - val_acc: 0.5962
Epoch 4/10

  8/419 [..............................] - ETA: 9:24 - loss: 0.5966 - acc: 0.8750
 16/419 [>.............................] - ETA: 7:19 - loss: 0.6885 - acc: 0.6250
 24/419 [>.............................] - ETA: 6:51 - loss: 0.7064 - acc: 0.5833
 32/419 [=>............................] - ETA: 6:32 - loss: 0.6915 - acc: 0.6250
 40/419 [=>............................] - ETA: 6:47 - loss: 0.6929 - acc: 0.5750
 48/419 [==>...........................] - ETA: 6:20 - loss: 0.6918 - acc: 0.5833
 56/419 [===>..........................] - ETA: 5:59 - loss: 0.6888 - acc: 0.5893
 64/419 [===>..........................] - ETA: 5:44 - loss: 0.6897 - acc: 0.6094
 72/419 [====>.........................] - ETA: 5:36 - loss: 0.6897 - acc: 0.5972
 80/419 [====>.........................] - ETA: 5:26 - loss: 0.6858 - acc: 0.6125
 88/419 [=====>........................] - ETA: 5:12 - loss: 0.6774 - acc: 0.6364
 96/419 [=====>........................] - ETA: 5:04 - loss: 0.6768 - acc: 0.6354
104/419 [======>.......................] - ETA: 4:54 - loss: 0.6790 - acc: 0.6154
112/419 [=======>......................] - ETA: 4:45 - loss: 0.6854 - acc: 0.5982
120/419 [=======>......................] - ETA: 4:41 - loss: 0.6920 - acc: 0.5917
128/419 [========>.....................] - ETA: 4:34 - loss: 0.6887 - acc: 0.5938
136/419 [========>.....................] - ETA: 4:24 - loss: 0.6913 - acc: 0.5809
144/419 [=========>....................] - ETA: 4:14 - loss: 0.6821 - acc: 0.5972
152/419 [=========>....................] - ETA: 4:10 - loss: 0.6816 - acc: 0.5987
160/419 [==========>...................] - ETA: 4:02 - loss: 0.6757 - acc: 0.6062
168/419 [===========>..................] - ETA: 3:53 - loss: 0.6750 - acc: 0.6071
176/419 [===========>..................] - ETA: 3:47 - loss: 0.6728 - acc: 0.6136
184/419 [============>.................] - ETA: 3:40 - loss: 0.6767 - acc: 0.6087
192/419 [============>.................] - ETA: 3:35 - loss: 0.6803 - acc: 0.6042
200/419 [=============>................] - ETA: 3:26 - loss: 0.6773 - acc: 0.6050
208/419 [=============>................] - ETA: 3:16 - loss: 0.6774 - acc: 0.6058
216/419 [==============>...............] - ETA: 3:09 - loss: 0.6788 - acc: 0.6111
224/419 [===============>..............] - ETA: 3:00 - loss: 0.6895 - acc: 0.5982
232/419 [===============>..............] - ETA: 2:54 - loss: 0.6915 - acc: 0.5948
240/419 [================>.............] - ETA: 2:46 - loss: 0.6973 - acc: 0.5917
248/419 [================>.............] - ETA: 2:38 - loss: 0.6998 - acc: 0.5847
256/419 [=================>............] - ETA: 2:31 - loss: 0.7001 - acc: 0.5820
264/419 [=================>............] - ETA: 2:24 - loss: 0.6992 - acc: 0.5833
272/419 [==================>...........] - ETA: 2:16 - loss: 0.6994 - acc: 0.5809
280/419 [===================>..........] - ETA: 2:08 - loss: 0.6981 - acc: 0.5821
288/419 [===================>..........] - ETA: 2:01 - loss: 0.6968 - acc: 0.5903
296/419 [====================>.........] - ETA: 1:54 - loss: 0.6986 - acc: 0.5811
304/419 [====================>.........] - ETA: 1:46 - loss: 0.6959 - acc: 0.5888
312/419 [=====================>........] - ETA: 1:38 - loss: 0.6955 - acc: 0.5865
320/419 [=====================>........] - ETA: 1:31 - loss: 0.6978 - acc: 0.5781
328/419 [======================>.......] - ETA: 1:25 - loss: 0.6964 - acc: 0.5793
336/419 [=======================>......] - ETA: 1:17 - loss: 0.6955 - acc: 0.5833
344/419 [=======================>......] - ETA: 1:10 - loss: 0.6937 - acc: 0.5843
352/419 [========================>.....] - ETA: 1:02 - loss: 0.6935 - acc: 0.5852
360/419 [========================>.....] - ETA: 55s - loss: 0.6915 - acc: 0.5889 
368/419 [=========================>....] - ETA: 47s - loss: 0.6909 - acc: 0.5897
376/419 [=========================>....] - ETA: 40s - loss: 0.6910 - acc: 0.5878
384/419 [==========================>...] - ETA: 32s - loss: 0.6911 - acc: 0.5833
392/419 [===========================>..] - ETA: 25s - loss: 0.6896 - acc: 0.5893
400/419 [===========================>..] - ETA: 17s - loss: 0.6886 - acc: 0.5900
408/419 [============================>.] - ETA: 10s - loss: 0.6895 - acc: 0.5882
416/419 [============================>.] - ETA: 2s - loss: 0.6897 - acc: 0.5865 
419/419 [==============================] - 410s 977ms/step - loss: 0.6903 - acc: 0.5847 - val_loss: 0.6789 - val_acc: 0.5962
Restoring model weights from the end of the best epoch
Epoch 00004: early stopping
Performance plot of fold 4:

 32/258 [==>...........................] - ETA: 42s
 64/258 [======>.......................] - ETA: 34s
 96/258 [==========>...................] - ETA: 29s
128/258 [=============>................] - ETA: 23s
160/258 [=================>............] - ETA: 17s
192/258 [=====================>........] - ETA: 11s
224/258 [=========================>....] - ETA: 6s 
256/258 [============================>.] - ETA: 0s
258/258 [==============================] - 47s 182ms/step
[['f1score', 0.8137931034482759], ['precision', 0.686046511627907], ['recall', 1.0], ['accuracy', 0.686046511627907]]
Fit fold 5  ==========================================================================
Train on 419 samples, validate on 104 samples
Epoch 1/10

  8/419 [..............................] - ETA: 5:49 - loss: 0.7636 - acc: 0.5000
 16/419 [>.............................] - ETA: 5:47 - loss: 0.8143 - acc: 0.3750
 24/419 [>.............................] - ETA: 6:30 - loss: 0.8503 - acc: 0.3333
 32/419 [=>............................] - ETA: 6:02 - loss: 0.8208 - acc: 0.4062
 40/419 [=>............................] - ETA: 5:41 - loss: 0.7725 - acc: 0.4500
 48/419 [==>...........................] - ETA: 5:28 - loss: 0.8400 - acc: 0.4167
 56/419 [===>..........................] - ETA: 5:26 - loss: 0.8264 - acc: 0.4643
 64/419 [===>..........................] - ETA: 5:27 - loss: 0.8108 - acc: 0.4688
 72/419 [====>.........................] - ETA: 5:22 - loss: 0.8079 - acc: 0.4722
 80/419 [====>.........................] - ETA: 5:15 - loss: 0.8298 - acc: 0.4375
 88/419 [=====>........................] - ETA: 5:08 - loss: 0.8211 - acc: 0.4318
 96/419 [=====>........................] - ETA: 4:57 - loss: 0.8136 - acc: 0.4375
104/419 [======>.......................] - ETA: 4:53 - loss: 0.7995 - acc: 0.4423
112/419 [=======>......................] - ETA: 4:46 - loss: 0.7811 - acc: 0.4554
120/419 [=======>......................] - ETA: 4:37 - loss: 0.7925 - acc: 0.4500
128/419 [========>.....................] - ETA: 4:30 - loss: 0.8065 - acc: 0.4531
136/419 [========>.....................] - ETA: 4:19 - loss: 0.7961 - acc: 0.4632
144/419 [=========>....................] - ETA: 4:13 - loss: 0.7802 - acc: 0.4861
152/419 [=========>....................] - ETA: 4:05 - loss: 0.7713 - acc: 0.5000
160/419 [==========>...................] - ETA: 3:57 - loss: 0.7738 - acc: 0.5000
168/419 [===========>..................] - ETA: 3:48 - loss: 0.7697 - acc: 0.5060
176/419 [===========>..................] - ETA: 3:41 - loss: 0.7622 - acc: 0.5170
184/419 [============>.................] - ETA: 3:33 - loss: 0.7591 - acc: 0.5217
192/419 [============>.................] - ETA: 3:27 - loss: 0.7537 - acc: 0.5312
200/419 [=============>................] - ETA: 3:21 - loss: 0.7514 - acc: 0.5450
208/419 [=============>................] - ETA: 3:13 - loss: 0.7573 - acc: 0.5481
216/419 [==============>...............] - ETA: 3:08 - loss: 0.7641 - acc: 0.5509
224/419 [===============>..............] - ETA: 2:59 - loss: 0.7677 - acc: 0.5491
232/419 [===============>..............] - ETA: 2:50 - loss: 0.7798 - acc: 0.5388
240/419 [================>.............] - ETA: 2:44 - loss: 0.7730 - acc: 0.5375
248/419 [================>.............] - ETA: 2:37 - loss: 0.7720 - acc: 0.5403
256/419 [=================>............] - ETA: 2:30 - loss: 0.7685 - acc: 0.5430
264/419 [=================>............] - ETA: 2:23 - loss: 0.7626 - acc: 0.5492
272/419 [==================>...........] - ETA: 2:15 - loss: 0.7563 - acc: 0.5588
280/419 [===================>..........] - ETA: 2:07 - loss: 0.7662 - acc: 0.5500
288/419 [===================>..........] - ETA: 2:01 - loss: 0.7744 - acc: 0.5417
296/419 [====================>.........] - ETA: 1:53 - loss: 0.7711 - acc: 0.5439
304/419 [====================>.........] - ETA: 1:46 - loss: 0.7672 - acc: 0.5461
312/419 [=====================>........] - ETA: 1:38 - loss: 0.7715 - acc: 0.5417
320/419 [=====================>........] - ETA: 1:30 - loss: 0.7673 - acc: 0.5500
328/419 [======================>.......] - ETA: 1:23 - loss: 0.7598 - acc: 0.5610
336/419 [=======================>......] - ETA: 1:16 - loss: 0.7614 - acc: 0.5536
344/419 [=======================>......] - ETA: 1:09 - loss: 0.7596 - acc: 0.5552
352/419 [========================>.....] - ETA: 1:02 - loss: 0.7564 - acc: 0.5568
360/419 [========================>.....] - ETA: 54s - loss: 0.7536 - acc: 0.5611 
368/419 [=========================>....] - ETA: 46s - loss: 0.7499 - acc: 0.5625
376/419 [=========================>....] - ETA: 39s - loss: 0.7479 - acc: 0.5638
384/419 [==========================>...] - ETA: 32s - loss: 0.7469 - acc: 0.5651
392/419 [===========================>..] - ETA: 24s - loss: 0.7549 - acc: 0.5536
400/419 [===========================>..] - ETA: 17s - loss: 0.7562 - acc: 0.5575
408/419 [============================>.] - ETA: 10s - loss: 0.7551 - acc: 0.5588
416/419 [============================>.] - ETA: 2s - loss: 0.7517 - acc: 0.5625 
419/419 [==============================] - 403s 962ms/step - loss: 0.7491 - acc: 0.5656 - val_loss: 0.6786 - val_acc: 0.5962
Epoch 2/10

  8/419 [..............................] - ETA: 5:24 - loss: 0.7002 - acc: 0.5000
 16/419 [>.............................] - ETA: 6:07 - loss: 0.7285 - acc: 0.5000
 24/419 [>.............................] - ETA: 6:01 - loss: 0.7716 - acc: 0.5000
 32/419 [=>............................] - ETA: 5:38 - loss: 0.7369 - acc: 0.5000
 40/419 [=>............................] - ETA: 5:33 - loss: 0.7710 - acc: 0.4750
 48/419 [==>...........................] - ETA: 5:25 - loss: 0.7612 - acc: 0.5000
 56/419 [===>..........................] - ETA: 5:13 - loss: 0.7454 - acc: 0.5179
 64/419 [===>..........................] - ETA: 5:12 - loss: 0.7473 - acc: 0.5156
 72/419 [====>.........................] - ETA: 5:09 - loss: 0.7379 - acc: 0.5139
 80/419 [====>.........................] - ETA: 5:00 - loss: 0.7407 - acc: 0.4875
 88/419 [=====>........................] - ETA: 4:50 - loss: 0.7370 - acc: 0.4886
 96/419 [=====>........................] - ETA: 4:48 - loss: 0.7392 - acc: 0.4792
104/419 [======>.......................] - ETA: 4:40 - loss: 0.7377 - acc: 0.4615
112/419 [=======>......................] - ETA: 4:36 - loss: 0.7365 - acc: 0.4643
120/419 [=======>......................] - ETA: 4:28 - loss: 0.7372 - acc: 0.4667
128/419 [========>.....................] - ETA: 4:19 - loss: 0.7336 - acc: 0.4688
136/419 [========>.....................] - ETA: 4:10 - loss: 0.7373 - acc: 0.4559
144/419 [=========>....................] - ETA: 4:04 - loss: 0.7421 - acc: 0.4444
152/419 [=========>....................] - ETA: 3:55 - loss: 0.7401 - acc: 0.4408
160/419 [==========>...................] - ETA: 3:50 - loss: 0.7382 - acc: 0.4437
168/419 [===========>..................] - ETA: 3:43 - loss: 0.7339 - acc: 0.4524
176/419 [===========>..................] - ETA: 3:40 - loss: 0.7270 - acc: 0.4659
184/419 [============>.................] - ETA: 3:34 - loss: 0.7225 - acc: 0.4728
192/419 [============>.................] - ETA: 3:28 - loss: 0.7300 - acc: 0.4635
200/419 [=============>................] - ETA: 3:19 - loss: 0.7298 - acc: 0.4700
208/419 [=============>................] - ETA: 3:13 - loss: 0.7300 - acc: 0.4712
216/419 [==============>...............] - ETA: 3:07 - loss: 0.7296 - acc: 0.4722
224/419 [===============>..............] - ETA: 2:59 - loss: 0.7264 - acc: 0.4777
232/419 [===============>..............] - ETA: 2:52 - loss: 0.7259 - acc: 0.4741
240/419 [================>.............] - ETA: 2:44 - loss: 0.7266 - acc: 0.4750
248/419 [================>.............] - ETA: 2:36 - loss: 0.7222 - acc: 0.4879
256/419 [=================>............] - ETA: 2:29 - loss: 0.7203 - acc: 0.4922
264/419 [=================>............] - ETA: 2:22 - loss: 0.7193 - acc: 0.4924
272/419 [==================>...........] - ETA: 2:15 - loss: 0.7168 - acc: 0.4926
280/419 [===================>..........] - ETA: 2:08 - loss: 0.7113 - acc: 0.5036
288/419 [===================>..........] - ETA: 2:00 - loss: 0.7113 - acc: 0.5035
296/419 [====================>.........] - ETA: 1:52 - loss: 0.7089 - acc: 0.5101
304/419 [====================>.........] - ETA: 1:44 - loss: 0.7069 - acc: 0.5132
312/419 [=====================>........] - ETA: 1:37 - loss: 0.7052 - acc: 0.5160
320/419 [=====================>........] - ETA: 1:29 - loss: 0.7094 - acc: 0.5125
328/419 [======================>.......] - ETA: 1:22 - loss: 0.7040 - acc: 0.5213
336/419 [=======================>......] - ETA: 1:15 - loss: 0.7031 - acc: 0.5208
344/419 [=======================>......] - ETA: 1:08 - loss: 0.6978 - acc: 0.5291
352/419 [========================>.....] - ETA: 1:01 - loss: 0.6974 - acc: 0.5341
360/419 [========================>.....] - ETA: 54s - loss: 0.6938 - acc: 0.5417 
368/419 [=========================>....] - ETA: 46s - loss: 0.6989 - acc: 0.5380
376/419 [=========================>....] - ETA: 39s - loss: 0.6956 - acc: 0.5426
384/419 [==========================>...] - ETA: 32s - loss: 0.6953 - acc: 0.5443
392/419 [===========================>..] - ETA: 24s - loss: 0.6904 - acc: 0.5510
400/419 [===========================>..] - ETA: 17s - loss: 0.6935 - acc: 0.5525
408/419 [============================>.] - ETA: 10s - loss: 0.6992 - acc: 0.5490
416/419 [============================>.] - ETA: 2s - loss: 0.7017 - acc: 0.5481 
419/419 [==============================] - 403s 961ms/step - loss: 0.7008 - acc: 0.5513 - val_loss: 0.6810 - val_acc: 0.5962
Epoch 3/10

  8/419 [..............................] - ETA: 6:14 - loss: 0.8925 - acc: 0.3750
 16/419 [>.............................] - ETA: 6:23 - loss: 0.7723 - acc: 0.4375
 24/419 [>.............................] - ETA: 6:23 - loss: 0.7370 - acc: 0.5000
 32/419 [=>............................] - ETA: 6:07 - loss: 0.7060 - acc: 0.5625
 40/419 [=>............................] - ETA: 6:00 - loss: 0.7137 - acc: 0.5500
 48/419 [==>...........................] - ETA: 5:48 - loss: 0.7309 - acc: 0.5208
 56/419 [===>..........................] - ETA: 5:40 - loss: 0.7358 - acc: 0.5179
 64/419 [===>..........................] - ETA: 5:33 - loss: 0.7325 - acc: 0.5156
 72/419 [====>.........................] - ETA: 5:34 - loss: 0.7227 - acc: 0.5278
 80/419 [====>.........................] - ETA: 5:21 - loss: 0.7147 - acc: 0.5375
 88/419 [=====>........................] - ETA: 5:12 - loss: 0.7026 - acc: 0.5682
 96/419 [=====>........................] - ETA: 5:05 - loss: 0.7043 - acc: 0.5521
104/419 [======>.......................] - ETA: 4:52 - loss: 0.6995 - acc: 0.5577
112/419 [=======>......................] - ETA: 4:43 - loss: 0.6941 - acc: 0.5714
120/419 [=======>......................] - ETA: 4:32 - loss: 0.6875 - acc: 0.5833
128/419 [========>.....................] - ETA: 4:30 - loss: 0.6940 - acc: 0.5781
136/419 [========>.....................] - ETA: 4:20 - loss: 0.7009 - acc: 0.5735
144/419 [=========>....................] - ETA: 4:14 - loss: 0.6989 - acc: 0.5764
152/419 [=========>....................] - ETA: 4:06 - loss: 0.7034 - acc: 0.5724
160/419 [==========>...................] - ETA: 3:59 - loss: 0.6920 - acc: 0.5875
168/419 [===========>..................] - ETA: 3:50 - loss: 0.6891 - acc: 0.5893
176/419 [===========>..................] - ETA: 3:43 - loss: 0.6882 - acc: 0.5852
184/419 [============>.................] - ETA: 3:34 - loss: 0.6885 - acc: 0.5815
192/419 [============>.................] - ETA: 3:27 - loss: 0.6944 - acc: 0.5729
200/419 [=============>................] - ETA: 3:20 - loss: 0.6993 - acc: 0.5650
208/419 [=============>................] - ETA: 3:13 - loss: 0.6971 - acc: 0.5673
216/419 [==============>...............] - ETA: 3:07 - loss: 0.6989 - acc: 0.5602
224/419 [===============>..............] - ETA: 2:59 - loss: 0.6985 - acc: 0.5580
232/419 [===============>..............] - ETA: 2:51 - loss: 0.7018 - acc: 0.5517
240/419 [================>.............] - ETA: 2:43 - loss: 0.7014 - acc: 0.5542
248/419 [================>.............] - ETA: 2:35 - loss: 0.6998 - acc: 0.5605
256/419 [=================>............] - ETA: 2:27 - loss: 0.7005 - acc: 0.5508
264/419 [=================>............] - ETA: 2:20 - loss: 0.7004 - acc: 0.5455
272/419 [==================>...........] - ETA: 2:12 - loss: 0.7040 - acc: 0.5404
280/419 [===================>..........] - ETA: 2:04 - loss: 0.7031 - acc: 0.5464
288/419 [===================>..........] - ETA: 1:58 - loss: 0.7020 - acc: 0.5521
296/419 [====================>.........] - ETA: 1:51 - loss: 0.7018 - acc: 0.5507
304/419 [====================>.........] - ETA: 1:44 - loss: 0.6980 - acc: 0.5592
312/419 [=====================>........] - ETA: 1:36 - loss: 0.6989 - acc: 0.5577
320/419 [=====================>........] - ETA: 1:29 - loss: 0.7028 - acc: 0.5531
328/419 [======================>.......] - ETA: 1:22 - loss: 0.7011 - acc: 0.5579
336/419 [=======================>......] - ETA: 1:14 - loss: 0.7015 - acc: 0.5565
344/419 [=======================>......] - ETA: 1:07 - loss: 0.7042 - acc: 0.5552
352/419 [========================>.....] - ETA: 1:00 - loss: 0.7046 - acc: 0.5540
360/419 [========================>.....] - ETA: 52s - loss: 0.7025 - acc: 0.5611 
368/419 [=========================>....] - ETA: 45s - loss: 0.7046 - acc: 0.5598
376/419 [=========================>....] - ETA: 38s - loss: 0.7040 - acc: 0.5585
384/419 [==========================>...] - ETA: 31s - loss: 0.7051 - acc: 0.5573
392/419 [===========================>..] - ETA: 24s - loss: 0.7025 - acc: 0.5612
400/419 [===========================>..] - ETA: 16s - loss: 0.7039 - acc: 0.5575
408/419 [============================>.] - ETA: 9s - loss: 0.7050 - acc: 0.5564 
416/419 [============================>.] - ETA: 2s - loss: 0.7071 - acc: 0.5529
419/419 [==============================] - 398s 949ms/step - loss: 0.7068 - acc: 0.5537 - val_loss: 0.6791 - val_acc: 0.5962
Restoring model weights from the end of the best epoch
Epoch 00003: early stopping
Performance plot of fold 5:

 32/258 [==>...........................] - ETA: 44s
 64/258 [======>.......................] - ETA: 37s
 96/258 [==========>...................] - ETA: 31s
128/258 [=============>................] - ETA: 24s
160/258 [=================>............] - ETA: 18s
192/258 [=====================>........] - ETA: 12s
224/258 [=========================>....] - ETA: 6s 
256/258 [============================>.] - ETA: 0s
258/258 [==============================] - 49s 189ms/step
[['f1score', 0.8137931034482759], ['precision', 0.686046511627907], ['recall', 1.0], ['accuracy', 0.686046511627907]]
_________________________________________________________________
Layer (type)                 Output Shape              Param #   
=================================================================
embedding_5 (Embedding)      (None, 100454, 300)       11531400  
_________________________________________________________________
conv1d_9 (Conv1D)            (None, 100454, 64)        134464    
_________________________________________________________________
max_pooling1d_5 (MaxPooling1 (None, 50227, 64)         0         
_________________________________________________________________
conv1d_10 (Conv1D)           (None, 50227, 64)         28736     
_________________________________________________________________
global_max_pooling1d_5 (Glob (None, 64)                0         
_________________________________________________________________
dense_9 (Dense)              (None, 64)                4160      
_________________________________________________________________
dropout_5 (Dropout)          (None, 64)                0         
_________________________________________________________________
dense_10 (Dense)             (None, 1)                 65        
=================================================================
Total params: 11,698,825
Trainable params: 167,425
Non-trainable params: 11,531,400
_________________________________________________________________
None
[['f1score', 0.8110599078341014], ['precision', 0.6848249027237354], ['recall', 0.9943502824858758], ['accuracy', 0.6821705426356589]]
[['f1score', 0.8018648018648018], ['precision', 0.6825396825396826], ['recall', 0.9717514124293786], ['accuracy', 0.6705426356589147]]
[['f1score', 0.8065268065268065], ['precision', 0.6865079365079365], ['recall', 0.9774011299435028], ['accuracy', 0.6782945736434108]]
[['f1score', 0.8137931034482759], ['precision', 0.686046511627907], ['recall', 1.0], ['accuracy', 0.686046511627907]]
[['f1score', 0.8137931034482759], ['precision', 0.686046511627907], ['recall', 1.0], ['accuracy', 0.686046511627907]]
Average Scores
[['f1score', 0.8094075446244524], ['precision', 0.6851931090054336], ['recall', 0.9887005649717514], ['accuracy', 0.6806201550387596]]
