Fit fold 1  ==========================================================================
Train on 418 samples, validate on 105 samples
Epoch 1/10

  8/418 [..............................] - ETA: 1:09:28 - loss: 1.0977 - acc: 0.5000
 16/418 [>.............................] - ETA: 1:07:09 - loss: 1.0636 - acc: 0.5625
 24/418 [>.............................] - ETA: 1:05:18 - loss: 1.0688 - acc: 0.5833
 32/418 [=>............................] - ETA: 1:03:47 - loss: 1.0749 - acc: 0.5625
 40/418 [=>............................] - ETA: 1:02:13 - loss: 1.0791 - acc: 0.5250
 48/418 [==>...........................] - ETA: 1:00:48 - loss: 1.1038 - acc: 0.5000
 56/418 [===>..........................] - ETA: 59:29 - loss: 1.1048 - acc: 0.5000  
 64/418 [===>..........................] - ETA: 58:06 - loss: 1.1075 - acc: 0.4688
 72/418 [====>.........................] - ETA: 56:44 - loss: 1.0987 - acc: 0.4583
 80/418 [====>.........................] - ETA: 55:27 - loss: 1.0893 - acc: 0.4625
 88/418 [=====>........................] - ETA: 54:10 - loss: 1.0794 - acc: 0.4545
 96/418 [=====>........................] - ETA: 52:48 - loss: 1.0718 - acc: 0.4375
104/418 [======>.......................] - ETA: 51:25 - loss: 1.0696 - acc: 0.4423
112/418 [=======>......................] - ETA: 50:07 - loss: 1.0640 - acc: 0.4375
120/418 [=======>......................] - ETA: 48:51 - loss: 1.0566 - acc: 0.4583
128/418 [========>.....................] - ETA: 47:31 - loss: 1.0497 - acc: 0.4609
136/418 [========>.....................] - ETA: 46:12 - loss: 1.0365 - acc: 0.4706
144/418 [=========>....................] - ETA: 44:52 - loss: 1.0423 - acc: 0.4653
152/418 [=========>....................] - ETA: 43:33 - loss: 1.0368 - acc: 0.4737
160/418 [==========>...................] - ETA: 42:16 - loss: 1.0403 - acc: 0.4688
168/418 [===========>..................] - ETA: 40:57 - loss: 1.0344 - acc: 0.4702
176/418 [===========>..................] - ETA: 39:38 - loss: 1.0444 - acc: 0.4659
184/418 [============>.................] - ETA: 38:19 - loss: 1.0559 - acc: 0.4565
192/418 [============>.................] - ETA: 37:01 - loss: 1.0689 - acc: 0.4531
200/418 [=============>................] - ETA: 35:42 - loss: 1.0726 - acc: 0.4500
208/418 [=============>................] - ETA: 34:22 - loss: 1.0661 - acc: 0.4519
216/418 [==============>...............] - ETA: 33:04 - loss: 1.0721 - acc: 0.4444
224/418 [===============>..............] - ETA: 31:45 - loss: 1.0805 - acc: 0.4330
232/418 [===============>..............] - ETA: 30:26 - loss: 1.0740 - acc: 0.4397
240/418 [================>.............] - ETA: 29:08 - loss: 1.0678 - acc: 0.4500
248/418 [================>.............] - ETA: 27:49 - loss: 1.0701 - acc: 0.4556
256/418 [=================>............] - ETA: 26:31 - loss: 1.0679 - acc: 0.4609
264/418 [=================>............] - ETA: 25:11 - loss: 1.0694 - acc: 0.4545
272/418 [==================>...........] - ETA: 23:52 - loss: 1.0682 - acc: 0.4522
280/418 [===================>..........] - ETA: 22:34 - loss: 1.0676 - acc: 0.4500
288/418 [===================>..........] - ETA: 21:15 - loss: 1.0679 - acc: 0.4479
296/418 [====================>.........] - ETA: 19:57 - loss: 1.0664 - acc: 0.4493
304/418 [====================>.........] - ETA: 18:38 - loss: 1.0632 - acc: 0.4605
312/418 [=====================>........] - ETA: 17:19 - loss: 1.0610 - acc: 0.4615
320/418 [=====================>........] - ETA: 16:00 - loss: 1.0595 - acc: 0.4562
328/418 [======================>.......] - ETA: 14:42 - loss: 1.0563 - acc: 0.4573
336/418 [=======================>......] - ETA: 13:24 - loss: 1.0572 - acc: 0.4583
344/418 [=======================>......] - ETA: 12:05 - loss: 1.0543 - acc: 0.4622
352/418 [========================>.....] - ETA: 10:47 - loss: 1.0531 - acc: 0.4574
360/418 [========================>.....] - ETA: 9:28 - loss: 1.0582 - acc: 0.4500 
368/418 [=========================>....] - ETA: 8:10 - loss: 1.0563 - acc: 0.4484
376/418 [=========================>....] - ETA: 6:51 - loss: 1.0553 - acc: 0.4495
384/418 [==========================>...] - ETA: 5:33 - loss: 1.0534 - acc: 0.4453
392/418 [===========================>..] - ETA: 4:14 - loss: 1.0552 - acc: 0.4413
400/418 [===========================>..] - ETA: 2:56 - loss: 1.0526 - acc: 0.4375
408/418 [============================>.] - ETA: 1:38 - loss: 1.0525 - acc: 0.4338
416/418 [============================>.] - ETA: 19s - loss: 1.0516 - acc: 0.4351 
418/418 [==============================] - 4337s 10s/step - loss: 1.0509 - acc: 0.4354 - val_loss: 0.9534 - val_acc: 0.3714
Epoch 2/10

  8/418 [..............................] - ETA: 1:06:34 - loss: 1.0162 - acc: 0.5000
 16/418 [>.............................] - ETA: 1:05:26 - loss: 0.9516 - acc: 0.4375
 24/418 [>.............................] - ETA: 1:04:17 - loss: 0.9583 - acc: 0.5417
 32/418 [=>............................] - ETA: 1:02:54 - loss: 1.0048 - acc: 0.4688
 40/418 [=>............................] - ETA: 1:01:37 - loss: 1.0510 - acc: 0.4500
 48/418 [==>...........................] - ETA: 1:00:21 - loss: 1.0214 - acc: 0.4583
 56/418 [===>..........................] - ETA: 59:04 - loss: 1.0163 - acc: 0.4464  
 64/418 [===>..........................] - ETA: 57:51 - loss: 1.0090 - acc: 0.4531
 72/418 [====>.........................] - ETA: 56:32 - loss: 1.0069 - acc: 0.4444
 80/418 [====>.........................] - ETA: 55:13 - loss: 1.0095 - acc: 0.4250
 88/418 [=====>........................] - ETA: 53:55 - loss: 0.9931 - acc: 0.4545
 96/418 [=====>........................] - ETA: 52:37 - loss: 0.9917 - acc: 0.4688
104/418 [======>.......................] - ETA: 51:18 - loss: 0.9896 - acc: 0.4808
112/418 [=======>......................] - ETA: 49:57 - loss: 0.9907 - acc: 0.4643
120/418 [=======>......................] - ETA: 48:39 - loss: 1.0000 - acc: 0.4667
128/418 [========>.....................] - ETA: 47:20 - loss: 1.0010 - acc: 0.4688
136/418 [========>.....................] - ETA: 46:03 - loss: 0.9993 - acc: 0.4779
144/418 [=========>....................] - ETA: 44:43 - loss: 0.9977 - acc: 0.4722
152/418 [=========>....................] - ETA: 43:25 - loss: 0.9886 - acc: 0.4803
160/418 [==========>...................] - ETA: 42:08 - loss: 1.0142 - acc: 0.4813
168/418 [===========>..................] - ETA: 40:49 - loss: 1.0131 - acc: 0.4702
176/418 [===========>..................] - ETA: 39:31 - loss: 1.0246 - acc: 0.4659
184/418 [============>.................] - ETA: 38:13 - loss: 1.0279 - acc: 0.4674
192/418 [============>.................] - ETA: 36:54 - loss: 1.0318 - acc: 0.4635
200/418 [=============>................] - ETA: 35:37 - loss: 1.0259 - acc: 0.4700
208/418 [=============>................] - ETA: 34:19 - loss: 1.0206 - acc: 0.4760
216/418 [==============>...............] - ETA: 32:59 - loss: 1.0163 - acc: 0.4861
224/418 [===============>..............] - ETA: 31:41 - loss: 1.0154 - acc: 0.4866
232/418 [===============>..............] - ETA: 30:22 - loss: 1.0142 - acc: 0.4957
240/418 [================>.............] - ETA: 29:03 - loss: 1.0162 - acc: 0.4958
248/418 [================>.............] - ETA: 27:45 - loss: 1.0155 - acc: 0.4960
256/418 [=================>............] - ETA: 26:26 - loss: 1.0118 - acc: 0.5000
264/418 [=================>............] - ETA: 25:08 - loss: 1.0100 - acc: 0.5000
272/418 [==================>...........] - ETA: 23:50 - loss: 1.0121 - acc: 0.4926
280/418 [===================>..........] - ETA: 22:31 - loss: 1.0129 - acc: 0.4857
288/418 [===================>..........] - ETA: 21:13 - loss: 1.0105 - acc: 0.4861
296/418 [====================>.........] - ETA: 19:54 - loss: 1.0072 - acc: 0.4865
304/418 [====================>.........] - ETA: 18:36 - loss: 1.0096 - acc: 0.4901
312/418 [=====================>........] - ETA: 17:18 - loss: 1.0091 - acc: 0.4936
320/418 [=====================>........] - ETA: 15:59 - loss: 1.0117 - acc: 0.4938
328/418 [======================>.......] - ETA: 14:41 - loss: 1.0107 - acc: 0.4970
336/418 [=======================>......] - ETA: 13:22 - loss: 1.0133 - acc: 0.4911
344/418 [=======================>......] - ETA: 12:04 - loss: 1.0126 - acc: 0.4884
352/418 [========================>.....] - ETA: 10:46 - loss: 1.0086 - acc: 0.4915
360/418 [========================>.....] - ETA: 9:27 - loss: 1.0096 - acc: 0.4833 
368/418 [=========================>....] - ETA: 8:09 - loss: 1.0084 - acc: 0.4891
376/418 [=========================>....] - ETA: 6:51 - loss: 1.0050 - acc: 0.4894
384/418 [==========================>...] - ETA: 5:32 - loss: 1.0012 - acc: 0.4948
392/418 [===========================>..] - ETA: 4:14 - loss: 1.0006 - acc: 0.4974
400/418 [===========================>..] - ETA: 2:56 - loss: 1.0008 - acc: 0.4925
408/418 [============================>.] - ETA: 1:37 - loss: 0.9965 - acc: 0.4951
416/418 [============================>.] - ETA: 19s - loss: 0.9953 - acc: 0.4976 
418/418 [==============================] - 4329s 10s/step - loss: 1.0020 - acc: 0.4952 - val_loss: 0.8957 - val_acc: 0.5524
Epoch 3/10

  8/418 [..............................] - ETA: 1:06:49 - loss: 1.1291 - acc: 0.3750
 16/418 [>.............................] - ETA: 1:05:32 - loss: 1.0473 - acc: 0.5625
 24/418 [>.............................] - ETA: 1:04:18 - loss: 1.0268 - acc: 0.5417
 32/418 [=>............................] - ETA: 1:02:56 - loss: 1.0460 - acc: 0.5000
 40/418 [=>............................] - ETA: 1:01:39 - loss: 1.0516 - acc: 0.4750
 48/418 [==>...........................] - ETA: 1:00:21 - loss: 1.0352 - acc: 0.5000
 56/418 [===>..........................] - ETA: 59:06 - loss: 1.0121 - acc: 0.5000  
 64/418 [===>..........................] - ETA: 57:49 - loss: 0.9909 - acc: 0.5156
 72/418 [====>.........................] - ETA: 56:33 - loss: 0.9850 - acc: 0.5278
 80/418 [====>.........................] - ETA: 55:12 - loss: 0.9833 - acc: 0.5250
 88/418 [=====>........................] - ETA: 53:54 - loss: 0.9924 - acc: 0.5114
 96/418 [=====>........................] - ETA: 52:35 - loss: 1.0020 - acc: 0.5104
104/418 [======>.......................] - ETA: 51:21 - loss: 1.0125 - acc: 0.5000
112/418 [=======>......................] - ETA: 50:01 - loss: 1.0124 - acc: 0.4911
120/418 [=======>......................] - ETA: 48:43 - loss: 1.0071 - acc: 0.5083
128/418 [========>.....................] - ETA: 47:23 - loss: 1.0053 - acc: 0.5000
136/418 [========>.....................] - ETA: 46:05 - loss: 1.0024 - acc: 0.5074
144/418 [=========>....................] - ETA: 44:46 - loss: 0.9997 - acc: 0.5000
152/418 [=========>....................] - ETA: 43:28 - loss: 1.0040 - acc: 0.4934
160/418 [==========>...................] - ETA: 42:11 - loss: 1.0018 - acc: 0.4875
168/418 [===========>..................] - ETA: 40:51 - loss: 0.9966 - acc: 0.4881
176/418 [===========>..................] - ETA: 39:33 - loss: 0.9985 - acc: 0.4830
184/418 [============>.................] - ETA: 38:14 - loss: 0.9920 - acc: 0.4891
192/418 [============>.................] - ETA: 36:54 - loss: 0.9933 - acc: 0.4844
200/418 [=============>................] - ETA: 35:36 - loss: 0.9965 - acc: 0.4800
208/418 [=============>................] - ETA: 34:18 - loss: 0.9965 - acc: 0.4760
216/418 [==============>...............] - ETA: 33:00 - loss: 0.9912 - acc: 0.4769
224/418 [===============>..............] - ETA: 31:42 - loss: 0.9972 - acc: 0.4732
232/418 [===============>..............] - ETA: 30:24 - loss: 0.9941 - acc: 0.4741
240/418 [================>.............] - ETA: 29:05 - loss: 0.9892 - acc: 0.4708
248/418 [================>.............] - ETA: 27:46 - loss: 0.9827 - acc: 0.4758
256/418 [=================>............] - ETA: 26:28 - loss: 0.9816 - acc: 0.4766
264/418 [=================>............] - ETA: 25:10 - loss: 0.9817 - acc: 0.4773
272/418 [==================>...........] - ETA: 23:51 - loss: 0.9748 - acc: 0.4890
280/418 [===================>..........] - ETA: 22:32 - loss: 0.9704 - acc: 0.4929
288/418 [===================>..........] - ETA: 21:14 - loss: 0.9665 - acc: 0.4931
296/418 [====================>.........] - ETA: 19:56 - loss: 0.9691 - acc: 0.4865
304/418 [====================>.........] - ETA: 18:38 - loss: 0.9692 - acc: 0.4901
312/418 [=====================>........] - ETA: 17:19 - loss: 0.9754 - acc: 0.4904
320/418 [=====================>........] - ETA: 16:00 - loss: 0.9759 - acc: 0.4906
328/418 [======================>.......] - ETA: 14:42 - loss: 0.9699 - acc: 0.4970
336/418 [=======================>......] - ETA: 13:23 - loss: 0.9701 - acc: 0.5030
344/418 [=======================>......] - ETA: 12:05 - loss: 0.9712 - acc: 0.4971
352/418 [========================>.....] - ETA: 10:46 - loss: 0.9767 - acc: 0.5000
360/418 [========================>.....] - ETA: 9:28 - loss: 0.9722 - acc: 0.5000 
368/418 [=========================>....] - ETA: 8:09 - loss: 0.9738 - acc: 0.4973
376/418 [=========================>....] - ETA: 6:51 - loss: 0.9755 - acc: 0.4947
384/418 [==========================>...] - ETA: 5:33 - loss: 0.9810 - acc: 0.4922
392/418 [===========================>..] - ETA: 4:14 - loss: 0.9790 - acc: 0.5000
400/418 [===========================>..] - ETA: 2:56 - loss: 0.9878 - acc: 0.4950
408/418 [============================>.] - ETA: 1:38 - loss: 0.9890 - acc: 0.4926
416/418 [============================>.] - ETA: 19s - loss: 0.9996 - acc: 0.4880 
418/418 [==============================] - 4331s 10s/step - loss: 0.9989 - acc: 0.4880 - val_loss: 0.9223 - val_acc: 0.5333
Epoch 4/10

  8/418 [..............................] - ETA: 1:06:56 - loss: 0.8392 - acc: 0.7500
 16/418 [>.............................] - ETA: 1:05:48 - loss: 0.8955 - acc: 0.6250
 24/418 [>.............................] - ETA: 1:04:42 - loss: 0.8746 - acc: 0.6250
 32/418 [=>............................] - ETA: 1:03:19 - loss: 0.9575 - acc: 0.5625
 40/418 [=>............................] - ETA: 1:01:54 - loss: 0.9565 - acc: 0.4500
 48/418 [==>...........................] - ETA: 1:00:34 - loss: 0.9927 - acc: 0.4375
 56/418 [===>..........................] - ETA: 59:15 - loss: 0.9700 - acc: 0.4821  
 64/418 [===>..........................] - ETA: 57:56 - loss: 0.9779 - acc: 0.4531
 72/418 [====>.........................] - ETA: 56:35 - loss: 0.9921 - acc: 0.4722
 80/418 [====>.........................] - ETA: 55:18 - loss: 0.9828 - acc: 0.4875
 88/418 [=====>........................] - ETA: 54:01 - loss: 0.9758 - acc: 0.4773
 96/418 [=====>........................] - ETA: 52:42 - loss: 0.9781 - acc: 0.4688
104/418 [======>.......................] - ETA: 51:22 - loss: 0.9760 - acc: 0.4712
112/418 [=======>......................] - ETA: 50:02 - loss: 0.9704 - acc: 0.4732
120/418 [=======>......................] - ETA: 48:42 - loss: 0.9649 - acc: 0.4833
128/418 [========>.....................] - ETA: 47:22 - loss: 0.9668 - acc: 0.4844
136/418 [========>.....................] - ETA: 46:05 - loss: 0.9768 - acc: 0.4706
144/418 [=========>....................] - ETA: 44:45 - loss: 0.9782 - acc: 0.4722
152/418 [=========>....................] - ETA: 43:26 - loss: 0.9718 - acc: 0.4803
160/418 [==========>...................] - ETA: 42:07 - loss: 0.9642 - acc: 0.4875
168/418 [===========>..................] - ETA: 40:48 - loss: 0.9569 - acc: 0.5000
176/418 [===========>..................] - ETA: 39:30 - loss: 0.9538 - acc: 0.5114
184/418 [============>.................] - ETA: 38:10 - loss: 0.9567 - acc: 0.5109
192/418 [============>.................] - ETA: 36:52 - loss: 0.9760 - acc: 0.5104
200/418 [=============>................] - ETA: 35:34 - loss: 0.9757 - acc: 0.4950
208/418 [=============>................] - ETA: 34:16 - loss: 0.9779 - acc: 0.5048
216/418 [==============>...............] - ETA: 32:58 - loss: 0.9754 - acc: 0.5139
224/418 [===============>..............] - ETA: 31:39 - loss: 0.9763 - acc: 0.5134
232/418 [===============>..............] - ETA: 30:22 - loss: 0.9807 - acc: 0.5129
240/418 [================>.............] - ETA: 29:04 - loss: 0.9864 - acc: 0.5083
248/418 [================>.............] - ETA: 27:46 - loss: 0.9813 - acc: 0.5121
256/418 [=================>............] - ETA: 26:27 - loss: 0.9837 - acc: 0.5000
264/418 [=================>............] - ETA: 25:09 - loss: 0.9832 - acc: 0.5038
272/418 [==================>...........] - ETA: 23:50 - loss: 0.9820 - acc: 0.5110
280/418 [===================>..........] - ETA: 22:32 - loss: 0.9802 - acc: 0.5107
288/418 [===================>..........] - ETA: 21:14 - loss: 0.9759 - acc: 0.5174
296/418 [====================>.........] - ETA: 19:55 - loss: 0.9751 - acc: 0.5203
304/418 [====================>.........] - ETA: 18:37 - loss: 0.9719 - acc: 0.5263
312/418 [=====================>........] - ETA: 17:18 - loss: 0.9689 - acc: 0.5256
320/418 [=====================>........] - ETA: 16:00 - loss: 0.9726 - acc: 0.5219
328/418 [======================>.......] - ETA: 14:42 - loss: 0.9735 - acc: 0.5213
336/418 [=======================>......] - ETA: 13:23 - loss: 0.9859 - acc: 0.5149
344/418 [=======================>......] - ETA: 12:05 - loss: 0.9848 - acc: 0.5145
352/418 [========================>.....] - ETA: 10:46 - loss: 0.9792 - acc: 0.5199
360/418 [========================>.....] - ETA: 9:28 - loss: 0.9820 - acc: 0.5222 
368/418 [=========================>....] - ETA: 8:09 - loss: 0.9895 - acc: 0.5163
376/418 [=========================>....] - ETA: 6:51 - loss: 0.9853 - acc: 0.5213
384/418 [==========================>...] - ETA: 5:33 - loss: 0.9883 - acc: 0.5208
392/418 [===========================>..] - ETA: 4:14 - loss: 0.9868 - acc: 0.5153
400/418 [===========================>..] - ETA: 2:56 - loss: 0.9889 - acc: 0.5125
408/418 [============================>.] - ETA: 1:37 - loss: 0.9890 - acc: 0.5098
416/418 [============================>.] - ETA: 19s - loss: 0.9917 - acc: 0.5048 
418/418 [==============================] - 4332s 10s/step - loss: 0.9904 - acc: 0.5072 - val_loss: 0.8914 - val_acc: 0.5524
Epoch 5/10

  8/418 [..............................] - ETA: 1:06:54 - loss: 0.9743 - acc: 0.5000
 16/418 [>.............................] - ETA: 1:05:33 - loss: 1.0032 - acc: 0.5000
 24/418 [>.............................] - ETA: 1:04:23 - loss: 0.9677 - acc: 0.5833
 32/418 [=>............................] - ETA: 1:02:53 - loss: 1.0455 - acc: 0.4688
 40/418 [=>............................] - ETA: 1:01:29 - loss: 0.9899 - acc: 0.5000
 48/418 [==>...........................] - ETA: 1:00:18 - loss: 0.9982 - acc: 0.4583
 56/418 [===>..........................] - ETA: 59:02 - loss: 0.9837 - acc: 0.4821  
 64/418 [===>..........................] - ETA: 57:43 - loss: 0.9787 - acc: 0.5000
 72/418 [====>.........................] - ETA: 56:22 - loss: 1.0088 - acc: 0.4722
 80/418 [====>.........................] - ETA: 55:05 - loss: 0.9928 - acc: 0.4750
 88/418 [=====>........................] - ETA: 53:49 - loss: 1.0028 - acc: 0.4886
 96/418 [=====>........................] - ETA: 52:31 - loss: 1.0007 - acc: 0.4896
104/418 [======>.......................] - ETA: 51:15 - loss: 0.9980 - acc: 0.4904
112/418 [=======>......................] - ETA: 49:59 - loss: 0.9896 - acc: 0.5000
120/418 [=======>......................] - ETA: 48:41 - loss: 0.9903 - acc: 0.5000
128/418 [========>.....................] - ETA: 47:20 - loss: 0.9789 - acc: 0.5078
136/418 [========>.....................] - ETA: 46:02 - loss: 0.9792 - acc: 0.5000
144/418 [=========>....................] - ETA: 44:43 - loss: 0.9734 - acc: 0.5000
152/418 [=========>....................] - ETA: 43:25 - loss: 0.9890 - acc: 0.4868
160/418 [==========>...................] - ETA: 42:06 - loss: 0.9912 - acc: 0.4938
168/418 [===========>..................] - ETA: 40:47 - loss: 0.9927 - acc: 0.4881
176/418 [===========>..................] - ETA: 39:28 - loss: 1.0028 - acc: 0.4830
184/418 [============>.................] - ETA: 38:09 - loss: 0.9974 - acc: 0.4728
192/418 [============>.................] - ETA: 36:51 - loss: 1.0020 - acc: 0.4635
200/418 [=============>................] - ETA: 35:33 - loss: 1.0180 - acc: 0.4550
208/418 [=============>................] - ETA: 34:16 - loss: 1.0236 - acc: 0.4471
216/418 [==============>...............] - ETA: 32:57 - loss: 1.0275 - acc: 0.4444
224/418 [===============>..............] - ETA: 31:39 - loss: 1.0279 - acc: 0.4509
232/418 [===============>..............] - ETA: 30:20 - loss: 1.0305 - acc: 0.4526
240/418 [================>.............] - ETA: 29:02 - loss: 1.0250 - acc: 0.4583
248/418 [================>.............] - ETA: 27:43 - loss: 1.0233 - acc: 0.4637
256/418 [=================>............] - ETA: 26:25 - loss: 1.0252 - acc: 0.4609
264/418 [=================>............] - ETA: 25:07 - loss: 1.0205 - acc: 0.4659
272/418 [==================>...........] - ETA: 23:49 - loss: 1.0178 - acc: 0.4743
280/418 [===================>..........] - ETA: 22:31 - loss: 1.0120 - acc: 0.4857
288/418 [===================>..........] - ETA: 21:12 - loss: 1.0087 - acc: 0.4896
296/418 [====================>.........] - ETA: 19:53 - loss: 1.0052 - acc: 0.4932
304/418 [====================>.........] - ETA: 18:35 - loss: 1.0009 - acc: 0.5000
312/418 [=====================>........] - ETA: 17:17 - loss: 1.0015 - acc: 0.5032
320/418 [=====================>........] - ETA: 15:59 - loss: 0.9991 - acc: 0.5000
328/418 [======================>.......] - ETA: 14:40 - loss: 0.9945 - acc: 0.5061
336/418 [=======================>......] - ETA: 13:22 - loss: 0.9936 - acc: 0.5030
344/418 [=======================>......] - ETA: 12:04 - loss: 0.9901 - acc: 0.5000
352/418 [========================>.....] - ETA: 10:45 - loss: 0.9866 - acc: 0.5028
360/418 [========================>.....] - ETA: 9:27 - loss: 0.9828 - acc: 0.5056 
368/418 [=========================>....] - ETA: 8:09 - loss: 0.9797 - acc: 0.5054
376/418 [=========================>....] - ETA: 6:50 - loss: 0.9811 - acc: 0.5027
384/418 [==========================>...] - ETA: 5:32 - loss: 0.9792 - acc: 0.5000
392/418 [===========================>..] - ETA: 4:14 - loss: 0.9870 - acc: 0.4923
400/418 [===========================>..] - ETA: 2:56 - loss: 0.9871 - acc: 0.4900
408/418 [============================>.] - ETA: 1:37 - loss: 0.9824 - acc: 0.4926
416/418 [============================>.] - ETA: 19s - loss: 0.9884 - acc: 0.4952 
418/418 [==============================] - 4326s 10s/step - loss: 0.9871 - acc: 0.4976 - val_loss: 0.8927 - val_acc: 0.5429
Epoch 6/10

  8/418 [..............................] - ETA: 1:07:18 - loss: 1.0919 - acc: 0.5000
 16/418 [>.............................] - ETA: 1:05:49 - loss: 1.0831 - acc: 0.5625
 24/418 [>.............................] - ETA: 1:04:23 - loss: 0.9896 - acc: 0.5417
 32/418 [=>............................] - ETA: 1:02:56 - loss: 0.9695 - acc: 0.5000
 40/418 [=>............................] - ETA: 1:01:30 - loss: 0.9255 - acc: 0.5250
 48/418 [==>...........................] - ETA: 1:00:15 - loss: 0.8930 - acc: 0.5625
 56/418 [===>..........................] - ETA: 58:54 - loss: 0.9246 - acc: 0.5714  
 64/418 [===>..........................] - ETA: 57:35 - loss: 0.9212 - acc: 0.5781
 72/418 [====>.........................] - ETA: 56:22 - loss: 0.9404 - acc: 0.5417
 80/418 [====>.........................] - ETA: 55:01 - loss: 0.9447 - acc: 0.5625
 88/418 [=====>........................] - ETA: 53:41 - loss: 0.9221 - acc: 0.5795
 96/418 [=====>........................] - ETA: 52:22 - loss: 0.9465 - acc: 0.5833
104/418 [======>.......................] - ETA: 51:03 - loss: 0.9524 - acc: 0.5577
112/418 [=======>......................] - ETA: 49:46 - loss: 0.9473 - acc: 0.5625
120/418 [=======>......................] - ETA: 48:29 - loss: 0.9402 - acc: 0.5667
128/418 [========>.....................] - ETA: 47:10 - loss: 0.9463 - acc: 0.5547
136/418 [========>.....................] - ETA: 45:54 - loss: 0.9506 - acc: 0.5515
144/418 [=========>....................] - ETA: 44:37 - loss: 0.9505 - acc: 0.5486
152/418 [=========>....................] - ETA: 43:17 - loss: 0.9475 - acc: 0.5592
160/418 [==========>...................] - ETA: 42:00 - loss: 0.9388 - acc: 0.5687
168/418 [===========>..................] - ETA: 40:42 - loss: 0.9287 - acc: 0.5774
176/418 [===========>..................] - ETA: 39:24 - loss: 0.9482 - acc: 0.5625
184/418 [============>.................] - ETA: 38:06 - loss: 0.9432 - acc: 0.5707
192/418 [============>.................] - ETA: 36:48 - loss: 0.9453 - acc: 0.5729
200/418 [=============>................] - ETA: 35:30 - loss: 0.9591 - acc: 0.5650
208/418 [=============>................] - ETA: 34:13 - loss: 0.9597 - acc: 0.5673
216/418 [==============>...............] - ETA: 32:55 - loss: 0.9715 - acc: 0.5463
224/418 [===============>..............] - ETA: 31:37 - loss: 0.9705 - acc: 0.5491
232/418 [===============>..............] - ETA: 30:19 - loss: 0.9654 - acc: 0.5517
240/418 [================>.............] - ETA: 29:01 - loss: 0.9761 - acc: 0.5458
248/418 [================>.............] - ETA: 27:43 - loss: 0.9840 - acc: 0.5323
256/418 [=================>............] - ETA: 26:25 - loss: 0.9806 - acc: 0.5352
264/418 [=================>............] - ETA: 25:07 - loss: 0.9813 - acc: 0.5341
272/418 [==================>...........] - ETA: 23:49 - loss: 0.9821 - acc: 0.5294
280/418 [===================>..........] - ETA: 22:30 - loss: 0.9912 - acc: 0.5214
288/418 [===================>..........] - ETA: 21:12 - loss: 0.9959 - acc: 0.5174
296/418 [====================>.........] - ETA: 19:54 - loss: 0.9944 - acc: 0.5169
304/418 [====================>.........] - ETA: 18:35 - loss: 0.9933 - acc: 0.5164
312/418 [=====================>........] - ETA: 17:17 - loss: 0.9895 - acc: 0.5160
320/418 [=====================>........] - ETA: 15:58 - loss: 0.9852 - acc: 0.5156
328/418 [======================>.......] - ETA: 14:40 - loss: 0.9845 - acc: 0.5183
336/418 [=======================>......] - ETA: 13:22 - loss: 0.9858 - acc: 0.5149
344/418 [=======================>......] - ETA: 12:04 - loss: 0.9851 - acc: 0.5203
352/418 [========================>.....] - ETA: 10:45 - loss: 0.9811 - acc: 0.5256
360/418 [========================>.....] - ETA: 9:27 - loss: 0.9803 - acc: 0.5222 
368/418 [=========================>....] - ETA: 8:09 - loss: 0.9761 - acc: 0.5272
376/418 [=========================>....] - ETA: 6:50 - loss: 0.9871 - acc: 0.5160
384/418 [==========================>...] - ETA: 5:32 - loss: 0.9838 - acc: 0.5156
392/418 [===========================>..] - ETA: 4:14 - loss: 0.9800 - acc: 0.5179
400/418 [===========================>..] - ETA: 2:56 - loss: 0.9750 - acc: 0.5225
408/418 [============================>.] - ETA: 1:37 - loss: 0.9745 - acc: 0.5245
416/418 [============================>.] - ETA: 19s - loss: 0.9760 - acc: 0.5264 
418/418 [==============================] - 4328s 10s/step - loss: 0.9753 - acc: 0.5263 - val_loss: 0.9227 - val_acc: 0.4095
Restoring model weights from the end of the best epoch
Epoch 00006: early stopping
Performance plot of fold 1:

 32/258 [==>...........................] - ETA: 2:17
 64/258 [======>.......................] - ETA: 1:55
 96/258 [==========>...................] - ETA: 1:36
128/258 [=============>................] - ETA: 1:19
160/258 [=================>............] - ETA: 58s 
192/258 [=====================>........] - ETA: 39s
224/258 [=========================>....] - ETA: 20s
256/258 [============================>.] - ETA: 1s 
258/258 [==============================] - 164s 635ms/step
[['f1score', 0.4586362505837663], ['precision', 0.42483929071768806], ['recall', 0.5], ['accuracy', 0.5]]
Fit fold 2  ==========================================================================
Train on 418 samples, validate on 105 samples
Epoch 1/10

  8/418 [..............................] - ETA: 1:07:18 - loss: 1.1041 - acc: 0.0000e+00
 16/418 [>.............................] - ETA: 1:06:32 - loss: 1.0949 - acc: 0.1875    
 24/418 [>.............................] - ETA: 1:04:30 - loss: 1.1069 - acc: 0.2500
 32/418 [=>............................] - ETA: 1:03:04 - loss: 1.0941 - acc: 0.3125
 40/418 [=>............................] - ETA: 1:01:47 - loss: 1.0770 - acc: 0.4000
 48/418 [==>...........................] - ETA: 1:00:21 - loss: 1.0787 - acc: 0.4167
 56/418 [===>..........................] - ETA: 59:04 - loss: 1.0794 - acc: 0.4286  
 64/418 [===>..........................] - ETA: 57:42 - loss: 1.0701 - acc: 0.4062
 72/418 [====>.........................] - ETA: 56:22 - loss: 1.0684 - acc: 0.4167
 80/418 [====>.........................] - ETA: 55:05 - loss: 1.0758 - acc: 0.4125
 88/418 [=====>........................] - ETA: 53:45 - loss: 1.0839 - acc: 0.3977
 96/418 [=====>........................] - ETA: 52:27 - loss: 1.0717 - acc: 0.4167
104/418 [======>.......................] - ETA: 51:10 - loss: 1.0575 - acc: 0.4327
112/418 [=======>......................] - ETA: 49:54 - loss: 1.0558 - acc: 0.4464
120/418 [=======>......................] - ETA: 48:35 - loss: 1.0550 - acc: 0.4500
128/418 [========>.....................] - ETA: 47:16 - loss: 1.0581 - acc: 0.4453
136/418 [========>.....................] - ETA: 46:00 - loss: 1.0746 - acc: 0.4191
144/418 [=========>....................] - ETA: 44:41 - loss: 1.0716 - acc: 0.4236
152/418 [=========>....................] - ETA: 43:21 - loss: 1.0611 - acc: 0.4211
160/418 [==========>...................] - ETA: 42:03 - loss: 1.0536 - acc: 0.4375
168/418 [===========>..................] - ETA: 40:44 - loss: 1.0493 - acc: 0.4405
176/418 [===========>..................] - ETA: 39:26 - loss: 1.0525 - acc: 0.4432
184/418 [============>.................] - ETA: 38:07 - loss: 1.0508 - acc: 0.4511
192/418 [============>.................] - ETA: 36:49 - loss: 1.0482 - acc: 0.4635
200/418 [=============>................] - ETA: 35:31 - loss: 1.0487 - acc: 0.4600
208/418 [=============>................] - ETA: 34:12 - loss: 1.0462 - acc: 0.4663
216/418 [==============>...............] - ETA: 32:55 - loss: 1.0528 - acc: 0.4630
224/418 [===============>..............] - ETA: 31:36 - loss: 1.0550 - acc: 0.4554
232/418 [===============>..............] - ETA: 30:18 - loss: 1.0494 - acc: 0.4526
240/418 [================>.............] - ETA: 29:00 - loss: 1.0405 - acc: 0.4625
248/418 [================>.............] - ETA: 27:42 - loss: 1.0351 - acc: 0.4677
256/418 [=================>............] - ETA: 26:24 - loss: 1.0280 - acc: 0.4805
264/418 [=================>............] - ETA: 25:06 - loss: 1.0244 - acc: 0.4811
272/418 [==================>...........] - ETA: 23:47 - loss: 1.0322 - acc: 0.4706
280/418 [===================>..........] - ETA: 22:30 - loss: 1.0365 - acc: 0.4643
288/418 [===================>..........] - ETA: 21:12 - loss: 1.0354 - acc: 0.4653
296/418 [====================>.........] - ETA: 19:53 - loss: 1.0322 - acc: 0.4730
304/418 [====================>.........] - ETA: 18:35 - loss: 1.0284 - acc: 0.4737
312/418 [=====================>........] - ETA: 17:17 - loss: 1.0242 - acc: 0.4744
320/418 [=====================>........] - ETA: 15:59 - loss: 1.0193 - acc: 0.4719
328/418 [======================>.......] - ETA: 14:41 - loss: 1.0149 - acc: 0.4695
336/418 [=======================>......] - ETA: 13:22 - loss: 1.0178 - acc: 0.4702
344/418 [=======================>......] - ETA: 12:04 - loss: 1.0121 - acc: 0.4709
352/418 [========================>.....] - ETA: 10:45 - loss: 1.0186 - acc: 0.4688
360/418 [========================>.....] - ETA: 9:27 - loss: 1.0186 - acc: 0.4722 
368/418 [=========================>....] - ETA: 8:09 - loss: 1.0184 - acc: 0.4728
376/418 [=========================>....] - ETA: 6:51 - loss: 1.0188 - acc: 0.4734
384/418 [==========================>...] - ETA: 5:32 - loss: 1.0209 - acc: 0.4766
392/418 [===========================>..] - ETA: 4:14 - loss: 1.0235 - acc: 0.4796
400/418 [===========================>..] - ETA: 2:56 - loss: 1.0214 - acc: 0.4800
408/418 [============================>.] - ETA: 1:37 - loss: 1.0151 - acc: 0.4853
416/418 [============================>.] - ETA: 19s - loss: 1.0154 - acc: 0.4832 
418/418 [==============================] - 4328s 10s/step - loss: 1.0164 - acc: 0.4833 - val_loss: 1.0409 - val_acc: 0.4000
Epoch 2/10

  8/418 [..............................] - ETA: 1:06:01 - loss: 0.6051 - acc: 1.0000
 16/418 [>.............................] - ETA: 1:05:12 - loss: 0.7509 - acc: 0.7500
 24/418 [>.............................] - ETA: 1:03:59 - loss: 0.8335 - acc: 0.7083
 32/418 [=>............................] - ETA: 1:02:49 - loss: 0.8741 - acc: 0.6875
 40/418 [=>............................] - ETA: 1:01:30 - loss: 0.9830 - acc: 0.5750
 48/418 [==>...........................] - ETA: 1:00:09 - loss: 0.9687 - acc: 0.5625
 56/418 [===>..........................] - ETA: 58:56 - loss: 0.9708 - acc: 0.5536  
 64/418 [===>..........................] - ETA: 57:41 - loss: 0.9689 - acc: 0.5625
 72/418 [====>.........................] - ETA: 56:26 - loss: 0.9685 - acc: 0.5556
 80/418 [====>.........................] - ETA: 55:10 - loss: 0.9954 - acc: 0.5250
 88/418 [=====>........................] - ETA: 53:52 - loss: 0.9973 - acc: 0.5114
 96/418 [=====>........................] - ETA: 52:33 - loss: 0.9915 - acc: 0.5104
104/418 [======>.......................] - ETA: 51:15 - loss: 1.0098 - acc: 0.4904
112/418 [=======>......................] - ETA: 49:57 - loss: 1.0006 - acc: 0.5089
120/418 [=======>......................] - ETA: 48:40 - loss: 1.0115 - acc: 0.4917
128/418 [========>.....................] - ETA: 47:22 - loss: 1.0056 - acc: 0.5078
136/418 [========>.....................] - ETA: 46:03 - loss: 0.9991 - acc: 0.5147
144/418 [=========>....................] - ETA: 44:45 - loss: 0.9982 - acc: 0.5208
152/418 [=========>....................] - ETA: 43:26 - loss: 1.0039 - acc: 0.5197
160/418 [==========>...................] - ETA: 42:07 - loss: 1.0068 - acc: 0.5125
168/418 [===========>..................] - ETA: 40:49 - loss: 1.0086 - acc: 0.5119
176/418 [===========>..................] - ETA: 39:30 - loss: 1.0070 - acc: 0.5114
184/418 [============>.................] - ETA: 38:11 - loss: 1.0094 - acc: 0.5054
192/418 [============>.................] - ETA: 36:54 - loss: 1.0098 - acc: 0.5052
200/418 [=============>................] - ETA: 35:36 - loss: 1.0033 - acc: 0.5150
208/418 [=============>................] - ETA: 34:17 - loss: 1.0022 - acc: 0.5096
216/418 [==============>...............] - ETA: 32:58 - loss: 0.9955 - acc: 0.5139
224/418 [===============>..............] - ETA: 31:40 - loss: 0.9939 - acc: 0.5089
232/418 [===============>..............] - ETA: 30:21 - loss: 0.9905 - acc: 0.5129
240/418 [================>.............] - ETA: 29:03 - loss: 0.9872 - acc: 0.5125
248/418 [================>.............] - ETA: 27:44 - loss: 0.9889 - acc: 0.5121
256/418 [=================>............] - ETA: 26:26 - loss: 0.9892 - acc: 0.5078
264/418 [=================>............] - ETA: 25:08 - loss: 0.9960 - acc: 0.5038
272/418 [==================>...........] - ETA: 23:49 - loss: 0.9904 - acc: 0.5074
280/418 [===================>..........] - ETA: 22:31 - loss: 0.9965 - acc: 0.5071
288/418 [===================>..........] - ETA: 21:13 - loss: 0.9958 - acc: 0.5104
296/418 [====================>.........] - ETA: 19:55 - loss: 0.9912 - acc: 0.5101
304/418 [====================>.........] - ETA: 18:36 - loss: 0.9911 - acc: 0.5066
312/418 [=====================>........] - ETA: 17:18 - loss: 0.9970 - acc: 0.5032
320/418 [=====================>........] - ETA: 15:59 - loss: 0.9995 - acc: 0.4969
328/418 [======================>.......] - ETA: 14:41 - loss: 0.9990 - acc: 0.4970
336/418 [=======================>......] - ETA: 13:22 - loss: 1.0014 - acc: 0.5000
344/418 [=======================>......] - ETA: 12:04 - loss: 0.9975 - acc: 0.4971
352/418 [========================>.....] - ETA: 10:46 - loss: 0.9925 - acc: 0.5000
360/418 [========================>.....] - ETA: 9:27 - loss: 0.9905 - acc: 0.5028 
368/418 [=========================>....] - ETA: 8:09 - loss: 0.9869 - acc: 0.5054
376/418 [=========================>....] - ETA: 6:51 - loss: 0.9864 - acc: 0.5080
384/418 [==========================>...] - ETA: 5:32 - loss: 0.9905 - acc: 0.5026
392/418 [===========================>..] - ETA: 4:14 - loss: 0.9918 - acc: 0.5000
400/418 [===========================>..] - ETA: 2:56 - loss: 0.9930 - acc: 0.4975
408/418 [============================>.] - ETA: 1:37 - loss: 0.9922 - acc: 0.5025
416/418 [============================>.] - ETA: 19s - loss: 0.9883 - acc: 0.5048 
418/418 [==============================] - 4325s 10s/step - loss: 0.9874 - acc: 0.5048 - val_loss: 0.9827 - val_acc: 0.4952
Epoch 3/10

  8/418 [..............................] - ETA: 1:06:32 - loss: 0.9915 - acc: 0.3750
 16/418 [>.............................] - ETA: 1:05:45 - loss: 1.0105 - acc: 0.3125
 24/418 [>.............................] - ETA: 1:04:23 - loss: 1.0684 - acc: 0.2083
 32/418 [=>............................] - ETA: 1:02:59 - loss: 0.9953 - acc: 0.3750
 40/418 [=>............................] - ETA: 1:01:38 - loss: 0.9567 - acc: 0.4500
 48/418 [==>...........................] - ETA: 1:00:24 - loss: 0.9692 - acc: 0.4167
 56/418 [===>..........................] - ETA: 59:07 - loss: 0.9334 - acc: 0.4464  
 64/418 [===>..........................] - ETA: 57:50 - loss: 0.9707 - acc: 0.4219
 72/418 [====>.........................] - ETA: 56:31 - loss: 0.9994 - acc: 0.4167
 80/418 [====>.........................] - ETA: 55:13 - loss: 1.0049 - acc: 0.4250
 88/418 [=====>........................] - ETA: 53:54 - loss: 1.0063 - acc: 0.4205
 96/418 [=====>........................] - ETA: 52:35 - loss: 0.9927 - acc: 0.4167
104/418 [======>.......................] - ETA: 51:16 - loss: 1.0010 - acc: 0.4135
112/418 [=======>......................] - ETA: 49:59 - loss: 0.9839 - acc: 0.4464
120/418 [=======>......................] - ETA: 48:40 - loss: 0.9933 - acc: 0.4500
128/418 [========>.....................] - ETA: 47:23 - loss: 1.0043 - acc: 0.4453
136/418 [========>.....................] - ETA: 46:05 - loss: 0.9944 - acc: 0.4559
144/418 [=========>....................] - ETA: 44:46 - loss: 1.0034 - acc: 0.4583
152/418 [=========>....................] - ETA: 43:27 - loss: 0.9940 - acc: 0.4671
160/418 [==========>...................] - ETA: 42:09 - loss: 0.9849 - acc: 0.4750
168/418 [===========>..................] - ETA: 40:51 - loss: 0.9857 - acc: 0.4643
176/418 [===========>..................] - ETA: 39:32 - loss: 0.9871 - acc: 0.4602
184/418 [============>.................] - ETA: 38:14 - loss: 0.9800 - acc: 0.4620
192/418 [============>.................] - ETA: 36:54 - loss: 0.9737 - acc: 0.4688
200/418 [=============>................] - ETA: 35:36 - loss: 0.9730 - acc: 0.4750
208/418 [=============>................] - ETA: 34:17 - loss: 0.9682 - acc: 0.4663
216/418 [==============>...............] - ETA: 32:58 - loss: 0.9799 - acc: 0.4537
224/418 [===============>..............] - ETA: 31:40 - loss: 0.9829 - acc: 0.4464
232/418 [===============>..............] - ETA: 30:22 - loss: 0.9822 - acc: 0.4526
240/418 [================>.............] - ETA: 29:04 - loss: 0.9818 - acc: 0.4583
248/418 [================>.............] - ETA: 27:45 - loss: 0.9798 - acc: 0.4597
256/418 [=================>............] - ETA: 26:27 - loss: 0.9757 - acc: 0.4648
264/418 [=================>............] - ETA: 25:09 - loss: 0.9824 - acc: 0.4621
272/418 [==================>...........] - ETA: 23:50 - loss: 0.9801 - acc: 0.4669
280/418 [===================>..........] - ETA: 22:31 - loss: 0.9779 - acc: 0.4607
288/418 [===================>..........] - ETA: 21:13 - loss: 0.9808 - acc: 0.4618
296/418 [====================>.........] - ETA: 19:55 - loss: 0.9831 - acc: 0.4628
304/418 [====================>.........] - ETA: 18:36 - loss: 0.9829 - acc: 0.4671
312/418 [=====================>........] - ETA: 17:17 - loss: 0.9811 - acc: 0.4712
320/418 [=====================>........] - ETA: 15:59 - loss: 0.9796 - acc: 0.4781
328/418 [======================>.......] - ETA: 14:41 - loss: 0.9795 - acc: 0.4787
336/418 [=======================>......] - ETA: 13:22 - loss: 0.9815 - acc: 0.4732
344/418 [=======================>......] - ETA: 12:04 - loss: 0.9797 - acc: 0.4709
352/418 [========================>.....] - ETA: 10:45 - loss: 0.9751 - acc: 0.4744
360/418 [========================>.....] - ETA: 9:27 - loss: 0.9719 - acc: 0.4778 
368/418 [=========================>....] - ETA: 8:09 - loss: 0.9715 - acc: 0.4810
376/418 [=========================>....] - ETA: 6:50 - loss: 0.9712 - acc: 0.4814
384/418 [==========================>...] - ETA: 5:32 - loss: 0.9675 - acc: 0.4844
392/418 [===========================>..] - ETA: 4:14 - loss: 0.9689 - acc: 0.4847
400/418 [===========================>..] - ETA: 2:56 - loss: 0.9690 - acc: 0.4875
408/418 [============================>.] - ETA: 1:37 - loss: 0.9658 - acc: 0.4877
416/418 [============================>.] - ETA: 19s - loss: 0.9676 - acc: 0.4880 
418/418 [==============================] - 4325s 10s/step - loss: 0.9673 - acc: 0.4880 - val_loss: 1.0248 - val_acc: 0.4000
Epoch 4/10

  8/418 [..............................] - ETA: 1:05:25 - loss: 1.1251 - acc: 0.5000
 16/418 [>.............................] - ETA: 1:04:48 - loss: 1.0520 - acc: 0.4375
 24/418 [>.............................] - ETA: 1:03:37 - loss: 0.9674 - acc: 0.4583
 32/418 [=>............................] - ETA: 1:02:41 - loss: 0.9707 - acc: 0.4375
 40/418 [=>............................] - ETA: 1:01:21 - loss: 0.9707 - acc: 0.4250
 48/418 [==>...........................] - ETA: 1:00:09 - loss: 0.9292 - acc: 0.4792
 56/418 [===>..........................] - ETA: 58:54 - loss: 0.9177 - acc: 0.4821  
 64/418 [===>..........................] - ETA: 57:38 - loss: 0.9015 - acc: 0.5000
 72/418 [====>.........................] - ETA: 56:21 - loss: 0.8860 - acc: 0.5000
 80/418 [====>.........................] - ETA: 55:05 - loss: 0.8971 - acc: 0.5000
 88/418 [=====>........................] - ETA: 53:47 - loss: 0.8997 - acc: 0.5000
 96/418 [=====>........................] - ETA: 52:30 - loss: 0.9028 - acc: 0.5000
104/418 [======>.......................] - ETA: 51:13 - loss: 0.8897 - acc: 0.5192
112/418 [=======>......................] - ETA: 49:53 - loss: 0.9015 - acc: 0.5000
120/418 [=======>......................] - ETA: 48:35 - loss: 0.8915 - acc: 0.5167
128/418 [========>.....................] - ETA: 47:16 - loss: 0.8961 - acc: 0.5234
136/418 [========>.....................] - ETA: 45:59 - loss: 0.8905 - acc: 0.5221
144/418 [=========>....................] - ETA: 44:41 - loss: 0.8873 - acc: 0.5278
152/418 [=========>....................] - ETA: 43:22 - loss: 0.8819 - acc: 0.5263
160/418 [==========>...................] - ETA: 42:04 - loss: 0.8949 - acc: 0.5250
168/418 [===========>..................] - ETA: 40:44 - loss: 0.9133 - acc: 0.5179
176/418 [===========>..................] - ETA: 39:27 - loss: 0.9103 - acc: 0.5170
184/418 [============>.................] - ETA: 38:09 - loss: 0.9029 - acc: 0.5217
192/418 [============>.................] - ETA: 36:51 - loss: 0.9229 - acc: 0.5208
200/418 [=============>................] - ETA: 35:33 - loss: 0.9305 - acc: 0.5200
208/418 [=============>................] - ETA: 34:15 - loss: 0.9291 - acc: 0.5192
216/418 [==============>...............] - ETA: 32:56 - loss: 0.9277 - acc: 0.5046
224/418 [===============>..............] - ETA: 31:37 - loss: 0.9379 - acc: 0.5000
232/418 [===============>..............] - ETA: 30:19 - loss: 0.9478 - acc: 0.5086
240/418 [================>.............] - ETA: 29:01 - loss: 0.9480 - acc: 0.5042
248/418 [================>.............] - ETA: 27:43 - loss: 0.9606 - acc: 0.5000
256/418 [=================>............] - ETA: 26:25 - loss: 0.9710 - acc: 0.4961
264/418 [=================>............] - ETA: 25:07 - loss: 0.9660 - acc: 0.4962
272/418 [==================>...........] - ETA: 23:48 - loss: 0.9655 - acc: 0.4926
280/418 [===================>..........] - ETA: 22:30 - loss: 0.9691 - acc: 0.4893
288/418 [===================>..........] - ETA: 21:11 - loss: 0.9693 - acc: 0.4861
296/418 [====================>.........] - ETA: 19:53 - loss: 0.9694 - acc: 0.4797
304/418 [====================>.........] - ETA: 18:35 - loss: 0.9757 - acc: 0.4770
312/418 [=====================>........] - ETA: 17:16 - loss: 0.9751 - acc: 0.4808
320/418 [=====================>........] - ETA: 15:58 - loss: 0.9726 - acc: 0.4906
328/418 [======================>.......] - ETA: 14:40 - loss: 0.9723 - acc: 0.4878
336/418 [=======================>......] - ETA: 13:21 - loss: 0.9717 - acc: 0.4881
344/418 [=======================>......] - ETA: 12:03 - loss: 0.9690 - acc: 0.4913
352/418 [========================>.....] - ETA: 10:45 - loss: 0.9665 - acc: 0.4972
360/418 [========================>.....] - ETA: 9:27 - loss: 0.9642 - acc: 0.5056 
368/418 [=========================>....] - ETA: 8:09 - loss: 0.9667 - acc: 0.5054
376/418 [=========================>....] - ETA: 6:51 - loss: 0.9717 - acc: 0.5027
384/418 [==========================>...] - ETA: 5:32 - loss: 0.9685 - acc: 0.5052
392/418 [===========================>..] - ETA: 4:14 - loss: 0.9663 - acc: 0.5026
400/418 [===========================>..] - ETA: 2:56 - loss: 0.9649 - acc: 0.5025
408/418 [============================>.] - ETA: 1:37 - loss: 0.9684 - acc: 0.4975
416/418 [============================>.] - ETA: 19s - loss: 0.9677 - acc: 0.5024 
418/418 [==============================] - 4327s 10s/step - loss: 0.9686 - acc: 0.5000 - val_loss: 0.9979 - val_acc: 0.4667
Restoring model weights from the end of the best epoch
Epoch 00004: early stopping
Performance plot of fold 2:

 32/258 [==>...........................] - ETA: 2:14
 64/258 [======>.......................] - ETA: 1:52
 96/258 [==========>...................] - ETA: 1:33
128/258 [=============>................] - ETA: 1:15
160/258 [=================>............] - ETA: 57s 
192/258 [=====================>........] - ETA: 38s
224/258 [=========================>....] - ETA: 19s
256/258 [============================>.] - ETA: 1s 
258/258 [==============================] - 160s 621ms/step
[['f1score', 0.435072600637469], ['precision', 0.4168003207698477], ['recall', 0.46124031007751937], ['accuracy', 0.46124031007751937]]
Fit fold 3  ==========================================================================
Train on 418 samples, validate on 105 samples
Epoch 1/10

  8/418 [..............................] - ETA: 1:07:49 - loss: 1.0929 - acc: 0.5000
 16/418 [>.............................] - ETA: 1:06:32 - loss: 1.0830 - acc: 0.5000
 24/418 [>.............................] - ETA: 1:05:02 - loss: 1.0859 - acc: 0.5000
 32/418 [=>............................] - ETA: 1:03:30 - loss: 1.1035 - acc: 0.4375
 40/418 [=>............................] - ETA: 1:02:11 - loss: 1.0946 - acc: 0.4500
 48/418 [==>...........................] - ETA: 1:00:55 - loss: 1.1001 - acc: 0.4167
 56/418 [===>..........................] - ETA: 59:34 - loss: 1.0921 - acc: 0.3929  
 64/418 [===>..........................] - ETA: 58:16 - loss: 1.0811 - acc: 0.4375
 72/418 [====>.........................] - ETA: 56:58 - loss: 1.0860 - acc: 0.4444
 80/418 [====>.........................] - ETA: 55:42 - loss: 1.0650 - acc: 0.4750
 88/418 [=====>........................] - ETA: 54:22 - loss: 1.0648 - acc: 0.4432
 96/418 [=====>........................] - ETA: 53:01 - loss: 1.0529 - acc: 0.4479
104/418 [======>.......................] - ETA: 51:41 - loss: 1.0523 - acc: 0.4615
112/418 [=======>......................] - ETA: 50:22 - loss: 1.0395 - acc: 0.4821
120/418 [=======>......................] - ETA: 49:05 - loss: 1.0302 - acc: 0.4750
128/418 [========>.....................] - ETA: 47:44 - loss: 1.0177 - acc: 0.4531
136/418 [========>.....................] - ETA: 46:27 - loss: 1.0056 - acc: 0.4485
144/418 [=========>....................] - ETA: 45:06 - loss: 0.9898 - acc: 0.4653
152/418 [=========>....................] - ETA: 43:46 - loss: 0.9729 - acc: 0.4803
160/418 [==========>...................] - ETA: 42:26 - loss: 0.9853 - acc: 0.4750
168/418 [===========>..................] - ETA: 41:07 - loss: 0.9978 - acc: 0.4702
176/418 [===========>..................] - ETA: 39:49 - loss: 1.0045 - acc: 0.4659
184/418 [============>.................] - ETA: 38:30 - loss: 1.0117 - acc: 0.4565
192/418 [============>.................] - ETA: 37:11 - loss: 1.0205 - acc: 0.4531
200/418 [=============>................] - ETA: 35:52 - loss: 1.0089 - acc: 0.4550
208/418 [=============>................] - ETA: 34:33 - loss: 1.0145 - acc: 0.4423
216/418 [==============>...............] - ETA: 33:13 - loss: 1.0397 - acc: 0.4352
224/418 [===============>..............] - ETA: 31:54 - loss: 1.0299 - acc: 0.4375
232/418 [===============>..............] - ETA: 30:36 - loss: 1.0436 - acc: 0.4397
240/418 [================>.............] - ETA: 29:17 - loss: 1.0403 - acc: 0.4375
248/418 [================>.............] - ETA: 27:57 - loss: 1.0339 - acc: 0.4476
256/418 [=================>............] - ETA: 26:38 - loss: 1.0300 - acc: 0.4492
264/418 [=================>............] - ETA: 25:19 - loss: 1.0232 - acc: 0.4583
272/418 [==================>...........] - ETA: 24:01 - loss: 1.0242 - acc: 0.4596
280/418 [===================>..........] - ETA: 22:41 - loss: 1.0192 - acc: 0.4607
288/418 [===================>..........] - ETA: 21:22 - loss: 1.0141 - acc: 0.4618
296/418 [====================>.........] - ETA: 20:03 - loss: 1.0106 - acc: 0.4662
304/418 [====================>.........] - ETA: 18:45 - loss: 1.0102 - acc: 0.4671
312/418 [=====================>........] - ETA: 17:26 - loss: 1.0111 - acc: 0.4679
320/418 [=====================>........] - ETA: 16:07 - loss: 1.0088 - acc: 0.4688
328/418 [======================>.......] - ETA: 14:48 - loss: 1.0112 - acc: 0.4665
336/418 [=======================>......] - ETA: 13:29 - loss: 1.0119 - acc: 0.4673
344/418 [=======================>......] - ETA: 12:10 - loss: 1.0078 - acc: 0.4738
352/418 [========================>.....] - ETA: 10:51 - loss: 1.0142 - acc: 0.4659
360/418 [========================>.....] - ETA: 9:32 - loss: 1.0127 - acc: 0.4722 
368/418 [=========================>....] - ETA: 8:13 - loss: 1.0109 - acc: 0.4701
376/418 [=========================>....] - ETA: 6:54 - loss: 1.0164 - acc: 0.4734
384/418 [==========================>...] - ETA: 5:35 - loss: 1.0143 - acc: 0.4766
392/418 [===========================>..] - ETA: 4:16 - loss: 1.0141 - acc: 0.4745
400/418 [===========================>..] - ETA: 2:57 - loss: 1.0126 - acc: 0.4775
408/418 [============================>.] - ETA: 1:38 - loss: 1.0099 - acc: 0.4828
416/418 [============================>.] - ETA: 19s - loss: 1.0086 - acc: 0.4808 
418/418 [==============================] - 4359s 10s/step - loss: 1.0096 - acc: 0.4785 - val_loss: 1.0642 - val_acc: 0.4476
Epoch 2/10

  8/418 [..............................] - ETA: 1:07:01 - loss: 0.8905 - acc: 0.6250
 16/418 [>.............................] - ETA: 1:05:45 - loss: 0.8088 - acc: 0.6875
 24/418 [>.............................] - ETA: 1:04:39 - loss: 0.8522 - acc: 0.6667
 32/418 [=>............................] - ETA: 1:03:19 - loss: 0.8320 - acc: 0.6562
 40/418 [=>............................] - ETA: 1:02:07 - loss: 0.8873 - acc: 0.6000
 48/418 [==>...........................] - ETA: 1:00:50 - loss: 0.9428 - acc: 0.5208
 56/418 [===>..........................] - ETA: 59:31 - loss: 0.9500 - acc: 0.5179  
 64/418 [===>..........................] - ETA: 58:14 - loss: 0.9328 - acc: 0.5156
 72/418 [====>.........................] - ETA: 56:58 - loss: 0.9628 - acc: 0.5000
 80/418 [====>.........................] - ETA: 55:40 - loss: 0.9757 - acc: 0.5000
 88/418 [=====>........................] - ETA: 54:20 - loss: 0.9866 - acc: 0.4773
 96/418 [=====>........................] - ETA: 53:00 - loss: 0.9885 - acc: 0.4792
104/418 [======>.......................] - ETA: 51:41 - loss: 0.9924 - acc: 0.4615
112/418 [=======>......................] - ETA: 50:21 - loss: 0.9880 - acc: 0.4821
120/418 [=======>......................] - ETA: 49:01 - loss: 0.9796 - acc: 0.4750
128/418 [========>.....................] - ETA: 47:43 - loss: 0.9791 - acc: 0.4688
136/418 [========>.....................] - ETA: 46:24 - loss: 0.9840 - acc: 0.4779
144/418 [=========>....................] - ETA: 45:05 - loss: 1.0027 - acc: 0.4792
152/418 [=========>....................] - ETA: 43:46 - loss: 0.9945 - acc: 0.4803
160/418 [==========>...................] - ETA: 42:27 - loss: 0.9942 - acc: 0.4875
168/418 [===========>..................] - ETA: 41:09 - loss: 1.0106 - acc: 0.4762
176/418 [===========>..................] - ETA: 39:48 - loss: 1.0037 - acc: 0.4716
184/418 [============>.................] - ETA: 38:29 - loss: 1.0036 - acc: 0.4674
192/418 [============>.................] - ETA: 37:10 - loss: 0.9981 - acc: 0.4740
200/418 [=============>................] - ETA: 35:52 - loss: 1.0027 - acc: 0.4800
208/418 [=============>................] - ETA: 34:33 - loss: 0.9976 - acc: 0.4760
216/418 [==============>...............] - ETA: 33:14 - loss: 0.9919 - acc: 0.4907
224/418 [===============>..............] - ETA: 31:56 - loss: 0.9864 - acc: 0.4955
232/418 [===============>..............] - ETA: 30:36 - loss: 0.9812 - acc: 0.5043
240/418 [================>.............] - ETA: 29:17 - loss: 0.9809 - acc: 0.5125
248/418 [================>.............] - ETA: 27:58 - loss: 0.9769 - acc: 0.5121
256/418 [=================>............] - ETA: 26:39 - loss: 0.9778 - acc: 0.5117
264/418 [=================>............] - ETA: 25:20 - loss: 0.9721 - acc: 0.5227
272/418 [==================>...........] - ETA: 24:01 - loss: 0.9777 - acc: 0.5221
280/418 [===================>..........] - ETA: 22:42 - loss: 0.9730 - acc: 0.5286
288/418 [===================>..........] - ETA: 21:23 - loss: 0.9780 - acc: 0.5243
296/418 [====================>.........] - ETA: 20:04 - loss: 0.9840 - acc: 0.5169
304/418 [====================>.........] - ETA: 18:45 - loss: 0.9800 - acc: 0.5164
312/418 [=====================>........] - ETA: 17:26 - loss: 0.9747 - acc: 0.5224
320/418 [=====================>........] - ETA: 16:07 - loss: 0.9708 - acc: 0.5219
328/418 [======================>.......] - ETA: 14:48 - loss: 0.9718 - acc: 0.5183
336/418 [=======================>......] - ETA: 13:29 - loss: 0.9753 - acc: 0.5208
344/418 [=======================>......] - ETA: 12:10 - loss: 0.9692 - acc: 0.5262
352/418 [========================>.....] - ETA: 10:51 - loss: 0.9702 - acc: 0.5256
360/418 [========================>.....] - ETA: 9:32 - loss: 0.9775 - acc: 0.5194 
368/418 [=========================>....] - ETA: 8:13 - loss: 0.9723 - acc: 0.5245
376/418 [=========================>....] - ETA: 6:54 - loss: 0.9749 - acc: 0.5186
384/418 [==========================>...] - ETA: 5:35 - loss: 0.9744 - acc: 0.5078
392/418 [===========================>..] - ETA: 4:16 - loss: 0.9706 - acc: 0.5077
400/418 [===========================>..] - ETA: 2:57 - loss: 0.9653 - acc: 0.5125
408/418 [============================>.] - ETA: 1:38 - loss: 0.9633 - acc: 0.5098
416/418 [============================>.] - ETA: 19s - loss: 0.9620 - acc: 0.5048 
418/418 [==============================] - 4363s 10s/step - loss: 0.9605 - acc: 0.5072 - val_loss: 1.0947 - val_acc: 0.4667
Epoch 3/10

  8/418 [..............................] - ETA: 1:07:17 - loss: 0.8104 - acc: 0.3750
 16/418 [>.............................] - ETA: 1:05:54 - loss: 0.9001 - acc: 0.3750
 24/418 [>.............................] - ETA: 1:04:34 - loss: 1.0168 - acc: 0.3750
 32/418 [=>............................] - ETA: 1:03:15 - loss: 1.0880 - acc: 0.3125
 40/418 [=>............................] - ETA: 1:01:54 - loss: 1.0202 - acc: 0.3750
 48/418 [==>...........................] - ETA: 1:00:43 - loss: 0.9689 - acc: 0.4375
 56/418 [===>..........................] - ETA: 59:29 - loss: 1.0490 - acc: 0.4286  
 64/418 [===>..........................] - ETA: 58:11 - loss: 1.0130 - acc: 0.4688
 72/418 [====>.........................] - ETA: 56:52 - loss: 1.0384 - acc: 0.4861
 80/418 [====>.........................] - ETA: 55:34 - loss: 1.0346 - acc: 0.4750
 88/418 [=====>........................] - ETA: 54:14 - loss: 1.0079 - acc: 0.4886
 96/418 [=====>........................] - ETA: 52:56 - loss: 0.9883 - acc: 0.5000
104/418 [======>.......................] - ETA: 51:37 - loss: 0.9904 - acc: 0.5000
112/418 [=======>......................] - ETA: 50:20 - loss: 0.9880 - acc: 0.4821
120/418 [=======>......................] - ETA: 49:03 - loss: 0.9726 - acc: 0.5000
128/418 [========>.....................] - ETA: 47:42 - loss: 0.9633 - acc: 0.4922
136/418 [========>.....................] - ETA: 46:24 - loss: 0.9521 - acc: 0.4926
144/418 [=========>....................] - ETA: 45:06 - loss: 0.9679 - acc: 0.4792
152/418 [=========>....................] - ETA: 43:46 - loss: 0.9567 - acc: 0.4868
160/418 [==========>...................] - ETA: 42:27 - loss: 0.9666 - acc: 0.4938
168/418 [===========>..................] - ETA: 41:08 - loss: 0.9558 - acc: 0.5060
176/418 [===========>..................] - ETA: 39:49 - loss: 0.9736 - acc: 0.5000
184/418 [============>.................] - ETA: 38:29 - loss: 0.9899 - acc: 0.4946
192/418 [============>.................] - ETA: 37:10 - loss: 0.9878 - acc: 0.4948
200/418 [=============>................] - ETA: 35:51 - loss: 0.9819 - acc: 0.4950
208/418 [=============>................] - ETA: 34:31 - loss: 0.9704 - acc: 0.5096
216/418 [==============>...............] - ETA: 33:12 - loss: 0.9719 - acc: 0.4954
224/418 [===============>..............] - ETA: 31:53 - loss: 0.9733 - acc: 0.4911
232/418 [===============>..............] - ETA: 30:34 - loss: 0.9765 - acc: 0.4828
240/418 [================>.............] - ETA: 29:15 - loss: 0.9727 - acc: 0.4792
248/418 [================>.............] - ETA: 27:56 - loss: 0.9742 - acc: 0.4718
256/418 [=================>............] - ETA: 26:37 - loss: 0.9747 - acc: 0.4727
264/418 [=================>............] - ETA: 25:18 - loss: 0.9694 - acc: 0.4811
272/418 [==================>...........] - ETA: 24:00 - loss: 0.9676 - acc: 0.4890
280/418 [===================>..........] - ETA: 22:41 - loss: 0.9681 - acc: 0.4857
288/418 [===================>..........] - ETA: 21:22 - loss: 0.9676 - acc: 0.4861
296/418 [====================>.........] - ETA: 20:03 - loss: 0.9678 - acc: 0.4831
304/418 [====================>.........] - ETA: 18:44 - loss: 0.9634 - acc: 0.4836
312/418 [=====================>........] - ETA: 17:25 - loss: 0.9600 - acc: 0.4808
320/418 [=====================>........] - ETA: 16:06 - loss: 0.9578 - acc: 0.4781
328/418 [======================>.......] - ETA: 14:48 - loss: 0.9581 - acc: 0.4817
336/418 [=======================>......] - ETA: 13:29 - loss: 0.9571 - acc: 0.4911
344/418 [=======================>......] - ETA: 12:10 - loss: 0.9555 - acc: 0.4884
352/418 [========================>.....] - ETA: 10:51 - loss: 0.9571 - acc: 0.4915
360/418 [========================>.....] - ETA: 9:32 - loss: 0.9524 - acc: 0.4917 
368/418 [=========================>....] - ETA: 8:13 - loss: 0.9578 - acc: 0.4891
376/418 [=========================>....] - ETA: 6:54 - loss: 0.9582 - acc: 0.4867
384/418 [==========================>...] - ETA: 5:35 - loss: 0.9526 - acc: 0.4922
392/418 [===========================>..] - ETA: 4:16 - loss: 0.9511 - acc: 0.4847
400/418 [===========================>..] - ETA: 2:57 - loss: 0.9586 - acc: 0.4775
408/418 [============================>.] - ETA: 1:38 - loss: 0.9641 - acc: 0.4730
416/418 [============================>.] - ETA: 19s - loss: 0.9639 - acc: 0.4760 
418/418 [==============================] - 4363s 10s/step - loss: 0.9631 - acc: 0.4761 - val_loss: 1.0737 - val_acc: 0.4476
Restoring model weights from the end of the best epoch
Epoch 00003: early stopping
Performance plot of fold 3:

 32/258 [==>...........................] - ETA: 2:18
 64/258 [======>.......................] - ETA: 1:54
 96/258 [==========>...................] - ETA: 1:35
128/258 [=============>................] - ETA: 1:16
160/258 [=================>............] - ETA: 57s 
192/258 [=====================>........] - ETA: 38s
224/258 [=========================>....] - ETA: 19s
256/258 [============================>.] - ETA: 1s 
258/258 [==============================] - 160s 622ms/step
[['f1score', 0.3907751937984496], ['precision', 0.30292650682050354], ['recall', 0.5503875968992248], ['accuracy', 0.5503875968992248]]
Fit fold 4  ==========================================================================
Train on 419 samples, validate on 104 samples
Epoch 1/10

  8/419 [..............................] - ETA: 1:07:33 - loss: 1.0973 - acc: 0.3750
 16/419 [>.............................] - ETA: 1:06:34 - loss: 1.1039 - acc: 0.2500
 24/419 [>.............................] - ETA: 1:05:18 - loss: 1.1036 - acc: 0.2917
 32/419 [=>............................] - ETA: 1:03:56 - loss: 1.1087 - acc: 0.2812
 40/419 [=>............................] - ETA: 1:02:34 - loss: 1.0945 - acc: 0.3500
 48/419 [==>...........................] - ETA: 1:01:10 - loss: 1.0861 - acc: 0.3958
 56/419 [===>..........................] - ETA: 59:51 - loss: 1.0828 - acc: 0.3750  
 64/419 [===>..........................] - ETA: 58:29 - loss: 1.0772 - acc: 0.3906
 72/419 [====>.........................] - ETA: 57:02 - loss: 1.0704 - acc: 0.3889
 80/419 [====>.........................] - ETA: 55:44 - loss: 1.0736 - acc: 0.3875
 88/419 [=====>........................] - ETA: 54:24 - loss: 1.0718 - acc: 0.3977
 96/419 [=====>........................] - ETA: 53:09 - loss: 1.0803 - acc: 0.4167
104/419 [======>.......................] - ETA: 51:47 - loss: 1.0802 - acc: 0.4327
112/419 [=======>......................] - ETA: 50:27 - loss: 1.0808 - acc: 0.4196
120/419 [=======>......................] - ETA: 49:09 - loss: 1.0732 - acc: 0.4250
128/419 [========>.....................] - ETA: 47:49 - loss: 1.0738 - acc: 0.4219
136/419 [========>.....................] - ETA: 46:29 - loss: 1.0747 - acc: 0.4191
144/419 [=========>....................] - ETA: 45:11 - loss: 1.0702 - acc: 0.4375
152/419 [=========>....................] - ETA: 43:52 - loss: 1.0726 - acc: 0.4276
160/419 [==========>...................] - ETA: 42:33 - loss: 1.0654 - acc: 0.4437
168/419 [===========>..................] - ETA: 41:15 - loss: 1.0620 - acc: 0.4464
176/419 [===========>..................] - ETA: 39:56 - loss: 1.0572 - acc: 0.4489
184/419 [============>.................] - ETA: 38:39 - loss: 1.0505 - acc: 0.4402
192/419 [============>.................] - ETA: 37:19 - loss: 1.0454 - acc: 0.4375
200/419 [=============>................] - ETA: 35:59 - loss: 1.0537 - acc: 0.4350
208/419 [=============>................] - ETA: 34:39 - loss: 1.0623 - acc: 0.4183
216/419 [==============>...............] - ETA: 33:20 - loss: 1.0547 - acc: 0.4213
224/419 [===============>..............] - ETA: 32:01 - loss: 1.0509 - acc: 0.4241
232/419 [===============>..............] - ETA: 30:42 - loss: 1.0513 - acc: 0.4138
240/419 [================>.............] - ETA: 29:23 - loss: 1.0491 - acc: 0.4208
248/419 [================>.............] - ETA: 28:04 - loss: 1.0493 - acc: 0.4234
256/419 [=================>............] - ETA: 26:45 - loss: 1.0500 - acc: 0.4258
264/419 [=================>............] - ETA: 25:25 - loss: 1.0477 - acc: 0.4205
272/419 [==================>...........] - ETA: 24:07 - loss: 1.0481 - acc: 0.4191
280/419 [===================>..........] - ETA: 22:48 - loss: 1.0490 - acc: 0.4143
288/419 [===================>..........] - ETA: 21:29 - loss: 1.0444 - acc: 0.4201
296/419 [====================>.........] - ETA: 20:11 - loss: 1.0393 - acc: 0.4257
304/419 [====================>.........] - ETA: 18:52 - loss: 1.0349 - acc: 0.4243
312/419 [=====================>........] - ETA: 17:33 - loss: 1.0352 - acc: 0.4231
320/419 [=====================>........] - ETA: 16:15 - loss: 1.0296 - acc: 0.4344
328/419 [======================>.......] - ETA: 14:56 - loss: 1.0296 - acc: 0.4390
336/419 [=======================>......] - ETA: 13:37 - loss: 1.0244 - acc: 0.4405
344/419 [=======================>......] - ETA: 12:18 - loss: 1.0198 - acc: 0.4360
352/419 [========================>.....] - ETA: 11:00 - loss: 1.0144 - acc: 0.4375
360/419 [========================>.....] - ETA: 9:41 - loss: 1.0139 - acc: 0.4389 
368/419 [=========================>....] - ETA: 8:22 - loss: 1.0067 - acc: 0.4429
376/419 [=========================>....] - ETA: 7:03 - loss: 1.0025 - acc: 0.4441
384/419 [==========================>...] - ETA: 5:44 - loss: 1.0206 - acc: 0.4401
392/419 [===========================>..] - ETA: 4:25 - loss: 1.0147 - acc: 0.4413
400/419 [===========================>..] - ETA: 3:07 - loss: 1.0136 - acc: 0.4450
408/419 [============================>.] - ETA: 1:48 - loss: 1.0172 - acc: 0.4485
416/419 [============================>.] - ETA: 29s - loss: 1.0173 - acc: 0.4495 
419/419 [==============================] - 4346s 10s/step - loss: 1.0249 - acc: 0.4463 - val_loss: 0.9718 - val_acc: 0.4615
Epoch 2/10

  8/419 [..............................] - ETA: 1:06:21 - loss: 0.9098 - acc: 0.6250
 16/419 [>.............................] - ETA: 1:05:36 - loss: 0.9356 - acc: 0.5625
 24/419 [>.............................] - ETA: 1:04:45 - loss: 1.0201 - acc: 0.5000
 32/419 [=>............................] - ETA: 1:03:27 - loss: 0.9939 - acc: 0.5000
 40/419 [=>............................] - ETA: 1:02:10 - loss: 1.0118 - acc: 0.4750
 48/419 [==>...........................] - ETA: 1:00:55 - loss: 1.0114 - acc: 0.4792
 56/419 [===>..........................] - ETA: 59:38 - loss: 0.9868 - acc: 0.5357  
 64/419 [===>..........................] - ETA: 58:24 - loss: 0.9868 - acc: 0.5312
 72/419 [====>.........................] - ETA: 57:04 - loss: 0.9785 - acc: 0.5556
 80/419 [====>.........................] - ETA: 55:46 - loss: 0.9748 - acc: 0.5625
 88/419 [=====>........................] - ETA: 54:29 - loss: 0.9737 - acc: 0.5568
 96/419 [=====>........................] - ETA: 53:11 - loss: 0.9798 - acc: 0.5417
104/419 [======>.......................] - ETA: 51:50 - loss: 0.9938 - acc: 0.5096
112/419 [=======>......................] - ETA: 50:31 - loss: 0.9957 - acc: 0.5089
120/419 [=======>......................] - ETA: 49:12 - loss: 0.9982 - acc: 0.5083
128/419 [========>.....................] - ETA: 47:52 - loss: 0.9964 - acc: 0.5078
136/419 [========>.....................] - ETA: 46:32 - loss: 0.9911 - acc: 0.5221
144/419 [=========>....................] - ETA: 45:11 - loss: 0.9956 - acc: 0.5208
152/419 [=========>....................] - ETA: 43:52 - loss: 0.9964 - acc: 0.5132
160/419 [==========>...................] - ETA: 42:33 - loss: 0.9973 - acc: 0.5062
168/419 [===========>..................] - ETA: 41:13 - loss: 0.9931 - acc: 0.5060
176/419 [===========>..................] - ETA: 39:52 - loss: 0.9921 - acc: 0.5057
184/419 [============>.................] - ETA: 38:34 - loss: 1.0010 - acc: 0.4891
192/419 [============>.................] - ETA: 37:15 - loss: 0.9994 - acc: 0.5000
200/419 [=============>................] - ETA: 35:57 - loss: 0.9983 - acc: 0.5100
208/419 [=============>................] - ETA: 34:38 - loss: 1.0026 - acc: 0.5000
216/419 [==============>...............] - ETA: 33:19 - loss: 1.0004 - acc: 0.5000
224/419 [===============>..............] - ETA: 32:00 - loss: 1.0024 - acc: 0.4911
232/419 [===============>..............] - ETA: 30:41 - loss: 1.0070 - acc: 0.4871
240/419 [================>.............] - ETA: 29:23 - loss: 1.0029 - acc: 0.4875
248/419 [================>.............] - ETA: 28:04 - loss: 0.9983 - acc: 0.4960
256/419 [=================>............] - ETA: 26:46 - loss: 0.9973 - acc: 0.5000
264/419 [=================>............] - ETA: 25:27 - loss: 0.9927 - acc: 0.5076
272/419 [==================>...........] - ETA: 24:08 - loss: 0.9883 - acc: 0.5074
280/419 [===================>..........] - ETA: 22:50 - loss: 0.9874 - acc: 0.5071
288/419 [===================>..........] - ETA: 21:31 - loss: 0.9892 - acc: 0.5035
296/419 [====================>.........] - ETA: 20:12 - loss: 0.9884 - acc: 0.5068
304/419 [====================>.........] - ETA: 18:53 - loss: 0.9968 - acc: 0.4967
312/419 [=====================>........] - ETA: 17:34 - loss: 0.9945 - acc: 0.4872
320/419 [=====================>........] - ETA: 16:15 - loss: 0.9968 - acc: 0.4938
328/419 [======================>.......] - ETA: 14:57 - loss: 0.9963 - acc: 0.4970
336/419 [=======================>......] - ETA: 13:38 - loss: 0.9991 - acc: 0.4940
344/419 [=======================>......] - ETA: 12:19 - loss: 1.0023 - acc: 0.4913
352/419 [========================>.....] - ETA: 11:00 - loss: 1.0000 - acc: 0.4886
360/419 [========================>.....] - ETA: 9:41 - loss: 1.0031 - acc: 0.4889 
368/419 [=========================>....] - ETA: 8:22 - loss: 0.9997 - acc: 0.4891
376/419 [=========================>....] - ETA: 7:04 - loss: 0.9996 - acc: 0.4894
384/419 [==========================>...] - ETA: 5:45 - loss: 0.9959 - acc: 0.4896
392/419 [===========================>..] - ETA: 4:26 - loss: 0.9942 - acc: 0.4847
400/419 [===========================>..] - ETA: 3:07 - loss: 0.9937 - acc: 0.4825
408/419 [============================>.] - ETA: 1:48 - loss: 0.9944 - acc: 0.4828
416/419 [============================>.] - ETA: 29s - loss: 0.9903 - acc: 0.4856 
419/419 [==============================] - 4350s 10s/step - loss: 0.9885 - acc: 0.4893 - val_loss: 0.9599 - val_acc: 0.4808
Epoch 3/10

  8/419 [..............................] - ETA: 1:07:00 - loss: 0.8347 - acc: 0.3750
 16/419 [>.............................] - ETA: 1:05:55 - loss: 0.8690 - acc: 0.3750
 24/419 [>.............................] - ETA: 1:04:45 - loss: 0.9050 - acc: 0.4583
 32/419 [=>............................] - ETA: 1:03:27 - loss: 0.9119 - acc: 0.3438
 40/419 [=>............................] - ETA: 1:02:15 - loss: 0.9099 - acc: 0.3750
 48/419 [==>...........................] - ETA: 1:01:09 - loss: 0.9346 - acc: 0.3958
 56/419 [===>..........................] - ETA: 59:48 - loss: 0.9122 - acc: 0.4107  
 64/419 [===>..........................] - ETA: 58:33 - loss: 0.9319 - acc: 0.4062
 72/419 [====>.........................] - ETA: 57:16 - loss: 0.9293 - acc: 0.4306
 80/419 [====>.........................] - ETA: 55:59 - loss: 0.9515 - acc: 0.4375
 88/419 [=====>........................] - ETA: 54:39 - loss: 0.9965 - acc: 0.4318
 96/419 [=====>........................] - ETA: 53:18 - loss: 0.9902 - acc: 0.4375
104/419 [======>.......................] - ETA: 51:58 - loss: 1.0032 - acc: 0.4135
112/419 [=======>......................] - ETA: 50:41 - loss: 1.0131 - acc: 0.4107
120/419 [=======>......................] - ETA: 49:19 - loss: 1.0263 - acc: 0.4083
128/419 [========>.....................] - ETA: 48:00 - loss: 1.0164 - acc: 0.4219
136/419 [========>.....................] - ETA: 46:41 - loss: 1.0050 - acc: 0.4338
144/419 [=========>....................] - ETA: 45:21 - loss: 0.9952 - acc: 0.4444
152/419 [=========>....................] - ETA: 44:00 - loss: 0.9878 - acc: 0.4474
160/419 [==========>...................] - ETA: 42:42 - loss: 0.9801 - acc: 0.4562
168/419 [===========>..................] - ETA: 41:23 - loss: 0.9854 - acc: 0.4583
176/419 [===========>..................] - ETA: 40:04 - loss: 0.9842 - acc: 0.4489
184/419 [============>.................] - ETA: 38:45 - loss: 0.9708 - acc: 0.4674
192/419 [============>.................] - ETA: 37:26 - loss: 0.9649 - acc: 0.4740
200/419 [=============>................] - ETA: 36:06 - loss: 0.9696 - acc: 0.4700
208/419 [=============>................] - ETA: 34:47 - loss: 0.9594 - acc: 0.4808
216/419 [==============>...............] - ETA: 33:27 - loss: 0.9678 - acc: 0.4769
224/419 [===============>..............] - ETA: 32:08 - loss: 0.9664 - acc: 0.4732
232/419 [===============>..............] - ETA: 30:48 - loss: 0.9767 - acc: 0.4698
240/419 [================>.............] - ETA: 29:29 - loss: 0.9807 - acc: 0.4667
248/419 [================>.............] - ETA: 28:10 - loss: 0.9870 - acc: 0.4637
256/419 [=================>............] - ETA: 26:50 - loss: 0.9874 - acc: 0.4609
264/419 [=================>............] - ETA: 25:32 - loss: 0.9909 - acc: 0.4545
272/419 [==================>...........] - ETA: 24:12 - loss: 0.9924 - acc: 0.4522
280/419 [===================>..........] - ETA: 22:53 - loss: 0.9870 - acc: 0.4607
288/419 [===================>..........] - ETA: 21:34 - loss: 0.9908 - acc: 0.4583
296/419 [====================>.........] - ETA: 20:15 - loss: 0.9916 - acc: 0.4561
304/419 [====================>.........] - ETA: 18:56 - loss: 0.9914 - acc: 0.4605
312/419 [=====================>........] - ETA: 17:37 - loss: 0.9915 - acc: 0.4583
320/419 [=====================>........] - ETA: 16:18 - loss: 0.9891 - acc: 0.4562
328/419 [======================>.......] - ETA: 14:59 - loss: 0.9935 - acc: 0.4543
336/419 [=======================>......] - ETA: 13:40 - loss: 0.9895 - acc: 0.4554
344/419 [=======================>......] - ETA: 12:21 - loss: 0.9892 - acc: 0.4593
352/419 [========================>.....] - ETA: 11:01 - loss: 0.9916 - acc: 0.4545
360/419 [========================>.....] - ETA: 9:43 - loss: 0.9900 - acc: 0.4528 
368/419 [=========================>....] - ETA: 8:23 - loss: 0.9884 - acc: 0.4565
376/419 [=========================>....] - ETA: 7:04 - loss: 0.9856 - acc: 0.4548
384/419 [==========================>...] - ETA: 5:45 - loss: 0.9803 - acc: 0.4661
392/419 [===========================>..] - ETA: 4:26 - loss: 0.9804 - acc: 0.4668
400/419 [===========================>..] - ETA: 3:07 - loss: 0.9804 - acc: 0.4650
408/419 [============================>.] - ETA: 1:48 - loss: 0.9766 - acc: 0.4706
416/419 [============================>.] - ETA: 29s - loss: 0.9760 - acc: 0.4760 
419/419 [==============================] - 4355s 10s/step - loss: 0.9745 - acc: 0.4773 - val_loss: 0.9629 - val_acc: 0.4423
Epoch 4/10

  8/419 [..............................] - ETA: 1:07:27 - loss: 0.8795 - acc: 0.5000
 16/419 [>.............................] - ETA: 1:05:56 - loss: 0.9308 - acc: 0.5000
 24/419 [>.............................] - ETA: 1:04:57 - loss: 0.8845 - acc: 0.5000
 32/419 [=>............................] - ETA: 1:03:22 - loss: 0.9903 - acc: 0.4688
 40/419 [=>............................] - ETA: 1:01:55 - loss: 1.0276 - acc: 0.4500
 48/419 [==>...........................] - ETA: 1:00:40 - loss: 1.0005 - acc: 0.4792
 56/419 [===>..........................] - ETA: 59:17 - loss: 1.0408 - acc: 0.4821  
 64/419 [===>..........................] - ETA: 58:02 - loss: 1.0069 - acc: 0.5000
 72/419 [====>.........................] - ETA: 56:46 - loss: 0.9922 - acc: 0.5139
 80/419 [====>.........................] - ETA: 55:30 - loss: 0.9895 - acc: 0.5125
 88/419 [=====>........................] - ETA: 54:12 - loss: 1.0214 - acc: 0.4886
 96/419 [=====>........................] - ETA: 52:52 - loss: 1.0216 - acc: 0.4792
104/419 [======>.......................] - ETA: 51:35 - loss: 1.0247 - acc: 0.4808
112/419 [=======>......................] - ETA: 50:17 - loss: 1.0128 - acc: 0.4911
120/419 [=======>......................] - ETA: 48:57 - loss: 0.9971 - acc: 0.5000
128/419 [========>.....................] - ETA: 47:42 - loss: 0.9929 - acc: 0.5078
136/419 [========>.....................] - ETA: 46:21 - loss: 0.9829 - acc: 0.5147
144/419 [=========>....................] - ETA: 45:03 - loss: 0.9734 - acc: 0.5208
152/419 [=========>....................] - ETA: 43:44 - loss: 0.9691 - acc: 0.5263
160/419 [==========>...................] - ETA: 42:23 - loss: 0.9771 - acc: 0.5250
168/419 [===========>..................] - ETA: 41:05 - loss: 0.9685 - acc: 0.5298
176/419 [===========>..................] - ETA: 39:47 - loss: 0.9605 - acc: 0.5341
184/419 [============>.................] - ETA: 38:28 - loss: 0.9557 - acc: 0.5380
192/419 [============>.................] - ETA: 37:10 - loss: 0.9564 - acc: 0.5365
200/419 [=============>................] - ETA: 35:52 - loss: 0.9688 - acc: 0.5200
208/419 [=============>................] - ETA: 34:34 - loss: 0.9785 - acc: 0.5048
216/419 [==============>...............] - ETA: 33:15 - loss: 0.9796 - acc: 0.5000
224/419 [===============>..............] - ETA: 31:57 - loss: 0.9718 - acc: 0.5045
232/419 [===============>..............] - ETA: 30:38 - loss: 0.9685 - acc: 0.5129
240/419 [================>.............] - ETA: 29:20 - loss: 0.9641 - acc: 0.5208
248/419 [================>.............] - ETA: 28:01 - loss: 0.9607 - acc: 0.5161
256/419 [=================>............] - ETA: 26:42 - loss: 0.9623 - acc: 0.5156
264/419 [=================>............] - ETA: 25:23 - loss: 0.9561 - acc: 0.5189
272/419 [==================>...........] - ETA: 24:04 - loss: 0.9631 - acc: 0.5110
280/419 [===================>..........] - ETA: 22:46 - loss: 0.9691 - acc: 0.5036
288/419 [===================>..........] - ETA: 21:27 - loss: 0.9696 - acc: 0.5035
296/419 [====================>.........] - ETA: 20:08 - loss: 0.9669 - acc: 0.5068
304/419 [====================>.........] - ETA: 18:49 - loss: 0.9667 - acc: 0.5066
312/419 [=====================>........] - ETA: 17:31 - loss: 0.9629 - acc: 0.5128
320/419 [=====================>........] - ETA: 16:12 - loss: 0.9619 - acc: 0.5094
328/419 [======================>.......] - ETA: 14:54 - loss: 0.9579 - acc: 0.5091
336/419 [=======================>......] - ETA: 13:35 - loss: 0.9602 - acc: 0.5060
344/419 [=======================>......] - ETA: 12:17 - loss: 0.9574 - acc: 0.5058
352/419 [========================>.....] - ETA: 10:58 - loss: 0.9582 - acc: 0.5028
360/419 [========================>.....] - ETA: 9:39 - loss: 0.9658 - acc: 0.5000 
368/419 [=========================>....] - ETA: 8:21 - loss: 0.9609 - acc: 0.5054
376/419 [=========================>....] - ETA: 7:02 - loss: 0.9612 - acc: 0.5080
384/419 [==========================>...] - ETA: 5:44 - loss: 0.9575 - acc: 0.5078
392/419 [===========================>..] - ETA: 4:25 - loss: 0.9539 - acc: 0.5077
400/419 [===========================>..] - ETA: 3:06 - loss: 0.9552 - acc: 0.5025
408/419 [============================>.] - ETA: 1:48 - loss: 0.9581 - acc: 0.5000
416/419 [============================>.] - ETA: 29s - loss: 0.9662 - acc: 0.4976 
419/419 [==============================] - 4336s 10s/step - loss: 0.9675 - acc: 0.4988 - val_loss: 0.9635 - val_acc: 0.4808
Restoring model weights from the end of the best epoch
Epoch 00004: early stopping
Performance plot of fold 4:

 32/258 [==>...........................] - ETA: 2:15
 64/258 [======>.......................] - ETA: 1:57
 96/258 [==========>...................] - ETA: 1:36
128/258 [=============>................] - ETA: 1:16
160/258 [=================>............] - ETA: 57s 
192/258 [=====================>........] - ETA: 38s
224/258 [=========================>....] - ETA: 19s
256/258 [============================>.] - ETA: 1s 
258/258 [==============================] - 162s 628ms/step
[['f1score', 0.4469002165437344], ['precision', 0.41771563784843885], ['recall', 0.4806201550387597], ['accuracy', 0.4806201550387597]]
Fit fold 5  ==========================================================================
Train on 419 samples, validate on 104 samples
Epoch 1/10

  8/419 [..............................] - ETA: 1:08:35 - loss: 1.1007 - acc: 0.2500
 16/419 [>.............................] - ETA: 1:06:42 - loss: 1.0743 - acc: 0.4375
 24/419 [>.............................] - ETA: 1:05:04 - loss: 1.0543 - acc: 0.5417
 32/419 [=>............................] - ETA: 1:03:36 - loss: 1.0549 - acc: 0.5000
 40/419 [=>............................] - ETA: 1:02:15 - loss: 1.0592 - acc: 0.4750
 48/419 [==>...........................] - ETA: 1:00:50 - loss: 1.0762 - acc: 0.4167
 56/419 [===>..........................] - ETA: 59:27 - loss: 1.0850 - acc: 0.4107  
 64/419 [===>..........................] - ETA: 58:08 - loss: 1.0705 - acc: 0.4219
 72/419 [====>.........................] - ETA: 56:43 - loss: 1.0402 - acc: 0.4444
 80/419 [====>.........................] - ETA: 55:29 - loss: 1.0253 - acc: 0.4625
 88/419 [=====>........................] - ETA: 54:06 - loss: 1.0106 - acc: 0.4659
 96/419 [=====>........................] - ETA: 52:48 - loss: 1.0143 - acc: 0.4479
104/419 [======>.......................] - ETA: 51:28 - loss: 1.0352 - acc: 0.4423
112/419 [=======>......................] - ETA: 50:12 - loss: 1.0701 - acc: 0.4375
120/419 [=======>......................] - ETA: 48:53 - loss: 1.0659 - acc: 0.4333
128/419 [========>.....................] - ETA: 47:33 - loss: 1.0566 - acc: 0.4297
136/419 [========>.....................] - ETA: 46:17 - loss: 1.0495 - acc: 0.4412
144/419 [=========>....................] - ETA: 44:57 - loss: 1.0566 - acc: 0.4306
152/419 [=========>....................] - ETA: 43:40 - loss: 1.0619 - acc: 0.4342
160/419 [==========>...................] - ETA: 42:22 - loss: 1.0538 - acc: 0.4437
168/419 [===========>..................] - ETA: 41:04 - loss: 1.0611 - acc: 0.4405
176/419 [===========>..................] - ETA: 39:47 - loss: 1.0664 - acc: 0.4318
184/419 [============>.................] - ETA: 38:27 - loss: 1.0624 - acc: 0.4348
192/419 [============>.................] - ETA: 37:09 - loss: 1.0566 - acc: 0.4427
200/419 [=============>................] - ETA: 35:51 - loss: 1.0514 - acc: 0.4350
208/419 [=============>................] - ETA: 34:32 - loss: 1.0474 - acc: 0.4327
216/419 [==============>...............] - ETA: 33:13 - loss: 1.0489 - acc: 0.4306
224/419 [===============>..............] - ETA: 31:54 - loss: 1.0465 - acc: 0.4196
232/419 [===============>..............] - ETA: 30:35 - loss: 1.0434 - acc: 0.4138
240/419 [================>.............] - ETA: 29:17 - loss: 1.0391 - acc: 0.4125
248/419 [================>.............] - ETA: 27:58 - loss: 1.0387 - acc: 0.4153
256/419 [=================>............] - ETA: 26:40 - loss: 1.0386 - acc: 0.4180
264/419 [=================>............] - ETA: 25:21 - loss: 1.0361 - acc: 0.4167
272/419 [==================>...........] - ETA: 24:03 - loss: 1.0342 - acc: 0.4265
280/419 [===================>..........] - ETA: 22:44 - loss: 1.0364 - acc: 0.4214
288/419 [===================>..........] - ETA: 21:26 - loss: 1.0299 - acc: 0.4306
296/419 [====================>.........] - ETA: 20:07 - loss: 1.0256 - acc: 0.4392
304/419 [====================>.........] - ETA: 18:48 - loss: 1.0324 - acc: 0.4375
312/419 [=====================>........] - ETA: 17:30 - loss: 1.0280 - acc: 0.4487
320/419 [=====================>........] - ETA: 16:12 - loss: 1.0294 - acc: 0.4469
328/419 [======================>.......] - ETA: 14:53 - loss: 1.0265 - acc: 0.4451
336/419 [=======================>......] - ETA: 13:34 - loss: 1.0316 - acc: 0.4435
344/419 [=======================>......] - ETA: 12:15 - loss: 1.0299 - acc: 0.4448
352/419 [========================>.....] - ETA: 10:57 - loss: 1.0327 - acc: 0.4375
360/419 [========================>.....] - ETA: 9:38 - loss: 1.0268 - acc: 0.4444 
368/419 [=========================>....] - ETA: 8:20 - loss: 1.0269 - acc: 0.4457
376/419 [=========================>....] - ETA: 7:02 - loss: 1.0268 - acc: 0.4468
384/419 [==========================>...] - ETA: 5:43 - loss: 1.0269 - acc: 0.4453
392/419 [===========================>..] - ETA: 4:24 - loss: 1.0244 - acc: 0.4439
400/419 [===========================>..] - ETA: 3:06 - loss: 1.0307 - acc: 0.4350
408/419 [============================>.] - ETA: 1:47 - loss: 1.0306 - acc: 0.4363
416/419 [============================>.] - ETA: 29s - loss: 1.0322 - acc: 0.4351 
419/419 [==============================] - 4329s 10s/step - loss: 1.0333 - acc: 0.4368 - val_loss: 0.9762 - val_acc: 0.5000
Epoch 2/10

  8/419 [..............................] - ETA: 1:06:31 - loss: 0.9381 - acc: 0.7500
 16/419 [>.............................] - ETA: 1:05:28 - loss: 0.8763 - acc: 0.7500
 24/419 [>.............................] - ETA: 1:04:28 - loss: 0.9252 - acc: 0.5833
 32/419 [=>............................] - ETA: 1:03:05 - loss: 0.9744 - acc: 0.5312
 40/419 [=>............................] - ETA: 1:01:45 - loss: 0.9771 - acc: 0.5250
 48/419 [==>...........................] - ETA: 1:00:27 - loss: 1.0110 - acc: 0.5208
 56/419 [===>..........................] - ETA: 59:15 - loss: 0.9986 - acc: 0.4821  
 64/419 [===>..........................] - ETA: 57:54 - loss: 1.0050 - acc: 0.4531
 72/419 [====>.........................] - ETA: 56:37 - loss: 1.0027 - acc: 0.4583
 80/419 [====>.........................] - ETA: 55:19 - loss: 1.0117 - acc: 0.4500
 88/419 [=====>........................] - ETA: 54:01 - loss: 1.0470 - acc: 0.4205
 96/419 [=====>........................] - ETA: 52:45 - loss: 1.0346 - acc: 0.4271
104/419 [======>.......................] - ETA: 51:27 - loss: 1.0321 - acc: 0.4423
112/419 [=======>......................] - ETA: 50:06 - loss: 1.0460 - acc: 0.4196
120/419 [=======>......................] - ETA: 48:49 - loss: 1.0594 - acc: 0.4083
128/419 [========>.....................] - ETA: 47:30 - loss: 1.0556 - acc: 0.4141
136/419 [========>.....................] - ETA: 46:12 - loss: 1.0467 - acc: 0.4265
144/419 [=========>....................] - ETA: 44:54 - loss: 1.0464 - acc: 0.4167
152/419 [=========>....................] - ETA: 43:37 - loss: 1.0443 - acc: 0.4211
160/419 [==========>...................] - ETA: 42:17 - loss: 1.0470 - acc: 0.4062
168/419 [===========>..................] - ETA: 40:59 - loss: 1.0481 - acc: 0.3988
176/419 [===========>..................] - ETA: 39:39 - loss: 1.0418 - acc: 0.4205
184/419 [============>.................] - ETA: 38:20 - loss: 1.0433 - acc: 0.4185
192/419 [============>.................] - ETA: 37:02 - loss: 1.0394 - acc: 0.4219
200/419 [=============>................] - ETA: 35:44 - loss: 1.0370 - acc: 0.4350
208/419 [=============>................] - ETA: 34:24 - loss: 1.0330 - acc: 0.4423
216/419 [==============>...............] - ETA: 33:06 - loss: 1.0296 - acc: 0.4398
224/419 [===============>..............] - ETA: 31:48 - loss: 1.0289 - acc: 0.4375
232/419 [===============>..............] - ETA: 30:28 - loss: 1.0286 - acc: 0.4310
240/419 [================>.............] - ETA: 29:10 - loss: 1.0293 - acc: 0.4250
248/419 [================>.............] - ETA: 27:52 - loss: 1.0310 - acc: 0.4113
256/419 [=================>............] - ETA: 26:35 - loss: 1.0249 - acc: 0.4219
264/419 [=================>............] - ETA: 25:17 - loss: 1.0248 - acc: 0.4129
272/419 [==================>...........] - ETA: 23:58 - loss: 1.0192 - acc: 0.4191
280/419 [===================>..........] - ETA: 22:40 - loss: 1.0220 - acc: 0.4143
288/419 [===================>..........] - ETA: 21:21 - loss: 1.0172 - acc: 0.4132
296/419 [====================>.........] - ETA: 20:03 - loss: 1.0121 - acc: 0.4155
304/419 [====================>.........] - ETA: 18:45 - loss: 1.0071 - acc: 0.4145
312/419 [=====================>........] - ETA: 17:27 - loss: 1.0013 - acc: 0.4199
320/419 [=====================>........] - ETA: 16:09 - loss: 0.9963 - acc: 0.4188
328/419 [======================>.......] - ETA: 14:50 - loss: 0.9902 - acc: 0.4268
336/419 [=======================>......] - ETA: 13:32 - loss: 0.9841 - acc: 0.4315
344/419 [=======================>......] - ETA: 12:14 - loss: 0.9778 - acc: 0.4360
352/419 [========================>.....] - ETA: 10:55 - loss: 0.9800 - acc: 0.4375
360/419 [========================>.....] - ETA: 9:37 - loss: 0.9738 - acc: 0.4417 
368/419 [=========================>....] - ETA: 8:19 - loss: 0.9763 - acc: 0.4457
376/419 [=========================>....] - ETA: 7:00 - loss: 0.9871 - acc: 0.4468
384/419 [==========================>...] - ETA: 5:42 - loss: 0.9922 - acc: 0.4427
392/419 [===========================>..] - ETA: 4:24 - loss: 0.9859 - acc: 0.4464
400/419 [===========================>..] - ETA: 3:05 - loss: 0.9962 - acc: 0.4425
408/419 [============================>.] - ETA: 1:47 - loss: 0.9892 - acc: 0.4485
416/419 [============================>.] - ETA: 29s - loss: 0.9838 - acc: 0.4519 
419/419 [==============================] - 4320s 10s/step - loss: 0.9828 - acc: 0.4511 - val_loss: 0.9807 - val_acc: 0.5000
Epoch 3/10

  8/419 [..............................] - ETA: 1:06:18 - loss: 0.7569 - acc: 0.6250
 16/419 [>.............................] - ETA: 1:05:14 - loss: 0.8441 - acc: 0.6250
 24/419 [>.............................] - ETA: 1:03:58 - loss: 0.8357 - acc: 0.5833
 32/419 [=>............................] - ETA: 1:02:39 - loss: 0.8625 - acc: 0.5938
 40/419 [=>............................] - ETA: 1:01:34 - loss: 0.9024 - acc: 0.5500
 48/419 [==>...........................] - ETA: 1:00:17 - loss: 0.9643 - acc: 0.4792
 56/419 [===>..........................] - ETA: 58:54 - loss: 0.9530 - acc: 0.5000  
 64/419 [===>..........................] - ETA: 57:41 - loss: 0.9744 - acc: 0.4844
 72/419 [====>.........................] - ETA: 56:19 - loss: 0.9522 - acc: 0.5000
 80/419 [====>.........................] - ETA: 55:05 - loss: 0.9673 - acc: 0.5125
 88/419 [=====>........................] - ETA: 53:49 - loss: 0.9612 - acc: 0.4886
 96/419 [=====>........................] - ETA: 52:33 - loss: 0.9611 - acc: 0.4792
104/419 [======>.......................] - ETA: 51:18 - loss: 0.9477 - acc: 0.5000
112/419 [=======>......................] - ETA: 50:01 - loss: 0.9609 - acc: 0.4911
120/419 [=======>......................] - ETA: 48:44 - loss: 0.9641 - acc: 0.4833
128/419 [========>.....................] - ETA: 47:27 - loss: 0.9694 - acc: 0.4922
136/419 [========>.....................] - ETA: 46:12 - loss: 0.9618 - acc: 0.4926
144/419 [=========>....................] - ETA: 44:55 - loss: 0.9612 - acc: 0.5000
152/419 [=========>....................] - ETA: 43:36 - loss: 0.9699 - acc: 0.4868
160/419 [==========>...................] - ETA: 42:18 - loss: 0.9689 - acc: 0.4938
168/419 [===========>..................] - ETA: 41:00 - loss: 0.9690 - acc: 0.5000
176/419 [===========>..................] - ETA: 39:42 - loss: 0.9705 - acc: 0.5000
184/419 [============>.................] - ETA: 38:23 - loss: 0.9717 - acc: 0.4946
192/419 [============>.................] - ETA: 37:04 - loss: 0.9728 - acc: 0.4844
200/419 [=============>................] - ETA: 35:46 - loss: 0.9664 - acc: 0.4900
208/419 [=============>................] - ETA: 34:27 - loss: 0.9629 - acc: 0.4904
216/419 [==============>...............] - ETA: 33:08 - loss: 0.9692 - acc: 0.4815
224/419 [===============>..............] - ETA: 31:49 - loss: 0.9787 - acc: 0.4821
232/419 [===============>..............] - ETA: 30:32 - loss: 0.9831 - acc: 0.4784
240/419 [================>.............] - ETA: 29:13 - loss: 0.9804 - acc: 0.4750
248/419 [================>.............] - ETA: 27:54 - loss: 0.9788 - acc: 0.4798
256/419 [=================>............] - ETA: 26:36 - loss: 0.9771 - acc: 0.4766
264/419 [=================>............] - ETA: 25:17 - loss: 0.9774 - acc: 0.4811
272/419 [==================>...........] - ETA: 23:59 - loss: 0.9817 - acc: 0.4853
280/419 [===================>..........] - ETA: 22:41 - loss: 0.9862 - acc: 0.4821
288/419 [===================>..........] - ETA: 21:22 - loss: 0.9809 - acc: 0.4826
296/419 [====================>.........] - ETA: 20:03 - loss: 0.9758 - acc: 0.4865
304/419 [====================>.........] - ETA: 18:45 - loss: 0.9763 - acc: 0.4868
312/419 [=====================>........] - ETA: 17:27 - loss: 0.9754 - acc: 0.4872
320/419 [=====================>........] - ETA: 16:09 - loss: 0.9719 - acc: 0.4906
328/419 [======================>.......] - ETA: 14:50 - loss: 0.9720 - acc: 0.4878
336/419 [=======================>......] - ETA: 13:31 - loss: 0.9689 - acc: 0.4851
344/419 [=======================>......] - ETA: 12:13 - loss: 0.9767 - acc: 0.4797
352/419 [========================>.....] - ETA: 10:55 - loss: 0.9721 - acc: 0.4858
360/419 [========================>.....] - ETA: 9:36 - loss: 0.9728 - acc: 0.4806 
368/419 [=========================>....] - ETA: 8:18 - loss: 0.9739 - acc: 0.4783
376/419 [=========================>....] - ETA: 7:00 - loss: 0.9742 - acc: 0.4787
384/419 [==========================>...] - ETA: 5:42 - loss: 0.9784 - acc: 0.4740
392/419 [===========================>..] - ETA: 4:24 - loss: 0.9781 - acc: 0.4770
400/419 [===========================>..] - ETA: 3:05 - loss: 0.9736 - acc: 0.4825
408/419 [============================>.] - ETA: 1:47 - loss: 0.9704 - acc: 0.4853
416/419 [============================>.] - ETA: 29s - loss: 0.9669 - acc: 0.4856 
419/419 [==============================] - 4317s 10s/step - loss: 0.9660 - acc: 0.4845 - val_loss: 0.9790 - val_acc: 0.5288
Restoring model weights from the end of the best epoch
Epoch 00003: early stopping
Performance plot of fold 5:

 32/258 [==>...........................] - ETA: 2:09
 64/258 [======>.......................] - ETA: 1:52
 96/258 [==========>...................] - ETA: 1:34
128/258 [=============>................] - ETA: 1:16
160/258 [=================>............] - ETA: 57s 
192/258 [=====================>........] - ETA: 38s
224/258 [=========================>....] - ETA: 20s
256/258 [============================>.] - ETA: 1s 
258/258 [==============================] - 162s 628ms/step
[['f1score', 0.39843050453149453], ['precision', 0.4089831281349749], ['recall', 0.5503875968992248], ['accuracy', 0.5503875968992248]]
_________________________________________________________________
Layer (type)                 Output Shape              Param #   
=================================================================
embedding_5 (Embedding)      (None, 100454, 300)       11531400  
_________________________________________________________________
dropout_5 (Dropout)          (None, 100454, 300)       0         
_________________________________________________________________
conv1d_5 (Conv1D)            (None, 100454, 32)        28832     
_________________________________________________________________
activation_5 (Activation)    (None, 100454, 32)        0         
_________________________________________________________________
max_pooling1d_5 (MaxPooling1 (None, 50227, 32)         0         
_________________________________________________________________
lstm_5 (LSTM)                (None, 128)               82432     
_________________________________________________________________
dense_5 (Dense)              (None, 3)                 387       
=================================================================
Total params: 11,643,051
Trainable params: 111,651
Non-trainable params: 11,531,400
_________________________________________________________________
None
[['f1score', 0.4586362505837663], ['precision', 0.42483929071768806], ['recall', 0.5], ['accuracy', 0.5]]
[['f1score', 0.435072600637469], ['precision', 0.4168003207698477], ['recall', 0.46124031007751937], ['accuracy', 0.46124031007751937]]
[['f1score', 0.3907751937984496], ['precision', 0.30292650682050354], ['recall', 0.5503875968992248], ['accuracy', 0.5503875968992248]]
[['f1score', 0.4469002165437344], ['precision', 0.41771563784843885], ['recall', 0.4806201550387597], ['accuracy', 0.4806201550387597]]
[['f1score', 0.39843050453149453], ['precision', 0.4089831281349749], ['recall', 0.5503875968992248], ['accuracy', 0.5503875968992248]]
Average Scores
[['f1score', 0.42596295321898275], ['precision', 0.39425297685829064], ['recall', 0.5085271317829457], ['accuracy', 0.5085271317829457]]
