Fit fold 1  ==========================================================================
Train on 418 samples, validate on 105 samples
Epoch 1/10

  8/418 [..............................] - ETA: 1:15:12 - loss: 0.6875 - acc: 0.6250
 16/418 [>.............................] - ETA: 1:12:58 - loss: 0.6743 - acc: 0.6875
 24/418 [>.............................] - ETA: 1:11:16 - loss: 0.6972 - acc: 0.5833
 32/418 [=>............................] - ETA: 1:09:46 - loss: 0.7093 - acc: 0.5312
 40/418 [=>............................] - ETA: 1:08:19 - loss: 0.7141 - acc: 0.5000
 48/418 [==>...........................] - ETA: 1:06:44 - loss: 0.7074 - acc: 0.5208
 56/418 [===>..........................] - ETA: 1:05:12 - loss: 0.7007 - acc: 0.5536
 64/418 [===>..........................] - ETA: 1:03:44 - loss: 0.6962 - acc: 0.5781
 72/418 [====>.........................] - ETA: 1:02:17 - loss: 0.6923 - acc: 0.5972
 80/418 [====>.........................] - ETA: 1:00:47 - loss: 0.6927 - acc: 0.5875
 88/418 [=====>........................] - ETA: 59:19 - loss: 0.6935 - acc: 0.5795  
 96/418 [=====>........................] - ETA: 57:52 - loss: 0.6938 - acc: 0.5729
104/418 [======>.......................] - ETA: 56:25 - loss: 0.6961 - acc: 0.5577
112/418 [=======>......................] - ETA: 54:57 - loss: 0.6943 - acc: 0.5625
120/418 [=======>......................] - ETA: 53:30 - loss: 0.6929 - acc: 0.5667
128/418 [========>.....................] - ETA: 52:04 - loss: 0.6917 - acc: 0.5703
136/418 [========>.....................] - ETA: 50:37 - loss: 0.6890 - acc: 0.5809
144/418 [=========>....................] - ETA: 49:09 - loss: 0.6849 - acc: 0.5972
152/418 [=========>....................] - ETA: 47:42 - loss: 0.6802 - acc: 0.6118
160/418 [==========>...................] - ETA: 46:15 - loss: 0.6768 - acc: 0.6188
168/418 [===========>..................] - ETA: 44:50 - loss: 0.6834 - acc: 0.6012
176/418 [===========>..................] - ETA: 43:23 - loss: 0.6825 - acc: 0.6023
184/418 [============>.................] - ETA: 41:57 - loss: 0.6837 - acc: 0.5978
192/418 [============>.................] - ETA: 40:30 - loss: 0.6885 - acc: 0.5885
200/418 [=============>................] - ETA: 39:03 - loss: 0.6913 - acc: 0.5800
208/418 [=============>................] - ETA: 37:37 - loss: 0.6924 - acc: 0.5769
216/418 [==============>...............] - ETA: 36:11 - loss: 0.6873 - acc: 0.5880
224/418 [===============>..............] - ETA: 34:45 - loss: 0.6852 - acc: 0.5938
232/418 [===============>..............] - ETA: 33:19 - loss: 0.6796 - acc: 0.6078
240/418 [================>.............] - ETA: 31:53 - loss: 0.6809 - acc: 0.6042
248/418 [================>.............] - ETA: 30:26 - loss: 0.6784 - acc: 0.6089
256/418 [=================>............] - ETA: 29:00 - loss: 0.6779 - acc: 0.6094
264/418 [=================>............] - ETA: 27:35 - loss: 0.6809 - acc: 0.6023
272/418 [==================>...........] - ETA: 26:09 - loss: 0.6779 - acc: 0.6066
280/418 [===================>..........] - ETA: 24:43 - loss: 0.6814 - acc: 0.6000
288/418 [===================>..........] - ETA: 23:17 - loss: 0.6791 - acc: 0.6042
296/418 [====================>.........] - ETA: 21:51 - loss: 0.6800 - acc: 0.6014
304/418 [====================>.........] - ETA: 20:26 - loss: 0.6779 - acc: 0.6053
312/418 [=====================>........] - ETA: 19:00 - loss: 0.6777 - acc: 0.6058
320/418 [=====================>........] - ETA: 17:34 - loss: 0.6814 - acc: 0.5969
328/418 [======================>.......] - ETA: 16:08 - loss: 0.6782 - acc: 0.6037
336/418 [=======================>......] - ETA: 14:41 - loss: 0.6809 - acc: 0.5982
344/418 [=======================>......] - ETA: 13:15 - loss: 0.6803 - acc: 0.5988
352/418 [========================>.....] - ETA: 11:50 - loss: 0.6799 - acc: 0.5994
360/418 [========================>.....] - ETA: 10:23 - loss: 0.6804 - acc: 0.5972
368/418 [=========================>....] - ETA: 8:57 - loss: 0.6801 - acc: 0.5978 
376/418 [=========================>....] - ETA: 7:31 - loss: 0.6795 - acc: 0.5984
384/418 [==========================>...] - ETA: 6:05 - loss: 0.6823 - acc: 0.5964
392/418 [===========================>..] - ETA: 4:39 - loss: 0.6830 - acc: 0.5944
400/418 [===========================>..] - ETA: 3:13 - loss: 0.6836 - acc: 0.5925
408/418 [============================>.] - ETA: 1:47 - loss: 0.6840 - acc: 0.5907
416/418 [============================>.] - ETA: 21s - loss: 0.6838 - acc: 0.5913 
418/418 [==============================] - 4749s 11s/step - loss: 0.6832 - acc: 0.5933 - val_loss: 0.6789 - val_acc: 0.5905
Epoch 2/10

  8/418 [..............................] - ETA: 1:13:19 - loss: 0.6809 - acc: 0.5000
 16/418 [>.............................] - ETA: 1:11:43 - loss: 0.6947 - acc: 0.5000
 24/418 [>.............................] - ETA: 1:10:27 - loss: 0.6807 - acc: 0.5417
 32/418 [=>............................] - ETA: 1:09:13 - loss: 0.6958 - acc: 0.5000
 40/418 [=>............................] - ETA: 1:07:40 - loss: 0.6918 - acc: 0.5250
 48/418 [==>...........................] - ETA: 1:06:12 - loss: 0.6849 - acc: 0.5417
 56/418 [===>..........................] - ETA: 1:04:51 - loss: 0.6821 - acc: 0.5536
 64/418 [===>..........................] - ETA: 1:03:27 - loss: 0.6791 - acc: 0.5625
 72/418 [====>.........................] - ETA: 1:02:00 - loss: 0.6841 - acc: 0.5417
 80/418 [====>.........................] - ETA: 1:00:34 - loss: 0.6833 - acc: 0.5375
 88/418 [=====>........................] - ETA: 59:07 - loss: 0.6813 - acc: 0.5455  
 96/418 [=====>........................] - ETA: 57:42 - loss: 0.6773 - acc: 0.5625
104/418 [======>.......................] - ETA: 56:14 - loss: 0.6713 - acc: 0.5865
112/418 [=======>......................] - ETA: 54:51 - loss: 0.6706 - acc: 0.5893
120/418 [=======>......................] - ETA: 53:27 - loss: 0.6700 - acc: 0.5917
128/418 [========>.....................] - ETA: 52:00 - loss: 0.6662 - acc: 0.6016
136/418 [========>.....................] - ETA: 50:33 - loss: 0.6683 - acc: 0.5956
144/418 [=========>....................] - ETA: 49:06 - loss: 0.6750 - acc: 0.5764
152/418 [=========>....................] - ETA: 47:39 - loss: 0.6700 - acc: 0.5855
160/418 [==========>...................] - ETA: 46:12 - loss: 0.6721 - acc: 0.5813
168/418 [===========>..................] - ETA: 44:47 - loss: 0.6789 - acc: 0.5655
176/418 [===========>..................] - ETA: 43:21 - loss: 0.6780 - acc: 0.5682
184/418 [============>.................] - ETA: 41:56 - loss: 0.6818 - acc: 0.5598
192/418 [============>.................] - ETA: 40:30 - loss: 0.6797 - acc: 0.5677
200/418 [=============>................] - ETA: 39:04 - loss: 0.6791 - acc: 0.5700
208/418 [=============>................] - ETA: 37:38 - loss: 0.6818 - acc: 0.5625
216/418 [==============>...............] - ETA: 36:12 - loss: 0.6812 - acc: 0.5648
224/418 [===============>..............] - ETA: 34:45 - loss: 0.6798 - acc: 0.5714
232/418 [===============>..............] - ETA: 33:20 - loss: 0.6804 - acc: 0.5690
240/418 [================>.............] - ETA: 31:54 - loss: 0.6786 - acc: 0.5750
248/418 [================>.............] - ETA: 30:28 - loss: 0.6795 - acc: 0.5726
256/418 [=================>............] - ETA: 29:01 - loss: 0.6784 - acc: 0.5742
264/418 [=================>............] - ETA: 27:36 - loss: 0.6808 - acc: 0.5644
272/418 [==================>...........] - ETA: 26:10 - loss: 0.6792 - acc: 0.5699
280/418 [===================>..........] - ETA: 24:44 - loss: 0.6780 - acc: 0.5750
288/418 [===================>..........] - ETA: 23:18 - loss: 0.6760 - acc: 0.5833
296/418 [====================>.........] - ETA: 21:52 - loss: 0.6778 - acc: 0.5777
304/418 [====================>.........] - ETA: 20:26 - loss: 0.6778 - acc: 0.5789
312/418 [=====================>........] - ETA: 19:00 - loss: 0.6773 - acc: 0.5801
320/418 [=====================>........] - ETA: 17:34 - loss: 0.6755 - acc: 0.5844
328/418 [======================>.......] - ETA: 16:08 - loss: 0.6751 - acc: 0.5854
336/418 [=======================>......] - ETA: 14:42 - loss: 0.6756 - acc: 0.5833
344/418 [=======================>......] - ETA: 13:16 - loss: 0.6755 - acc: 0.5814
352/418 [========================>.....] - ETA: 11:50 - loss: 0.6772 - acc: 0.5767
360/418 [========================>.....] - ETA: 10:24 - loss: 0.6753 - acc: 0.5806
368/418 [=========================>....] - ETA: 8:57 - loss: 0.6739 - acc: 0.5842 
376/418 [=========================>....] - ETA: 7:31 - loss: 0.6746 - acc: 0.5824
384/418 [==========================>...] - ETA: 6:05 - loss: 0.6758 - acc: 0.5807
392/418 [===========================>..] - ETA: 4:39 - loss: 0.6735 - acc: 0.5867
400/418 [===========================>..] - ETA: 3:13 - loss: 0.6733 - acc: 0.5850
408/418 [============================>.] - ETA: 1:47 - loss: 0.6724 - acc: 0.5858
416/418 [============================>.] - ETA: 21s - loss: 0.6683 - acc: 0.5938 
418/418 [==============================] - 4752s 11s/step - loss: 0.6683 - acc: 0.5933 - val_loss: 0.6895 - val_acc: 0.5905
Epoch 3/10

  8/418 [..............................] - ETA: 1:13:42 - loss: 0.8014 - acc: 0.3750
 16/418 [>.............................] - ETA: 1:11:57 - loss: 0.6909 - acc: 0.5625
 24/418 [>.............................] - ETA: 1:10:29 - loss: 0.5916 - acc: 0.7083
 32/418 [=>............................] - ETA: 1:09:09 - loss: 0.6006 - acc: 0.6875
 40/418 [=>............................] - ETA: 1:07:46 - loss: 0.6053 - acc: 0.6750
 48/418 [==>...........................] - ETA: 1:06:22 - loss: 0.6268 - acc: 0.6667
 56/418 [===>..........................] - ETA: 1:04:58 - loss: 0.6155 - acc: 0.6786
 64/418 [===>..........................] - ETA: 1:03:34 - loss: 0.6520 - acc: 0.6406
 72/418 [====>.........................] - ETA: 1:02:08 - loss: 0.6355 - acc: 0.6528
 80/418 [====>.........................] - ETA: 1:00:42 - loss: 0.6477 - acc: 0.6375
 88/418 [=====>........................] - ETA: 59:16 - loss: 0.6395 - acc: 0.6477  
 96/418 [=====>........................] - ETA: 57:49 - loss: 0.6361 - acc: 0.6458
104/418 [======>.......................] - ETA: 56:20 - loss: 0.6412 - acc: 0.6346
112/418 [=======>......................] - ETA: 54:53 - loss: 0.6408 - acc: 0.6339
120/418 [=======>......................] - ETA: 53:28 - loss: 0.6399 - acc: 0.6333
128/418 [========>.....................] - ETA: 52:01 - loss: 0.6391 - acc: 0.6406
136/418 [========>.....................] - ETA: 50:36 - loss: 0.6363 - acc: 0.6471
144/418 [=========>....................] - ETA: 49:08 - loss: 0.6364 - acc: 0.6458
152/418 [=========>....................] - ETA: 47:41 - loss: 0.6374 - acc: 0.6447
160/418 [==========>...................] - ETA: 46:14 - loss: 0.6370 - acc: 0.6500
168/418 [===========>..................] - ETA: 44:49 - loss: 0.6385 - acc: 0.6429
176/418 [===========>..................] - ETA: 43:22 - loss: 0.6444 - acc: 0.6364
184/418 [============>.................] - ETA: 41:56 - loss: 0.6422 - acc: 0.6413
192/418 [============>.................] - ETA: 40:29 - loss: 0.6459 - acc: 0.6354
200/418 [=============>................] - ETA: 39:03 - loss: 0.6450 - acc: 0.6350
208/418 [=============>................] - ETA: 37:37 - loss: 0.6469 - acc: 0.6298
216/418 [==============>...............] - ETA: 36:10 - loss: 0.6477 - acc: 0.6296
224/418 [===============>..............] - ETA: 34:45 - loss: 0.6492 - acc: 0.6250
232/418 [===============>..............] - ETA: 33:19 - loss: 0.6479 - acc: 0.6250
240/418 [================>.............] - ETA: 31:53 - loss: 0.6517 - acc: 0.6208
248/418 [================>.............] - ETA: 30:27 - loss: 0.6516 - acc: 0.6250
256/418 [=================>............] - ETA: 29:01 - loss: 0.6515 - acc: 0.6289
264/418 [=================>............] - ETA: 27:35 - loss: 0.6530 - acc: 0.6288
272/418 [==================>...........] - ETA: 26:09 - loss: 0.6534 - acc: 0.6250
280/418 [===================>..........] - ETA: 24:43 - loss: 0.6542 - acc: 0.6214
288/418 [===================>..........] - ETA: 23:17 - loss: 0.6548 - acc: 0.6215
296/418 [====================>.........] - ETA: 21:51 - loss: 0.6565 - acc: 0.6149
304/418 [====================>.........] - ETA: 20:25 - loss: 0.6554 - acc: 0.6151
312/418 [=====================>........] - ETA: 18:59 - loss: 0.6547 - acc: 0.6154
320/418 [=====================>........] - ETA: 17:33 - loss: 0.6557 - acc: 0.6125
328/418 [======================>.......] - ETA: 16:07 - loss: 0.6538 - acc: 0.6159
336/418 [=======================>......] - ETA: 14:41 - loss: 0.6536 - acc: 0.6161
344/418 [=======================>......] - ETA: 13:15 - loss: 0.6543 - acc: 0.6163
352/418 [========================>.....] - ETA: 11:49 - loss: 0.6493 - acc: 0.6250
360/418 [========================>.....] - ETA: 10:23 - loss: 0.6444 - acc: 0.6333
368/418 [=========================>....] - ETA: 8:57 - loss: 0.6449 - acc: 0.6304 
376/418 [=========================>....] - ETA: 7:31 - loss: 0.6537 - acc: 0.6223
384/418 [==========================>...] - ETA: 6:05 - loss: 0.6593 - acc: 0.6172
392/418 [===========================>..] - ETA: 4:39 - loss: 0.6617 - acc: 0.6148
400/418 [===========================>..] - ETA: 3:13 - loss: 0.6623 - acc: 0.6125
408/418 [============================>.] - ETA: 1:47 - loss: 0.6630 - acc: 0.6103
416/418 [============================>.] - ETA: 21s - loss: 0.6649 - acc: 0.6058 
418/418 [==============================] - 4744s 11s/step - loss: 0.6651 - acc: 0.6053 - val_loss: 0.6810 - val_acc: 0.6286
Restoring model weights from the end of the best epoch
Epoch 00003: early stopping
Performance plot of fold 1:

 32/258 [==>...........................] - ETA: 2:21
 64/258 [======>.......................] - ETA: 2:02
 96/258 [==========>...................] - ETA: 1:40
128/258 [=============>................] - ETA: 1:20
160/258 [=================>............] - ETA: 1:01
192/258 [=====================>........] - ETA: 41s 
224/258 [=========================>....] - ETA: 21s
256/258 [============================>.] - ETA: 1s 
258/258 [==============================] - 173s 671ms/step
[['f1score', 0.8137931034482759], ['precision', 0.686046511627907], ['recall', 1.0], ['accuracy', 0.686046511627907]]
Fit fold 2  ==========================================================================
Train on 418 samples, validate on 105 samples
Epoch 1/10

  8/418 [..............................] - ETA: 1:14:21 - loss: 0.6817 - acc: 0.8750
 16/418 [>.............................] - ETA: 1:12:03 - loss: 0.6784 - acc: 0.7500
 24/418 [>.............................] - ETA: 1:10:38 - loss: 0.6733 - acc: 0.7083
 32/418 [=>............................] - ETA: 1:09:17 - loss: 0.6586 - acc: 0.7188
 40/418 [=>............................] - ETA: 1:07:45 - loss: 0.6486 - acc: 0.7250
 48/418 [==>...........................] - ETA: 1:06:18 - loss: 0.6316 - acc: 0.7292
 56/418 [===>..........................] - ETA: 1:04:49 - loss: 0.6252 - acc: 0.7321
 64/418 [===>..........................] - ETA: 1:03:25 - loss: 0.6556 - acc: 0.7031
 72/418 [====>.........................] - ETA: 1:02:02 - loss: 0.6628 - acc: 0.6944
 80/418 [====>.........................] - ETA: 1:00:35 - loss: 0.6939 - acc: 0.6625
 88/418 [=====>........................] - ETA: 59:10 - loss: 0.7056 - acc: 0.6477  
 96/418 [=====>........................] - ETA: 57:46 - loss: 0.6871 - acc: 0.6667
104/418 [======>.......................] - ETA: 56:18 - loss: 0.6858 - acc: 0.6635
112/418 [=======>......................] - ETA: 54:51 - loss: 0.6890 - acc: 0.6518
120/418 [=======>......................] - ETA: 53:24 - loss: 0.6954 - acc: 0.6333
128/418 [========>.....................] - ETA: 51:57 - loss: 0.6863 - acc: 0.6484
136/418 [========>.....................] - ETA: 50:33 - loss: 0.6834 - acc: 0.6471
144/418 [=========>....................] - ETA: 49:06 - loss: 0.6883 - acc: 0.6319
152/418 [=========>....................] - ETA: 47:40 - loss: 0.6897 - acc: 0.6250
160/418 [==========>...................] - ETA: 46:14 - loss: 0.6943 - acc: 0.6062
168/418 [===========>..................] - ETA: 44:46 - loss: 0.6941 - acc: 0.6012
176/418 [===========>..................] - ETA: 43:19 - loss: 0.6957 - acc: 0.5909
184/418 [============>.................] - ETA: 41:53 - loss: 0.6949 - acc: 0.5924
192/418 [============>.................] - ETA: 40:27 - loss: 0.6973 - acc: 0.5781
200/418 [=============>................] - ETA: 39:00 - loss: 0.6990 - acc: 0.5650
208/418 [=============>................] - ETA: 37:34 - loss: 0.6974 - acc: 0.5769
216/418 [==============>...............] - ETA: 36:08 - loss: 0.6987 - acc: 0.5648
224/418 [===============>..............] - ETA: 34:42 - loss: 0.6992 - acc: 0.5580
232/418 [===============>..............] - ETA: 33:16 - loss: 0.6984 - acc: 0.5647
240/418 [================>.............] - ETA: 31:49 - loss: 0.6981 - acc: 0.5667
248/418 [================>.............] - ETA: 30:23 - loss: 0.6981 - acc: 0.5565
256/418 [=================>............] - ETA: 28:58 - loss: 0.6980 - acc: 0.5586
264/418 [=================>............] - ETA: 27:31 - loss: 0.6978 - acc: 0.5606
272/418 [==================>...........] - ETA: 26:06 - loss: 0.6976 - acc: 0.5625
280/418 [===================>..........] - ETA: 24:40 - loss: 0.6977 - acc: 0.5571
288/418 [===================>..........] - ETA: 23:14 - loss: 0.6975 - acc: 0.5590
296/418 [====================>.........] - ETA: 21:49 - loss: 0.6974 - acc: 0.5541
304/418 [====================>.........] - ETA: 20:23 - loss: 0.6973 - acc: 0.5461
312/418 [=====================>........] - ETA: 18:57 - loss: 0.6973 - acc: 0.5449
320/418 [=====================>........] - ETA: 17:31 - loss: 0.6972 - acc: 0.5437
328/418 [======================>.......] - ETA: 16:06 - loss: 0.6972 - acc: 0.5396
336/418 [=======================>......] - ETA: 14:40 - loss: 0.6970 - acc: 0.5417
344/418 [=======================>......] - ETA: 13:14 - loss: 0.6968 - acc: 0.5465
352/418 [========================>.....] - ETA: 11:48 - loss: 0.6966 - acc: 0.5483
360/418 [========================>.....] - ETA: 10:22 - loss: 0.6965 - acc: 0.5472
368/418 [=========================>....] - ETA: 8:56 - loss: 0.6960 - acc: 0.5543 
376/418 [=========================>....] - ETA: 7:30 - loss: 0.6955 - acc: 0.5612
384/418 [==========================>...] - ETA: 6:04 - loss: 0.6954 - acc: 0.5599
392/418 [===========================>..] - ETA: 4:38 - loss: 0.6952 - acc: 0.5612
400/418 [===========================>..] - ETA: 3:13 - loss: 0.6950 - acc: 0.5625
408/418 [============================>.] - ETA: 1:47 - loss: 0.6947 - acc: 0.5637
416/418 [============================>.] - ETA: 21s - loss: 0.6944 - acc: 0.5649 
418/418 [==============================] - 4735s 11s/step - loss: 0.6940 - acc: 0.5670 - val_loss: 0.6820 - val_acc: 0.5905
Epoch 2/10

  8/418 [..............................] - ETA: 1:13:51 - loss: 0.7146 - acc: 0.3750
 16/418 [>.............................] - ETA: 1:12:24 - loss: 0.7042 - acc: 0.4375
 24/418 [>.............................] - ETA: 1:10:41 - loss: 0.6931 - acc: 0.5000
 32/418 [=>............................] - ETA: 1:09:10 - loss: 0.6918 - acc: 0.5000
 40/418 [=>............................] - ETA: 1:07:49 - loss: 0.6916 - acc: 0.5000
 48/418 [==>...........................] - ETA: 1:06:22 - loss: 0.6888 - acc: 0.5208
 56/418 [===>..........................] - ETA: 1:04:55 - loss: 0.6886 - acc: 0.5179
 64/418 [===>..........................] - ETA: 1:03:30 - loss: 0.6769 - acc: 0.5781
 72/418 [====>.........................] - ETA: 1:01:59 - loss: 0.6686 - acc: 0.6111
 80/418 [====>.........................] - ETA: 1:00:33 - loss: 0.6654 - acc: 0.6250
 88/418 [=====>........................] - ETA: 59:08 - loss: 0.6647 - acc: 0.6250  
 96/418 [=====>........................] - ETA: 57:43 - loss: 0.6744 - acc: 0.5938
104/418 [======>.......................] - ETA: 56:17 - loss: 0.6794 - acc: 0.5769
112/418 [=======>......................] - ETA: 54:53 - loss: 0.6752 - acc: 0.5893
120/418 [=======>......................] - ETA: 53:25 - loss: 0.6651 - acc: 0.6167
128/418 [========>.....................] - ETA: 51:58 - loss: 0.6636 - acc: 0.6172
136/418 [========>.....................] - ETA: 50:31 - loss: 0.6671 - acc: 0.6103
144/418 [=========>....................] - ETA: 49:05 - loss: 0.6669 - acc: 0.6111
152/418 [=========>....................] - ETA: 47:37 - loss: 0.6688 - acc: 0.6053
160/418 [==========>...................] - ETA: 46:11 - loss: 0.6684 - acc: 0.6062
168/418 [===========>..................] - ETA: 44:46 - loss: 0.6730 - acc: 0.5952
176/418 [===========>..................] - ETA: 43:20 - loss: 0.6724 - acc: 0.5966
184/418 [============>.................] - ETA: 41:55 - loss: 0.6724 - acc: 0.5978
192/418 [============>.................] - ETA: 40:28 - loss: 0.6746 - acc: 0.5938
200/418 [=============>................] - ETA: 39:02 - loss: 0.6713 - acc: 0.6000
208/418 [=============>................] - ETA: 37:36 - loss: 0.6706 - acc: 0.6010
216/418 [==============>...............] - ETA: 36:10 - loss: 0.6716 - acc: 0.5972
224/418 [===============>..............] - ETA: 34:44 - loss: 0.6717 - acc: 0.5982
232/418 [===============>..............] - ETA: 33:18 - loss: 0.6764 - acc: 0.5905
240/418 [================>.............] - ETA: 31:52 - loss: 0.6717 - acc: 0.6000
248/418 [================>.............] - ETA: 30:27 - loss: 0.6763 - acc: 0.5887
256/418 [=================>............] - ETA: 29:01 - loss: 0.6727 - acc: 0.5977
264/418 [=================>............] - ETA: 27:34 - loss: 0.6721 - acc: 0.5985
272/418 [==================>...........] - ETA: 26:09 - loss: 0.6688 - acc: 0.6066
280/418 [===================>..........] - ETA: 24:43 - loss: 0.6688 - acc: 0.6071
288/418 [===================>..........] - ETA: 23:17 - loss: 0.6684 - acc: 0.6076
296/418 [====================>.........] - ETA: 21:51 - loss: 0.6682 - acc: 0.6081
304/418 [====================>.........] - ETA: 20:25 - loss: 0.6634 - acc: 0.6184
312/418 [=====================>........] - ETA: 18:59 - loss: 0.6680 - acc: 0.6090
320/418 [=====================>........] - ETA: 17:33 - loss: 0.6696 - acc: 0.6062
328/418 [======================>.......] - ETA: 16:07 - loss: 0.6714 - acc: 0.6037
336/418 [=======================>......] - ETA: 14:41 - loss: 0.6692 - acc: 0.6071
344/418 [=======================>......] - ETA: 13:15 - loss: 0.6706 - acc: 0.6047
352/418 [========================>.....] - ETA: 11:49 - loss: 0.6723 - acc: 0.5994
360/418 [========================>.....] - ETA: 10:23 - loss: 0.6743 - acc: 0.5944
368/418 [=========================>....] - ETA: 8:57 - loss: 0.6762 - acc: 0.5897 
376/418 [=========================>....] - ETA: 7:31 - loss: 0.6767 - acc: 0.5878
384/418 [==========================>...] - ETA: 6:05 - loss: 0.6791 - acc: 0.5807
392/418 [===========================>..] - ETA: 4:39 - loss: 0.6778 - acc: 0.5842
400/418 [===========================>..] - ETA: 3:13 - loss: 0.6766 - acc: 0.5875
408/418 [============================>.] - ETA: 1:47 - loss: 0.6749 - acc: 0.5931
416/418 [============================>.] - ETA: 21s - loss: 0.6747 - acc: 0.5938 
418/418 [==============================] - 4747s 11s/step - loss: 0.6748 - acc: 0.5933 - val_loss: 0.6766 - val_acc: 0.5905
Epoch 3/10

  8/418 [..............................] - ETA: 1:14:44 - loss: 0.5894 - acc: 0.8750
 16/418 [>.............................] - ETA: 1:12:51 - loss: 0.6779 - acc: 0.5625
 24/418 [>.............................] - ETA: 1:11:21 - loss: 0.6739 - acc: 0.5833
 32/418 [=>............................] - ETA: 1:09:38 - loss: 0.6799 - acc: 0.5625
 40/418 [=>............................] - ETA: 1:08:04 - loss: 0.6656 - acc: 0.6000
 48/418 [==>...........................] - ETA: 1:06:35 - loss: 0.6588 - acc: 0.6250
 56/418 [===>..........................] - ETA: 1:05:10 - loss: 0.6604 - acc: 0.6250
 64/418 [===>..........................] - ETA: 1:03:45 - loss: 0.6659 - acc: 0.6094
 72/418 [====>.........................] - ETA: 1:02:15 - loss: 0.6609 - acc: 0.6250
 80/418 [====>.........................] - ETA: 1:00:49 - loss: 0.6645 - acc: 0.6125
 88/418 [=====>........................] - ETA: 59:21 - loss: 0.6600 - acc: 0.6250  
 96/418 [=====>........................] - ETA: 57:53 - loss: 0.6626 - acc: 0.6146
104/418 [======>.......................] - ETA: 56:25 - loss: 0.6618 - acc: 0.6154
112/418 [=======>......................] - ETA: 54:58 - loss: 0.6637 - acc: 0.6071
120/418 [=======>......................] - ETA: 53:33 - loss: 0.6649 - acc: 0.6000
128/418 [========>.....................] - ETA: 52:07 - loss: 0.6709 - acc: 0.5859
136/418 [========>.....................] - ETA: 50:42 - loss: 0.6703 - acc: 0.5882
144/418 [=========>....................] - ETA: 49:16 - loss: 0.6669 - acc: 0.5972
152/418 [=========>....................] - ETA: 47:50 - loss: 0.6681 - acc: 0.5921
160/418 [==========>...................] - ETA: 46:24 - loss: 0.6689 - acc: 0.5938
168/418 [===========>..................] - ETA: 44:58 - loss: 0.6701 - acc: 0.5893
176/418 [===========>..................] - ETA: 43:32 - loss: 0.6671 - acc: 0.5966
184/418 [============>.................] - ETA: 42:04 - loss: 0.6664 - acc: 0.5978
192/418 [============>.................] - ETA: 40:37 - loss: 0.6663 - acc: 0.5990
200/418 [=============>................] - ETA: 39:11 - loss: 0.6640 - acc: 0.6050
208/418 [=============>................] - ETA: 37:45 - loss: 0.6637 - acc: 0.6058
216/418 [==============>...............] - ETA: 36:19 - loss: 0.6630 - acc: 0.6065
224/418 [===============>..............] - ETA: 34:52 - loss: 0.6671 - acc: 0.5982
232/418 [===============>..............] - ETA: 33:26 - loss: 0.6661 - acc: 0.5991
240/418 [================>.............] - ETA: 31:59 - loss: 0.6617 - acc: 0.6083
248/418 [================>.............] - ETA: 30:34 - loss: 0.6639 - acc: 0.6008
256/418 [=================>............] - ETA: 29:07 - loss: 0.6634 - acc: 0.6016
264/418 [=================>............] - ETA: 27:41 - loss: 0.6656 - acc: 0.5947
272/418 [==================>...........] - ETA: 26:15 - loss: 0.6621 - acc: 0.6029
280/418 [===================>..........] - ETA: 24:49 - loss: 0.6624 - acc: 0.6000
288/418 [===================>..........] - ETA: 23:22 - loss: 0.6629 - acc: 0.5972
296/418 [====================>.........] - ETA: 21:55 - loss: 0.6650 - acc: 0.5912
304/418 [====================>.........] - ETA: 20:29 - loss: 0.6679 - acc: 0.5855
312/418 [=====================>........] - ETA: 19:03 - loss: 0.6671 - acc: 0.5833
320/418 [=====================>........] - ETA: 17:36 - loss: 0.6684 - acc: 0.5813
328/418 [======================>.......] - ETA: 16:10 - loss: 0.6673 - acc: 0.5823
336/418 [=======================>......] - ETA: 14:44 - loss: 0.6669 - acc: 0.5833
344/418 [=======================>......] - ETA: 13:17 - loss: 0.6672 - acc: 0.5843
352/418 [========================>.....] - ETA: 11:51 - loss: 0.6674 - acc: 0.5852
360/418 [========================>.....] - ETA: 10:25 - loss: 0.6682 - acc: 0.5806
368/418 [=========================>....] - ETA: 8:58 - loss: 0.6688 - acc: 0.5815 
376/418 [=========================>....] - ETA: 7:32 - loss: 0.6671 - acc: 0.5878
384/418 [==========================>...] - ETA: 6:06 - loss: 0.6682 - acc: 0.5859
392/418 [===========================>..] - ETA: 4:40 - loss: 0.6668 - acc: 0.5893
400/418 [===========================>..] - ETA: 3:14 - loss: 0.6660 - acc: 0.5925
408/418 [============================>.] - ETA: 1:47 - loss: 0.6648 - acc: 0.5980
416/418 [============================>.] - ETA: 21s - loss: 0.6640 - acc: 0.6010 
418/418 [==============================] - 4759s 11s/step - loss: 0.6643 - acc: 0.6005 - val_loss: 0.6803 - val_acc: 0.6000
Epoch 4/10

  8/418 [..............................] - ETA: 1:13:42 - loss: 0.5501 - acc: 0.7500
 16/418 [>.............................] - ETA: 1:12:30 - loss: 0.5465 - acc: 0.7500
 24/418 [>.............................] - ETA: 1:10:54 - loss: 0.6065 - acc: 0.6667
 32/418 [=>............................] - ETA: 1:09:26 - loss: 0.5905 - acc: 0.6875
 40/418 [=>............................] - ETA: 1:08:04 - loss: 0.6029 - acc: 0.6750
 48/418 [==>...........................] - ETA: 1:06:33 - loss: 0.6255 - acc: 0.6250
 56/418 [===>..........................] - ETA: 1:05:04 - loss: 0.6264 - acc: 0.6250
 64/418 [===>..........................] - ETA: 1:03:39 - loss: 0.6482 - acc: 0.6094
 72/418 [====>.........................] - ETA: 1:02:12 - loss: 0.6612 - acc: 0.5972
 80/418 [====>.........................] - ETA: 1:00:48 - loss: 0.6582 - acc: 0.6000
 88/418 [=====>........................] - ETA: 59:21 - loss: 0.6552 - acc: 0.6023  
 96/418 [=====>........................] - ETA: 57:58 - loss: 0.6392 - acc: 0.6250
104/418 [======>.......................] - ETA: 56:32 - loss: 0.6474 - acc: 0.6154
112/418 [=======>......................] - ETA: 55:06 - loss: 0.6560 - acc: 0.6071
120/418 [=======>......................] - ETA: 53:40 - loss: 0.6451 - acc: 0.6250
128/418 [========>.....................] - ETA: 52:13 - loss: 0.6428 - acc: 0.6328
136/418 [========>.....................] - ETA: 50:46 - loss: 0.6363 - acc: 0.6544
144/418 [=========>....................] - ETA: 49:20 - loss: 0.6336 - acc: 0.6597
152/418 [=========>....................] - ETA: 47:52 - loss: 0.6380 - acc: 0.6513
160/418 [==========>...................] - ETA: 46:25 - loss: 0.6365 - acc: 0.6562
168/418 [===========>..................] - ETA: 44:58 - loss: 0.6348 - acc: 0.6607
176/418 [===========>..................] - ETA: 43:31 - loss: 0.6285 - acc: 0.6648
184/418 [============>.................] - ETA: 42:04 - loss: 0.6318 - acc: 0.6576
192/418 [============>.................] - ETA: 40:38 - loss: 0.6298 - acc: 0.6615
200/418 [=============>................] - ETA: 39:11 - loss: 0.6271 - acc: 0.6650
208/418 [=============>................] - ETA: 37:45 - loss: 0.6285 - acc: 0.6587
216/418 [==============>...............] - ETA: 36:19 - loss: 0.6348 - acc: 0.6435
224/418 [===============>..............] - ETA: 34:52 - loss: 0.6348 - acc: 0.6429
232/418 [===============>..............] - ETA: 33:25 - loss: 0.6323 - acc: 0.6422
240/418 [================>.............] - ETA: 31:58 - loss: 0.6258 - acc: 0.6542
248/418 [================>.............] - ETA: 30:32 - loss: 0.6273 - acc: 0.6532
256/418 [=================>............] - ETA: 29:05 - loss: 0.6304 - acc: 0.6445
264/418 [=================>............] - ETA: 27:39 - loss: 0.6332 - acc: 0.6402
272/418 [==================>...........] - ETA: 26:13 - loss: 0.6361 - acc: 0.6287
280/418 [===================>..........] - ETA: 24:47 - loss: 0.6375 - acc: 0.6286
288/418 [===================>..........] - ETA: 23:20 - loss: 0.6349 - acc: 0.6319
296/418 [====================>.........] - ETA: 21:54 - loss: 0.6328 - acc: 0.6351
304/418 [====================>.........] - ETA: 20:27 - loss: 0.6326 - acc: 0.6349
312/418 [=====================>........] - ETA: 19:01 - loss: 0.6336 - acc: 0.6314
320/418 [=====================>........] - ETA: 17:35 - loss: 0.6321 - acc: 0.6344
328/418 [======================>.......] - ETA: 16:09 - loss: 0.6312 - acc: 0.6341
336/418 [=======================>......] - ETA: 14:43 - loss: 0.6339 - acc: 0.6280
344/418 [=======================>......] - ETA: 13:16 - loss: 0.6342 - acc: 0.6308
352/418 [========================>.....] - ETA: 11:50 - loss: 0.6350 - acc: 0.6250
360/418 [========================>.....] - ETA: 10:24 - loss: 0.6335 - acc: 0.6250
368/418 [=========================>....] - ETA: 8:58 - loss: 0.6347 - acc: 0.6250 
376/418 [=========================>....] - ETA: 7:32 - loss: 0.6340 - acc: 0.6303
384/418 [==========================>...] - ETA: 6:06 - loss: 0.6318 - acc: 0.6354
392/418 [===========================>..] - ETA: 4:40 - loss: 0.6337 - acc: 0.6301
400/418 [===========================>..] - ETA: 3:13 - loss: 0.6368 - acc: 0.6300
408/418 [============================>.] - ETA: 1:47 - loss: 0.6381 - acc: 0.6299
416/418 [============================>.] - ETA: 21s - loss: 0.6368 - acc: 0.6298 
418/418 [==============================] - 4754s 11s/step - loss: 0.6364 - acc: 0.6316 - val_loss: 0.6901 - val_acc: 0.5905
Restoring model weights from the end of the best epoch
Epoch 00004: early stopping
Performance plot of fold 2:

 32/258 [==>...........................] - ETA: 2:16
 64/258 [======>.......................] - ETA: 1:59
 96/258 [==========>...................] - ETA: 1:40
128/258 [=============>................] - ETA: 1:20
160/258 [=================>............] - ETA: 1:00
192/258 [=====================>........] - ETA: 41s 
224/258 [=========================>....] - ETA: 21s
256/258 [============================>.] - ETA: 1s 
258/258 [==============================] - 172s 667ms/step
[['f1score', 0.8137931034482759], ['precision', 0.686046511627907], ['recall', 1.0], ['accuracy', 0.686046511627907]]
Fit fold 3  ==========================================================================
Train on 418 samples, validate on 105 samples
Epoch 1/10

  8/418 [..............................] - ETA: 1:17:15 - loss: 0.6914 - acc: 0.5000
 16/418 [>.............................] - ETA: 1:15:25 - loss: 0.6944 - acc: 0.3750
 24/418 [>.............................] - ETA: 1:13:39 - loss: 0.6865 - acc: 0.5417
 32/418 [=>............................] - ETA: 1:12:01 - loss: 0.6892 - acc: 0.5312
 40/418 [=>............................] - ETA: 1:10:28 - loss: 0.6968 - acc: 0.5000
 48/418 [==>...........................] - ETA: 1:08:51 - loss: 0.6892 - acc: 0.5417
 56/418 [===>..........................] - ETA: 1:07:21 - loss: 0.6818 - acc: 0.5714
 64/418 [===>..........................] - ETA: 1:05:52 - loss: 0.6738 - acc: 0.5938
 72/418 [====>.........................] - ETA: 1:04:24 - loss: 0.6728 - acc: 0.5972
 80/418 [====>.........................] - ETA: 1:02:55 - loss: 0.6656 - acc: 0.6125
 88/418 [=====>........................] - ETA: 1:01:26 - loss: 0.6788 - acc: 0.5909
 96/418 [=====>........................] - ETA: 59:57 - loss: 0.6777 - acc: 0.5938  
104/418 [======>.......................] - ETA: 58:28 - loss: 0.6712 - acc: 0.6058
112/418 [=======>......................] - ETA: 57:01 - loss: 0.6647 - acc: 0.6161
120/418 [=======>......................] - ETA: 55:30 - loss: 0.6710 - acc: 0.6083
128/418 [========>.....................] - ETA: 53:58 - loss: 0.6609 - acc: 0.6250
136/418 [========>.....................] - ETA: 52:28 - loss: 0.6628 - acc: 0.6250
144/418 [=========>....................] - ETA: 50:57 - loss: 0.6720 - acc: 0.6111
152/418 [=========>....................] - ETA: 49:27 - loss: 0.6669 - acc: 0.6184
160/418 [==========>...................] - ETA: 47:58 - loss: 0.6662 - acc: 0.6188
168/418 [===========>..................] - ETA: 46:28 - loss: 0.6668 - acc: 0.6190
176/418 [===========>..................] - ETA: 44:58 - loss: 0.6628 - acc: 0.6250
184/418 [============>.................] - ETA: 43:29 - loss: 0.6625 - acc: 0.6250
192/418 [============>.................] - ETA: 42:00 - loss: 0.6725 - acc: 0.6094
200/418 [=============>................] - ETA: 40:31 - loss: 0.6721 - acc: 0.6100
208/418 [=============>................] - ETA: 39:01 - loss: 0.6689 - acc: 0.6154
216/418 [==============>...............] - ETA: 37:32 - loss: 0.6668 - acc: 0.6204
224/418 [===============>..............] - ETA: 36:03 - loss: 0.6664 - acc: 0.6205
232/418 [===============>..............] - ETA: 34:33 - loss: 0.6695 - acc: 0.6121
240/418 [================>.............] - ETA: 33:04 - loss: 0.6727 - acc: 0.6042
248/418 [================>.............] - ETA: 31:35 - loss: 0.6694 - acc: 0.6129
256/418 [=================>............] - ETA: 30:06 - loss: 0.6674 - acc: 0.6172
264/418 [=================>............] - ETA: 28:37 - loss: 0.6701 - acc: 0.6098
272/418 [==================>...........] - ETA: 27:07 - loss: 0.6700 - acc: 0.6103
280/418 [===================>..........] - ETA: 25:39 - loss: 0.6711 - acc: 0.6071
288/418 [===================>..........] - ETA: 24:09 - loss: 0.6697 - acc: 0.6111
296/418 [====================>.........] - ETA: 22:40 - loss: 0.6716 - acc: 0.6047
304/418 [====================>.........] - ETA: 21:11 - loss: 0.6725 - acc: 0.6020
312/418 [=====================>........] - ETA: 19:42 - loss: 0.6732 - acc: 0.5994
320/418 [=====================>........] - ETA: 18:12 - loss: 0.6730 - acc: 0.6000
328/418 [======================>.......] - ETA: 16:43 - loss: 0.6726 - acc: 0.6006
336/418 [=======================>......] - ETA: 15:14 - loss: 0.6724 - acc: 0.6012
344/418 [=======================>......] - ETA: 13:45 - loss: 0.6746 - acc: 0.5959
352/418 [========================>.....] - ETA: 12:15 - loss: 0.6753 - acc: 0.5938
360/418 [========================>.....] - ETA: 10:46 - loss: 0.6744 - acc: 0.5972
368/418 [=========================>....] - ETA: 9:17 - loss: 0.6750 - acc: 0.5951 
376/418 [=========================>....] - ETA: 7:48 - loss: 0.6754 - acc: 0.5931
384/418 [==========================>...] - ETA: 6:19 - loss: 0.6754 - acc: 0.5938
392/418 [===========================>..] - ETA: 4:49 - loss: 0.6755 - acc: 0.5944
400/418 [===========================>..] - ETA: 3:20 - loss: 0.6769 - acc: 0.5875
408/418 [============================>.] - ETA: 1:51 - loss: 0.6771 - acc: 0.5882
416/418 [============================>.] - ETA: 22s - loss: 0.6774 - acc: 0.5865 
418/418 [==============================] - 4918s 12s/step - loss: 0.6775 - acc: 0.5861 - val_loss: 0.6818 - val_acc: 0.5905
Epoch 2/10

  8/418 [..............................] - ETA: 1:16:40 - loss: 0.6481 - acc: 0.7500
 16/418 [>.............................] - ETA: 1:15:05 - loss: 0.6492 - acc: 0.7500
 24/418 [>.............................] - ETA: 1:13:41 - loss: 0.6700 - acc: 0.6250
 32/418 [=>............................] - ETA: 1:12:05 - loss: 0.6747 - acc: 0.5938
 40/418 [=>............................] - ETA: 1:10:30 - loss: 0.6754 - acc: 0.6000
 48/418 [==>...........................] - ETA: 1:09:07 - loss: 0.6741 - acc: 0.6042
 56/418 [===>..........................] - ETA: 1:07:30 - loss: 0.6728 - acc: 0.6071
 64/418 [===>..........................] - ETA: 1:06:01 - loss: 0.6722 - acc: 0.6094
 72/418 [====>.........................] - ETA: 1:04:29 - loss: 0.6769 - acc: 0.5833
 80/418 [====>.........................] - ETA: 1:02:59 - loss: 0.6707 - acc: 0.6125
 88/418 [=====>........................] - ETA: 1:01:29 - loss: 0.6782 - acc: 0.5795
 96/418 [=====>........................] - ETA: 59:56 - loss: 0.6771 - acc: 0.5833  
104/418 [======>.......................] - ETA: 58:29 - loss: 0.6741 - acc: 0.5962
112/418 [=======>......................] - ETA: 56:57 - loss: 0.6758 - acc: 0.5893
120/418 [=======>......................] - ETA: 55:27 - loss: 0.6738 - acc: 0.6000
128/418 [========>.....................] - ETA: 53:57 - loss: 0.6768 - acc: 0.5859
136/418 [========>.....................] - ETA: 52:26 - loss: 0.6781 - acc: 0.5809
144/418 [=========>....................] - ETA: 50:58 - loss: 0.6795 - acc: 0.5764
152/418 [=========>....................] - ETA: 49:29 - loss: 0.6784 - acc: 0.5789
160/418 [==========>...................] - ETA: 47:57 - loss: 0.6758 - acc: 0.5875
168/418 [===========>..................] - ETA: 46:28 - loss: 0.6746 - acc: 0.5893
176/418 [===========>..................] - ETA: 44:58 - loss: 0.6714 - acc: 0.5966
184/418 [============>.................] - ETA: 43:29 - loss: 0.6790 - acc: 0.5761
192/418 [============>.................] - ETA: 41:59 - loss: 0.6777 - acc: 0.5781
200/418 [=============>................] - ETA: 40:30 - loss: 0.6751 - acc: 0.5850
208/418 [=============>................] - ETA: 39:01 - loss: 0.6786 - acc: 0.5721
216/418 [==============>...............] - ETA: 37:31 - loss: 0.6808 - acc: 0.5648
224/418 [===============>..............] - ETA: 36:01 - loss: 0.6774 - acc: 0.5759
232/418 [===============>..............] - ETA: 34:32 - loss: 0.6784 - acc: 0.5733
240/418 [================>.............] - ETA: 33:03 - loss: 0.6762 - acc: 0.5792
248/418 [================>.............] - ETA: 31:33 - loss: 0.6770 - acc: 0.5766
256/418 [=================>............] - ETA: 30:04 - loss: 0.6774 - acc: 0.5742
264/418 [=================>............] - ETA: 28:35 - loss: 0.6810 - acc: 0.5606
272/418 [==================>...........] - ETA: 27:06 - loss: 0.6783 - acc: 0.5699
280/418 [===================>..........] - ETA: 25:37 - loss: 0.6782 - acc: 0.5679
288/418 [===================>..........] - ETA: 24:08 - loss: 0.6761 - acc: 0.5764
296/418 [====================>.........] - ETA: 22:39 - loss: 0.6747 - acc: 0.5811
304/418 [====================>.........] - ETA: 21:09 - loss: 0.6727 - acc: 0.5888
312/418 [=====================>........] - ETA: 19:41 - loss: 0.6715 - acc: 0.5929
320/418 [=====================>........] - ETA: 18:11 - loss: 0.6737 - acc: 0.5875
328/418 [======================>.......] - ETA: 16:42 - loss: 0.6758 - acc: 0.5823
336/418 [=======================>......] - ETA: 15:13 - loss: 0.6777 - acc: 0.5804
344/418 [=======================>......] - ETA: 13:44 - loss: 0.6758 - acc: 0.5843
352/418 [========================>.....] - ETA: 12:15 - loss: 0.6761 - acc: 0.5824
360/418 [========================>.....] - ETA: 10:46 - loss: 0.6755 - acc: 0.5833
368/418 [=========================>....] - ETA: 9:17 - loss: 0.6754 - acc: 0.5815 
376/418 [=========================>....] - ETA: 7:48 - loss: 0.6749 - acc: 0.5824
384/418 [==========================>...] - ETA: 6:18 - loss: 0.6733 - acc: 0.5859
392/418 [===========================>..] - ETA: 4:49 - loss: 0.6720 - acc: 0.5893
400/418 [===========================>..] - ETA: 3:20 - loss: 0.6697 - acc: 0.5950
408/418 [============================>.] - ETA: 1:51 - loss: 0.6710 - acc: 0.5931
416/418 [============================>.] - ETA: 22s - loss: 0.6705 - acc: 0.5938 
418/418 [==============================] - 4914s 12s/step - loss: 0.6708 - acc: 0.5933 - val_loss: 0.6817 - val_acc: 0.5905
Epoch 3/10

  8/418 [..............................] - ETA: 1:15:02 - loss: 0.5707 - acc: 0.7500
 16/418 [>.............................] - ETA: 1:14:16 - loss: 0.6358 - acc: 0.6875
 24/418 [>.............................] - ETA: 1:12:58 - loss: 0.6908 - acc: 0.5833
 32/418 [=>............................] - ETA: 1:11:30 - loss: 0.7167 - acc: 0.5312
 40/418 [=>............................] - ETA: 1:10:00 - loss: 0.7134 - acc: 0.5250
 48/418 [==>...........................] - ETA: 1:08:27 - loss: 0.7004 - acc: 0.5417
 56/418 [===>..........................] - ETA: 1:06:59 - loss: 0.6903 - acc: 0.5536
 64/418 [===>..........................] - ETA: 1:05:30 - loss: 0.6869 - acc: 0.5625
 72/418 [====>.........................] - ETA: 1:04:03 - loss: 0.6823 - acc: 0.5694
 80/418 [====>.........................] - ETA: 1:02:33 - loss: 0.6785 - acc: 0.5750
 88/418 [=====>........................] - ETA: 1:01:00 - loss: 0.6753 - acc: 0.5795
 96/418 [=====>........................] - ETA: 59:35 - loss: 0.6770 - acc: 0.5625  
104/418 [======>.......................] - ETA: 58:06 - loss: 0.6783 - acc: 0.5577
112/418 [=======>......................] - ETA: 56:39 - loss: 0.6778 - acc: 0.5625
120/418 [=======>......................] - ETA: 55:10 - loss: 0.6744 - acc: 0.5750
128/418 [========>.....................] - ETA: 53:42 - loss: 0.6677 - acc: 0.5938
136/418 [========>.....................] - ETA: 52:14 - loss: 0.6632 - acc: 0.6029
144/418 [=========>....................] - ETA: 50:45 - loss: 0.6613 - acc: 0.6111
152/418 [=========>....................] - ETA: 49:17 - loss: 0.6614 - acc: 0.6184
160/418 [==========>...................] - ETA: 47:47 - loss: 0.6575 - acc: 0.6312
168/418 [===========>..................] - ETA: 46:18 - loss: 0.6604 - acc: 0.6250
176/418 [===========>..................] - ETA: 44:49 - loss: 0.6605 - acc: 0.6250
184/418 [============>.................] - ETA: 43:20 - loss: 0.6582 - acc: 0.6250
192/418 [============>.................] - ETA: 41:52 - loss: 0.6639 - acc: 0.6146
200/418 [=============>................] - ETA: 40:22 - loss: 0.6583 - acc: 0.6250
208/418 [=============>................] - ETA: 38:54 - loss: 0.6537 - acc: 0.6298
216/418 [==============>...............] - ETA: 37:25 - loss: 0.6499 - acc: 0.6296
224/418 [===============>..............] - ETA: 35:55 - loss: 0.6458 - acc: 0.6339
232/418 [===============>..............] - ETA: 34:26 - loss: 0.6381 - acc: 0.6422
240/418 [================>.............] - ETA: 32:57 - loss: 0.6443 - acc: 0.6333
248/418 [================>.............] - ETA: 31:29 - loss: 0.6378 - acc: 0.6411
256/418 [=================>............] - ETA: 29:59 - loss: 0.6476 - acc: 0.6328
264/418 [=================>............] - ETA: 28:30 - loss: 0.6473 - acc: 0.6326
272/418 [==================>...........] - ETA: 27:02 - loss: 0.6539 - acc: 0.6250
280/418 [===================>..........] - ETA: 25:33 - loss: 0.6585 - acc: 0.6179
288/418 [===================>..........] - ETA: 24:05 - loss: 0.6540 - acc: 0.6215
296/418 [====================>.........] - ETA: 22:36 - loss: 0.6492 - acc: 0.6284
304/418 [====================>.........] - ETA: 21:07 - loss: 0.6508 - acc: 0.6217
312/418 [=====================>........] - ETA: 19:38 - loss: 0.6522 - acc: 0.6154
320/418 [=====================>........] - ETA: 18:09 - loss: 0.6548 - acc: 0.6062
328/418 [======================>.......] - ETA: 16:40 - loss: 0.6522 - acc: 0.6128
336/418 [=======================>......] - ETA: 15:11 - loss: 0.6505 - acc: 0.6161
344/418 [=======================>......] - ETA: 13:42 - loss: 0.6493 - acc: 0.6221
352/418 [========================>.....] - ETA: 12:13 - loss: 0.6511 - acc: 0.6165
360/418 [========================>.....] - ETA: 10:44 - loss: 0.6511 - acc: 0.6139
368/418 [=========================>....] - ETA: 9:15 - loss: 0.6532 - acc: 0.6087 
376/418 [=========================>....] - ETA: 7:46 - loss: 0.6533 - acc: 0.6117
384/418 [==========================>...] - ETA: 6:17 - loss: 0.6542 - acc: 0.6120
392/418 [===========================>..] - ETA: 4:48 - loss: 0.6545 - acc: 0.6097
400/418 [===========================>..] - ETA: 3:20 - loss: 0.6550 - acc: 0.6075
408/418 [============================>.] - ETA: 1:51 - loss: 0.6562 - acc: 0.6005
416/418 [============================>.] - ETA: 22s - loss: 0.6566 - acc: 0.5986 
418/418 [==============================] - 4901s 12s/step - loss: 0.6566 - acc: 0.5981 - val_loss: 0.6815 - val_acc: 0.5714
Epoch 4/10

  8/418 [..............................] - ETA: 1:16:24 - loss: 0.6205 - acc: 0.8750
 16/418 [>.............................] - ETA: 1:14:54 - loss: 0.6640 - acc: 0.5625
 24/418 [>.............................] - ETA: 1:13:26 - loss: 0.6510 - acc: 0.6667
 32/418 [=>............................] - ETA: 1:11:45 - loss: 0.6523 - acc: 0.6875
 40/418 [=>............................] - ETA: 1:10:14 - loss: 0.6533 - acc: 0.6750
 48/418 [==>...........................] - ETA: 1:08:47 - loss: 0.6433 - acc: 0.7083
 56/418 [===>..........................] - ETA: 1:07:15 - loss: 0.6572 - acc: 0.6607
 64/418 [===>..........................] - ETA: 1:05:48 - loss: 0.6532 - acc: 0.6719
 72/418 [====>.........................] - ETA: 1:04:18 - loss: 0.6557 - acc: 0.6667
 80/418 [====>.........................] - ETA: 1:02:49 - loss: 0.6490 - acc: 0.7000
 88/418 [=====>........................] - ETA: 1:01:20 - loss: 0.6463 - acc: 0.7045
 96/418 [=====>........................] - ETA: 59:51 - loss: 0.6473 - acc: 0.6979  
104/418 [======>.......................] - ETA: 58:21 - loss: 0.6400 - acc: 0.7115
112/418 [=======>......................] - ETA: 56:52 - loss: 0.6546 - acc: 0.6964
120/418 [=======>......................] - ETA: 55:21 - loss: 0.6474 - acc: 0.7000
128/418 [========>.....................] - ETA: 53:50 - loss: 0.6462 - acc: 0.6953
136/418 [========>.....................] - ETA: 52:21 - loss: 0.6397 - acc: 0.6912
144/418 [=========>....................] - ETA: 50:52 - loss: 0.6381 - acc: 0.6875
152/418 [=========>....................] - ETA: 49:22 - loss: 0.6404 - acc: 0.6776
160/418 [==========>...................] - ETA: 47:53 - loss: 0.6291 - acc: 0.6875
168/418 [===========>..................] - ETA: 46:23 - loss: 0.6238 - acc: 0.6845
176/418 [===========>..................] - ETA: 44:55 - loss: 0.6318 - acc: 0.6705
184/418 [============>.................] - ETA: 43:25 - loss: 0.6323 - acc: 0.6630
192/418 [============>.................] - ETA: 41:55 - loss: 0.6351 - acc: 0.6562
200/418 [=============>................] - ETA: 40:27 - loss: 0.6274 - acc: 0.6650
208/418 [=============>................] - ETA: 38:59 - loss: 0.6222 - acc: 0.6731
216/418 [==============>...............] - ETA: 37:30 - loss: 0.6178 - acc: 0.6759
224/418 [===============>..............] - ETA: 36:00 - loss: 0.6207 - acc: 0.6696
232/418 [===============>..............] - ETA: 34:30 - loss: 0.6168 - acc: 0.6767
240/418 [================>.............] - ETA: 33:02 - loss: 0.6229 - acc: 0.6708
248/418 [================>.............] - ETA: 31:33 - loss: 0.6176 - acc: 0.6734
256/418 [=================>............] - ETA: 30:04 - loss: 0.6127 - acc: 0.6797
264/418 [=================>............] - ETA: 28:34 - loss: 0.6181 - acc: 0.6705
272/418 [==================>...........] - ETA: 27:05 - loss: 0.6217 - acc: 0.6618
280/418 [===================>..........] - ETA: 25:36 - loss: 0.6211 - acc: 0.6607
288/418 [===================>..........] - ETA: 24:07 - loss: 0.6158 - acc: 0.6667
296/418 [====================>.........] - ETA: 22:38 - loss: 0.6153 - acc: 0.6689
304/418 [====================>.........] - ETA: 21:09 - loss: 0.6161 - acc: 0.6645
312/418 [=====================>........] - ETA: 19:40 - loss: 0.6147 - acc: 0.6667
320/418 [=====================>........] - ETA: 18:11 - loss: 0.6108 - acc: 0.6750
328/418 [======================>.......] - ETA: 16:42 - loss: 0.6051 - acc: 0.6799
336/418 [=======================>......] - ETA: 15:13 - loss: 0.6037 - acc: 0.6815
344/418 [=======================>......] - ETA: 13:44 - loss: 0.6046 - acc: 0.6802
352/418 [========================>.....] - ETA: 12:15 - loss: 0.6116 - acc: 0.6733
360/418 [========================>.....] - ETA: 10:45 - loss: 0.6087 - acc: 0.6750
368/418 [=========================>....] - ETA: 9:16 - loss: 0.6120 - acc: 0.6739 
376/418 [=========================>....] - ETA: 7:47 - loss: 0.6096 - acc: 0.6782
384/418 [==========================>...] - ETA: 6:18 - loss: 0.6107 - acc: 0.6719
392/418 [===========================>..] - ETA: 4:49 - loss: 0.6158 - acc: 0.6684
400/418 [===========================>..] - ETA: 3:20 - loss: 0.6153 - acc: 0.6650
408/418 [============================>.] - ETA: 1:51 - loss: 0.6134 - acc: 0.6667
416/418 [============================>.] - ETA: 22s - loss: 0.6145 - acc: 0.6635 
418/418 [==============================] - 4911s 12s/step - loss: 0.6141 - acc: 0.6651 - val_loss: 0.7984 - val_acc: 0.4571
Epoch 5/10

  8/418 [..............................] - ETA: 1:16:07 - loss: 0.6925 - acc: 0.3750
 16/418 [>.............................] - ETA: 1:14:32 - loss: 0.6966 - acc: 0.4375
 24/418 [>.............................] - ETA: 1:13:03 - loss: 0.6203 - acc: 0.5833
 32/418 [=>............................] - ETA: 1:11:34 - loss: 0.5987 - acc: 0.6562
 40/418 [=>............................] - ETA: 1:10:09 - loss: 0.5883 - acc: 0.7000
 48/418 [==>...........................] - ETA: 1:08:40 - loss: 0.5851 - acc: 0.7083
 56/418 [===>..........................] - ETA: 1:07:11 - loss: 0.5792 - acc: 0.7143
 64/418 [===>..........................] - ETA: 1:05:43 - loss: 0.5743 - acc: 0.7031
 72/418 [====>.........................] - ETA: 1:04:15 - loss: 0.5625 - acc: 0.7222
 80/418 [====>.........................] - ETA: 1:02:46 - loss: 0.5610 - acc: 0.7125
 88/418 [=====>........................] - ETA: 1:01:16 - loss: 0.5725 - acc: 0.7045
 96/418 [=====>........................] - ETA: 59:48 - loss: 0.5594 - acc: 0.7188  
104/418 [======>.......................] - ETA: 58:18 - loss: 0.5522 - acc: 0.7404
112/418 [=======>......................] - ETA: 56:49 - loss: 0.5425 - acc: 0.7411
120/418 [=======>......................] - ETA: 55:20 - loss: 0.5452 - acc: 0.7417
128/418 [========>.....................] - ETA: 53:51 - loss: 0.5371 - acc: 0.7422
136/418 [========>.....................] - ETA: 52:23 - loss: 0.5273 - acc: 0.7500
144/418 [=========>....................] - ETA: 50:55 - loss: 0.5409 - acc: 0.7361
152/418 [=========>....................] - ETA: 49:25 - loss: 0.5433 - acc: 0.7368
160/418 [==========>...................] - ETA: 47:54 - loss: 0.5462 - acc: 0.7312
168/418 [===========>..................] - ETA: 46:25 - loss: 0.5402 - acc: 0.7381
176/418 [===========>..................] - ETA: 44:55 - loss: 0.5494 - acc: 0.7273
184/418 [============>.................] - ETA: 43:26 - loss: 0.5427 - acc: 0.7337
192/418 [============>.................] - ETA: 41:57 - loss: 0.5453 - acc: 0.7344
200/418 [=============>................] - ETA: 40:27 - loss: 0.5374 - acc: 0.7400
208/418 [=============>................] - ETA: 38:58 - loss: 0.5318 - acc: 0.7404
216/418 [==============>...............] - ETA: 37:28 - loss: 0.5384 - acc: 0.7269
224/418 [===============>..............] - ETA: 36:00 - loss: 0.5462 - acc: 0.7188
232/418 [===============>..............] - ETA: 34:32 - loss: 0.5480 - acc: 0.7155
240/418 [================>.............] - ETA: 33:02 - loss: 0.5502 - acc: 0.7167
248/418 [================>.............] - ETA: 31:34 - loss: 0.5481 - acc: 0.7177
256/418 [=================>............] - ETA: 30:04 - loss: 0.5439 - acc: 0.7227
264/418 [=================>............] - ETA: 28:35 - loss: 0.5464 - acc: 0.7197
272/418 [==================>...........] - ETA: 27:06 - loss: 0.5492 - acc: 0.7169
280/418 [===================>..........] - ETA: 25:37 - loss: 0.5543 - acc: 0.7107
288/418 [===================>..........] - ETA: 24:08 - loss: 0.5558 - acc: 0.7083
296/418 [====================>.........] - ETA: 22:39 - loss: 0.5595 - acc: 0.7027
304/418 [====================>.........] - ETA: 21:09 - loss: 0.5572 - acc: 0.7039
312/418 [=====================>........] - ETA: 19:40 - loss: 0.5552 - acc: 0.7051
320/418 [=====================>........] - ETA: 18:11 - loss: 0.5549 - acc: 0.7063
328/418 [======================>.......] - ETA: 16:42 - loss: 0.5539 - acc: 0.7073
336/418 [=======================>......] - ETA: 15:13 - loss: 0.5589 - acc: 0.7024
344/418 [=======================>......] - ETA: 13:44 - loss: 0.5559 - acc: 0.7035
352/418 [========================>.....] - ETA: 12:15 - loss: 0.5555 - acc: 0.7017
360/418 [========================>.....] - ETA: 10:46 - loss: 0.5552 - acc: 0.7028
368/418 [=========================>....] - ETA: 9:17 - loss: 0.5542 - acc: 0.7038 
376/418 [=========================>....] - ETA: 7:47 - loss: 0.5533 - acc: 0.7048
384/418 [==========================>...] - ETA: 6:18 - loss: 0.5575 - acc: 0.7031
392/418 [===========================>..] - ETA: 4:49 - loss: 0.5624 - acc: 0.6964
400/418 [===========================>..] - ETA: 3:20 - loss: 0.5622 - acc: 0.6950
408/418 [============================>.] - ETA: 1:51 - loss: 0.5640 - acc: 0.6936
416/418 [============================>.] - ETA: 22s - loss: 0.5624 - acc: 0.6947 
418/418 [==============================] - 4912s 12s/step - loss: 0.5639 - acc: 0.6938 - val_loss: 0.6824 - val_acc: 0.6286
Restoring model weights from the end of the best epoch
Epoch 00005: early stopping
Performance plot of fold 3:

 32/258 [==>...........................] - ETA: 2:25
 64/258 [======>.......................] - ETA: 2:03
 96/258 [==========>...................] - ETA: 1:41
128/258 [=============>................] - ETA: 1:21
160/258 [=================>............] - ETA: 1:01
192/258 [=====================>........] - ETA: 41s 
224/258 [=========================>....] - ETA: 21s
256/258 [============================>.] - ETA: 1s 
258/258 [==============================] - 172s 667ms/step
[['f1score', 0.7005988023952096], ['precision', 0.7452229299363057], ['recall', 0.6610169491525424], ['accuracy', 0.6124031007751938]]
Fit fold 4  ==========================================================================
Train on 419 samples, validate on 104 samples
Epoch 1/10

  8/419 [..............................] - ETA: 1:17:35 - loss: 0.6913 - acc: 0.3750
 16/419 [>.............................] - ETA: 1:15:12 - loss: 0.6745 - acc: 0.5625
 24/419 [>.............................] - ETA: 1:13:28 - loss: 0.7097 - acc: 0.4167
 32/419 [=>............................] - ETA: 1:11:53 - loss: 0.7186 - acc: 0.3750
 40/419 [=>............................] - ETA: 1:10:18 - loss: 0.7079 - acc: 0.4250
 48/419 [==>...........................] - ETA: 1:08:45 - loss: 0.7058 - acc: 0.4375
 56/419 [===>..........................] - ETA: 1:07:12 - loss: 0.7037 - acc: 0.4464
 64/419 [===>..........................] - ETA: 1:05:42 - loss: 0.7071 - acc: 0.4219
 72/419 [====>.........................] - ETA: 1:04:12 - loss: 0.7065 - acc: 0.4167
 80/419 [====>.........................] - ETA: 1:02:41 - loss: 0.7071 - acc: 0.3875
 88/419 [=====>........................] - ETA: 1:01:10 - loss: 0.7060 - acc: 0.3977
 96/419 [=====>........................] - ETA: 59:40 - loss: 0.7053 - acc: 0.4062  
104/419 [======>.......................] - ETA: 58:10 - loss: 0.7034 - acc: 0.4327
112/419 [=======>......................] - ETA: 56:41 - loss: 0.7006 - acc: 0.4554
120/419 [=======>......................] - ETA: 55:12 - loss: 0.7014 - acc: 0.4500
128/419 [========>.....................] - ETA: 53:43 - loss: 0.6971 - acc: 0.4766
136/419 [========>.....................] - ETA: 52:15 - loss: 0.6936 - acc: 0.4926
144/419 [=========>....................] - ETA: 50:46 - loss: 0.6896 - acc: 0.5069
152/419 [=========>....................] - ETA: 49:17 - loss: 0.6944 - acc: 0.4934
160/419 [==========>...................] - ETA: 47:48 - loss: 0.6929 - acc: 0.5000
168/419 [===========>..................] - ETA: 46:20 - loss: 0.6911 - acc: 0.5060
176/419 [===========>..................] - ETA: 44:50 - loss: 0.6873 - acc: 0.5170
184/419 [============>.................] - ETA: 43:22 - loss: 0.6839 - acc: 0.5272
192/419 [============>.................] - ETA: 41:54 - loss: 0.6917 - acc: 0.5156
200/419 [=============>................] - ETA: 40:25 - loss: 0.6984 - acc: 0.5050
208/419 [=============>................] - ETA: 38:56 - loss: 0.6987 - acc: 0.5048
216/419 [==============>...............] - ETA: 37:28 - loss: 0.6931 - acc: 0.5185
224/419 [===============>..............] - ETA: 35:59 - loss: 0.6982 - acc: 0.5089
232/419 [===============>..............] - ETA: 34:30 - loss: 0.6953 - acc: 0.5172
240/419 [================>.............] - ETA: 33:02 - loss: 0.6947 - acc: 0.5208
248/419 [================>.............] - ETA: 31:33 - loss: 0.6937 - acc: 0.5242
256/419 [=================>............] - ETA: 30:05 - loss: 0.6939 - acc: 0.5234
264/419 [=================>............] - ETA: 28:36 - loss: 0.6918 - acc: 0.5303
272/419 [==================>...........] - ETA: 27:08 - loss: 0.6884 - acc: 0.5404
280/419 [===================>..........] - ETA: 25:39 - loss: 0.6875 - acc: 0.5429
288/419 [===================>..........] - ETA: 24:11 - loss: 0.6882 - acc: 0.5417
296/419 [====================>.........] - ETA: 22:42 - loss: 0.6884 - acc: 0.5405
304/419 [====================>.........] - ETA: 21:13 - loss: 0.6855 - acc: 0.5493
312/419 [=====================>........] - ETA: 19:45 - loss: 0.6863 - acc: 0.5481
320/419 [=====================>........] - ETA: 18:16 - loss: 0.6873 - acc: 0.5469
328/419 [======================>.......] - ETA: 16:47 - loss: 0.6888 - acc: 0.5427
336/419 [=======================>......] - ETA: 15:19 - loss: 0.6913 - acc: 0.5357
344/419 [=======================>......] - ETA: 13:50 - loss: 0.6919 - acc: 0.5349
352/419 [========================>.....] - ETA: 12:22 - loss: 0.6896 - acc: 0.5426
360/419 [========================>.....] - ETA: 10:53 - loss: 0.6910 - acc: 0.5389
368/419 [=========================>....] - ETA: 9:24 - loss: 0.6905 - acc: 0.5408 
376/419 [=========================>....] - ETA: 7:56 - loss: 0.6907 - acc: 0.5399
384/419 [==========================>...] - ETA: 6:27 - loss: 0.6894 - acc: 0.5443
392/419 [===========================>..] - ETA: 4:58 - loss: 0.6888 - acc: 0.5459
400/419 [===========================>..] - ETA: 3:30 - loss: 0.6889 - acc: 0.5450
408/419 [============================>.] - ETA: 2:01 - loss: 0.6879 - acc: 0.5490
416/419 [============================>.] - ETA: 33s - loss: 0.6879 - acc: 0.5481 
419/419 [==============================] - 4868s 12s/step - loss: 0.6879 - acc: 0.5489 - val_loss: 0.6760 - val_acc: 0.5962
Epoch 2/10

  8/419 [..............................] - ETA: 1:16:14 - loss: 0.7336 - acc: 0.3750
 16/419 [>.............................] - ETA: 1:14:39 - loss: 0.7191 - acc: 0.4375
 24/419 [>.............................] - ETA: 1:12:59 - loss: 0.6907 - acc: 0.5417
 32/419 [=>............................] - ETA: 1:11:33 - loss: 0.6773 - acc: 0.5938
 40/419 [=>............................] - ETA: 1:10:06 - loss: 0.6671 - acc: 0.6250
 48/419 [==>...........................] - ETA: 1:08:35 - loss: 0.6620 - acc: 0.6458
 56/419 [===>..........................] - ETA: 1:07:01 - loss: 0.6729 - acc: 0.6071
 64/419 [===>..........................] - ETA: 1:05:34 - loss: 0.6763 - acc: 0.5938
 72/419 [====>.........................] - ETA: 1:04:08 - loss: 0.6697 - acc: 0.6111
 80/419 [====>.........................] - ETA: 1:02:39 - loss: 0.6691 - acc: 0.6125
 88/419 [=====>........................] - ETA: 1:01:11 - loss: 0.6747 - acc: 0.5909
 96/419 [=====>........................] - ETA: 59:43 - loss: 0.6766 - acc: 0.5833  
104/419 [======>.......................] - ETA: 58:14 - loss: 0.6723 - acc: 0.5962
112/419 [=======>......................] - ETA: 56:46 - loss: 0.6744 - acc: 0.5893
120/419 [=======>......................] - ETA: 55:16 - loss: 0.6832 - acc: 0.5667
128/419 [========>.....................] - ETA: 53:49 - loss: 0.6894 - acc: 0.5469
136/419 [========>.....................] - ETA: 52:20 - loss: 0.6927 - acc: 0.5368
144/419 [=========>....................] - ETA: 50:51 - loss: 0.6912 - acc: 0.5417
152/419 [=========>....................] - ETA: 49:22 - loss: 0.6913 - acc: 0.5395
160/419 [==========>...................] - ETA: 47:52 - loss: 0.6900 - acc: 0.5437
168/419 [===========>..................] - ETA: 46:23 - loss: 0.6888 - acc: 0.5476
176/419 [===========>..................] - ETA: 44:55 - loss: 0.6847 - acc: 0.5625
184/419 [============>.................] - ETA: 43:26 - loss: 0.6838 - acc: 0.5652
192/419 [============>.................] - ETA: 41:58 - loss: 0.6845 - acc: 0.5625
200/419 [=============>................] - ETA: 40:30 - loss: 0.6826 - acc: 0.5700
208/419 [=============>................] - ETA: 39:01 - loss: 0.6818 - acc: 0.5721
216/419 [==============>...............] - ETA: 37:32 - loss: 0.6809 - acc: 0.5741
224/419 [===============>..............] - ETA: 36:03 - loss: 0.6800 - acc: 0.5759
232/419 [===============>..............] - ETA: 34:34 - loss: 0.6811 - acc: 0.5733
240/419 [================>.............] - ETA: 33:05 - loss: 0.6815 - acc: 0.5708
248/419 [================>.............] - ETA: 31:36 - loss: 0.6833 - acc: 0.5645
256/419 [=================>............] - ETA: 30:07 - loss: 0.6850 - acc: 0.5586
264/419 [=================>............] - ETA: 28:38 - loss: 0.6833 - acc: 0.5644
272/419 [==================>...........] - ETA: 27:10 - loss: 0.6826 - acc: 0.5662
280/419 [===================>..........] - ETA: 25:41 - loss: 0.6829 - acc: 0.5643
288/419 [===================>..........] - ETA: 24:12 - loss: 0.6796 - acc: 0.5764
296/419 [====================>.........] - ETA: 22:44 - loss: 0.6782 - acc: 0.5811
304/419 [====================>.........] - ETA: 21:15 - loss: 0.6796 - acc: 0.5757
312/419 [=====================>........] - ETA: 19:46 - loss: 0.6802 - acc: 0.5737
320/419 [=====================>........] - ETA: 18:17 - loss: 0.6796 - acc: 0.5750
328/419 [======================>.......] - ETA: 16:48 - loss: 0.6781 - acc: 0.5762
336/419 [=======================>......] - ETA: 15:19 - loss: 0.6756 - acc: 0.5833
344/419 [=======================>......] - ETA: 13:51 - loss: 0.6769 - acc: 0.5814
352/419 [========================>.....] - ETA: 12:22 - loss: 0.6754 - acc: 0.5852
360/419 [========================>.....] - ETA: 10:53 - loss: 0.6729 - acc: 0.5917
368/419 [=========================>....] - ETA: 9:25 - loss: 0.6738 - acc: 0.5897 
376/419 [=========================>....] - ETA: 7:56 - loss: 0.6710 - acc: 0.5957
384/419 [==========================>...] - ETA: 6:27 - loss: 0.6736 - acc: 0.5911
392/419 [===========================>..] - ETA: 4:59 - loss: 0.6729 - acc: 0.5918
400/419 [===========================>..] - ETA: 3:30 - loss: 0.6753 - acc: 0.5875
408/419 [============================>.] - ETA: 2:01 - loss: 0.6747 - acc: 0.5882
416/419 [============================>.] - ETA: 33s - loss: 0.6719 - acc: 0.5938 
419/419 [==============================] - 4877s 12s/step - loss: 0.6728 - acc: 0.5919 - val_loss: 0.6799 - val_acc: 0.5962
Epoch 3/10

  8/419 [..............................] - ETA: 1:15:05 - loss: 0.8597 - acc: 0.2500
 16/419 [>.............................] - ETA: 1:13:44 - loss: 0.7918 - acc: 0.3750
 24/419 [>.............................] - ETA: 1:12:21 - loss: 0.7228 - acc: 0.5000
 32/419 [=>............................] - ETA: 1:11:03 - loss: 0.7198 - acc: 0.5000
 40/419 [=>............................] - ETA: 1:09:45 - loss: 0.7161 - acc: 0.5000
 48/419 [==>...........................] - ETA: 1:08:19 - loss: 0.7250 - acc: 0.4792
 56/419 [===>..........................] - ETA: 1:06:49 - loss: 0.7234 - acc: 0.4821
 64/419 [===>..........................] - ETA: 1:05:24 - loss: 0.7154 - acc: 0.5000
 72/419 [====>.........................] - ETA: 1:04:02 - loss: 0.7083 - acc: 0.5139
 80/419 [====>.........................] - ETA: 1:02:35 - loss: 0.7064 - acc: 0.5125
 88/419 [=====>........................] - ETA: 1:01:06 - loss: 0.7051 - acc: 0.5114
 96/419 [=====>........................] - ETA: 59:38 - loss: 0.7126 - acc: 0.4792  
104/419 [======>.......................] - ETA: 58:10 - loss: 0.7109 - acc: 0.4808
112/419 [=======>......................] - ETA: 56:42 - loss: 0.7098 - acc: 0.4821
120/419 [=======>......................] - ETA: 55:14 - loss: 0.7075 - acc: 0.4917
128/419 [========>.....................] - ETA: 53:44 - loss: 0.7059 - acc: 0.5000
136/419 [========>.....................] - ETA: 52:15 - loss: 0.7048 - acc: 0.5000
144/419 [=========>....................] - ETA: 50:48 - loss: 0.7035 - acc: 0.5000
152/419 [=========>....................] - ETA: 49:18 - loss: 0.7014 - acc: 0.5197
160/419 [==========>...................] - ETA: 47:49 - loss: 0.7005 - acc: 0.5188
168/419 [===========>..................] - ETA: 46:21 - loss: 0.6997 - acc: 0.5238
176/419 [===========>..................] - ETA: 44:53 - loss: 0.6983 - acc: 0.5341
184/419 [============>.................] - ETA: 43:26 - loss: 0.6973 - acc: 0.5435
192/419 [============>.................] - ETA: 41:58 - loss: 0.6960 - acc: 0.5469
200/419 [=============>................] - ETA: 40:29 - loss: 0.6949 - acc: 0.5600
208/419 [=============>................] - ETA: 39:00 - loss: 0.6940 - acc: 0.5625
216/419 [==============>...............] - ETA: 37:31 - loss: 0.6922 - acc: 0.5694
224/419 [===============>..............] - ETA: 36:02 - loss: 0.6919 - acc: 0.5714
232/419 [===============>..............] - ETA: 34:33 - loss: 0.6918 - acc: 0.5733
240/419 [================>.............] - ETA: 33:05 - loss: 0.6902 - acc: 0.5792
248/419 [================>.............] - ETA: 31:36 - loss: 0.6912 - acc: 0.5726
256/419 [=================>............] - ETA: 30:07 - loss: 0.6893 - acc: 0.5781
264/419 [=================>............] - ETA: 28:38 - loss: 0.6877 - acc: 0.5833
272/419 [==================>...........] - ETA: 27:09 - loss: 0.6849 - acc: 0.5882
280/419 [===================>..........] - ETA: 25:40 - loss: 0.6847 - acc: 0.5857
288/419 [===================>..........] - ETA: 24:12 - loss: 0.6837 - acc: 0.5868
296/419 [====================>.........] - ETA: 22:43 - loss: 0.6844 - acc: 0.5845
304/419 [====================>.........] - ETA: 21:14 - loss: 0.6849 - acc: 0.5822
312/419 [=====================>........] - ETA: 19:45 - loss: 0.6832 - acc: 0.5833
320/419 [=====================>........] - ETA: 18:17 - loss: 0.6824 - acc: 0.5844
328/419 [======================>.......] - ETA: 16:48 - loss: 0.6799 - acc: 0.5884
336/419 [=======================>......] - ETA: 15:19 - loss: 0.6786 - acc: 0.5893
344/419 [=======================>......] - ETA: 13:51 - loss: 0.6779 - acc: 0.5930
352/419 [========================>.....] - ETA: 12:22 - loss: 0.6768 - acc: 0.5938
360/419 [========================>.....] - ETA: 10:53 - loss: 0.6780 - acc: 0.5917
368/419 [=========================>....] - ETA: 9:25 - loss: 0.6761 - acc: 0.5951 
376/419 [=========================>....] - ETA: 7:56 - loss: 0.6725 - acc: 0.6011
384/419 [==========================>...] - ETA: 6:27 - loss: 0.6756 - acc: 0.5938
392/419 [===========================>..] - ETA: 4:59 - loss: 0.6738 - acc: 0.5969
400/419 [===========================>..] - ETA: 3:30 - loss: 0.6724 - acc: 0.5975
408/419 [============================>.] - ETA: 2:01 - loss: 0.6673 - acc: 0.6054
416/419 [============================>.] - ETA: 33s - loss: 0.6662 - acc: 0.6058 
419/419 [==============================] - 4875s 12s/step - loss: 0.6642 - acc: 0.6086 - val_loss: 0.7261 - val_acc: 0.5962
Restoring model weights from the end of the best epoch
Epoch 00003: early stopping
Performance plot of fold 4:

 32/258 [==>...........................] - ETA: 2:22
 64/258 [======>.......................] - ETA: 2:01
 96/258 [==========>...................] - ETA: 1:41
128/258 [=============>................] - ETA: 1:20
160/258 [=================>............] - ETA: 1:00
192/258 [=====================>........] - ETA: 40s 
224/258 [=========================>....] - ETA: 21s
256/258 [============================>.] - ETA: 1s 
258/258 [==============================] - 171s 663ms/step
[['f1score', 0.8137931034482759], ['precision', 0.686046511627907], ['recall', 1.0], ['accuracy', 0.686046511627907]]
Fit fold 5  ==========================================================================
Train on 419 samples, validate on 104 samples
Epoch 1/10

  8/419 [..............................] - ETA: 1:14:22 - loss: 0.6953 - acc: 0.5000
 16/419 [>.............................] - ETA: 1:13:02 - loss: 0.6974 - acc: 0.3125
 24/419 [>.............................] - ETA: 1:11:19 - loss: 0.6970 - acc: 0.3750
 32/419 [=>............................] - ETA: 1:09:32 - loss: 0.6967 - acc: 0.4062
 40/419 [=>............................] - ETA: 1:07:56 - loss: 0.6926 - acc: 0.4500
 48/419 [==>...........................] - ETA: 1:06:32 - loss: 0.6870 - acc: 0.5000
 56/419 [===>..........................] - ETA: 1:05:07 - loss: 0.6888 - acc: 0.5000
 64/419 [===>..........................] - ETA: 1:03:29 - loss: 0.6750 - acc: 0.5625
 72/419 [====>.........................] - ETA: 1:02:03 - loss: 0.6654 - acc: 0.5972
 80/419 [====>.........................] - ETA: 1:00:37 - loss: 0.6649 - acc: 0.6000
 88/419 [=====>........................] - ETA: 59:10 - loss: 0.6601 - acc: 0.6136  
 96/419 [=====>........................] - ETA: 57:43 - loss: 0.6746 - acc: 0.5938
104/419 [======>.......................] - ETA: 56:15 - loss: 0.6670 - acc: 0.6058
112/419 [=======>......................] - ETA: 54:50 - loss: 0.6743 - acc: 0.5982
120/419 [=======>......................] - ETA: 53:24 - loss: 0.6732 - acc: 0.6000
128/419 [========>.....................] - ETA: 51:59 - loss: 0.6782 - acc: 0.5938
136/419 [========>.....................] - ETA: 50:34 - loss: 0.6719 - acc: 0.6029
144/419 [=========>....................] - ETA: 49:09 - loss: 0.6677 - acc: 0.6111
152/419 [=========>....................] - ETA: 47:43 - loss: 0.6628 - acc: 0.6184
160/419 [==========>...................] - ETA: 46:17 - loss: 0.6662 - acc: 0.6125
168/419 [===========>..................] - ETA: 44:50 - loss: 0.6662 - acc: 0.6131
176/419 [===========>..................] - ETA: 43:25 - loss: 0.6664 - acc: 0.6136
184/419 [============>.................] - ETA: 41:59 - loss: 0.6631 - acc: 0.6196
192/419 [============>.................] - ETA: 40:32 - loss: 0.6623 - acc: 0.6198
200/419 [=============>................] - ETA: 39:07 - loss: 0.6717 - acc: 0.6050
208/419 [=============>................] - ETA: 37:42 - loss: 0.6714 - acc: 0.6058
216/419 [==============>...............] - ETA: 36:16 - loss: 0.6707 - acc: 0.6065
224/419 [===============>..............] - ETA: 34:50 - loss: 0.6747 - acc: 0.5982
232/419 [===============>..............] - ETA: 33:24 - loss: 0.6746 - acc: 0.5991
240/419 [================>.............] - ETA: 31:58 - loss: 0.6724 - acc: 0.6042
248/419 [================>.............] - ETA: 30:31 - loss: 0.6756 - acc: 0.5968
256/419 [=================>............] - ETA: 29:06 - loss: 0.6725 - acc: 0.6055
264/419 [=================>............] - ETA: 27:40 - loss: 0.6696 - acc: 0.6136
272/419 [==================>...........] - ETA: 26:14 - loss: 0.6696 - acc: 0.6140
280/419 [===================>..........] - ETA: 24:48 - loss: 0.6706 - acc: 0.6107
288/419 [===================>..........] - ETA: 23:22 - loss: 0.6720 - acc: 0.6076
296/419 [====================>.........] - ETA: 21:57 - loss: 0.6740 - acc: 0.6014
304/419 [====================>.........] - ETA: 20:31 - loss: 0.6738 - acc: 0.6020
312/419 [=====================>........] - ETA: 19:05 - loss: 0.6767 - acc: 0.5929
320/419 [=====================>........] - ETA: 17:40 - loss: 0.6766 - acc: 0.5938
328/419 [======================>.......] - ETA: 16:14 - loss: 0.6781 - acc: 0.5884
336/419 [=======================>......] - ETA: 14:49 - loss: 0.6790 - acc: 0.5863
344/419 [=======================>......] - ETA: 13:23 - loss: 0.6794 - acc: 0.5843
352/419 [========================>.....] - ETA: 11:57 - loss: 0.6809 - acc: 0.5795
360/419 [========================>.....] - ETA: 10:31 - loss: 0.6801 - acc: 0.5833
368/419 [=========================>....] - ETA: 9:06 - loss: 0.6794 - acc: 0.5870 
376/419 [=========================>....] - ETA: 7:40 - loss: 0.6802 - acc: 0.5824
384/419 [==========================>...] - ETA: 6:14 - loss: 0.6806 - acc: 0.5807
392/419 [===========================>..] - ETA: 4:49 - loss: 0.6801 - acc: 0.5842
400/419 [===========================>..] - ETA: 3:23 - loss: 0.6815 - acc: 0.5750
408/419 [============================>.] - ETA: 1:57 - loss: 0.6815 - acc: 0.5760
416/419 [============================>.] - ETA: 32s - loss: 0.6807 - acc: 0.5817 
419/419 [==============================] - 4714s 11s/step - loss: 0.6807 - acc: 0.5823 - val_loss: 0.6822 - val_acc: 0.5962
Epoch 2/10

  8/419 [..............................] - ETA: 1:13:57 - loss: 0.7261 - acc: 0.2500
 16/419 [>.............................] - ETA: 1:12:45 - loss: 0.7178 - acc: 0.3125
 24/419 [>.............................] - ETA: 1:10:59 - loss: 0.6992 - acc: 0.4583
 32/419 [=>............................] - ETA: 1:09:16 - loss: 0.6934 - acc: 0.5000
 40/419 [=>............................] - ETA: 1:07:43 - loss: 0.6861 - acc: 0.5500
 48/419 [==>...........................] - ETA: 1:06:10 - loss: 0.6897 - acc: 0.5208
 56/419 [===>..........................] - ETA: 1:04:40 - loss: 0.6923 - acc: 0.5000
 64/419 [===>..........................] - ETA: 1:03:14 - loss: 0.6900 - acc: 0.5156
 72/419 [====>.........................] - ETA: 1:01:51 - loss: 0.6908 - acc: 0.5139
 80/419 [====>.........................] - ETA: 1:00:22 - loss: 0.6853 - acc: 0.5500
 88/419 [=====>........................] - ETA: 58:56 - loss: 0.6877 - acc: 0.5227  
 96/419 [=====>........................] - ETA: 57:29 - loss: 0.6849 - acc: 0.5312
104/419 [======>.......................] - ETA: 56:05 - loss: 0.6841 - acc: 0.5385
112/419 [=======>......................] - ETA: 54:37 - loss: 0.6836 - acc: 0.5446
120/419 [=======>......................] - ETA: 53:13 - loss: 0.6802 - acc: 0.5667
128/419 [========>.....................] - ETA: 51:47 - loss: 0.6819 - acc: 0.5547
136/419 [========>.....................] - ETA: 50:23 - loss: 0.6776 - acc: 0.5809
144/419 [=========>....................] - ETA: 48:57 - loss: 0.6764 - acc: 0.5903
152/419 [=========>....................] - ETA: 47:32 - loss: 0.6732 - acc: 0.6053
160/419 [==========>...................] - ETA: 46:08 - loss: 0.6729 - acc: 0.6062
168/419 [===========>..................] - ETA: 44:43 - loss: 0.6687 - acc: 0.6190
176/419 [===========>..................] - ETA: 43:18 - loss: 0.6701 - acc: 0.6136
184/419 [============>.................] - ETA: 41:53 - loss: 0.6760 - acc: 0.5978
192/419 [============>.................] - ETA: 40:26 - loss: 0.6754 - acc: 0.5990
200/419 [=============>................] - ETA: 39:02 - loss: 0.6737 - acc: 0.6000
208/419 [=============>................] - ETA: 37:36 - loss: 0.6730 - acc: 0.6010
216/419 [==============>...............] - ETA: 36:11 - loss: 0.6706 - acc: 0.6065
224/419 [===============>..............] - ETA: 34:45 - loss: 0.6704 - acc: 0.6071
232/419 [===============>..............] - ETA: 33:19 - loss: 0.6633 - acc: 0.6207
240/419 [================>.............] - ETA: 31:54 - loss: 0.6602 - acc: 0.6250
248/419 [================>.............] - ETA: 30:27 - loss: 0.6630 - acc: 0.6210
256/419 [=================>............] - ETA: 29:02 - loss: 0.6648 - acc: 0.6172
264/419 [=================>............] - ETA: 27:37 - loss: 0.6709 - acc: 0.6098
272/419 [==================>...........] - ETA: 26:11 - loss: 0.6703 - acc: 0.6103
280/419 [===================>..........] - ETA: 24:45 - loss: 0.6696 - acc: 0.6107
288/419 [===================>..........] - ETA: 23:20 - loss: 0.6763 - acc: 0.6007
296/419 [====================>.........] - ETA: 21:54 - loss: 0.6783 - acc: 0.5980
304/419 [====================>.........] - ETA: 20:29 - loss: 0.6784 - acc: 0.5987
312/419 [=====================>........] - ETA: 19:03 - loss: 0.6798 - acc: 0.5962
320/419 [=====================>........] - ETA: 17:37 - loss: 0.6773 - acc: 0.6000
328/419 [======================>.......] - ETA: 16:12 - loss: 0.6783 - acc: 0.5976
336/419 [=======================>......] - ETA: 14:46 - loss: 0.6815 - acc: 0.5893
344/419 [=======================>......] - ETA: 13:21 - loss: 0.6832 - acc: 0.5843
352/419 [========================>.....] - ETA: 11:56 - loss: 0.6811 - acc: 0.5909
360/419 [========================>.....] - ETA: 10:30 - loss: 0.6801 - acc: 0.5944
368/419 [=========================>....] - ETA: 9:05 - loss: 0.6790 - acc: 0.5978 
376/419 [=========================>....] - ETA: 7:39 - loss: 0.6794 - acc: 0.5957
384/419 [==========================>...] - ETA: 6:14 - loss: 0.6791 - acc: 0.5964
392/419 [===========================>..] - ETA: 4:48 - loss: 0.6796 - acc: 0.5944
400/419 [===========================>..] - ETA: 3:23 - loss: 0.6803 - acc: 0.5900
408/419 [============================>.] - ETA: 1:57 - loss: 0.6796 - acc: 0.5931
416/419 [============================>.] - ETA: 32s - loss: 0.6793 - acc: 0.5938 
419/419 [==============================] - 4709s 11s/step - loss: 0.6795 - acc: 0.5919 - val_loss: 0.6786 - val_acc: 0.5962
Epoch 3/10

  8/419 [..............................] - ETA: 1:13:47 - loss: 0.6340 - acc: 0.7500
 16/419 [>.............................] - ETA: 1:12:11 - loss: 0.6520 - acc: 0.6875
 24/419 [>.............................] - ETA: 1:10:42 - loss: 0.6821 - acc: 0.5833
 32/419 [=>............................] - ETA: 1:09:09 - loss: 0.6645 - acc: 0.6562
 40/419 [=>............................] - ETA: 1:07:41 - loss: 0.6687 - acc: 0.6250
 48/419 [==>...........................] - ETA: 1:06:13 - loss: 0.6680 - acc: 0.6250
 56/419 [===>..........................] - ETA: 1:04:46 - loss: 0.6781 - acc: 0.5893
 64/419 [===>..........................] - ETA: 1:03:17 - loss: 0.6822 - acc: 0.5625
 72/419 [====>.........................] - ETA: 1:01:51 - loss: 0.6802 - acc: 0.5694
 80/419 [====>.........................] - ETA: 1:00:26 - loss: 0.6841 - acc: 0.5500
 88/419 [=====>........................] - ETA: 59:00 - loss: 0.6772 - acc: 0.5795  
 96/419 [=====>........................] - ETA: 57:36 - loss: 0.6762 - acc: 0.5833
104/419 [======>.......................] - ETA: 56:08 - loss: 0.6733 - acc: 0.5962
112/419 [=======>......................] - ETA: 54:44 - loss: 0.6775 - acc: 0.5804
120/419 [=======>......................] - ETA: 53:18 - loss: 0.6771 - acc: 0.5833
128/419 [========>.....................] - ETA: 51:51 - loss: 0.6750 - acc: 0.5938
136/419 [========>.....................] - ETA: 50:26 - loss: 0.6753 - acc: 0.5882
144/419 [=========>....................] - ETA: 49:01 - loss: 0.6746 - acc: 0.5903
152/419 [=========>....................] - ETA: 47:35 - loss: 0.6698 - acc: 0.6053
160/419 [==========>...................] - ETA: 46:08 - loss: 0.6726 - acc: 0.5938
168/419 [===========>..................] - ETA: 44:43 - loss: 0.6718 - acc: 0.5952
176/419 [===========>..................] - ETA: 43:18 - loss: 0.6730 - acc: 0.5909
184/419 [============>.................] - ETA: 41:52 - loss: 0.6696 - acc: 0.6033
192/419 [============>.................] - ETA: 40:26 - loss: 0.6692 - acc: 0.6042
200/419 [=============>................] - ETA: 39:00 - loss: 0.6688 - acc: 0.6050
208/419 [=============>................] - ETA: 37:35 - loss: 0.6686 - acc: 0.6058
216/419 [==============>...............] - ETA: 36:09 - loss: 0.6702 - acc: 0.6019
224/419 [===============>..............] - ETA: 34:44 - loss: 0.6681 - acc: 0.6071
232/419 [===============>..............] - ETA: 33:19 - loss: 0.6663 - acc: 0.6121
240/419 [================>.............] - ETA: 31:53 - loss: 0.6666 - acc: 0.6083
248/419 [================>.............] - ETA: 30:27 - loss: 0.6626 - acc: 0.6169
256/419 [=================>............] - ETA: 29:02 - loss: 0.6644 - acc: 0.6133
264/419 [=================>............] - ETA: 27:36 - loss: 0.6663 - acc: 0.6098
272/419 [==================>...........] - ETA: 26:10 - loss: 0.6671 - acc: 0.6103
280/419 [===================>..........] - ETA: 24:45 - loss: 0.6652 - acc: 0.6143
288/419 [===================>..........] - ETA: 23:20 - loss: 0.6635 - acc: 0.6181
296/419 [====================>.........] - ETA: 21:54 - loss: 0.6633 - acc: 0.6182
304/419 [====================>.........] - ETA: 20:29 - loss: 0.6626 - acc: 0.6184
312/419 [=====================>........] - ETA: 19:03 - loss: 0.6652 - acc: 0.6122
320/419 [=====================>........] - ETA: 17:38 - loss: 0.6715 - acc: 0.6031
328/419 [======================>.......] - ETA: 16:12 - loss: 0.6713 - acc: 0.6037
336/419 [=======================>......] - ETA: 14:47 - loss: 0.6708 - acc: 0.6042
344/419 [=======================>......] - ETA: 13:21 - loss: 0.6708 - acc: 0.6047
352/419 [========================>.....] - ETA: 11:56 - loss: 0.6708 - acc: 0.6051
360/419 [========================>.....] - ETA: 10:30 - loss: 0.6717 - acc: 0.6028
368/419 [=========================>....] - ETA: 9:05 - loss: 0.6713 - acc: 0.6033 
376/419 [=========================>....] - ETA: 7:39 - loss: 0.6702 - acc: 0.6064
384/419 [==========================>...] - ETA: 6:14 - loss: 0.6709 - acc: 0.6042
392/419 [===========================>..] - ETA: 4:48 - loss: 0.6702 - acc: 0.6071
400/419 [===========================>..] - ETA: 3:23 - loss: 0.6696 - acc: 0.6075
408/419 [============================>.] - ETA: 1:57 - loss: 0.6698 - acc: 0.6103
416/419 [============================>.] - ETA: 32s - loss: 0.6687 - acc: 0.6154 
419/419 [==============================] - 4710s 11s/step - loss: 0.6688 - acc: 0.6134 - val_loss: 0.6817 - val_acc: 0.5865
Epoch 4/10

  8/419 [..............................] - ETA: 1:13:07 - loss: 0.6830 - acc: 0.5000
 16/419 [>.............................] - ETA: 1:11:35 - loss: 0.6634 - acc: 0.5000
 24/419 [>.............................] - ETA: 1:10:22 - loss: 0.6566 - acc: 0.5417
 32/419 [=>............................] - ETA: 1:08:59 - loss: 0.6766 - acc: 0.5000
 40/419 [=>............................] - ETA: 1:07:30 - loss: 0.6741 - acc: 0.5250
 48/419 [==>...........................] - ETA: 1:05:57 - loss: 0.6658 - acc: 0.5625
 56/419 [===>..........................] - ETA: 1:04:32 - loss: 0.6665 - acc: 0.5714
 64/419 [===>..........................] - ETA: 1:03:11 - loss: 0.6681 - acc: 0.5781
 72/419 [====>.........................] - ETA: 1:01:42 - loss: 0.6632 - acc: 0.5833
 80/419 [====>.........................] - ETA: 1:00:20 - loss: 0.6713 - acc: 0.5625
 88/419 [=====>........................] - ETA: 58:56 - loss: 0.6738 - acc: 0.5455  
 96/419 [=====>........................] - ETA: 57:29 - loss: 0.6718 - acc: 0.5521
104/419 [======>.......................] - ETA: 56:05 - loss: 0.6720 - acc: 0.5481
112/419 [=======>......................] - ETA: 54:39 - loss: 0.6692 - acc: 0.5625
120/419 [=======>......................] - ETA: 53:14 - loss: 0.6683 - acc: 0.5667
128/419 [========>.....................] - ETA: 51:48 - loss: 0.6684 - acc: 0.5703
136/419 [========>.....................] - ETA: 50:23 - loss: 0.6684 - acc: 0.5735
144/419 [=========>....................] - ETA: 48:58 - loss: 0.6692 - acc: 0.5625
152/419 [=========>....................] - ETA: 47:31 - loss: 0.6679 - acc: 0.5658
160/419 [==========>...................] - ETA: 46:06 - loss: 0.6604 - acc: 0.5875
168/419 [===========>..................] - ETA: 44:42 - loss: 0.6611 - acc: 0.5833
176/419 [===========>..................] - ETA: 43:18 - loss: 0.6590 - acc: 0.5852
184/419 [============>.................] - ETA: 41:53 - loss: 0.6610 - acc: 0.5815
192/419 [============>.................] - ETA: 40:28 - loss: 0.6561 - acc: 0.5938
200/419 [=============>................] - ETA: 39:02 - loss: 0.6599 - acc: 0.5900
208/419 [=============>................] - ETA: 37:37 - loss: 0.6561 - acc: 0.5962
216/419 [==============>...............] - ETA: 36:12 - loss: 0.6519 - acc: 0.6065
224/419 [===============>..............] - ETA: 34:47 - loss: 0.6527 - acc: 0.6027
232/419 [===============>..............] - ETA: 33:21 - loss: 0.6488 - acc: 0.6121
240/419 [================>.............] - ETA: 31:56 - loss: 0.6484 - acc: 0.6083
248/419 [================>.............] - ETA: 30:31 - loss: 0.6477 - acc: 0.6089
256/419 [=================>............] - ETA: 29:05 - loss: 0.6464 - acc: 0.6094
264/419 [=================>............] - ETA: 27:40 - loss: 0.6425 - acc: 0.6174
272/419 [==================>...........] - ETA: 26:13 - loss: 0.6489 - acc: 0.6066
280/419 [===================>..........] - ETA: 24:48 - loss: 0.6461 - acc: 0.6107
288/419 [===================>..........] - ETA: 23:22 - loss: 0.6439 - acc: 0.6111
296/419 [====================>.........] - ETA: 21:57 - loss: 0.6427 - acc: 0.6115
304/419 [====================>.........] - ETA: 20:31 - loss: 0.6420 - acc: 0.6118
312/419 [=====================>........] - ETA: 19:06 - loss: 0.6401 - acc: 0.6154
320/419 [=====================>........] - ETA: 17:40 - loss: 0.6429 - acc: 0.6094
328/419 [======================>.......] - ETA: 16:14 - loss: 0.6368 - acc: 0.6159
336/419 [=======================>......] - ETA: 14:49 - loss: 0.6317 - acc: 0.6220
344/419 [=======================>......] - ETA: 13:23 - loss: 0.6312 - acc: 0.6221
352/419 [========================>.....] - ETA: 11:57 - loss: 0.6294 - acc: 0.6250
360/419 [========================>.....] - ETA: 10:31 - loss: 0.6293 - acc: 0.6278
368/419 [=========================>....] - ETA: 9:06 - loss: 0.6256 - acc: 0.6304 
376/419 [=========================>....] - ETA: 7:40 - loss: 0.6300 - acc: 0.6277
384/419 [==========================>...] - ETA: 6:14 - loss: 0.6325 - acc: 0.6250
392/419 [===========================>..] - ETA: 4:49 - loss: 0.6354 - acc: 0.6250
400/419 [===========================>..] - ETA: 3:23 - loss: 0.6381 - acc: 0.6250
408/419 [============================>.] - ETA: 1:57 - loss: 0.6371 - acc: 0.6275
416/419 [============================>.] - ETA: 32s - loss: 0.6373 - acc: 0.6274 
419/419 [==============================] - 4717s 11s/step - loss: 0.6355 - acc: 0.6277 - val_loss: 0.7412 - val_acc: 0.5385
Restoring model weights from the end of the best epoch
Epoch 00004: early stopping
Performance plot of fold 5:

 32/258 [==>...........................] - ETA: 2:20
 64/258 [======>.......................] - ETA: 1:59
 96/258 [==========>...................] - ETA: 1:39
128/258 [=============>................] - ETA: 1:20
160/258 [=================>............] - ETA: 1:00
192/258 [=====================>........] - ETA: 40s 
224/258 [=========================>....] - ETA: 20s
256/258 [============================>.] - ETA: 1s 
258/258 [==============================] - 170s 660ms/step
[['f1score', 0.8137931034482759], ['precision', 0.686046511627907], ['recall', 1.0], ['accuracy', 0.686046511627907]]
_________________________________________________________________
Layer (type)                 Output Shape              Param #   
=================================================================
embedding_5 (Embedding)      (None, 100454, 300)       11531400  
_________________________________________________________________
dropout_5 (Dropout)          (None, 100454, 300)       0         
_________________________________________________________________
conv1d_5 (Conv1D)            (None, 100454, 32)        28832     
_________________________________________________________________
max_pooling1d_5 (MaxPooling1 (None, 50227, 32)         0         
_________________________________________________________________
bidirectional_5 (Bidirection (None, 200)               106400    
_________________________________________________________________
dense_5 (Dense)              (None, 1)                 201       
=================================================================
Total params: 11,666,833
Trainable params: 135,433
Non-trainable params: 11,531,400
_________________________________________________________________
None
[['f1score', 0.8137931034482759], ['precision', 0.686046511627907], ['recall', 1.0], ['accuracy', 0.686046511627907]]
[['f1score', 0.8137931034482759], ['precision', 0.686046511627907], ['recall', 1.0], ['accuracy', 0.686046511627907]]
[['f1score', 0.7005988023952096], ['precision', 0.7452229299363057], ['recall', 0.6610169491525424], ['accuracy', 0.6124031007751938]]
[['f1score', 0.8137931034482759], ['precision', 0.686046511627907], ['recall', 1.0], ['accuracy', 0.686046511627907]]
[['f1score', 0.8137931034482759], ['precision', 0.686046511627907], ['recall', 1.0], ['accuracy', 0.686046511627907]]
Average Scores
[['f1score', 0.7911542432376628], ['precision', 0.6978817952895866], ['recall', 0.9322033898305084], ['accuracy', 0.6713178294573643]]
