Fit fold 1  ==========================================================================
Train on 418 samples, validate on 105 samples
Epoch 1/10

  8/418 [..............................] - ETA: 1:14:20 - loss: 0.6844 - acc: 0.7500
 16/418 [>.............................] - ETA: 1:12:14 - loss: 0.6925 - acc: 0.6250
 24/418 [>.............................] - ETA: 1:10:33 - loss: 0.7037 - acc: 0.5417
 32/418 [=>............................] - ETA: 1:08:51 - loss: 0.7084 - acc: 0.5000
 40/418 [=>............................] - ETA: 1:07:17 - loss: 0.7049 - acc: 0.5000
 48/418 [==>...........................] - ETA: 1:05:54 - loss: 0.7019 - acc: 0.5208
 56/418 [===>..........................] - ETA: 1:04:22 - loss: 0.7025 - acc: 0.5000
 64/418 [===>..........................] - ETA: 1:02:54 - loss: 0.7006 - acc: 0.5156
 72/418 [====>.........................] - ETA: 1:01:25 - loss: 0.6982 - acc: 0.5417
 80/418 [====>.........................] - ETA: 59:59 - loss: 0.6964 - acc: 0.5625  
 88/418 [=====>........................] - ETA: 58:35 - loss: 0.6958 - acc: 0.5682
 96/418 [=====>........................] - ETA: 57:10 - loss: 0.6922 - acc: 0.5938
104/418 [======>.......................] - ETA: 55:44 - loss: 0.6926 - acc: 0.5865
112/418 [=======>......................] - ETA: 54:19 - loss: 0.6946 - acc: 0.5714
120/418 [=======>......................] - ETA: 52:52 - loss: 0.6918 - acc: 0.5833
128/418 [========>.....................] - ETA: 51:26 - loss: 0.6919 - acc: 0.5781
136/418 [========>.....................] - ETA: 49:59 - loss: 0.6851 - acc: 0.6029
144/418 [=========>....................] - ETA: 48:31 - loss: 0.6830 - acc: 0.6042
152/418 [=========>....................] - ETA: 47:03 - loss: 0.6874 - acc: 0.5921
160/418 [==========>...................] - ETA: 45:35 - loss: 0.6855 - acc: 0.5938
168/418 [===========>..................] - ETA: 44:09 - loss: 0.6846 - acc: 0.5952
176/418 [===========>..................] - ETA: 42:43 - loss: 0.6864 - acc: 0.5909
184/418 [============>.................] - ETA: 41:17 - loss: 0.6946 - acc: 0.5707
192/418 [============>.................] - ETA: 39:51 - loss: 0.6955 - acc: 0.5677
200/418 [=============>................] - ETA: 38:25 - loss: 0.6963 - acc: 0.5650
208/418 [=============>................] - ETA: 36:59 - loss: 0.6933 - acc: 0.5721
216/418 [==============>...............] - ETA: 35:35 - loss: 0.6954 - acc: 0.5648
224/418 [===============>..............] - ETA: 34:09 - loss: 0.6969 - acc: 0.5580
232/418 [===============>..............] - ETA: 32:45 - loss: 0.6936 - acc: 0.5690
240/418 [================>.............] - ETA: 31:19 - loss: 0.6925 - acc: 0.5708
248/418 [================>.............] - ETA: 29:54 - loss: 0.6929 - acc: 0.5685
256/418 [=================>............] - ETA: 28:29 - loss: 0.6921 - acc: 0.5703
264/418 [=================>............] - ETA: 27:05 - loss: 0.6928 - acc: 0.5682
272/418 [==================>...........] - ETA: 25:40 - loss: 0.6922 - acc: 0.5699
280/418 [===================>..........] - ETA: 24:15 - loss: 0.6932 - acc: 0.5643
288/418 [===================>..........] - ETA: 22:50 - loss: 0.6941 - acc: 0.5590
296/418 [====================>.........] - ETA: 21:25 - loss: 0.6928 - acc: 0.5642
304/418 [====================>.........] - ETA: 20:01 - loss: 0.6923 - acc: 0.5658
312/418 [=====================>........] - ETA: 18:36 - loss: 0.6926 - acc: 0.5641
320/418 [=====================>........] - ETA: 17:11 - loss: 0.6905 - acc: 0.5750
328/418 [======================>.......] - ETA: 15:47 - loss: 0.6894 - acc: 0.5793
336/418 [=======================>......] - ETA: 14:23 - loss: 0.6909 - acc: 0.5714
344/418 [=======================>......] - ETA: 12:58 - loss: 0.6916 - acc: 0.5669
352/418 [========================>.....] - ETA: 11:34 - loss: 0.6911 - acc: 0.5682
360/418 [========================>.....] - ETA: 10:09 - loss: 0.6896 - acc: 0.5750
368/418 [=========================>....] - ETA: 8:45 - loss: 0.6897 - acc: 0.5734 
376/418 [=========================>....] - ETA: 7:21 - loss: 0.6904 - acc: 0.5691
384/418 [==========================>...] - ETA: 5:57 - loss: 0.6893 - acc: 0.5729
392/418 [===========================>..] - ETA: 4:33 - loss: 0.6890 - acc: 0.5740
400/418 [===========================>..] - ETA: 3:08 - loss: 0.6880 - acc: 0.5775
408/418 [============================>.] - ETA: 1:44 - loss: 0.6863 - acc: 0.5833
416/418 [============================>.] - ETA: 20s - loss: 0.6845 - acc: 0.5889 
418/418 [==============================] - 4620s 11s/step - loss: 0.6838 - acc: 0.5909 - val_loss: 0.6786 - val_acc: 0.5905
Epoch 2/10

  8/418 [..............................] - ETA: 1:10:06 - loss: 0.7634 - acc: 0.3750
 16/418 [>.............................] - ETA: 1:08:31 - loss: 0.7519 - acc: 0.3750
 24/418 [>.............................] - ETA: 1:07:07 - loss: 0.7013 - acc: 0.5000
 32/418 [=>............................] - ETA: 1:05:50 - loss: 0.6891 - acc: 0.5312
 40/418 [=>............................] - ETA: 1:04:36 - loss: 0.6562 - acc: 0.6000
 48/418 [==>...........................] - ETA: 1:03:12 - loss: 0.6917 - acc: 0.5417
 56/418 [===>..........................] - ETA: 1:01:50 - loss: 0.6973 - acc: 0.5357
 64/418 [===>..........................] - ETA: 1:00:31 - loss: 0.6996 - acc: 0.5312
 72/418 [====>.........................] - ETA: 59:09 - loss: 0.6761 - acc: 0.5694  
 80/418 [====>.........................] - ETA: 57:48 - loss: 0.6804 - acc: 0.5625
 88/418 [=====>........................] - ETA: 56:24 - loss: 0.6789 - acc: 0.5682
 96/418 [=====>........................] - ETA: 55:01 - loss: 0.6692 - acc: 0.5833
104/418 [======>.......................] - ETA: 53:41 - loss: 0.6622 - acc: 0.5962
112/418 [=======>......................] - ETA: 52:19 - loss: 0.6628 - acc: 0.5982
120/418 [=======>......................] - ETA: 50:57 - loss: 0.6569 - acc: 0.6083
128/418 [========>.....................] - ETA: 49:35 - loss: 0.6633 - acc: 0.6016
136/418 [========>.....................] - ETA: 48:13 - loss: 0.6714 - acc: 0.5956
144/418 [=========>....................] - ETA: 46:51 - loss: 0.6795 - acc: 0.5833
152/418 [=========>....................] - ETA: 45:28 - loss: 0.6807 - acc: 0.5789
160/418 [==========>...................] - ETA: 44:05 - loss: 0.6802 - acc: 0.5750
168/418 [===========>..................] - ETA: 42:43 - loss: 0.6919 - acc: 0.5536
176/418 [===========>..................] - ETA: 41:21 - loss: 0.6878 - acc: 0.5625
184/418 [============>.................] - ETA: 39:59 - loss: 0.6858 - acc: 0.5652
192/418 [============>.................] - ETA: 38:37 - loss: 0.6831 - acc: 0.5729
200/418 [=============>................] - ETA: 37:15 - loss: 0.6840 - acc: 0.5700
208/418 [=============>................] - ETA: 35:53 - loss: 0.6832 - acc: 0.5721
216/418 [==============>...............] - ETA: 34:31 - loss: 0.6834 - acc: 0.5694
224/418 [===============>..............] - ETA: 33:08 - loss: 0.6832 - acc: 0.5714
232/418 [===============>..............] - ETA: 31:46 - loss: 0.6826 - acc: 0.5733
240/418 [================>.............] - ETA: 30:24 - loss: 0.6807 - acc: 0.5792
248/418 [================>.............] - ETA: 29:02 - loss: 0.6828 - acc: 0.5685
256/418 [=================>............] - ETA: 27:40 - loss: 0.6826 - acc: 0.5703
264/418 [=================>............] - ETA: 26:18 - loss: 0.6804 - acc: 0.5795
272/418 [==================>...........] - ETA: 24:56 - loss: 0.6815 - acc: 0.5772
280/418 [===================>..........] - ETA: 23:34 - loss: 0.6798 - acc: 0.5821
288/418 [===================>..........] - ETA: 22:12 - loss: 0.6798 - acc: 0.5833
296/418 [====================>.........] - ETA: 20:50 - loss: 0.6784 - acc: 0.5878
304/418 [====================>.........] - ETA: 19:28 - loss: 0.6799 - acc: 0.5789
312/418 [=====================>........] - ETA: 18:06 - loss: 0.6808 - acc: 0.5737
320/418 [=====================>........] - ETA: 16:44 - loss: 0.6807 - acc: 0.5750
328/418 [======================>.......] - ETA: 15:22 - loss: 0.6809 - acc: 0.5732
336/418 [=======================>......] - ETA: 14:00 - loss: 0.6793 - acc: 0.5774
344/418 [=======================>......] - ETA: 12:38 - loss: 0.6780 - acc: 0.5814
352/418 [========================>.....] - ETA: 11:16 - loss: 0.6773 - acc: 0.5852
360/418 [========================>.....] - ETA: 9:54 - loss: 0.6768 - acc: 0.5861 
368/418 [=========================>....] - ETA: 8:32 - loss: 0.6765 - acc: 0.5870
376/418 [=========================>....] - ETA: 7:10 - loss: 0.6750 - acc: 0.5904
384/418 [==========================>...] - ETA: 5:48 - loss: 0.6729 - acc: 0.5938
392/418 [===========================>..] - ETA: 4:26 - loss: 0.6737 - acc: 0.5918
400/418 [===========================>..] - ETA: 3:04 - loss: 0.6735 - acc: 0.5925
408/418 [============================>.] - ETA: 1:42 - loss: 0.6759 - acc: 0.5907
416/418 [============================>.] - ETA: 20s - loss: 0.6744 - acc: 0.5938 
418/418 [==============================] - 4525s 11s/step - loss: 0.6734 - acc: 0.5957 - val_loss: 0.6821 - val_acc: 0.5905
Epoch 3/10

  8/418 [..............................] - ETA: 1:10:56 - loss: 0.8618 - acc: 0.1250
 16/418 [>.............................] - ETA: 1:09:24 - loss: 0.7632 - acc: 0.3125
 24/418 [>.............................] - ETA: 1:07:50 - loss: 0.7146 - acc: 0.4167
 32/418 [=>............................] - ETA: 1:06:25 - loss: 0.6823 - acc: 0.5000
 40/418 [=>............................] - ETA: 1:04:57 - loss: 0.6927 - acc: 0.5000
 48/418 [==>...........................] - ETA: 1:03:30 - loss: 0.6818 - acc: 0.5417
 56/418 [===>..........................] - ETA: 1:02:06 - loss: 0.6764 - acc: 0.5536
 64/418 [===>..........................] - ETA: 1:00:43 - loss: 0.6739 - acc: 0.5625
 72/418 [====>.........................] - ETA: 59:21 - loss: 0.6653 - acc: 0.5694  
 80/418 [====>.........................] - ETA: 58:01 - loss: 0.6650 - acc: 0.5750
 88/418 [=====>........................] - ETA: 56:36 - loss: 0.6551 - acc: 0.5909
 96/418 [=====>........................] - ETA: 55:11 - loss: 0.6679 - acc: 0.5729
104/418 [======>.......................] - ETA: 53:48 - loss: 0.6747 - acc: 0.5673
112/418 [=======>......................] - ETA: 52:26 - loss: 0.6666 - acc: 0.5804
120/418 [=======>......................] - ETA: 51:04 - loss: 0.6678 - acc: 0.5833
128/418 [========>.....................] - ETA: 49:42 - loss: 0.6629 - acc: 0.5938
136/418 [========>.....................] - ETA: 48:20 - loss: 0.6671 - acc: 0.5882
144/418 [=========>....................] - ETA: 46:59 - loss: 0.6635 - acc: 0.5903
152/418 [=========>....................] - ETA: 45:37 - loss: 0.6611 - acc: 0.5987
160/418 [==========>...................] - ETA: 44:15 - loss: 0.6628 - acc: 0.5938
168/418 [===========>..................] - ETA: 42:52 - loss: 0.6620 - acc: 0.5952
176/418 [===========>..................] - ETA: 41:30 - loss: 0.6616 - acc: 0.5909
184/418 [============>.................] - ETA: 40:07 - loss: 0.6559 - acc: 0.6087
192/418 [============>.................] - ETA: 38:45 - loss: 0.6484 - acc: 0.6250
200/418 [=============>................] - ETA: 37:23 - loss: 0.6467 - acc: 0.6350
208/418 [=============>................] - ETA: 36:01 - loss: 0.6524 - acc: 0.6250
216/418 [==============>...............] - ETA: 34:39 - loss: 0.6520 - acc: 0.6204
224/418 [===============>..............] - ETA: 33:16 - loss: 0.6549 - acc: 0.6116
232/418 [===============>..............] - ETA: 31:54 - loss: 0.6519 - acc: 0.6164
240/418 [================>.............] - ETA: 30:31 - loss: 0.6524 - acc: 0.6167
248/418 [================>.............] - ETA: 29:08 - loss: 0.6587 - acc: 0.6089
256/418 [=================>............] - ETA: 27:46 - loss: 0.6571 - acc: 0.6094
264/418 [=================>............] - ETA: 26:24 - loss: 0.6580 - acc: 0.6136
272/418 [==================>...........] - ETA: 25:02 - loss: 0.6580 - acc: 0.6140
280/418 [===================>..........] - ETA: 23:39 - loss: 0.6575 - acc: 0.6107
288/418 [===================>..........] - ETA: 22:17 - loss: 0.6578 - acc: 0.6111
296/418 [====================>.........] - ETA: 20:54 - loss: 0.6591 - acc: 0.6047
304/418 [====================>.........] - ETA: 19:32 - loss: 0.6564 - acc: 0.6118
312/418 [=====================>........] - ETA: 18:09 - loss: 0.6555 - acc: 0.6122
320/418 [=====================>........] - ETA: 16:47 - loss: 0.6551 - acc: 0.6125
328/418 [======================>.......] - ETA: 15:24 - loss: 0.6553 - acc: 0.6098
336/418 [=======================>......] - ETA: 14:02 - loss: 0.6589 - acc: 0.6042
344/418 [=======================>......] - ETA: 12:40 - loss: 0.6572 - acc: 0.6076
352/418 [========================>.....] - ETA: 11:18 - loss: 0.6605 - acc: 0.5994
360/418 [========================>.....] - ETA: 9:55 - loss: 0.6587 - acc: 0.6056 
368/418 [=========================>....] - ETA: 8:33 - loss: 0.6592 - acc: 0.6033
376/418 [=========================>....] - ETA: 7:11 - loss: 0.6577 - acc: 0.6037
384/418 [==========================>...] - ETA: 5:49 - loss: 0.6585 - acc: 0.6016
392/418 [===========================>..] - ETA: 4:26 - loss: 0.6595 - acc: 0.5995
400/418 [===========================>..] - ETA: 3:04 - loss: 0.6614 - acc: 0.5975
408/418 [============================>.] - ETA: 1:42 - loss: 0.6593 - acc: 0.6029
416/418 [============================>.] - ETA: 20s - loss: 0.6566 - acc: 0.6082 
418/418 [==============================] - 4527s 11s/step - loss: 0.6560 - acc: 0.6100 - val_loss: 0.6931 - val_acc: 0.6286
Restoring model weights from the end of the best epoch
Epoch 00003: early stopping
Performance plot of fold 1:

 32/258 [==>...........................] - ETA: 2:03
 64/258 [======>.......................] - ETA: 1:43
 96/258 [==========>...................] - ETA: 1:27
128/258 [=============>................] - ETA: 1:09
160/258 [=================>............] - ETA: 52s 
192/258 [=====================>........] - ETA: 35s
224/258 [=========================>....] - ETA: 18s
256/258 [============================>.] - ETA: 1s 
258/258 [==============================] - 149s 578ms/step
[['f1score', 0.8137931034482759], ['precision', 0.686046511627907], ['recall', 1.0], ['accuracy', 0.686046511627907]]
Fit fold 2  ==========================================================================
Train on 418 samples, validate on 105 samples
Epoch 1/10

  8/418 [..............................] - ETA: 1:11:39 - loss: 0.6925 - acc: 0.3750
 16/418 [>.............................] - ETA: 1:09:45 - loss: 0.6928 - acc: 0.4375
 24/418 [>.............................] - ETA: 1:08:09 - loss: 0.6945 - acc: 0.4583
 32/418 [=>............................] - ETA: 1:06:47 - loss: 0.6953 - acc: 0.4688
 40/418 [=>............................] - ETA: 1:05:25 - loss: 0.6934 - acc: 0.4750
 48/418 [==>...........................] - ETA: 1:04:01 - loss: 0.6917 - acc: 0.5000
 56/418 [===>..........................] - ETA: 1:02:37 - loss: 0.6919 - acc: 0.5000
 64/418 [===>..........................] - ETA: 1:01:15 - loss: 0.6905 - acc: 0.5156
 72/418 [====>.........................] - ETA: 59:50 - loss: 0.6847 - acc: 0.5556  
 80/418 [====>.........................] - ETA: 58:28 - loss: 0.6786 - acc: 0.5875
 88/418 [=====>........................] - ETA: 57:05 - loss: 0.6777 - acc: 0.5909
 96/418 [=====>........................] - ETA: 55:41 - loss: 0.6755 - acc: 0.5938
104/418 [======>.......................] - ETA: 54:17 - loss: 0.6744 - acc: 0.5962
112/418 [=======>......................] - ETA: 52:53 - loss: 0.6628 - acc: 0.6161
120/418 [=======>......................] - ETA: 51:30 - loss: 0.6558 - acc: 0.6250
128/418 [========>.....................] - ETA: 50:06 - loss: 0.6590 - acc: 0.6250
136/418 [========>.....................] - ETA: 48:42 - loss: 0.6446 - acc: 0.6397
144/418 [=========>....................] - ETA: 47:17 - loss: 0.6672 - acc: 0.6250
152/418 [=========>....................] - ETA: 45:53 - loss: 0.6627 - acc: 0.6316
160/418 [==========>...................] - ETA: 44:30 - loss: 0.6651 - acc: 0.6312
168/418 [===========>..................] - ETA: 43:05 - loss: 0.6660 - acc: 0.6310
176/418 [===========>..................] - ETA: 41:41 - loss: 0.6767 - acc: 0.6193
184/418 [============>.................] - ETA: 40:18 - loss: 0.6887 - acc: 0.6033
192/418 [============>.................] - ETA: 38:55 - loss: 0.6867 - acc: 0.6042
200/418 [=============>................] - ETA: 37:34 - loss: 0.6827 - acc: 0.6100
208/418 [=============>................] - ETA: 36:11 - loss: 0.6816 - acc: 0.6106
216/418 [==============>...............] - ETA: 34:48 - loss: 0.6812 - acc: 0.6111
224/418 [===============>..............] - ETA: 33:25 - loss: 0.6792 - acc: 0.6161
232/418 [===============>..............] - ETA: 32:03 - loss: 0.6774 - acc: 0.6207
240/418 [================>.............] - ETA: 30:40 - loss: 0.6781 - acc: 0.6167
248/418 [================>.............] - ETA: 29:17 - loss: 0.6815 - acc: 0.6048
256/418 [=================>............] - ETA: 27:55 - loss: 0.6833 - acc: 0.5977
264/418 [=================>............] - ETA: 26:32 - loss: 0.6829 - acc: 0.5985
272/418 [==================>...........] - ETA: 25:09 - loss: 0.6841 - acc: 0.5919
280/418 [===================>..........] - ETA: 23:46 - loss: 0.6847 - acc: 0.5893
288/418 [===================>..........] - ETA: 22:24 - loss: 0.6831 - acc: 0.5972
296/418 [====================>.........] - ETA: 21:01 - loss: 0.6833 - acc: 0.5946
304/418 [====================>.........] - ETA: 19:38 - loss: 0.6831 - acc: 0.5954
312/418 [=====================>........] - ETA: 18:16 - loss: 0.6835 - acc: 0.5929
320/418 [=====================>........] - ETA: 16:53 - loss: 0.6830 - acc: 0.5969
328/418 [======================>.......] - ETA: 15:30 - loss: 0.6829 - acc: 0.5976
336/418 [=======================>......] - ETA: 14:07 - loss: 0.6832 - acc: 0.5952
344/418 [=======================>......] - ETA: 12:45 - loss: 0.6840 - acc: 0.5901
352/418 [========================>.....] - ETA: 11:22 - loss: 0.6850 - acc: 0.5824
360/418 [========================>.....] - ETA: 9:59 - loss: 0.6852 - acc: 0.5806 
368/418 [=========================>....] - ETA: 8:37 - loss: 0.6852 - acc: 0.5815
376/418 [=========================>....] - ETA: 7:14 - loss: 0.6847 - acc: 0.5851
384/418 [==========================>...] - ETA: 5:51 - loss: 0.6849 - acc: 0.5833
392/418 [===========================>..] - ETA: 4:28 - loss: 0.6848 - acc: 0.5842
400/418 [===========================>..] - ETA: 3:06 - loss: 0.6848 - acc: 0.5825
408/418 [============================>.] - ETA: 1:43 - loss: 0.6844 - acc: 0.5858
416/418 [============================>.] - ETA: 20s - loss: 0.6846 - acc: 0.5841 
418/418 [==============================] - 4557s 11s/step - loss: 0.6851 - acc: 0.5813 - val_loss: 0.6814 - val_acc: 0.5905
Epoch 2/10

  8/418 [..............................] - ETA: 1:09:51 - loss: 0.6588 - acc: 0.7500
 16/418 [>.............................] - ETA: 1:08:29 - loss: 0.6458 - acc: 0.8125
 24/418 [>.............................] - ETA: 1:07:15 - loss: 0.6490 - acc: 0.7917
 32/418 [=>............................] - ETA: 1:05:55 - loss: 0.6555 - acc: 0.7500
 40/418 [=>............................] - ETA: 1:04:33 - loss: 0.6639 - acc: 0.7000
 48/418 [==>...........................] - ETA: 1:03:11 - loss: 0.6678 - acc: 0.6667
 56/418 [===>..........................] - ETA: 1:01:49 - loss: 0.6684 - acc: 0.6607
 64/418 [===>..........................] - ETA: 1:00:28 - loss: 0.6713 - acc: 0.6406
 72/418 [====>.........................] - ETA: 59:05 - loss: 0.6733 - acc: 0.6250  
 80/418 [====>.........................] - ETA: 57:41 - loss: 0.6705 - acc: 0.6375
 88/418 [=====>........................] - ETA: 56:21 - loss: 0.6768 - acc: 0.6023
 96/418 [=====>........................] - ETA: 55:00 - loss: 0.6768 - acc: 0.6042
104/418 [======>.......................] - ETA: 53:42 - loss: 0.6698 - acc: 0.6346
112/418 [=======>......................] - ETA: 52:20 - loss: 0.6654 - acc: 0.6518
120/418 [=======>......................] - ETA: 50:58 - loss: 0.6676 - acc: 0.6417
128/418 [========>.....................] - ETA: 49:37 - loss: 0.6690 - acc: 0.6328
136/418 [========>.....................] - ETA: 48:16 - loss: 0.6753 - acc: 0.6103
144/418 [=========>....................] - ETA: 46:52 - loss: 0.6742 - acc: 0.6111
152/418 [=========>....................] - ETA: 45:31 - loss: 0.6709 - acc: 0.6184
160/418 [==========>...................] - ETA: 44:09 - loss: 0.6685 - acc: 0.6250
168/418 [===========>..................] - ETA: 42:46 - loss: 0.6696 - acc: 0.6190
176/418 [===========>..................] - ETA: 41:25 - loss: 0.6689 - acc: 0.6193
184/418 [============>.................] - ETA: 40:03 - loss: 0.6724 - acc: 0.6087
192/418 [============>.................] - ETA: 38:41 - loss: 0.6719 - acc: 0.6094
200/418 [=============>................] - ETA: 37:19 - loss: 0.6693 - acc: 0.6150
208/418 [=============>................] - ETA: 35:57 - loss: 0.6711 - acc: 0.6106
216/418 [==============>...............] - ETA: 34:35 - loss: 0.6703 - acc: 0.6111
224/418 [===============>..............] - ETA: 33:13 - loss: 0.6692 - acc: 0.6116
232/418 [===============>..............] - ETA: 31:51 - loss: 0.6670 - acc: 0.6164
240/418 [================>.............] - ETA: 30:29 - loss: 0.6688 - acc: 0.6125
248/418 [================>.............] - ETA: 29:06 - loss: 0.6665 - acc: 0.6169
256/418 [=================>............] - ETA: 27:44 - loss: 0.6626 - acc: 0.6250
264/418 [=================>............] - ETA: 26:22 - loss: 0.6618 - acc: 0.6250
272/418 [==================>...........] - ETA: 25:00 - loss: 0.6673 - acc: 0.6140
280/418 [===================>..........] - ETA: 23:37 - loss: 0.6727 - acc: 0.6036
288/418 [===================>..........] - ETA: 22:15 - loss: 0.6754 - acc: 0.5972
296/418 [====================>.........] - ETA: 20:53 - loss: 0.6731 - acc: 0.6014
304/418 [====================>.........] - ETA: 19:31 - loss: 0.6725 - acc: 0.6020
312/418 [=====================>........] - ETA: 18:09 - loss: 0.6734 - acc: 0.5994
320/418 [=====================>........] - ETA: 16:46 - loss: 0.6728 - acc: 0.6000
328/418 [======================>.......] - ETA: 15:24 - loss: 0.6738 - acc: 0.5976
336/418 [=======================>......] - ETA: 14:02 - loss: 0.6727 - acc: 0.6012
344/418 [=======================>......] - ETA: 12:40 - loss: 0.6713 - acc: 0.6047
352/418 [========================>.....] - ETA: 11:18 - loss: 0.6721 - acc: 0.6023
360/418 [========================>.....] - ETA: 9:55 - loss: 0.6708 - acc: 0.6056 
368/418 [=========================>....] - ETA: 8:33 - loss: 0.6705 - acc: 0.6060
376/418 [=========================>....] - ETA: 7:11 - loss: 0.6730 - acc: 0.5984
384/418 [==========================>...] - ETA: 5:49 - loss: 0.6725 - acc: 0.5990
392/418 [===========================>..] - ETA: 4:27 - loss: 0.6734 - acc: 0.5969
400/418 [===========================>..] - ETA: 3:04 - loss: 0.6723 - acc: 0.6000
408/418 [============================>.] - ETA: 1:42 - loss: 0.6729 - acc: 0.5980
416/418 [============================>.] - ETA: 20s - loss: 0.6741 - acc: 0.5938 
418/418 [==============================] - 4530s 11s/step - loss: 0.6742 - acc: 0.5933 - val_loss: 0.6775 - val_acc: 0.5905
Epoch 3/10

  8/418 [..............................] - ETA: 1:09:52 - loss: 0.6618 - acc: 0.6250
 16/418 [>.............................] - ETA: 1:08:35 - loss: 0.7027 - acc: 0.5000
 24/418 [>.............................] - ETA: 1:07:03 - loss: 0.6828 - acc: 0.5417
 32/418 [=>............................] - ETA: 1:05:47 - loss: 0.6889 - acc: 0.5000
 40/418 [=>............................] - ETA: 1:04:22 - loss: 0.6975 - acc: 0.4750
 48/418 [==>...........................] - ETA: 1:02:56 - loss: 0.6958 - acc: 0.4792
 56/418 [===>..........................] - ETA: 1:01:35 - loss: 0.6820 - acc: 0.5536
 64/418 [===>..........................] - ETA: 1:00:16 - loss: 0.6757 - acc: 0.5781
 72/418 [====>.........................] - ETA: 58:55 - loss: 0.6747 - acc: 0.5833  
 80/418 [====>.........................] - ETA: 57:35 - loss: 0.6749 - acc: 0.5750
 88/418 [=====>........................] - ETA: 56:10 - loss: 0.6736 - acc: 0.5795
 96/418 [=====>........................] - ETA: 54:49 - loss: 0.6696 - acc: 0.5938
104/418 [======>.......................] - ETA: 53:27 - loss: 0.6693 - acc: 0.5962
112/418 [=======>......................] - ETA: 52:05 - loss: 0.6683 - acc: 0.5982
120/418 [=======>......................] - ETA: 50:44 - loss: 0.6713 - acc: 0.5750
128/418 [========>.....................] - ETA: 49:22 - loss: 0.6723 - acc: 0.5781
136/418 [========>.....................] - ETA: 48:00 - loss: 0.6738 - acc: 0.5735
144/418 [=========>....................] - ETA: 46:39 - loss: 0.6782 - acc: 0.5625
152/418 [=========>....................] - ETA: 45:18 - loss: 0.6797 - acc: 0.5526
160/418 [==========>...................] - ETA: 43:56 - loss: 0.6778 - acc: 0.5563
168/418 [===========>..................] - ETA: 42:34 - loss: 0.6789 - acc: 0.5536
176/418 [===========>..................] - ETA: 41:13 - loss: 0.6807 - acc: 0.5455
184/418 [============>.................] - ETA: 39:51 - loss: 0.6799 - acc: 0.5489
192/418 [============>.................] - ETA: 38:30 - loss: 0.6787 - acc: 0.5521
200/418 [=============>................] - ETA: 37:07 - loss: 0.6778 - acc: 0.5550
208/418 [=============>................] - ETA: 35:46 - loss: 0.6780 - acc: 0.5529
216/418 [==============>...............] - ETA: 34:24 - loss: 0.6780 - acc: 0.5509
224/418 [===============>..............] - ETA: 33:02 - loss: 0.6772 - acc: 0.5536
232/418 [===============>..............] - ETA: 31:39 - loss: 0.6778 - acc: 0.5517
240/418 [================>.............] - ETA: 30:18 - loss: 0.6781 - acc: 0.5542
248/418 [================>.............] - ETA: 28:56 - loss: 0.6750 - acc: 0.5685
256/418 [=================>............] - ETA: 27:34 - loss: 0.6749 - acc: 0.5703
264/418 [=================>............] - ETA: 26:12 - loss: 0.6752 - acc: 0.5682
272/418 [==================>...........] - ETA: 24:50 - loss: 0.6747 - acc: 0.5699
280/418 [===================>..........] - ETA: 23:28 - loss: 0.6707 - acc: 0.5821
288/418 [===================>..........] - ETA: 22:07 - loss: 0.6707 - acc: 0.5799
296/418 [====================>.........] - ETA: 20:45 - loss: 0.6650 - acc: 0.5912
304/418 [====================>.........] - ETA: 19:24 - loss: 0.6623 - acc: 0.5954
312/418 [=====================>........] - ETA: 18:02 - loss: 0.6589 - acc: 0.6026
320/418 [=====================>........] - ETA: 16:40 - loss: 0.6545 - acc: 0.6094
328/418 [======================>.......] - ETA: 15:19 - loss: 0.6622 - acc: 0.6006
336/418 [=======================>......] - ETA: 13:57 - loss: 0.6620 - acc: 0.6012
344/418 [=======================>......] - ETA: 12:35 - loss: 0.6636 - acc: 0.5988
352/418 [========================>.....] - ETA: 11:13 - loss: 0.6662 - acc: 0.5966
360/418 [========================>.....] - ETA: 9:52 - loss: 0.6629 - acc: 0.6000 
368/418 [=========================>....] - ETA: 8:30 - loss: 0.6604 - acc: 0.6033
376/418 [=========================>....] - ETA: 7:09 - loss: 0.6644 - acc: 0.5984
384/418 [==========================>...] - ETA: 5:47 - loss: 0.6635 - acc: 0.5990
392/418 [===========================>..] - ETA: 4:25 - loss: 0.6649 - acc: 0.5969
400/418 [===========================>..] - ETA: 3:03 - loss: 0.6666 - acc: 0.5950
408/418 [============================>.] - ETA: 1:42 - loss: 0.6681 - acc: 0.5907
416/418 [============================>.] - ETA: 20s - loss: 0.6679 - acc: 0.5913 
418/418 [==============================] - 4505s 11s/step - loss: 0.6666 - acc: 0.5933 - val_loss: 0.6791 - val_acc: 0.5905
Epoch 4/10

  8/418 [..............................] - ETA: 1:10:02 - loss: 0.5654 - acc: 0.8750
 16/418 [>.............................] - ETA: 1:08:29 - loss: 0.5730 - acc: 0.8125
 24/418 [>.............................] - ETA: 1:07:03 - loss: 0.5897 - acc: 0.7500
 32/418 [=>............................] - ETA: 1:05:42 - loss: 0.5865 - acc: 0.7500
 40/418 [=>............................] - ETA: 1:04:23 - loss: 0.6178 - acc: 0.7000
 48/418 [==>...........................] - ETA: 1:03:00 - loss: 0.6176 - acc: 0.6875
 56/418 [===>..........................] - ETA: 1:01:36 - loss: 0.6201 - acc: 0.6786
 64/418 [===>..........................] - ETA: 1:00:14 - loss: 0.6304 - acc: 0.6406
 72/418 [====>.........................] - ETA: 58:53 - loss: 0.6476 - acc: 0.6250  
 80/418 [====>.........................] - ETA: 57:33 - loss: 0.6452 - acc: 0.6250
 88/418 [=====>........................] - ETA: 56:11 - loss: 0.6357 - acc: 0.6364
 96/418 [=====>........................] - ETA: 54:48 - loss: 0.6264 - acc: 0.6562
104/418 [======>.......................] - ETA: 53:27 - loss: 0.6146 - acc: 0.6731
112/418 [=======>......................] - ETA: 52:05 - loss: 0.6174 - acc: 0.6696
120/418 [=======>......................] - ETA: 50:45 - loss: 0.6228 - acc: 0.6583
128/418 [========>.....................] - ETA: 49:23 - loss: 0.6184 - acc: 0.6641
136/418 [========>.....................] - ETA: 48:01 - loss: 0.6129 - acc: 0.6691
144/418 [=========>....................] - ETA: 46:38 - loss: 0.6092 - acc: 0.6736
152/418 [=========>....................] - ETA: 45:15 - loss: 0.6118 - acc: 0.6711
160/418 [==========>...................] - ETA: 43:53 - loss: 0.6233 - acc: 0.6625
168/418 [===========>..................] - ETA: 42:32 - loss: 0.6233 - acc: 0.6548
176/418 [===========>..................] - ETA: 41:10 - loss: 0.6220 - acc: 0.6534
184/418 [============>.................] - ETA: 39:49 - loss: 0.6207 - acc: 0.6576
192/418 [============>.................] - ETA: 38:27 - loss: 0.6077 - acc: 0.6719
200/418 [=============>................] - ETA: 37:05 - loss: 0.6097 - acc: 0.6700
208/418 [=============>................] - ETA: 35:44 - loss: 0.6108 - acc: 0.6731
216/418 [==============>...............] - ETA: 34:22 - loss: 0.6202 - acc: 0.6574
224/418 [===============>..............] - ETA: 33:00 - loss: 0.6186 - acc: 0.6562
232/418 [===============>..............] - ETA: 31:39 - loss: 0.6219 - acc: 0.6552
240/418 [================>.............] - ETA: 30:17 - loss: 0.6183 - acc: 0.6583
248/418 [================>.............] - ETA: 28:55 - loss: 0.6208 - acc: 0.6573
256/418 [=================>............] - ETA: 27:33 - loss: 0.6270 - acc: 0.6445
264/418 [=================>............] - ETA: 26:12 - loss: 0.6300 - acc: 0.6364
272/418 [==================>...........] - ETA: 24:50 - loss: 0.6314 - acc: 0.6324
280/418 [===================>..........] - ETA: 23:28 - loss: 0.6335 - acc: 0.6250
288/418 [===================>..........] - ETA: 22:07 - loss: 0.6319 - acc: 0.6285
296/418 [====================>.........] - ETA: 20:45 - loss: 0.6316 - acc: 0.6318
304/418 [====================>.........] - ETA: 19:24 - loss: 0.6327 - acc: 0.6283
312/418 [=====================>........] - ETA: 18:02 - loss: 0.6333 - acc: 0.6282
320/418 [=====================>........] - ETA: 16:40 - loss: 0.6322 - acc: 0.6375
328/418 [======================>.......] - ETA: 15:18 - loss: 0.6330 - acc: 0.6402
336/418 [=======================>......] - ETA: 13:57 - loss: 0.6336 - acc: 0.6429
344/418 [=======================>......] - ETA: 12:35 - loss: 0.6339 - acc: 0.6424
352/418 [========================>.....] - ETA: 11:13 - loss: 0.6351 - acc: 0.6364
360/418 [========================>.....] - ETA: 9:52 - loss: 0.6334 - acc: 0.6444 
368/418 [=========================>....] - ETA: 8:30 - loss: 0.6331 - acc: 0.6467
376/418 [=========================>....] - ETA: 7:08 - loss: 0.6344 - acc: 0.6436
384/418 [==========================>...] - ETA: 5:47 - loss: 0.6332 - acc: 0.6484
392/418 [===========================>..] - ETA: 4:25 - loss: 0.6344 - acc: 0.6454
400/418 [===========================>..] - ETA: 3:03 - loss: 0.6336 - acc: 0.6475
408/418 [============================>.] - ETA: 1:42 - loss: 0.6358 - acc: 0.6495
416/418 [============================>.] - ETA: 20s - loss: 0.6355 - acc: 0.6490 
418/418 [==============================] - 4502s 11s/step - loss: 0.6365 - acc: 0.6483 - val_loss: 0.6966 - val_acc: 0.5714
Restoring model weights from the end of the best epoch
Epoch 00004: early stopping
Performance plot of fold 2:

 32/258 [==>...........................] - ETA: 2:03
 64/258 [======>.......................] - ETA: 1:45
 96/258 [==========>...................] - ETA: 1:27
128/258 [=============>................] - ETA: 1:09
160/258 [=================>............] - ETA: 52s 
192/258 [=====================>........] - ETA: 35s
224/258 [=========================>....] - ETA: 18s
256/258 [============================>.] - ETA: 1s 
258/258 [==============================] - 149s 578ms/step
[['f1score', 0.8137931034482759], ['precision', 0.686046511627907], ['recall', 1.0], ['accuracy', 0.686046511627907]]
Fit fold 3  ==========================================================================
Train on 418 samples, validate on 105 samples
Epoch 1/10

  8/418 [..............................] - ETA: 1:13:00 - loss: 0.6956 - acc: 0.5000
 16/418 [>.............................] - ETA: 1:10:54 - loss: 0.6932 - acc: 0.5625
 24/418 [>.............................] - ETA: 1:09:34 - loss: 0.6897 - acc: 0.6250
 32/418 [=>............................] - ETA: 1:08:09 - loss: 0.6833 - acc: 0.6562
 40/418 [=>............................] - ETA: 1:06:42 - loss: 0.6937 - acc: 0.5750
 48/418 [==>...........................] - ETA: 1:05:12 - loss: 0.6893 - acc: 0.5833
 56/418 [===>..........................] - ETA: 1:03:45 - loss: 0.6865 - acc: 0.5893
 64/418 [===>..........................] - ETA: 1:02:22 - loss: 0.6817 - acc: 0.6094
 72/418 [====>.........................] - ETA: 1:00:58 - loss: 0.6716 - acc: 0.6389
 80/418 [====>.........................] - ETA: 59:34 - loss: 0.6771 - acc: 0.6250  
 88/418 [=====>........................] - ETA: 58:08 - loss: 0.6863 - acc: 0.6023
 96/418 [=====>........................] - ETA: 56:44 - loss: 0.6859 - acc: 0.6042
104/418 [======>.......................] - ETA: 55:16 - loss: 0.6798 - acc: 0.6154
112/418 [=======>......................] - ETA: 53:51 - loss: 0.6821 - acc: 0.6071
120/418 [=======>......................] - ETA: 52:27 - loss: 0.6856 - acc: 0.6000
128/418 [========>.....................] - ETA: 51:00 - loss: 0.6780 - acc: 0.6172
136/418 [========>.....................] - ETA: 49:36 - loss: 0.6818 - acc: 0.6103
144/418 [=========>....................] - ETA: 48:12 - loss: 0.6784 - acc: 0.6181
152/418 [=========>....................] - ETA: 46:47 - loss: 0.6743 - acc: 0.6250
160/418 [==========>...................] - ETA: 45:24 - loss: 0.6711 - acc: 0.6312
168/418 [===========>..................] - ETA: 43:59 - loss: 0.6743 - acc: 0.6250
176/418 [===========>..................] - ETA: 42:35 - loss: 0.6738 - acc: 0.6250
184/418 [============>.................] - ETA: 41:10 - loss: 0.6758 - acc: 0.6196
192/418 [============>.................] - ETA: 39:46 - loss: 0.6777 - acc: 0.6146
200/418 [=============>................] - ETA: 38:20 - loss: 0.6802 - acc: 0.6100
208/418 [=============>................] - ETA: 36:56 - loss: 0.6815 - acc: 0.6058
216/418 [==============>...............] - ETA: 35:32 - loss: 0.6804 - acc: 0.6065
224/418 [===============>..............] - ETA: 34:07 - loss: 0.6817 - acc: 0.6027
232/418 [===============>..............] - ETA: 32:43 - loss: 0.6829 - acc: 0.5991
240/418 [================>.............] - ETA: 31:19 - loss: 0.6809 - acc: 0.6042
248/418 [================>.............] - ETA: 29:55 - loss: 0.6815 - acc: 0.6008
256/418 [=================>............] - ETA: 28:30 - loss: 0.6800 - acc: 0.6055
264/418 [=================>............] - ETA: 27:06 - loss: 0.6797 - acc: 0.6061
272/418 [==================>...........] - ETA: 25:41 - loss: 0.6794 - acc: 0.6066
280/418 [===================>..........] - ETA: 24:17 - loss: 0.6789 - acc: 0.6071
288/418 [===================>..........] - ETA: 22:53 - loss: 0.6792 - acc: 0.6076
296/418 [====================>.........] - ETA: 21:28 - loss: 0.6782 - acc: 0.6115
304/418 [====================>.........] - ETA: 20:04 - loss: 0.6767 - acc: 0.6151
312/418 [=====================>........] - ETA: 18:39 - loss: 0.6789 - acc: 0.6090
320/418 [=====================>........] - ETA: 17:15 - loss: 0.6795 - acc: 0.6062
328/418 [======================>.......] - ETA: 15:50 - loss: 0.6791 - acc: 0.6067
336/418 [=======================>......] - ETA: 14:26 - loss: 0.6777 - acc: 0.6101
344/418 [=======================>......] - ETA: 13:01 - loss: 0.6752 - acc: 0.6163
352/418 [========================>.....] - ETA: 11:37 - loss: 0.6742 - acc: 0.6193
360/418 [========================>.....] - ETA: 10:12 - loss: 0.6784 - acc: 0.6083
368/418 [=========================>....] - ETA: 8:48 - loss: 0.6782 - acc: 0.6087 
376/418 [=========================>....] - ETA: 7:23 - loss: 0.6812 - acc: 0.6011
384/418 [==========================>...] - ETA: 5:59 - loss: 0.6795 - acc: 0.6042
392/418 [===========================>..] - ETA: 4:34 - loss: 0.6794 - acc: 0.6046
400/418 [===========================>..] - ETA: 3:10 - loss: 0.6811 - acc: 0.6000
408/418 [============================>.] - ETA: 1:45 - loss: 0.6817 - acc: 0.5980
416/418 [============================>.] - ETA: 21s - loss: 0.6831 - acc: 0.5938 
418/418 [==============================] - 4654s 11s/step - loss: 0.6832 - acc: 0.5933 - val_loss: 0.6761 - val_acc: 0.5905
Epoch 2/10

  8/418 [..............................] - ETA: 1:12:02 - loss: 0.6155 - acc: 0.7500
 16/418 [>.............................] - ETA: 1:10:09 - loss: 0.6562 - acc: 0.6250
 24/418 [>.............................] - ETA: 1:08:51 - loss: 0.6476 - acc: 0.6667
 32/418 [=>............................] - ETA: 1:07:34 - loss: 0.6412 - acc: 0.6875
 40/418 [=>............................] - ETA: 1:06:11 - loss: 0.6472 - acc: 0.6750
 48/418 [==>...........................] - ETA: 1:04:43 - loss: 0.6513 - acc: 0.6667
 56/418 [===>..........................] - ETA: 1:03:16 - loss: 0.6527 - acc: 0.6607
 64/418 [===>..........................] - ETA: 1:01:48 - loss: 0.6505 - acc: 0.6719
 72/418 [====>.........................] - ETA: 1:00:28 - loss: 0.6515 - acc: 0.6667
 80/418 [====>.........................] - ETA: 59:04 - loss: 0.6592 - acc: 0.6375  
 88/418 [=====>........................] - ETA: 57:41 - loss: 0.6597 - acc: 0.6364
 96/418 [=====>........................] - ETA: 56:16 - loss: 0.6632 - acc: 0.6250
104/418 [======>.......................] - ETA: 54:53 - loss: 0.6660 - acc: 0.6154
112/418 [=======>......................] - ETA: 53:28 - loss: 0.6685 - acc: 0.6071
120/418 [=======>......................] - ETA: 52:04 - loss: 0.6708 - acc: 0.6000
128/418 [========>.....................] - ETA: 50:42 - loss: 0.6701 - acc: 0.6016
136/418 [========>.....................] - ETA: 49:18 - loss: 0.6716 - acc: 0.5956
144/418 [=========>....................] - ETA: 47:54 - loss: 0.6745 - acc: 0.5833
152/418 [=========>....................] - ETA: 46:30 - loss: 0.6743 - acc: 0.5855
160/418 [==========>...................] - ETA: 45:06 - loss: 0.6751 - acc: 0.5813
168/418 [===========>..................] - ETA: 43:43 - loss: 0.6745 - acc: 0.5833
176/418 [===========>..................] - ETA: 42:19 - loss: 0.6752 - acc: 0.5795
184/418 [============>.................] - ETA: 40:55 - loss: 0.6749 - acc: 0.5815
192/418 [============>.................] - ETA: 39:31 - loss: 0.6772 - acc: 0.5729
200/418 [=============>................] - ETA: 38:07 - loss: 0.6780 - acc: 0.5700
208/418 [=============>................] - ETA: 36:42 - loss: 0.6763 - acc: 0.5769
216/418 [==============>...............] - ETA: 35:19 - loss: 0.6772 - acc: 0.5741
224/418 [===============>..............] - ETA: 33:55 - loss: 0.6781 - acc: 0.5714
232/418 [===============>..............] - ETA: 32:31 - loss: 0.6787 - acc: 0.5690
240/418 [================>.............] - ETA: 31:07 - loss: 0.6763 - acc: 0.5792
248/418 [================>.............] - ETA: 29:43 - loss: 0.6775 - acc: 0.5726
256/418 [=================>............] - ETA: 28:19 - loss: 0.6781 - acc: 0.5703
264/418 [=================>............] - ETA: 26:56 - loss: 0.6786 - acc: 0.5682
272/418 [==================>...........] - ETA: 25:32 - loss: 0.6779 - acc: 0.5699
280/418 [===================>..........] - ETA: 24:08 - loss: 0.6763 - acc: 0.5750
288/418 [===================>..........] - ETA: 22:44 - loss: 0.6761 - acc: 0.5764
296/418 [====================>.........] - ETA: 21:20 - loss: 0.6759 - acc: 0.5777
304/418 [====================>.........] - ETA: 19:56 - loss: 0.6733 - acc: 0.5855
312/418 [=====================>........] - ETA: 18:32 - loss: 0.6718 - acc: 0.5897
320/418 [=====================>........] - ETA: 17:08 - loss: 0.6714 - acc: 0.5906
328/418 [======================>.......] - ETA: 15:44 - loss: 0.6740 - acc: 0.5854
336/418 [=======================>......] - ETA: 14:20 - loss: 0.6723 - acc: 0.5893
344/418 [=======================>......] - ETA: 12:56 - loss: 0.6718 - acc: 0.5901
352/418 [========================>.....] - ETA: 11:32 - loss: 0.6719 - acc: 0.5909
360/418 [========================>.....] - ETA: 10:08 - loss: 0.6719 - acc: 0.5917
368/418 [=========================>....] - ETA: 8:44 - loss: 0.6677 - acc: 0.5978 
376/418 [=========================>....] - ETA: 7:20 - loss: 0.6651 - acc: 0.6011
384/418 [==========================>...] - ETA: 5:56 - loss: 0.6654 - acc: 0.6016
392/418 [===========================>..] - ETA: 4:32 - loss: 0.6693 - acc: 0.5969
400/418 [===========================>..] - ETA: 3:08 - loss: 0.6730 - acc: 0.5925
408/418 [============================>.] - ETA: 1:44 - loss: 0.6710 - acc: 0.5956
416/418 [============================>.] - ETA: 20s - loss: 0.6703 - acc: 0.5962 
418/418 [==============================] - 4625s 11s/step - loss: 0.6729 - acc: 0.5933 - val_loss: 0.6757 - val_acc: 0.5905
Epoch 3/10

  8/418 [..............................] - ETA: 1:11:38 - loss: 0.6504 - acc: 0.6250
 16/418 [>.............................] - ETA: 1:10:10 - loss: 0.6701 - acc: 0.5625
 24/418 [>.............................] - ETA: 1:08:53 - loss: 0.7095 - acc: 0.4583
 32/418 [=>............................] - ETA: 1:07:20 - loss: 0.6957 - acc: 0.5000
 40/418 [=>............................] - ETA: 1:05:56 - loss: 0.6948 - acc: 0.5000
 48/418 [==>...........................] - ETA: 1:04:34 - loss: 0.6934 - acc: 0.4792
 56/418 [===>..........................] - ETA: 1:03:13 - loss: 0.6888 - acc: 0.5000
 64/418 [===>..........................] - ETA: 1:01:47 - loss: 0.6848 - acc: 0.5156
 72/418 [====>.........................] - ETA: 1:00:27 - loss: 0.6841 - acc: 0.5278
 80/418 [====>.........................] - ETA: 59:04 - loss: 0.6791 - acc: 0.5625  
 88/418 [=====>........................] - ETA: 57:38 - loss: 0.6781 - acc: 0.5909
 96/418 [=====>........................] - ETA: 56:15 - loss: 0.6790 - acc: 0.5938
104/418 [======>.......................] - ETA: 54:50 - loss: 0.6790 - acc: 0.6058
112/418 [=======>......................] - ETA: 53:25 - loss: 0.6778 - acc: 0.6161
120/418 [=======>......................] - ETA: 52:03 - loss: 0.6800 - acc: 0.5917
128/418 [========>.....................] - ETA: 50:40 - loss: 0.6789 - acc: 0.6016
136/418 [========>.....................] - ETA: 49:15 - loss: 0.6779 - acc: 0.6176
144/418 [=========>....................] - ETA: 47:53 - loss: 0.6775 - acc: 0.6181
152/418 [=========>....................] - ETA: 46:30 - loss: 0.6781 - acc: 0.6118
160/418 [==========>...................] - ETA: 45:06 - loss: 0.6778 - acc: 0.6125
168/418 [===========>..................] - ETA: 43:42 - loss: 0.6765 - acc: 0.6190
176/418 [===========>..................] - ETA: 42:19 - loss: 0.6742 - acc: 0.6307
184/418 [============>.................] - ETA: 40:55 - loss: 0.6763 - acc: 0.6196
192/418 [============>.................] - ETA: 39:31 - loss: 0.6740 - acc: 0.6302
200/418 [=============>................] - ETA: 38:08 - loss: 0.6757 - acc: 0.6200
208/418 [=============>................] - ETA: 36:44 - loss: 0.6765 - acc: 0.6154
216/418 [==============>...............] - ETA: 35:20 - loss: 0.6753 - acc: 0.6157
224/418 [===============>..............] - ETA: 33:55 - loss: 0.6771 - acc: 0.6027
232/418 [===============>..............] - ETA: 32:31 - loss: 0.6764 - acc: 0.6034
240/418 [================>.............] - ETA: 31:08 - loss: 0.6767 - acc: 0.6000
248/418 [================>.............] - ETA: 29:44 - loss: 0.6779 - acc: 0.5927
256/418 [=================>............] - ETA: 28:20 - loss: 0.6762 - acc: 0.5977
264/418 [=================>............] - ETA: 26:56 - loss: 0.6779 - acc: 0.5909
272/418 [==================>...........] - ETA: 25:32 - loss: 0.6753 - acc: 0.5993
280/418 [===================>..........] - ETA: 24:09 - loss: 0.6734 - acc: 0.6071
288/418 [===================>..........] - ETA: 22:45 - loss: 0.6737 - acc: 0.6076
296/418 [====================>.........] - ETA: 21:21 - loss: 0.6735 - acc: 0.6081
304/418 [====================>.........] - ETA: 19:57 - loss: 0.6720 - acc: 0.6118
312/418 [=====================>........] - ETA: 18:33 - loss: 0.6707 - acc: 0.6154
320/418 [=====================>........] - ETA: 17:09 - loss: 0.6698 - acc: 0.6188
328/418 [======================>.......] - ETA: 15:45 - loss: 0.6666 - acc: 0.6250
336/418 [=======================>......] - ETA: 14:21 - loss: 0.6697 - acc: 0.6190
344/418 [=======================>......] - ETA: 12:57 - loss: 0.6698 - acc: 0.6163
352/418 [========================>.....] - ETA: 11:33 - loss: 0.6708 - acc: 0.6136
360/418 [========================>.....] - ETA: 10:09 - loss: 0.6714 - acc: 0.6111
368/418 [=========================>....] - ETA: 8:45 - loss: 0.6739 - acc: 0.6060 
376/418 [=========================>....] - ETA: 7:21 - loss: 0.6745 - acc: 0.6037
384/418 [==========================>...] - ETA: 5:57 - loss: 0.6725 - acc: 0.6068
392/418 [===========================>..] - ETA: 4:33 - loss: 0.6704 - acc: 0.6097
400/418 [===========================>..] - ETA: 3:08 - loss: 0.6694 - acc: 0.6125
408/418 [============================>.] - ETA: 1:44 - loss: 0.6676 - acc: 0.6176
416/418 [============================>.] - ETA: 20s - loss: 0.6687 - acc: 0.6130 
418/418 [==============================] - 4627s 11s/step - loss: 0.6690 - acc: 0.6124 - val_loss: 0.6740 - val_acc: 0.5810
Epoch 4/10

  8/418 [..............................] - ETA: 1:12:02 - loss: 0.7690 - acc: 0.3750
 16/418 [>.............................] - ETA: 1:10:24 - loss: 0.6847 - acc: 0.5625
 24/418 [>.............................] - ETA: 1:09:01 - loss: 0.6718 - acc: 0.6250
 32/418 [=>............................] - ETA: 1:07:30 - loss: 0.6739 - acc: 0.5938
 40/418 [=>............................] - ETA: 1:06:03 - loss: 0.7039 - acc: 0.5250
 48/418 [==>...........................] - ETA: 1:04:40 - loss: 0.6683 - acc: 0.6042
 56/418 [===>..........................] - ETA: 1:03:11 - loss: 0.6572 - acc: 0.6250
 64/418 [===>..........................] - ETA: 1:01:50 - loss: 0.6562 - acc: 0.6250
 72/418 [====>.........................] - ETA: 1:00:26 - loss: 0.6573 - acc: 0.6250
 80/418 [====>.........................] - ETA: 59:02 - loss: 0.6372 - acc: 0.6625  
 88/418 [=====>........................] - ETA: 57:37 - loss: 0.6444 - acc: 0.6477
 96/418 [=====>........................] - ETA: 56:12 - loss: 0.6344 - acc: 0.6667
104/418 [======>.......................] - ETA: 54:48 - loss: 0.6435 - acc: 0.6442
112/418 [=======>......................] - ETA: 53:24 - loss: 0.6293 - acc: 0.6696
120/418 [=======>......................] - ETA: 51:59 - loss: 0.6412 - acc: 0.6500
128/418 [========>.....................] - ETA: 50:36 - loss: 0.6364 - acc: 0.6484
136/418 [========>.....................] - ETA: 49:14 - loss: 0.6327 - acc: 0.6544
144/418 [=========>....................] - ETA: 47:51 - loss: 0.6411 - acc: 0.6389
152/418 [=========>....................] - ETA: 46:27 - loss: 0.6338 - acc: 0.6447
160/418 [==========>...................] - ETA: 45:03 - loss: 0.6408 - acc: 0.6375
168/418 [===========>..................] - ETA: 43:40 - loss: 0.6316 - acc: 0.6488
176/418 [===========>..................] - ETA: 42:16 - loss: 0.6259 - acc: 0.6591
184/418 [============>.................] - ETA: 40:52 - loss: 0.6352 - acc: 0.6467
192/418 [============>.................] - ETA: 39:29 - loss: 0.6310 - acc: 0.6510
200/418 [=============>................] - ETA: 38:05 - loss: 0.6219 - acc: 0.6600
208/418 [=============>................] - ETA: 36:41 - loss: 0.6271 - acc: 0.6490
216/418 [==============>...............] - ETA: 35:17 - loss: 0.6272 - acc: 0.6481
224/418 [===============>..............] - ETA: 33:53 - loss: 0.6275 - acc: 0.6429
232/418 [===============>..............] - ETA: 32:30 - loss: 0.6255 - acc: 0.6466
240/418 [================>.............] - ETA: 31:06 - loss: 0.6235 - acc: 0.6500
248/418 [================>.............] - ETA: 29:41 - loss: 0.6324 - acc: 0.6371
256/418 [=================>............] - ETA: 28:17 - loss: 0.6347 - acc: 0.6367
264/418 [=================>............] - ETA: 26:53 - loss: 0.6390 - acc: 0.6288
272/418 [==================>...........] - ETA: 25:29 - loss: 0.6371 - acc: 0.6360
280/418 [===================>..........] - ETA: 24:06 - loss: 0.6368 - acc: 0.6393
288/418 [===================>..........] - ETA: 22:42 - loss: 0.6353 - acc: 0.6458
296/418 [====================>.........] - ETA: 21:18 - loss: 0.6353 - acc: 0.6486
304/418 [====================>.........] - ETA: 19:55 - loss: 0.6353 - acc: 0.6513
312/418 [=====================>........] - ETA: 18:31 - loss: 0.6368 - acc: 0.6474
320/418 [=====================>........] - ETA: 17:07 - loss: 0.6376 - acc: 0.6438
328/418 [======================>.......] - ETA: 15:43 - loss: 0.6400 - acc: 0.6341
336/418 [=======================>......] - ETA: 14:19 - loss: 0.6393 - acc: 0.6399
344/418 [=======================>......] - ETA: 12:55 - loss: 0.6390 - acc: 0.6395
352/418 [========================>.....] - ETA: 11:31 - loss: 0.6404 - acc: 0.6364
360/418 [========================>.....] - ETA: 10:08 - loss: 0.6406 - acc: 0.6361
368/418 [=========================>....] - ETA: 8:44 - loss: 0.6403 - acc: 0.6386 
376/418 [=========================>....] - ETA: 7:20 - loss: 0.6411 - acc: 0.6356
384/418 [==========================>...] - ETA: 5:56 - loss: 0.6426 - acc: 0.6302
392/418 [===========================>..] - ETA: 4:32 - loss: 0.6413 - acc: 0.6378
400/418 [===========================>..] - ETA: 3:08 - loss: 0.6402 - acc: 0.6375
408/418 [============================>.] - ETA: 1:44 - loss: 0.6393 - acc: 0.6422
416/418 [============================>.] - ETA: 20s - loss: 0.6384 - acc: 0.6442 
418/418 [==============================] - 4621s 11s/step - loss: 0.6388 - acc: 0.6435 - val_loss: 0.6823 - val_acc: 0.5619
Epoch 5/10

  8/418 [..............................] - ETA: 1:11:31 - loss: 0.7239 - acc: 0.5000
 16/418 [>.............................] - ETA: 1:10:21 - loss: 0.6168 - acc: 0.7500
 24/418 [>.............................] - ETA: 1:08:54 - loss: 0.5963 - acc: 0.7083
 32/418 [=>............................] - ETA: 1:07:27 - loss: 0.5847 - acc: 0.6875
 40/418 [=>............................] - ETA: 1:06:00 - loss: 0.5751 - acc: 0.7250
 48/418 [==>...........................] - ETA: 1:04:53 - loss: 0.5564 - acc: 0.7500
 56/418 [===>..........................] - ETA: 1:03:25 - loss: 0.5760 - acc: 0.7321
 64/418 [===>..........................] - ETA: 1:01:59 - loss: 0.5561 - acc: 0.7500
 72/418 [====>.........................] - ETA: 1:00:33 - loss: 0.5506 - acc: 0.7500
 80/418 [====>.........................] - ETA: 59:08 - loss: 0.5369 - acc: 0.7375  
 88/418 [=====>........................] - ETA: 57:43 - loss: 0.5379 - acc: 0.7273
 96/418 [=====>........................] - ETA: 56:19 - loss: 0.5399 - acc: 0.7292
104/418 [======>.......................] - ETA: 54:54 - loss: 0.5627 - acc: 0.7019
112/418 [=======>......................] - ETA: 53:31 - loss: 0.5481 - acc: 0.7143
120/418 [=======>......................] - ETA: 52:07 - loss: 0.5588 - acc: 0.7000
128/418 [========>.....................] - ETA: 50:44 - loss: 0.5480 - acc: 0.7109
136/418 [========>.....................] - ETA: 49:20 - loss: 0.5638 - acc: 0.6912
144/418 [=========>....................] - ETA: 47:56 - loss: 0.5649 - acc: 0.6944
152/418 [=========>....................] - ETA: 46:33 - loss: 0.5586 - acc: 0.6974
160/418 [==========>...................] - ETA: 45:08 - loss: 0.5579 - acc: 0.7000
168/418 [===========>..................] - ETA: 43:42 - loss: 0.5616 - acc: 0.7024
176/418 [===========>..................] - ETA: 42:18 - loss: 0.5651 - acc: 0.7045
184/418 [============>.................] - ETA: 40:54 - loss: 0.5633 - acc: 0.7011
192/418 [============>.................] - ETA: 39:30 - loss: 0.5732 - acc: 0.6823
200/418 [=============>................] - ETA: 38:06 - loss: 0.5754 - acc: 0.6700
208/418 [=============>................] - ETA: 36:42 - loss: 0.5818 - acc: 0.6587
216/418 [==============>...............] - ETA: 35:18 - loss: 0.5826 - acc: 0.6620
224/418 [===============>..............] - ETA: 33:54 - loss: 0.5834 - acc: 0.6696
232/418 [===============>..............] - ETA: 32:31 - loss: 0.5851 - acc: 0.6638
240/418 [================>.............] - ETA: 31:07 - loss: 0.5848 - acc: 0.6625
248/418 [================>.............] - ETA: 29:43 - loss: 0.5835 - acc: 0.6613
256/418 [=================>............] - ETA: 28:19 - loss: 0.5898 - acc: 0.6562
264/418 [=================>............] - ETA: 26:55 - loss: 0.5995 - acc: 0.6477
272/418 [==================>...........] - ETA: 25:31 - loss: 0.5990 - acc: 0.6507
280/418 [===================>..........] - ETA: 24:07 - loss: 0.5940 - acc: 0.6607
288/418 [===================>..........] - ETA: 22:43 - loss: 0.5964 - acc: 0.6597
296/418 [====================>.........] - ETA: 21:19 - loss: 0.5897 - acc: 0.6655
304/418 [====================>.........] - ETA: 19:55 - loss: 0.5878 - acc: 0.6678
312/418 [=====================>........] - ETA: 18:31 - loss: 0.5872 - acc: 0.6667
320/418 [=====================>........] - ETA: 17:07 - loss: 0.5910 - acc: 0.6625
328/418 [======================>.......] - ETA: 15:43 - loss: 0.5976 - acc: 0.6585
336/418 [=======================>......] - ETA: 14:19 - loss: 0.6006 - acc: 0.6548
344/418 [=======================>......] - ETA: 12:55 - loss: 0.5971 - acc: 0.6570
352/418 [========================>.....] - ETA: 11:31 - loss: 0.6013 - acc: 0.6477
360/418 [========================>.....] - ETA: 10:07 - loss: 0.6003 - acc: 0.6472
368/418 [=========================>....] - ETA: 8:43 - loss: 0.6022 - acc: 0.6467 
376/418 [=========================>....] - ETA: 7:20 - loss: 0.6028 - acc: 0.6436
384/418 [==========================>...] - ETA: 5:56 - loss: 0.6003 - acc: 0.6510
392/418 [===========================>..] - ETA: 4:32 - loss: 0.5996 - acc: 0.6582
400/418 [===========================>..] - ETA: 3:08 - loss: 0.5987 - acc: 0.6600
408/418 [============================>.] - ETA: 1:44 - loss: 0.5990 - acc: 0.6618
416/418 [============================>.] - ETA: 20s - loss: 0.6015 - acc: 0.6562 
418/418 [==============================] - 4621s 11s/step - loss: 0.6015 - acc: 0.6579 - val_loss: 0.7024 - val_acc: 0.5048
Restoring model weights from the end of the best epoch
Epoch 00005: early stopping
Performance plot of fold 3:

 32/258 [==>...........................] - ETA: 2:06
 64/258 [======>.......................] - ETA: 1:46
 96/258 [==========>...................] - ETA: 1:27
128/258 [=============>................] - ETA: 1:09
160/258 [=================>............] - ETA: 52s 
192/258 [=====================>........] - ETA: 34s
224/258 [=========================>....] - ETA: 18s
256/258 [============================>.] - ETA: 1s 
258/258 [==============================] - 148s 575ms/step
[['f1score', 0.8137931034482759], ['precision', 0.686046511627907], ['recall', 1.0], ['accuracy', 0.686046511627907]]
Fit fold 4  ==========================================================================
Train on 419 samples, validate on 104 samples
Epoch 1/10

  8/419 [..............................] - ETA: 1:11:02 - loss: 0.6933 - acc: 0.3750
 16/419 [>.............................] - ETA: 1:09:23 - loss: 0.6976 - acc: 0.3125
 24/419 [>.............................] - ETA: 1:07:48 - loss: 0.6902 - acc: 0.4583
 32/419 [=>............................] - ETA: 1:06:23 - loss: 0.6917 - acc: 0.4688
 40/419 [=>............................] - ETA: 1:04:51 - loss: 0.6960 - acc: 0.4500
 48/419 [==>...........................] - ETA: 1:03:30 - loss: 0.6954 - acc: 0.4583
 56/419 [===>..........................] - ETA: 1:02:05 - loss: 0.6883 - acc: 0.5000
 64/419 [===>..........................] - ETA: 1:00:40 - loss: 0.6865 - acc: 0.5156
 72/419 [====>.........................] - ETA: 59:18 - loss: 0.6874 - acc: 0.5139  
 80/419 [====>.........................] - ETA: 57:54 - loss: 0.6778 - acc: 0.5500
 88/419 [=====>........................] - ETA: 56:31 - loss: 0.6726 - acc: 0.5682
 96/419 [=====>........................] - ETA: 55:10 - loss: 0.6814 - acc: 0.5521
104/419 [======>.......................] - ETA: 53:48 - loss: 0.6886 - acc: 0.5385
112/419 [=======>......................] - ETA: 52:26 - loss: 0.6897 - acc: 0.5357
120/419 [=======>......................] - ETA: 51:03 - loss: 0.6921 - acc: 0.5333
128/419 [========>.....................] - ETA: 49:42 - loss: 0.6906 - acc: 0.5391
136/419 [========>.....................] - ETA: 48:19 - loss: 0.6909 - acc: 0.5368
144/419 [=========>....................] - ETA: 46:56 - loss: 0.6927 - acc: 0.5347
152/419 [=========>....................] - ETA: 45:33 - loss: 0.6892 - acc: 0.5461
160/419 [==========>...................] - ETA: 44:11 - loss: 0.6854 - acc: 0.5563
168/419 [===========>..................] - ETA: 42:48 - loss: 0.6871 - acc: 0.5536
176/419 [===========>..................] - ETA: 41:26 - loss: 0.6873 - acc: 0.5511
184/419 [============>.................] - ETA: 40:04 - loss: 0.6862 - acc: 0.5543
192/419 [============>.................] - ETA: 38:42 - loss: 0.6856 - acc: 0.5573
200/419 [=============>................] - ETA: 37:20 - loss: 0.6862 - acc: 0.5550
208/419 [=============>................] - ETA: 35:58 - loss: 0.6844 - acc: 0.5625
216/419 [==============>...............] - ETA: 34:36 - loss: 0.6826 - acc: 0.5694
224/419 [===============>..............] - ETA: 33:14 - loss: 0.6851 - acc: 0.5625
232/419 [===============>..............] - ETA: 31:51 - loss: 0.6868 - acc: 0.5560
240/419 [================>.............] - ETA: 30:29 - loss: 0.6883 - acc: 0.5500
248/419 [================>.............] - ETA: 29:07 - loss: 0.6888 - acc: 0.5484
256/419 [=================>............] - ETA: 27:45 - loss: 0.6880 - acc: 0.5508
264/419 [=================>............] - ETA: 26:23 - loss: 0.6893 - acc: 0.5455
272/419 [==================>...........] - ETA: 25:01 - loss: 0.6883 - acc: 0.5515
280/419 [===================>..........] - ETA: 23:40 - loss: 0.6887 - acc: 0.5500
288/419 [===================>..........] - ETA: 22:18 - loss: 0.6867 - acc: 0.5590
296/419 [====================>.........] - ETA: 20:56 - loss: 0.6869 - acc: 0.5574
304/419 [====================>.........] - ETA: 19:34 - loss: 0.6866 - acc: 0.5592
312/419 [=====================>........] - ETA: 18:12 - loss: 0.6870 - acc: 0.5577
320/419 [=====================>........] - ETA: 16:50 - loss: 0.6851 - acc: 0.5656
328/419 [======================>.......] - ETA: 15:29 - loss: 0.6848 - acc: 0.5671
336/419 [=======================>......] - ETA: 14:07 - loss: 0.6853 - acc: 0.5655
344/419 [=======================>......] - ETA: 12:45 - loss: 0.6869 - acc: 0.5610
352/419 [========================>.....] - ETA: 11:24 - loss: 0.6883 - acc: 0.5568
360/419 [========================>.....] - ETA: 10:02 - loss: 0.6863 - acc: 0.5639
368/419 [=========================>....] - ETA: 8:40 - loss: 0.6870 - acc: 0.5625 
376/419 [=========================>....] - ETA: 7:19 - loss: 0.6864 - acc: 0.5638
384/419 [==========================>...] - ETA: 5:57 - loss: 0.6854 - acc: 0.5677
392/419 [===========================>..] - ETA: 4:35 - loss: 0.6851 - acc: 0.5689
400/419 [===========================>..] - ETA: 3:13 - loss: 0.6846 - acc: 0.5700
408/419 [============================>.] - ETA: 1:52 - loss: 0.6836 - acc: 0.5735
416/419 [============================>.] - ETA: 30s - loss: 0.6815 - acc: 0.5793 
419/419 [==============================] - 4493s 11s/step - loss: 0.6814 - acc: 0.5800 - val_loss: 0.6776 - val_acc: 0.5962
Epoch 2/10

  8/419 [..............................] - ETA: 1:09:13 - loss: 0.6708 - acc: 0.6250
 16/419 [>.............................] - ETA: 1:08:21 - loss: 0.7368 - acc: 0.4375
 24/419 [>.............................] - ETA: 1:07:02 - loss: 0.7031 - acc: 0.5000
 32/419 [=>............................] - ETA: 1:05:40 - loss: 0.6933 - acc: 0.5312
 40/419 [=>............................] - ETA: 1:04:23 - loss: 0.6856 - acc: 0.5500
 48/419 [==>...........................] - ETA: 1:03:03 - loss: 0.6810 - acc: 0.5625
 56/419 [===>..........................] - ETA: 1:01:42 - loss: 0.6786 - acc: 0.5714
 64/419 [===>..........................] - ETA: 1:00:17 - loss: 0.6986 - acc: 0.5312
 72/419 [====>.........................] - ETA: 58:52 - loss: 0.6931 - acc: 0.5417  
 80/419 [====>.........................] - ETA: 57:29 - loss: 0.6896 - acc: 0.5500
 88/419 [=====>........................] - ETA: 56:07 - loss: 0.6951 - acc: 0.5341
 96/419 [=====>........................] - ETA: 54:44 - loss: 0.6979 - acc: 0.5312
104/419 [======>.......................] - ETA: 53:21 - loss: 0.6985 - acc: 0.5288
112/419 [=======>......................] - ETA: 52:01 - loss: 0.6935 - acc: 0.5446
120/419 [=======>......................] - ETA: 50:39 - loss: 0.6941 - acc: 0.5417
128/419 [========>.....................] - ETA: 49:18 - loss: 0.6872 - acc: 0.5625
136/419 [========>.....................] - ETA: 47:56 - loss: 0.6899 - acc: 0.5515
144/419 [=========>....................] - ETA: 46:36 - loss: 0.6926 - acc: 0.5417
152/419 [=========>....................] - ETA: 45:15 - loss: 0.6912 - acc: 0.5461
160/419 [==========>...................] - ETA: 43:53 - loss: 0.6893 - acc: 0.5500
168/419 [===========>..................] - ETA: 42:32 - loss: 0.6885 - acc: 0.5536
176/419 [===========>..................] - ETA: 41:11 - loss: 0.6860 - acc: 0.5625
184/419 [============>.................] - ETA: 39:50 - loss: 0.6860 - acc: 0.5598
192/419 [============>.................] - ETA: 38:29 - loss: 0.6851 - acc: 0.5625
200/419 [=============>................] - ETA: 37:08 - loss: 0.6852 - acc: 0.5600
208/419 [=============>................] - ETA: 35:46 - loss: 0.6881 - acc: 0.5481
216/419 [==============>...............] - ETA: 34:25 - loss: 0.6874 - acc: 0.5463
224/419 [===============>..............] - ETA: 33:03 - loss: 0.6832 - acc: 0.5625
232/419 [===============>..............] - ETA: 31:42 - loss: 0.6836 - acc: 0.5603
240/419 [================>.............] - ETA: 30:21 - loss: 0.6815 - acc: 0.5667
248/419 [================>.............] - ETA: 28:59 - loss: 0.6799 - acc: 0.5726
256/419 [=================>............] - ETA: 27:38 - loss: 0.6783 - acc: 0.5781
264/419 [=================>............] - ETA: 26:16 - loss: 0.6784 - acc: 0.5758
272/419 [==================>...........] - ETA: 24:55 - loss: 0.6786 - acc: 0.5772
280/419 [===================>..........] - ETA: 23:33 - loss: 0.6764 - acc: 0.5821
288/419 [===================>..........] - ETA: 22:12 - loss: 0.6754 - acc: 0.5868
296/419 [====================>.........] - ETA: 20:50 - loss: 0.6782 - acc: 0.5811
304/419 [====================>.........] - ETA: 19:29 - loss: 0.6782 - acc: 0.5822
312/419 [=====================>........] - ETA: 18:07 - loss: 0.6737 - acc: 0.5865
320/419 [=====================>........] - ETA: 16:46 - loss: 0.6704 - acc: 0.5906
328/419 [======================>.......] - ETA: 15:25 - loss: 0.6716 - acc: 0.5884
336/419 [=======================>......] - ETA: 14:03 - loss: 0.6708 - acc: 0.5893
344/419 [=======================>......] - ETA: 12:42 - loss: 0.6709 - acc: 0.5901
352/419 [========================>.....] - ETA: 11:21 - loss: 0.6713 - acc: 0.5909
360/419 [========================>.....] - ETA: 9:59 - loss: 0.6675 - acc: 0.5972 
368/419 [=========================>....] - ETA: 8:38 - loss: 0.6667 - acc: 0.5978
376/419 [=========================>....] - ETA: 7:17 - loss: 0.6669 - acc: 0.5984
384/419 [==========================>...] - ETA: 5:55 - loss: 0.6677 - acc: 0.5990
392/419 [===========================>..] - ETA: 4:34 - loss: 0.6690 - acc: 0.5969
400/419 [===========================>..] - ETA: 3:13 - loss: 0.6669 - acc: 0.6000
408/419 [============================>.] - ETA: 1:51 - loss: 0.6708 - acc: 0.5956
416/419 [============================>.] - ETA: 30s - loss: 0.6736 - acc: 0.5913 
419/419 [==============================] - 4475s 11s/step - loss: 0.6736 - acc: 0.5919 - val_loss: 0.6814 - val_acc: 0.5962
Epoch 3/10

  8/419 [..............................] - ETA: 1:09:20 - loss: 0.6367 - acc: 0.6250
 16/419 [>.............................] - ETA: 1:08:35 - loss: 0.6939 - acc: 0.5000
 24/419 [>.............................] - ETA: 1:07:13 - loss: 0.6499 - acc: 0.6250
 32/419 [=>............................] - ETA: 1:05:45 - loss: 0.6255 - acc: 0.6875
 40/419 [=>............................] - ETA: 1:04:24 - loss: 0.6366 - acc: 0.6500
 48/419 [==>...........................] - ETA: 1:03:03 - loss: 0.6372 - acc: 0.6667
 56/419 [===>..........................] - ETA: 1:01:42 - loss: 0.6391 - acc: 0.6607
 64/419 [===>..........................] - ETA: 1:00:21 - loss: 0.6498 - acc: 0.6094
 72/419 [====>.........................] - ETA: 58:58 - loss: 0.6469 - acc: 0.6250  
 80/419 [====>.........................] - ETA: 57:33 - loss: 0.6566 - acc: 0.6000
 88/419 [=====>........................] - ETA: 56:12 - loss: 0.6622 - acc: 0.5795
 96/419 [=====>........................] - ETA: 54:51 - loss: 0.6592 - acc: 0.5938
104/419 [======>.......................] - ETA: 53:31 - loss: 0.6613 - acc: 0.5769
112/419 [=======>......................] - ETA: 52:10 - loss: 0.6588 - acc: 0.5804
120/419 [=======>......................] - ETA: 50:48 - loss: 0.6542 - acc: 0.6000
128/419 [========>.....................] - ETA: 49:26 - loss: 0.6545 - acc: 0.6094
136/419 [========>.....................] - ETA: 48:03 - loss: 0.6566 - acc: 0.6103
144/419 [=========>....................] - ETA: 46:39 - loss: 0.6527 - acc: 0.6250
152/419 [=========>....................] - ETA: 45:18 - loss: 0.6501 - acc: 0.6316
160/419 [==========>...................] - ETA: 43:56 - loss: 0.6481 - acc: 0.6375
168/419 [===========>..................] - ETA: 42:34 - loss: 0.6544 - acc: 0.6250
176/419 [===========>..................] - ETA: 41:13 - loss: 0.6524 - acc: 0.6250
184/419 [============>.................] - ETA: 39:51 - loss: 0.6493 - acc: 0.6250
192/419 [============>.................] - ETA: 38:29 - loss: 0.6545 - acc: 0.6146
200/419 [=============>................] - ETA: 37:08 - loss: 0.6618 - acc: 0.6050
208/419 [=============>................] - ETA: 35:47 - loss: 0.6609 - acc: 0.6058
216/419 [==============>...............] - ETA: 34:25 - loss: 0.6610 - acc: 0.6019
224/419 [===============>..............] - ETA: 33:03 - loss: 0.6634 - acc: 0.5938
232/419 [===============>..............] - ETA: 31:41 - loss: 0.6611 - acc: 0.5991
240/419 [================>.............] - ETA: 30:20 - loss: 0.6589 - acc: 0.6042
248/419 [================>.............] - ETA: 28:58 - loss: 0.6602 - acc: 0.5968
256/419 [=================>............] - ETA: 27:37 - loss: 0.6564 - acc: 0.6094
264/419 [=================>............] - ETA: 26:16 - loss: 0.6562 - acc: 0.6098
272/419 [==================>...........] - ETA: 24:54 - loss: 0.6552 - acc: 0.6140
280/419 [===================>..........] - ETA: 23:33 - loss: 0.6595 - acc: 0.6036
288/419 [===================>..........] - ETA: 22:12 - loss: 0.6601 - acc: 0.6042
296/419 [====================>.........] - ETA: 20:50 - loss: 0.6630 - acc: 0.5980
304/419 [====================>.........] - ETA: 19:29 - loss: 0.6641 - acc: 0.5954
312/419 [=====================>........] - ETA: 18:08 - loss: 0.6611 - acc: 0.6026
320/419 [=====================>........] - ETA: 16:46 - loss: 0.6604 - acc: 0.6031
328/419 [======================>.......] - ETA: 15:25 - loss: 0.6625 - acc: 0.5976
336/419 [=======================>......] - ETA: 14:03 - loss: 0.6620 - acc: 0.5982
344/419 [=======================>......] - ETA: 12:42 - loss: 0.6605 - acc: 0.6047
352/419 [========================>.....] - ETA: 11:21 - loss: 0.6624 - acc: 0.5994
360/419 [========================>.....] - ETA: 9:59 - loss: 0.6612 - acc: 0.6000 
368/419 [=========================>....] - ETA: 8:38 - loss: 0.6608 - acc: 0.6005
376/419 [=========================>....] - ETA: 7:17 - loss: 0.6599 - acc: 0.6011
384/419 [==========================>...] - ETA: 5:55 - loss: 0.6607 - acc: 0.6016
392/419 [===========================>..] - ETA: 4:34 - loss: 0.6625 - acc: 0.5995
400/419 [===========================>..] - ETA: 3:13 - loss: 0.6613 - acc: 0.6050
408/419 [============================>.] - ETA: 1:51 - loss: 0.6618 - acc: 0.6054
416/419 [============================>.] - ETA: 30s - loss: 0.6596 - acc: 0.6106 
419/419 [==============================] - 4474s 11s/step - loss: 0.6589 - acc: 0.6110 - val_loss: 0.6821 - val_acc: 0.6058
Restoring model weights from the end of the best epoch
Epoch 00003: early stopping
Performance plot of fold 4:

 32/258 [==>...........................] - ETA: 2:04
 64/258 [======>.......................] - ETA: 1:45
 96/258 [==========>...................] - ETA: 1:27
128/258 [=============>................] - ETA: 1:10
160/258 [=================>............] - ETA: 52s 
192/258 [=====================>........] - ETA: 35s
224/258 [=========================>....] - ETA: 18s
256/258 [============================>.] - ETA: 1s 
258/258 [==============================] - 150s 580ms/step
[['f1score', 0.8137931034482759], ['precision', 0.686046511627907], ['recall', 1.0], ['accuracy', 0.686046511627907]]
Fit fold 5  ==========================================================================
Train on 419 samples, validate on 104 samples
Epoch 1/10

  8/419 [..............................] - ETA: 1:10:47 - loss: 0.6967 - acc: 0.2500
 16/419 [>.............................] - ETA: 1:08:55 - loss: 0.6871 - acc: 0.5000
 24/419 [>.............................] - ETA: 1:07:34 - loss: 0.6912 - acc: 0.5000
 32/419 [=>............................] - ETA: 1:06:07 - loss: 0.6709 - acc: 0.5938
 40/419 [=>............................] - ETA: 1:04:38 - loss: 0.6525 - acc: 0.6500
 48/419 [==>...........................] - ETA: 1:03:15 - loss: 0.6748 - acc: 0.6042
 56/419 [===>..........................] - ETA: 1:01:51 - loss: 0.6654 - acc: 0.6250
 64/419 [===>..........................] - ETA: 1:00:27 - loss: 0.6656 - acc: 0.6250
 72/419 [====>.........................] - ETA: 59:05 - loss: 0.6553 - acc: 0.6389  
 80/419 [====>.........................] - ETA: 57:41 - loss: 0.6732 - acc: 0.6125
 88/419 [=====>........................] - ETA: 56:20 - loss: 0.6734 - acc: 0.6136
 96/419 [=====>........................] - ETA: 55:00 - loss: 0.6776 - acc: 0.6042
104/419 [======>.......................] - ETA: 53:38 - loss: 0.6749 - acc: 0.6058
112/419 [=======>......................] - ETA: 52:16 - loss: 0.6882 - acc: 0.5804
120/419 [=======>......................] - ETA: 50:55 - loss: 0.6859 - acc: 0.5833
128/419 [========>.....................] - ETA: 49:32 - loss: 0.6927 - acc: 0.5703
136/419 [========>.....................] - ETA: 48:10 - loss: 0.6850 - acc: 0.5882
144/419 [=========>....................] - ETA: 46:47 - loss: 0.6844 - acc: 0.5903
152/419 [=========>....................] - ETA: 45:26 - loss: 0.6833 - acc: 0.5921
160/419 [==========>...................] - ETA: 44:02 - loss: 0.6779 - acc: 0.6062
168/419 [===========>..................] - ETA: 42:41 - loss: 0.6772 - acc: 0.6071
176/419 [===========>..................] - ETA: 41:19 - loss: 0.6810 - acc: 0.5966
184/419 [============>.................] - ETA: 39:57 - loss: 0.6823 - acc: 0.5924
192/419 [============>.................] - ETA: 38:35 - loss: 0.6839 - acc: 0.5885
200/419 [=============>................] - ETA: 37:13 - loss: 0.6831 - acc: 0.5900
208/419 [=============>................] - ETA: 35:51 - loss: 0.6826 - acc: 0.5913
216/419 [==============>...............] - ETA: 34:29 - loss: 0.6820 - acc: 0.5926
224/419 [===============>..............] - ETA: 33:08 - loss: 0.6840 - acc: 0.5848
232/419 [===============>..............] - ETA: 31:46 - loss: 0.6851 - acc: 0.5819
240/419 [================>.............] - ETA: 30:24 - loss: 0.6849 - acc: 0.5833
248/419 [================>.............] - ETA: 29:03 - loss: 0.6844 - acc: 0.5847
256/419 [=================>............] - ETA: 27:41 - loss: 0.6830 - acc: 0.5898
264/419 [=================>............] - ETA: 26:19 - loss: 0.6846 - acc: 0.5833
272/419 [==================>...........] - ETA: 24:58 - loss: 0.6841 - acc: 0.5846
280/419 [===================>..........] - ETA: 23:36 - loss: 0.6837 - acc: 0.5857
288/419 [===================>..........] - ETA: 22:15 - loss: 0.6854 - acc: 0.5799
296/419 [====================>.........] - ETA: 20:53 - loss: 0.6861 - acc: 0.5777
304/419 [====================>.........] - ETA: 19:32 - loss: 0.6851 - acc: 0.5822
312/419 [=====================>........] - ETA: 18:10 - loss: 0.6857 - acc: 0.5801
320/419 [=====================>........] - ETA: 16:48 - loss: 0.6860 - acc: 0.5781
328/419 [======================>.......] - ETA: 15:27 - loss: 0.6857 - acc: 0.5793
336/419 [=======================>......] - ETA: 14:05 - loss: 0.6855 - acc: 0.5804
344/419 [=======================>......] - ETA: 12:44 - loss: 0.6858 - acc: 0.5785
352/419 [========================>.....] - ETA: 11:22 - loss: 0.6868 - acc: 0.5739
360/419 [========================>.....] - ETA: 10:01 - loss: 0.6853 - acc: 0.5806
368/419 [=========================>....] - ETA: 8:39 - loss: 0.6844 - acc: 0.5842 
376/419 [=========================>....] - ETA: 7:17 - loss: 0.6847 - acc: 0.5824
384/419 [==========================>...] - ETA: 5:56 - loss: 0.6832 - acc: 0.5885
392/419 [===========================>..] - ETA: 4:34 - loss: 0.6829 - acc: 0.5893
400/419 [===========================>..] - ETA: 3:13 - loss: 0.6835 - acc: 0.5875
408/419 [============================>.] - ETA: 1:51 - loss: 0.6837 - acc: 0.5858
416/419 [============================>.] - ETA: 30s - loss: 0.6834 - acc: 0.5865 
419/419 [==============================] - 4481s 11s/step - loss: 0.6845 - acc: 0.5823 - val_loss: 0.6745 - val_acc: 0.5962
Epoch 2/10

  8/419 [..............................] - ETA: 1:09:03 - loss: 0.6637 - acc: 0.6250
 16/419 [>.............................] - ETA: 1:08:00 - loss: 0.6853 - acc: 0.5625
 24/419 [>.............................] - ETA: 1:06:34 - loss: 0.6691 - acc: 0.6250
 32/419 [=>............................] - ETA: 1:05:26 - loss: 0.6959 - acc: 0.5312
 40/419 [=>............................] - ETA: 1:04:06 - loss: 0.6907 - acc: 0.5500
 48/419 [==>...........................] - ETA: 1:02:45 - loss: 0.6866 - acc: 0.5625
 56/419 [===>..........................] - ETA: 1:01:24 - loss: 0.6886 - acc: 0.5536
 64/419 [===>..........................] - ETA: 1:00:02 - loss: 0.6892 - acc: 0.5469
 72/419 [====>.........................] - ETA: 58:41 - loss: 0.6858 - acc: 0.5556  
 80/419 [====>.........................] - ETA: 57:21 - loss: 0.6805 - acc: 0.5750
 88/419 [=====>........................] - ETA: 55:58 - loss: 0.6784 - acc: 0.5795
 96/419 [=====>........................] - ETA: 54:37 - loss: 0.6745 - acc: 0.5938
104/419 [======>.......................] - ETA: 53:16 - loss: 0.6717 - acc: 0.6058
112/419 [=======>......................] - ETA: 51:54 - loss: 0.6726 - acc: 0.5982
120/419 [=======>......................] - ETA: 50:34 - loss: 0.6724 - acc: 0.6000
128/419 [========>.....................] - ETA: 49:12 - loss: 0.6788 - acc: 0.5781
136/419 [========>.....................] - ETA: 47:51 - loss: 0.6760 - acc: 0.5882
144/419 [=========>....................] - ETA: 46:29 - loss: 0.6736 - acc: 0.5972
152/419 [=========>....................] - ETA: 45:08 - loss: 0.6733 - acc: 0.5987
160/419 [==========>...................] - ETA: 43:47 - loss: 0.6705 - acc: 0.6062
168/419 [===========>..................] - ETA: 42:27 - loss: 0.6734 - acc: 0.5952
176/419 [===========>..................] - ETA: 41:07 - loss: 0.6748 - acc: 0.5909
184/419 [============>.................] - ETA: 39:44 - loss: 0.6776 - acc: 0.5815
192/419 [============>.................] - ETA: 38:22 - loss: 0.6707 - acc: 0.5990
200/419 [=============>................] - ETA: 37:01 - loss: 0.6697 - acc: 0.6000
208/419 [=============>................] - ETA: 35:40 - loss: 0.6712 - acc: 0.5962
216/419 [==============>...............] - ETA: 34:18 - loss: 0.6727 - acc: 0.5926
224/419 [===============>..............] - ETA: 32:58 - loss: 0.6704 - acc: 0.5982
232/419 [===============>..............] - ETA: 31:37 - loss: 0.6668 - acc: 0.6078
240/419 [================>.............] - ETA: 30:15 - loss: 0.6616 - acc: 0.6167
248/419 [================>.............] - ETA: 28:54 - loss: 0.6570 - acc: 0.6250
256/419 [=================>............] - ETA: 27:33 - loss: 0.6663 - acc: 0.6094
264/419 [=================>............] - ETA: 26:11 - loss: 0.6639 - acc: 0.6136
272/419 [==================>...........] - ETA: 24:51 - loss: 0.6670 - acc: 0.6103
280/419 [===================>..........] - ETA: 23:29 - loss: 0.6647 - acc: 0.6143
288/419 [===================>..........] - ETA: 22:08 - loss: 0.6623 - acc: 0.6181
296/419 [====================>.........] - ETA: 20:46 - loss: 0.6646 - acc: 0.6149
304/419 [====================>.........] - ETA: 19:25 - loss: 0.6659 - acc: 0.6118
312/419 [=====================>........] - ETA: 18:04 - loss: 0.6673 - acc: 0.6090
320/419 [=====================>........] - ETA: 16:43 - loss: 0.6715 - acc: 0.6031
328/419 [======================>.......] - ETA: 15:22 - loss: 0.6721 - acc: 0.6037
336/419 [=======================>......] - ETA: 14:01 - loss: 0.6702 - acc: 0.6071
344/419 [=======================>......] - ETA: 12:40 - loss: 0.6718 - acc: 0.6047
352/419 [========================>.....] - ETA: 11:19 - loss: 0.6702 - acc: 0.6080
360/419 [========================>.....] - ETA: 9:58 - loss: 0.6708 - acc: 0.6056 
368/419 [=========================>....] - ETA: 8:37 - loss: 0.6710 - acc: 0.6033
376/419 [=========================>....] - ETA: 7:16 - loss: 0.6730 - acc: 0.5984
384/419 [==========================>...] - ETA: 5:54 - loss: 0.6728 - acc: 0.5990
392/419 [===========================>..] - ETA: 4:33 - loss: 0.6744 - acc: 0.5944
400/419 [===========================>..] - ETA: 3:12 - loss: 0.6740 - acc: 0.5950
408/419 [============================>.] - ETA: 1:51 - loss: 0.6750 - acc: 0.5907
416/419 [============================>.] - ETA: 30s - loss: 0.6750 - acc: 0.5913 
419/419 [==============================] - 4463s 11s/step - loss: 0.6749 - acc: 0.5919 - val_loss: 0.6797 - val_acc: 0.5769
Epoch 3/10

  8/419 [..............................] - ETA: 1:09:33 - loss: 0.6902 - acc: 0.6250
 16/419 [>.............................] - ETA: 1:08:11 - loss: 0.6725 - acc: 0.6250
 24/419 [>.............................] - ETA: 1:06:44 - loss: 0.6795 - acc: 0.5833
 32/419 [=>............................] - ETA: 1:05:20 - loss: 0.6797 - acc: 0.5938
 40/419 [=>............................] - ETA: 1:04:01 - loss: 0.6794 - acc: 0.6000
 48/419 [==>...........................] - ETA: 1:02:41 - loss: 0.6775 - acc: 0.6042
 56/419 [===>..........................] - ETA: 1:01:23 - loss: 0.6807 - acc: 0.5893
 64/419 [===>..........................] - ETA: 1:00:01 - loss: 0.6736 - acc: 0.6250
 72/419 [====>.........................] - ETA: 58:40 - loss: 0.6721 - acc: 0.6250  
 80/419 [====>.........................] - ETA: 57:18 - loss: 0.6715 - acc: 0.6250
 88/419 [=====>........................] - ETA: 55:53 - loss: 0.6664 - acc: 0.6477
 96/419 [=====>........................] - ETA: 54:34 - loss: 0.6654 - acc: 0.6458
104/419 [======>.......................] - ETA: 53:14 - loss: 0.6660 - acc: 0.6442
112/419 [=======>......................] - ETA: 51:54 - loss: 0.6677 - acc: 0.6339
120/419 [=======>......................] - ETA: 50:33 - loss: 0.6654 - acc: 0.6417
128/419 [========>.....................] - ETA: 49:12 - loss: 0.6688 - acc: 0.6328
136/419 [========>.....................] - ETA: 47:51 - loss: 0.6660 - acc: 0.6397
144/419 [=========>....................] - ETA: 46:30 - loss: 0.6650 - acc: 0.6389
152/419 [=========>....................] - ETA: 45:10 - loss: 0.6605 - acc: 0.6513
160/419 [==========>...................] - ETA: 43:47 - loss: 0.6657 - acc: 0.6375
168/419 [===========>..................] - ETA: 42:26 - loss: 0.6649 - acc: 0.6429
176/419 [===========>..................] - ETA: 41:05 - loss: 0.6620 - acc: 0.6477
184/419 [============>.................] - ETA: 39:44 - loss: 0.6588 - acc: 0.6522
192/419 [============>.................] - ETA: 38:22 - loss: 0.6589 - acc: 0.6510
200/419 [=============>................] - ETA: 37:01 - loss: 0.6616 - acc: 0.6450
208/419 [=============>................] - ETA: 35:40 - loss: 0.6568 - acc: 0.6538
216/419 [==============>...............] - ETA: 34:19 - loss: 0.6590 - acc: 0.6481
224/419 [===============>..............] - ETA: 32:58 - loss: 0.6598 - acc: 0.6473
232/419 [===============>..............] - ETA: 31:37 - loss: 0.6654 - acc: 0.6379
240/419 [================>.............] - ETA: 30:16 - loss: 0.6612 - acc: 0.6417
248/419 [================>.............] - ETA: 28:55 - loss: 0.6603 - acc: 0.6411
256/419 [=================>............] - ETA: 27:34 - loss: 0.6627 - acc: 0.6367
264/419 [=================>............] - ETA: 26:13 - loss: 0.6665 - acc: 0.6288
272/419 [==================>...........] - ETA: 24:52 - loss: 0.6676 - acc: 0.6250
280/419 [===================>..........] - ETA: 23:31 - loss: 0.6685 - acc: 0.6250
288/419 [===================>..........] - ETA: 22:09 - loss: 0.6689 - acc: 0.6215
296/419 [====================>.........] - ETA: 20:48 - loss: 0.6717 - acc: 0.6115
304/419 [====================>.........] - ETA: 19:27 - loss: 0.6712 - acc: 0.6118
312/419 [=====================>........] - ETA: 18:06 - loss: 0.6701 - acc: 0.6090
320/419 [=====================>........] - ETA: 16:45 - loss: 0.6714 - acc: 0.6062
328/419 [======================>.......] - ETA: 15:23 - loss: 0.6721 - acc: 0.6067
336/419 [=======================>......] - ETA: 14:02 - loss: 0.6720 - acc: 0.6071
344/419 [=======================>......] - ETA: 12:41 - loss: 0.6724 - acc: 0.6076
352/419 [========================>.....] - ETA: 11:20 - loss: 0.6723 - acc: 0.6108
360/419 [========================>.....] - ETA: 9:59 - loss: 0.6735 - acc: 0.6056 
368/419 [=========================>....] - ETA: 8:37 - loss: 0.6726 - acc: 0.6114
376/419 [=========================>....] - ETA: 7:16 - loss: 0.6720 - acc: 0.6144
384/419 [==========================>...] - ETA: 5:55 - loss: 0.6716 - acc: 0.6146
392/419 [===========================>..] - ETA: 4:34 - loss: 0.6718 - acc: 0.6148
400/419 [===========================>..] - ETA: 3:12 - loss: 0.6718 - acc: 0.6125
408/419 [============================>.] - ETA: 1:51 - loss: 0.6736 - acc: 0.6054
416/419 [============================>.] - ETA: 30s - loss: 0.6725 - acc: 0.6082 
419/419 [==============================] - 4468s 11s/step - loss: 0.6716 - acc: 0.6110 - val_loss: 0.6756 - val_acc: 0.5962
Restoring model weights from the end of the best epoch
Epoch 00003: early stopping
Performance plot of fold 5:

 32/258 [==>...........................] - ETA: 2:03
 64/258 [======>.......................] - ETA: 1:44
 96/258 [==========>...................] - ETA: 1:27
128/258 [=============>................] - ETA: 1:09
160/258 [=================>............] - ETA: 52s 
192/258 [=====================>........] - ETA: 35s
224/258 [=========================>....] - ETA: 18s
256/258 [============================>.] - ETA: 1s 
258/258 [==============================] - 149s 579ms/step
[['f1score', 0.8137931034482759], ['precision', 0.686046511627907], ['recall', 1.0], ['accuracy', 0.686046511627907]]
_________________________________________________________________
Layer (type)                 Output Shape              Param #   
=================================================================
embedding_5 (Embedding)      (None, 100454, 300)       11531400  
_________________________________________________________________
dropout_5 (Dropout)          (None, 100454, 300)       0         
_________________________________________________________________
conv1d_5 (Conv1D)            (None, 100454, 32)        28832     
_________________________________________________________________
max_pooling1d_5 (MaxPooling1 (None, 50227, 32)         0         
_________________________________________________________________
bidirectional_5 (Bidirection (None, 200)               106400    
_________________________________________________________________
dense_5 (Dense)              (None, 1)                 201       
=================================================================
Total params: 11,666,833
Trainable params: 135,433
Non-trainable params: 11,531,400
_________________________________________________________________
None
[['f1score', 0.8137931034482759], ['precision', 0.686046511627907], ['recall', 1.0], ['accuracy', 0.686046511627907]]
[['f1score', 0.8137931034482759], ['precision', 0.686046511627907], ['recall', 1.0], ['accuracy', 0.686046511627907]]
[['f1score', 0.8137931034482759], ['precision', 0.686046511627907], ['recall', 1.0], ['accuracy', 0.686046511627907]]
[['f1score', 0.8137931034482759], ['precision', 0.686046511627907], ['recall', 1.0], ['accuracy', 0.686046511627907]]
[['f1score', 0.8137931034482759], ['precision', 0.686046511627907], ['recall', 1.0], ['accuracy', 0.686046511627907]]
Average Scores
[['f1score', 0.8137931034482759], ['precision', 0.686046511627907], ['recall', 1.0], ['accuracy', 0.686046511627907]]
